[0.042s] Invoking command in '/mnt/c/tinker/Tinker_Sber/build/tinker_gui': CMAKE_PREFIX_PATH=${CMAKE_PREFIX_PATH}:/opt/ros/jazzy /usr/bin/cmake --build /mnt/c/tinker/Tinker_Sber/build/tinker_gui -- -j12 -l12
[0.114s] Invoked command in '/mnt/c/tinker/Tinker_Sber/build/tinker_gui' returned '0': CMAKE_PREFIX_PATH=${CMAKE_PREFIX_PATH}:/opt/ros/jazzy /usr/bin/cmake --build /mnt/c/tinker/Tinker_Sber/build/tinker_gui -- -j12 -l12
[0.134s] Invoking command in '/mnt/c/tinker/Tinker_Sber/build/tinker_gui': CMAKE_PREFIX_PATH=${CMAKE_PREFIX_PATH}:/opt/ros/jazzy /usr/bin/cmake --install /mnt/c/tinker/Tinker_Sber/build/tinker_gui
[0.143s] -- Install configuration: ""
[0.154s] -- Up-to-date: /mnt/c/tinker/Tinker_Sber/install/tinker_gui/lib/tinker_gui/gui_slider_node.py
[0.166s] -- Up-to-date: /mnt/c/tinker/Tinker_Sber/install/tinker_gui/lib/tinker_gui/test_data_publisher.py
[0.178s] -- Up-to-date: /mnt/c/tinker/Tinker_Sber/install/tinker_gui/lib/tinker_gui/commands_to_states_bridge.py
[0.190s] -- Up-to-date: /mnt/c/tinker/Tinker_Sber/install/tinker_gui/lib/tinker_gui/states_to_joint_states.py
[0.200s] -- Up-to-date: /mnt/c/tinker/Tinker_Sber/install/tinker_gui/share/tinker_gui/launch
[0.217s] -- Up-to-date: /mnt/c/tinker/Tinker_Sber/install/tinker_gui/share/tinker_gui/launch/gui_system.launch.py
[0.237s] -- Up-to-date: /mnt/c/tinker/Tinker_Sber/install/tinker_gui/share/ament_index/resource_index/package_run_dependencies/tinker_gui
[0.257s] -- Up-to-date: /mnt/c/tinker/Tinker_Sber/install/tinker_gui/share/ament_index/resource_index/parent_prefix_path/tinker_gui
[0.268s] -- Up-to-date: /mnt/c/tinker/Tinker_Sber/install/tinker_gui/share/tinker_gui/environment/ament_prefix_path.sh
[0.282s] -- Up-to-date: /mnt/c/tinker/Tinker_Sber/install/tinker_gui/share/tinker_gui/environment/ament_prefix_path.dsv
[0.292s] -- Up-to-date: /mnt/c/tinker/Tinker_Sber/install/tinker_gui/share/tinker_gui/environment/path.sh
[0.305s] -- Up-to-date: /mnt/c/tinker/Tinker_Sber/install/tinker_gui/share/tinker_gui/environment/path.dsv
[0.317s] -- Up-to-date: /mnt/c/tinker/Tinker_Sber/install/tinker_gui/share/tinker_gui/local_setup.bash
[0.329s] -- Up-to-date: /mnt/c/tinker/Tinker_Sber/install/tinker_gui/share/tinker_gui/local_setup.sh
[0.341s] -- Up-to-date: /mnt/c/tinker/Tinker_Sber/install/tinker_gui/share/tinker_gui/local_setup.zsh
[0.354s] -- Up-to-date: /mnt/c/tinker/Tinker_Sber/install/tinker_gui/share/tinker_gui/local_setup.dsv
[0.365s] -- Up-to-date: /mnt/c/tinker/Tinker_Sber/install/tinker_gui/share/tinker_gui/package.dsv
[0.384s] -- Up-to-date: /mnt/c/tinker/Tinker_Sber/install/tinker_gui/share/ament_index/resource_index/packages/tinker_gui
[0.399s] -- Up-to-date: /mnt/c/tinker/Tinker_Sber/install/tinker_gui/share/tinker_gui/cmake/tinker_guiConfig.cmake
[0.410s] -- Up-to-date: /mnt/c/tinker/Tinker_Sber/install/tinker_gui/share/tinker_gui/cmake/tinker_guiConfig-version.cmake
[0.423s] -- Up-to-date: /mnt/c/tinker/Tinker_Sber/install/tinker_gui/share/tinker_gui/package.xml
[0.431s] Invoked command in '/mnt/c/tinker/Tinker_Sber/build/tinker_gui' returned '0': CMAKE_PREFIX_PATH=${CMAKE_PREFIX_PATH}:/opt/ros/jazzy /usr/bin/cmake --install /mnt/c/tinker/Tinker_Sber/build/tinker_gui
