[1.039s] Invoking command in '/home/dmitrytorov/tinker_ros2/src/tinker_motor_gui': PYTHONPATH=/home/dmitrytorov/tinker_ros2/build/tinker_motor_gui/prefix_override:/usr/lib/python3/dist-packages/colcon_core/task/python/colcon_distutils_commands:/home/dmitrytorov/tinker_ros2/install/tinker_motor_gui/lib/python3.10/site-packages:${PYTHONPATH} /usr/bin/python3 -W ignore:setup.py install is deprecated -W ignore:easy_install command is deprecated setup.py egg_info --egg-base ../../build/tinker_motor_gui build --build-base /home/dmitrytorov/tinker_ros2/build/tinker_motor_gui/build install --record /home/dmitrytorov/tinker_ros2/build/tinker_motor_gui/install.log --single-version-externally-managed install_data
[1.307s] running egg_info
[1.326s] writing ../../build/tinker_motor_gui/tinker_motor_gui.egg-info/PKG-INFO
[1.327s] writing dependency_links to ../../build/tinker_motor_gui/tinker_motor_gui.egg-info/dependency_links.txt
[1.328s] writing entry points to ../../build/tinker_motor_gui/tinker_motor_gui.egg-info/entry_points.txt
[1.328s] writing requirements to ../../build/tinker_motor_gui/tinker_motor_gui.egg-info/requires.txt
[1.328s] writing top-level names to ../../build/tinker_motor_gui/tinker_motor_gui.egg-info/top_level.txt
[1.370s] reading manifest file '../../build/tinker_motor_gui/tinker_motor_gui.egg-info/SOURCES.txt'
[1.372s] writing manifest file '../../build/tinker_motor_gui/tinker_motor_gui.egg-info/SOURCES.txt'
[1.372s] running build
[1.372s] running build_py
[1.375s] copying tinker_motor_gui/publisher_node.py -> /home/dmitrytorov/tinker_ros2/build/tinker_motor_gui/build/lib/tinker_motor_gui
[1.376s] copying tinker_motor_gui/gui_node.py -> /home/dmitrytorov/tinker_ros2/build/tinker_motor_gui/build/lib/tinker_motor_gui
[1.377s] copying tinker_motor_gui/__init__.py -> /home/dmitrytorov/tinker_ros2/build/tinker_motor_gui/build/lib/tinker_motor_gui
[1.377s] running install
[1.381s] running install_lib
[1.402s] running install_data
[1.403s] copying resource/tinker_motor_gui -> /home/dmitrytorov/tinker_ros2/install/tinker_motor_gui/share/ament_index/resource_index/packages
[1.403s] copying package.xml -> /home/dmitrytorov/tinker_ros2/install/tinker_motor_gui/share/tinker_motor_gui
[1.404s] copying msg/MotorParams.msg -> /home/dmitrytorov/tinker_ros2/install/tinker_motor_gui/share/tinker_motor_gui/msg
[1.404s] running install_egg_info
[1.425s] removing '/home/dmitrytorov/tinker_ros2/install/tinker_motor_gui/lib/python3.10/site-packages/tinker_motor_gui-0.0.0-py3.10.egg-info' (and everything under it)
[1.425s] Copying ../../build/tinker_motor_gui/tinker_motor_gui.egg-info to /home/dmitrytorov/tinker_ros2/install/tinker_motor_gui/lib/python3.10/site-packages/tinker_motor_gui-0.0.0-py3.10.egg-info
[1.426s] running install_scripts
[1.576s] Installing gui_node script to /home/dmitrytorov/tinker_ros2/install/tinker_motor_gui/lib/tinker_motor_gui
[1.577s] Installing publisher_node script to /home/dmitrytorov/tinker_ros2/install/tinker_motor_gui/lib/tinker_motor_gui
[1.577s] writing list of installed files to '/home/dmitrytorov/tinker_ros2/build/tinker_motor_gui/install.log'
[1.613s] Invoked command in '/home/dmitrytorov/tinker_ros2/src/tinker_motor_gui' returned '0': PYTHONPATH=/home/dmitrytorov/tinker_ros2/build/tinker_motor_gui/prefix_override:/usr/lib/python3/dist-packages/colcon_core/task/python/colcon_distutils_commands:/home/dmitrytorov/tinker_ros2/install/tinker_motor_gui/lib/python3.10/site-packages:${PYTHONPATH} /usr/bin/python3 -W ignore:setup.py install is deprecated -W ignore:easy_install command is deprecated setup.py egg_info --egg-base ../../build/tinker_motor_gui build --build-base /home/dmitrytorov/tinker_ros2/build/tinker_motor_gui/build install --record /home/dmitrytorov/tinker_ros2/build/tinker_motor_gui/install.log --single-version-externally-managed install_data
