running egg_info
creating ../build/motor_commander/motor_commander.egg-info
writing ../build/motor_commander/motor_commander.egg-info/PKG-INFO
writing dependency_links to ../build/motor_commander/motor_commander.egg-info/dependency_links.txt
writing entry points to ../build/motor_commander/motor_commander.egg-info/entry_points.txt
writing requirements to ../build/motor_commander/motor_commander.egg-info/requires.txt
writing top-level names to ../build/motor_commander/motor_commander.egg-info/top_level.txt
writing manifest file '../build/motor_commander/motor_commander.egg-info/SOURCES.txt'
reading manifest file '../build/motor_commander/motor_commander.egg-info/SOURCES.txt'
writing manifest file '../build/motor_commander/motor_commander.egg-info/SOURCES.txt'
running build
running build_py
creating /home/pi/Tinker_Sber/Chellenge-Tinker/build/motor_commander/build
creating /home/pi/Tinker_Sber/Chellenge-Tinker/build/motor_commander/build/lib
creating /home/pi/Tinker_Sber/Chellenge-Tinker/build/motor_commander/build/lib/motor_commander
copying motor_commander/__init__.py -> /home/pi/Tinker_Sber/Chellenge-Tinker/build/motor_commander/build/lib/motor_commander
copying motor_commander/motor_commander.py -> /home/pi/Tinker_Sber/Chellenge-Tinker/build/motor_commander/build/lib/motor_commander
running install
running install_lib
creating /home/pi/Tinker_Sber/Chellenge-Tinker/install/motor_commander/lib/python3.10/site-packages/motor_commander
copying /home/pi/Tinker_Sber/Chellenge-Tinker/build/motor_commander/build/lib/motor_commander/__init__.py -> /home/pi/Tinker_Sber/Chellenge-Tinker/install/motor_commander/lib/python3.10/site-packages/motor_commander
copying /home/pi/Tinker_Sber/Chellenge-Tinker/build/motor_commander/build/lib/motor_commander/motor_commander.py -> /home/pi/Tinker_Sber/Chellenge-Tinker/install/motor_commander/lib/python3.10/site-packages/motor_commander
byte-compiling /home/pi/Tinker_Sber/Chellenge-Tinker/install/motor_commander/lib/python3.10/site-packages/motor_commander/__init__.py to __init__.cpython-310.pyc
byte-compiling /home/pi/Tinker_Sber/Chellenge-Tinker/install/motor_commander/lib/python3.10/site-packages/motor_commander/motor_commander.py to motor_commander.cpython-310.pyc
running install_data
copying resource/motor_commander -> /home/pi/Tinker_Sber/Chellenge-Tinker/install/motor_commander/share/ament_index/resource_index/packages
copying package.xml -> /home/pi/Tinker_Sber/Chellenge-Tinker/install/motor_commander/share/motor_commander
running install_egg_info
Copying ../build/motor_commander/motor_commander.egg-info to /home/pi/Tinker_Sber/Chellenge-Tinker/install/motor_commander/lib/python3.10/site-packages/motor_commander-0.0.0-py3.10.egg-info
running install_scripts
Installing motor_commander script to /home/pi/Tinker_Sber/Chellenge-Tinker/install/motor_commander/lib/motor_commander
writing list of installed files to '/home/pi/Tinker_Sber/Chellenge-Tinker/build/motor_commander/install.log'
