[0.052s] Invoking command in '/home/pi/Tinker_Sber/Chellenge-Tinker/build/tinker_description': /usr/bin/cmake /home/pi/Tinker_Sber/Chellenge-Tinker/tinker_description -DCMAKE_INSTALL_PREFIX=/home/pi/Tinker_Sber/Chellenge-Tinker/install/tinker_description
[1.136s] -- The C compiler identification is GNU 11.4.0
[1.929s] -- The CXX compiler identification is GNU 11.4.0
[1.973s] -- Detecting C compiler ABI info
[2.382s] -- Detecting C compiler ABI info - done
[2.408s] -- Check for working C compiler: /usr/bin/cc - skipped
[2.409s] -- Detecting C compile features
[2.411s] -- Detecting C compile features - done
[2.427s] -- Detecting CXX compiler ABI info
[2.867s] -- Detecting CXX compiler ABI info - done
[2.894s] -- Check for working CXX compiler: /usr/bin/c++ - skipped
[2.895s] -- Detecting CXX compile features
[2.897s] -- Detecting CXX compile features - done
[2.950s] [31mCMake Error at CMakeLists.txt:9 (find_package):
[2.951s]   By not providing "Findament_cmake.cmake" in CMAKE_MODULE_PATH this project
[2.951s]   has asked CMake to find a package configuration file provided by
[2.951s]   "ament_cmake", but CMake did not find one.
[2.952s] 
[2.952s]   Could not find a package configuration file provided by "ament_cmake" with
[2.953s]   any of the following names:
[2.953s] 
[2.954s]     ament_cmakeConfig.cmake
[2.954s]     ament_cmake-config.cmake
[2.955s] 
[2.956s]   Add the installation prefix of "ament_cmake" to CMAKE_PREFIX_PATH or set
[2.958s]   "ament_cmake_DIR" to a directory containing one of the above files.  If
[2.959s]   "ament_cmake" provides a separate development package or SDK, be sure it
[2.960s]   has been installed.
[2.960s] 
[2.960s] [0m
[2.961s] -- Configuring incomplete, errors occurred!
[2.962s] See also "/home/pi/Tinker_Sber/Chellenge-Tinker/build/tinker_description/CMakeFiles/CMakeOutput.log".
[2.967s] Invoked command in '/home/pi/Tinker_Sber/Chellenge-Tinker/build/tinker_description' returned '1': /usr/bin/cmake /home/pi/Tinker_Sber/Chellenge-Tinker/tinker_description -DCMAKE_INSTALL_PREFIX=/home/pi/Tinker_Sber/Chellenge-Tinker/install/tinker_description
