[3.060s] Invoking command in '/home/pi/Tinker_Sber/Chellenge-Tinker/motor_commander': CMAKE_PREFIX_PATH=/home/pi/Tinker_Sber/Chellenge-Tinker/install/hardware_msg:/home/pi/Tinker_Sber/Chellenge-Tinker/install/motor_commander:/home/pi/Tinker_Sber/Chellenge-Tinker/install/tinker_description:/home/pi/Tinker_Sber/Chellenge-Tinker/install/motor_control PYTHONPATH=/home/pi/Tinker_Sber/Chellenge-Tinker/build/motor_commander/prefix_override:/usr/lib/python3/dist-packages/colcon_core/task/python/colcon_distutils_commands:/home/pi/Tinker_Sber/Chellenge-Tinker/install/motor_commander/lib/python3.10/site-packages:${PYTHONPATH} /usr/bin/python3 -W ignore:setup.py install is deprecated -W ignore:easy_install command is deprecated setup.py egg_info --egg-base ../build/motor_commander build --build-base /home/pi/Tinker_Sber/Chellenge-Tinker/build/motor_commander/build install --record /home/pi/Tinker_Sber/Chellenge-Tinker/build/motor_commander/install.log --single-version-externally-managed install_data
[4.243s] running egg_info
[4.246s] writing ../build/motor_commander/motor_commander.egg-info/PKG-INFO
[4.247s] writing dependency_links to ../build/motor_commander/motor_commander.egg-info/dependency_links.txt
[4.248s] writing entry points to ../build/motor_commander/motor_commander.egg-info/entry_points.txt
[4.250s] writing requirements to ../build/motor_commander/motor_commander.egg-info/requires.txt
[4.250s] writing top-level names to ../build/motor_commander/motor_commander.egg-info/top_level.txt
[4.259s] reading manifest file '../build/motor_commander/motor_commander.egg-info/SOURCES.txt'
[4.266s] writing manifest file '../build/motor_commander/motor_commander.egg-info/SOURCES.txt'
[4.266s] running build
[4.266s] running build_py
[4.267s] copying motor_commander/motor_commander.py -> /home/pi/Tinker_Sber/Chellenge-Tinker/build/motor_commander/build/lib/motor_commander
[4.269s] running install
[4.270s] running install_lib
[4.274s] copying /home/pi/Tinker_Sber/Chellenge-Tinker/build/motor_commander/build/lib/motor_commander/motor_commander.py -> /home/pi/Tinker_Sber/Chellenge-Tinker/install/motor_commander/lib/python3.10/site-packages/motor_commander
[4.277s] byte-compiling /home/pi/Tinker_Sber/Chellenge-Tinker/install/motor_commander/lib/python3.10/site-packages/motor_commander/motor_commander.py to motor_commander.cpython-310.pyc
[4.280s] running install_data
[4.281s] running install_egg_info
[4.289s] removing '/home/pi/Tinker_Sber/Chellenge-Tinker/install/motor_commander/lib/python3.10/site-packages/motor_commander-0.0.0-py3.10.egg-info' (and everything under it)
[4.291s] Copying ../build/motor_commander/motor_commander.egg-info to /home/pi/Tinker_Sber/Chellenge-Tinker/install/motor_commander/lib/python3.10/site-packages/motor_commander-0.0.0-py3.10.egg-info
[4.298s] running install_scripts
[4.387s] Installing motor_commander script to /home/pi/Tinker_Sber/Chellenge-Tinker/install/motor_commander/lib/motor_commander
[4.389s] writing list of installed files to '/home/pi/Tinker_Sber/Chellenge-Tinker/build/motor_commander/install.log'
[4.534s] Invoked command in '/home/pi/Tinker_Sber/Chellenge-Tinker/motor_commander' returned '0': CMAKE_PREFIX_PATH=/home/pi/Tinker_Sber/Chellenge-Tinker/install/hardware_msg:/home/pi/Tinker_Sber/Chellenge-Tinker/install/motor_commander:/home/pi/Tinker_Sber/Chellenge-Tinker/install/tinker_description:/home/pi/Tinker_Sber/Chellenge-Tinker/install/motor_control PYTHONPATH=/home/pi/Tinker_Sber/Chellenge-Tinker/build/motor_commander/prefix_override:/usr/lib/python3/dist-packages/colcon_core/task/python/colcon_distutils_commands:/home/pi/Tinker_Sber/Chellenge-Tinker/install/motor_commander/lib/python3.10/site-packages:${PYTHONPATH} /usr/bin/python3 -W ignore:setup.py install is deprecated -W ignore:easy_install command is deprecated setup.py egg_info --egg-base ../build/motor_commander build --build-base /home/pi/Tinker_Sber/Chellenge-Tinker/build/motor_commander/build install --record /home/pi/Tinker_Sber/Chellenge-Tinker/build/motor_commander/install.log --single-version-externally-managed install_data
