-- Install configuration: ""
-- Up-to-date: /home/dmitrytorov/tinker_ros2/install/tinker/share/tinker/launch
-- Up-to-date: /home/dmitrytorov/tinker_ros2/install/tinker/share/tinker/launch/description.launch.py
-- Up-to-date: /home/dmitrytorov/tinker_ros2/install/tinker/share/tinker/urdf
-- Up-to-date: /home/dmitrytorov/tinker_ros2/install/tinker/share/tinker/urdf/tinker_1.urdf.xacro
-- Up-to-date: /home/dmitrytorov/tinker_ros2/install/tinker/share/tinker/config
-- Up-to-date: /home/dmitrytorov/tinker_ros2/install/tinker/share/tinker/config/joint_names_tinker_urdf.yaml
-- Up-to-date: /home/dmitrytorov/tinker_ros2/install/tinker/share/tinker/rviz
-- Up-to-date: /home/dmitrytorov/tinker_ros2/install/tinker/share/tinker/meshes
-- Up-to-date: /home/dmitrytorov/tinker_ros2/install/tinker/share/tinker/meshes/link_r_ankle.STL
-- Up-to-date: /home/dmitrytorov/tinker_ros2/install/tinker/share/tinker/meshes/link_l_ankle.STL
-- Up-to-date: /home/dmitrytorov/tinker_ros2/install/tinker/share/tinker/meshes/link_r_knee.STL
-- Up-to-date: /home/dmitrytorov/tinker_ros2/install/tinker/share/tinker/meshes/link_l_pitch.STL
-- Up-to-date: /home/dmitrytorov/tinker_ros2/install/tinker/share/tinker/meshes/base_link.STL
-- Up-to-date: /home/dmitrytorov/tinker_ros2/install/tinker/share/tinker/meshes/link_r_yaw.STL
-- Up-to-date: /home/dmitrytorov/tinker_ros2/install/tinker/share/tinker/meshes/link_l_yaw.STL
-- Up-to-date: /home/dmitrytorov/tinker_ros2/install/tinker/share/tinker/meshes/link_l_roll.STL
-- Up-to-date: /home/dmitrytorov/tinker_ros2/install/tinker/share/tinker/meshes/link_l_knee.STL
-- Up-to-date: /home/dmitrytorov/tinker_ros2/install/tinker/share/tinker/meshes/link_r_roll.STL
-- Up-to-date: /home/dmitrytorov/tinker_ros2/install/tinker/share/tinker/meshes/link_r_pitch.STL
-- Up-to-date: /home/dmitrytorov/tinker_ros2/install/tinker/share/tinker/worlds
-- Up-to-date: /home/dmitrytorov/tinker_ros2/install/tinker/share/ament_index/resource_index/package_run_dependencies/tinker
-- Up-to-date: /home/dmitrytorov/tinker_ros2/install/tinker/share/ament_index/resource_index/parent_prefix_path/tinker
-- Up-to-date: /home/dmitrytorov/tinker_ros2/install/tinker/share/tinker/environment/ament_prefix_path.sh
-- Up-to-date: /home/dmitrytorov/tinker_ros2/install/tinker/share/tinker/environment/ament_prefix_path.dsv
-- Up-to-date: /home/dmitrytorov/tinker_ros2/install/tinker/share/tinker/environment/path.sh
-- Up-to-date: /home/dmitrytorov/tinker_ros2/install/tinker/share/tinker/environment/path.dsv
-- Up-to-date: /home/dmitrytorov/tinker_ros2/install/tinker/share/tinker/local_setup.bash
-- Up-to-date: /home/dmitrytorov/tinker_ros2/install/tinker/share/tinker/local_setup.sh
-- Up-to-date: /home/dmitrytorov/tinker_ros2/install/tinker/share/tinker/local_setup.zsh
-- Up-to-date: /home/dmitrytorov/tinker_ros2/install/tinker/share/tinker/local_setup.dsv
-- Up-to-date: /home/dmitrytorov/tinker_ros2/install/tinker/share/tinker/package.dsv
-- Up-to-date: /home/dmitrytorov/tinker_ros2/install/tinker/share/ament_index/resource_index/packages/tinker
-- Up-to-date: /home/dmitrytorov/tinker_ros2/install/tinker/share/tinker/cmake/tinkerConfig.cmake
-- Up-to-date: /home/dmitrytorov/tinker_ros2/install/tinker/share/tinker/cmake/tinkerConfig-version.cmake
-- Up-to-date: /home/dmitrytorov/tinker_ros2/install/tinker/share/tinker/package.xml
