[0.017s] Invoking command in '/home/dmitrytorov/tinker_ros2/build/tinker': CMAKE_PREFIX_PATH=${CMAKE_PREFIX_PATH}:/home/dmitrytorov/turtlebot3_ws/install/turtlebot3_teleop:/home/dmitrytorov/turtlebot3_ws/install/turtlebot3_example:/home/dmitrytorov/ros2_learners/install/robot_math:/home/dmitrytorov/ros2_learners/install/ai_assitance:/home/dmitrytorov/pass_course_part1/install/twist_converter:/home/dmitrytorov/pass_course_part1/install/my_two_wheel_robot:/home/dmitrytorov/pass_course_part1/install/my_path_publisher:/home/dmitrytorov/pass_course_part1/install/my_fake_lidar:/opt/ros/humble /usr/bin/cmake /home/dmitrytorov/tinker_ros2/src/tinker -DCMAKE_INSTALL_PREFIX=/home/dmitrytorov/tinker_ros2/install/tinker
[0.077s] -- The C compiler identification is GNU 11.4.0
[0.134s] -- The CXX compiler identification is GNU 11.4.0
[0.141s] -- Detecting C compiler ABI info
[0.216s] -- Detecting C compiler ABI info - done
[0.223s] -- Check for working C compiler: /usr/bin/cc - skipped
[0.223s] -- Detecting C compile features
[0.223s] -- Detecting C compile features - done
[0.226s] -- Detecting CXX compiler ABI info
[0.313s] -- Detecting CXX compiler ABI info - done
[0.320s] -- Check for working CXX compiler: /usr/bin/c++ - skipped
[0.320s] -- Detecting CXX compile features
[0.320s] -- Detecting CXX compile features - done
[0.326s] -- Found ament_cmake: 1.3.12 (/opt/ros/humble/share/ament_cmake/cmake)
[0.705s] -- Found Python3: /usr/bin/python3 (found version "3.10.12") found components: Interpreter 
[0.840s] -- Found ament_lint_auto: 0.12.14 (/opt/ros/humble/share/ament_lint_auto/cmake)
[0.938s] -- Added test 'flake8' to check Python code syntax and style conventions
[0.940s] -- Added test 'lint_cmake' to check CMake code style
[0.940s] -- Added test 'pep257' to check Python code against some of the docstring style conventions in PEP 257
[0.943s] -- Added test 'xmllint' to check XML markup files
[0.945s] -- Configuring done
[0.948s] -- Generating done
[0.949s] -- Build files have been written to: /home/dmitrytorov/tinker_ros2/build/tinker
[0.953s] Invoked command in '/home/dmitrytorov/tinker_ros2/build/tinker' returned '0': CMAKE_PREFIX_PATH=${CMAKE_PREFIX_PATH}:/home/dmitrytorov/turtlebot3_ws/install/turtlebot3_teleop:/home/dmitrytorov/turtlebot3_ws/install/turtlebot3_example:/home/dmitrytorov/ros2_learners/install/robot_math:/home/dmitrytorov/ros2_learners/install/ai_assitance:/home/dmitrytorov/pass_course_part1/install/twist_converter:/home/dmitrytorov/pass_course_part1/install/my_two_wheel_robot:/home/dmitrytorov/pass_course_part1/install/my_path_publisher:/home/dmitrytorov/pass_course_part1/install/my_fake_lidar:/opt/ros/humble /usr/bin/cmake /home/dmitrytorov/tinker_ros2/src/tinker -DCMAKE_INSTALL_PREFIX=/home/dmitrytorov/tinker_ros2/install/tinker
[0.955s] Invoking command in '/home/dmitrytorov/tinker_ros2/build/tinker': CMAKE_PREFIX_PATH=${CMAKE_PREFIX_PATH}:/home/dmitrytorov/turtlebot3_ws/install/turtlebot3_teleop:/home/dmitrytorov/turtlebot3_ws/install/turtlebot3_example:/home/dmitrytorov/ros2_learners/install/robot_math:/home/dmitrytorov/ros2_learners/install/ai_assitance:/home/dmitrytorov/pass_course_part1/install/twist_converter:/home/dmitrytorov/pass_course_part1/install/my_two_wheel_robot:/home/dmitrytorov/pass_course_part1/install/my_path_publisher:/home/dmitrytorov/pass_course_part1/install/my_fake_lidar:/opt/ros/humble /usr/bin/cmake --build /home/dmitrytorov/tinker_ros2/build/tinker -- -j12 -l12
[1.002s] Invoked command in '/home/dmitrytorov/tinker_ros2/build/tinker' returned '0': CMAKE_PREFIX_PATH=${CMAKE_PREFIX_PATH}:/home/dmitrytorov/turtlebot3_ws/install/turtlebot3_teleop:/home/dmitrytorov/turtlebot3_ws/install/turtlebot3_example:/home/dmitrytorov/ros2_learners/install/robot_math:/home/dmitrytorov/ros2_learners/install/ai_assitance:/home/dmitrytorov/pass_course_part1/install/twist_converter:/home/dmitrytorov/pass_course_part1/install/my_two_wheel_robot:/home/dmitrytorov/pass_course_part1/install/my_path_publisher:/home/dmitrytorov/pass_course_part1/install/my_fake_lidar:/opt/ros/humble /usr/bin/cmake --build /home/dmitrytorov/tinker_ros2/build/tinker -- -j12 -l12
[1.013s] Invoking command in '/home/dmitrytorov/tinker_ros2/build/tinker': CMAKE_PREFIX_PATH=${CMAKE_PREFIX_PATH}:/home/dmitrytorov/turtlebot3_ws/install/turtlebot3_teleop:/home/dmitrytorov/turtlebot3_ws/install/turtlebot3_example:/home/dmitrytorov/ros2_learners/install/robot_math:/home/dmitrytorov/ros2_learners/install/ai_assitance:/home/dmitrytorov/pass_course_part1/install/twist_converter:/home/dmitrytorov/pass_course_part1/install/my_two_wheel_robot:/home/dmitrytorov/pass_course_part1/install/my_path_publisher:/home/dmitrytorov/pass_course_part1/install/my_fake_lidar:/opt/ros/humble /usr/bin/cmake --install /home/dmitrytorov/tinker_ros2/build/tinker
[1.021s] -- Install configuration: ""
[1.021s] -- Installing: /home/dmitrytorov/tinker_ros2/install/tinker/share/tinker/launch
[1.021s] -- Installing: /home/dmitrytorov/tinker_ros2/install/tinker/share/tinker/launch/description.launch.py
[1.022s] -- Installing: /home/dmitrytorov/tinker_ros2/install/tinker/share/tinker/urdf
[1.022s] -- Installing: /home/dmitrytorov/tinker_ros2/install/tinker/share/tinker/urdf/tinker_1.urdf.xacro
[1.022s] -- Installing: /home/dmitrytorov/tinker_ros2/install/tinker/share/tinker/config
[1.022s] -- Installing: /home/dmitrytorov/tinker_ros2/install/tinker/share/tinker/config/joint_names_tinker_urdf.yaml
[1.022s] -- Installing: /home/dmitrytorov/tinker_ros2/install/tinker/share/tinker/rviz
[1.022s] -- Installing: /home/dmitrytorov/tinker_ros2/install/tinker/share/tinker/meshes
[1.022s] -- Installing: /home/dmitrytorov/tinker_ros2/install/tinker/share/tinker/meshes/link_r_ankle.STL
[1.022s] -- Installing: /home/dmitrytorov/tinker_ros2/install/tinker/share/tinker/meshes/link_l_ankle.STL
[1.022s] -- Installing: /home/dmitrytorov/tinker_ros2/install/tinker/share/tinker/meshes/link_r_knee.STL
[1.023s] -- Installing: /home/dmitrytorov/tinker_ros2/install/tinker/share/tinker/meshes/link_l_pitch.STL
[1.023s] -- Installing: /home/dmitrytorov/tinker_ros2/install/tinker/share/tinker/meshes/base_link.STL
[1.026s] -- Installing: /home/dmitrytorov/tinker_ros2/install/tinker/share/tinker/meshes/link_r_yaw.STL
[1.026s] -- Installing: /home/dmitrytorov/tinker_ros2/install/tinker/share/tinker/meshes/link_l_yaw.STL
[1.026s] -- Installing: /home/dmitrytorov/tinker_ros2/install/tinker/share/tinker/meshes/link_l_roll.STL
[1.026s] -- Installing: /home/dmitrytorov/tinker_ros2/install/tinker/share/tinker/meshes/link_l_knee.STL
[1.027s] -- Installing: /home/dmitrytorov/tinker_ros2/install/tinker/share/tinker/meshes/link_r_roll.STL
[1.027s] -- Installing: /home/dmitrytorov/tinker_ros2/install/tinker/share/tinker/meshes/link_r_pitch.STL
[1.028s] -- Installing: /home/dmitrytorov/tinker_ros2/install/tinker/share/tinker/worlds
[1.028s] -- Installing: /home/dmitrytorov/tinker_ros2/install/tinker/share/ament_index/resource_index/package_run_dependencies/tinker
[1.028s] -- Installing: /home/dmitrytorov/tinker_ros2/install/tinker/share/ament_index/resource_index/parent_prefix_path/tinker
[1.028s] -- Installing: /home/dmitrytorov/tinker_ros2/install/tinker/share/tinker/environment/ament_prefix_path.sh
[1.028s] -- Installing: /home/dmitrytorov/tinker_ros2/install/tinker/share/tinker/environment/ament_prefix_path.dsv
[1.029s] -- Installing: /home/dmitrytorov/tinker_ros2/install/tinker/share/tinker/environment/path.sh
[1.029s] -- Installing: /home/dmitrytorov/tinker_ros2/install/tinker/share/tinker/environment/path.dsv
[1.029s] -- Installing: /home/dmitrytorov/tinker_ros2/install/tinker/share/tinker/local_setup.bash
[1.029s] -- Installing: /home/dmitrytorov/tinker_ros2/install/tinker/share/tinker/local_setup.sh
[1.029s] -- Installing: /home/dmitrytorov/tinker_ros2/install/tinker/share/tinker/local_setup.zsh
[1.029s] -- Installing: /home/dmitrytorov/tinker_ros2/install/tinker/share/tinker/local_setup.dsv
[1.030s] -- Installing: /home/dmitrytorov/tinker_ros2/install/tinker/share/tinker/package.dsv
[1.030s] -- Installing: /home/dmitrytorov/tinker_ros2/install/tinker/share/ament_index/resource_index/packages/tinker
[1.030s] -- Installing: /home/dmitrytorov/tinker_ros2/install/tinker/share/tinker/cmake/tinkerConfig.cmake
[1.030s] -- Installing: /home/dmitrytorov/tinker_ros2/install/tinker/share/tinker/cmake/tinkerConfig-version.cmake
[1.030s] -- Installing: /home/dmitrytorov/tinker_ros2/install/tinker/share/tinker/package.xml
[1.033s] Invoked command in '/home/dmitrytorov/tinker_ros2/build/tinker' returned '0': CMAKE_PREFIX_PATH=${CMAKE_PREFIX_PATH}:/home/dmitrytorov/turtlebot3_ws/install/turtlebot3_teleop:/home/dmitrytorov/turtlebot3_ws/install/turtlebot3_example:/home/dmitrytorov/ros2_learners/install/robot_math:/home/dmitrytorov/ros2_learners/install/ai_assitance:/home/dmitrytorov/pass_course_part1/install/twist_converter:/home/dmitrytorov/pass_course_part1/install/my_two_wheel_robot:/home/dmitrytorov/pass_course_part1/install/my_path_publisher:/home/dmitrytorov/pass_course_part1/install/my_fake_lidar:/opt/ros/humble /usr/bin/cmake --install /home/dmitrytorov/tinker_ros2/build/tinker
