[0.013s] Invoking command in '/home/dmitrytorov/tinker_ros2/build/tinker_gui': CMAKE_PREFIX_PATH=${CMAKE_PREFIX_PATH}:/home/dmitrytorov/tinker_ros2/install/tinker_motor_gui:/home/dmitrytorov/turtlebot3_ws/install/turtlebot3_teleop:/home/dmitrytorov/turtlebot3_ws/install/turtlebot3_example:/home/dmitrytorov/ros2_learners/install/robot_math:/home/dmitrytorov/ros2_learners/install/ai_assitance:/home/dmitrytorov/pass_course_part1/install/twist_converter:/home/dmitrytorov/pass_course_part1/install/my_two_wheel_robot:/home/dmitrytorov/pass_course_part1/install/my_path_publisher:/home/dmitrytorov/pass_course_part1/install/my_fake_lidar:/opt/ros/humble /usr/bin/cmake --build /home/dmitrytorov/tinker_ros2/build/tinker_gui -- -j12 -l12
[0.037s] -- Found ament_cmake: 1.3.12 (/opt/ros/humble/share/ament_cmake/cmake)
[0.171s] -- Found rclpy: 3.3.17 (/opt/ros/humble/share/rclpy/cmake)
[0.171s] -- Found ament_lint_auto: 0.12.14 (/opt/ros/humble/share/ament_lint_auto/cmake)
[0.237s] -- Added test 'flake8' to check Python code syntax and style conventions
[0.237s] -- Added test 'lint_cmake' to check CMake code style
[0.237s] -- Added test 'pep257' to check Python code against some of the docstring style conventions in PEP 257
[0.238s] -- Added test 'xmllint' to check XML markup files
[0.239s] -- Configuring done
[0.241s] -- Generating done
[0.243s] -- Build files have been written to: /home/dmitrytorov/tinker_ros2/build/tinker_gui
[0.268s] Invoked command in '/home/dmitrytorov/tinker_ros2/build/tinker_gui' returned '0': CMAKE_PREFIX_PATH=${CMAKE_PREFIX_PATH}:/home/dmitrytorov/tinker_ros2/install/tinker_motor_gui:/home/dmitrytorov/turtlebot3_ws/install/turtlebot3_teleop:/home/dmitrytorov/turtlebot3_ws/install/turtlebot3_example:/home/dmitrytorov/ros2_learners/install/robot_math:/home/dmitrytorov/ros2_learners/install/ai_assitance:/home/dmitrytorov/pass_course_part1/install/twist_converter:/home/dmitrytorov/pass_course_part1/install/my_two_wheel_robot:/home/dmitrytorov/pass_course_part1/install/my_path_publisher:/home/dmitrytorov/pass_course_part1/install/my_fake_lidar:/opt/ros/humble /usr/bin/cmake --build /home/dmitrytorov/tinker_ros2/build/tinker_gui -- -j12 -l12
[0.269s] Invoking command in '/home/dmitrytorov/tinker_ros2/build/tinker_gui': CMAKE_PREFIX_PATH=${CMAKE_PREFIX_PATH}:/home/dmitrytorov/tinker_ros2/install/tinker_motor_gui:/home/dmitrytorov/turtlebot3_ws/install/turtlebot3_teleop:/home/dmitrytorov/turtlebot3_ws/install/turtlebot3_example:/home/dmitrytorov/ros2_learners/install/robot_math:/home/dmitrytorov/ros2_learners/install/ai_assitance:/home/dmitrytorov/pass_course_part1/install/twist_converter:/home/dmitrytorov/pass_course_part1/install/my_two_wheel_robot:/home/dmitrytorov/pass_course_part1/install/my_path_publisher:/home/dmitrytorov/pass_course_part1/install/my_fake_lidar:/opt/ros/humble /usr/bin/cmake --install /home/dmitrytorov/tinker_ros2/build/tinker_gui
[0.278s] -- Install configuration: ""
[0.278s] -- Installing: /home/dmitrytorov/tinker_ros2/install/tinker_gui/lib/tinker_gui/gui_slider_node.py
[0.278s] -- Installing: /home/dmitrytorov/tinker_ros2/install/tinker_gui/share/ament_index/resource_index/package_run_dependencies/tinker_gui
[0.278s] -- Installing: /home/dmitrytorov/tinker_ros2/install/tinker_gui/share/ament_index/resource_index/parent_prefix_path/tinker_gui
[0.279s] -- Up-to-date: /home/dmitrytorov/tinker_ros2/install/tinker_gui/share/tinker_gui/environment/ament_prefix_path.sh
[0.279s] -- Installing: /home/dmitrytorov/tinker_ros2/install/tinker_gui/share/tinker_gui/environment/ament_prefix_path.dsv
[0.279s] -- Up-to-date: /home/dmitrytorov/tinker_ros2/install/tinker_gui/share/tinker_gui/environment/path.sh
[0.279s] -- Installing: /home/dmitrytorov/tinker_ros2/install/tinker_gui/share/tinker_gui/environment/path.dsv
[0.279s] -- Up-to-date: /home/dmitrytorov/tinker_ros2/install/tinker_gui/share/tinker_gui/local_setup.bash
[0.279s] -- Up-to-date: /home/dmitrytorov/tinker_ros2/install/tinker_gui/share/tinker_gui/local_setup.sh
[0.279s] -- Up-to-date: /home/dmitrytorov/tinker_ros2/install/tinker_gui/share/tinker_gui/local_setup.zsh
[0.279s] -- Installing: /home/dmitrytorov/tinker_ros2/install/tinker_gui/share/tinker_gui/local_setup.dsv
[0.279s] -- Installing: /home/dmitrytorov/tinker_ros2/install/tinker_gui/share/tinker_gui/package.dsv
[0.279s] -- Up-to-date: /home/dmitrytorov/tinker_ros2/install/tinker_gui/share/ament_index/resource_index/packages/tinker_gui
[0.279s] -- Up-to-date: /home/dmitrytorov/tinker_ros2/install/tinker_gui/share/tinker_gui/cmake/tinker_guiConfig.cmake
[0.279s] -- Up-to-date: /home/dmitrytorov/tinker_ros2/install/tinker_gui/share/tinker_gui/cmake/tinker_guiConfig-version.cmake
[0.279s] -- Installing: /home/dmitrytorov/tinker_ros2/install/tinker_gui/share/tinker_gui/package.xml
[0.282s] Invoked command in '/home/dmitrytorov/tinker_ros2/build/tinker_gui' returned '0': CMAKE_PREFIX_PATH=${CMAKE_PREFIX_PATH}:/home/dmitrytorov/tinker_ros2/install/tinker_motor_gui:/home/dmitrytorov/turtlebot3_ws/install/turtlebot3_teleop:/home/dmitrytorov/turtlebot3_ws/install/turtlebot3_example:/home/dmitrytorov/ros2_learners/install/robot_math:/home/dmitrytorov/ros2_learners/install/ai_assitance:/home/dmitrytorov/pass_course_part1/install/twist_converter:/home/dmitrytorov/pass_course_part1/install/my_two_wheel_robot:/home/dmitrytorov/pass_course_part1/install/my_path_publisher:/home/dmitrytorov/pass_course_part1/install/my_fake_lidar:/opt/ros/humble /usr/bin/cmake --install /home/dmitrytorov/tinker_ros2/build/tinker_gui
