[0.074s] Invoking command in '/home/pi/Tinker_Sber/Chellenge-Tinker/build/tinker_description': CMAKE_PREFIX_PATH=${CMAKE_PREFIX_PATH}:/opt/ros/humble /usr/bin/cmake --build /home/pi/Tinker_Sber/Chellenge-Tinker/build/tinker_description -- -j4 -l4
[0.343s] gmake: Warning: File 'Makefile' has modification time 2508 s in the future
[0.507s] gmake[1]: Warning: File 'CMakeFiles/Makefile2' has modification time 2508 s in the future
[0.508s] gmake[1]: warning:  Clock skew detected.  Your build may be incomplete.
[0.538s] gmake: warning:  Clock skew detected.  Your build may be incomplete.
[0.547s] Invoked command in '/home/pi/Tinker_Sber/Chellenge-Tinker/build/tinker_description' returned '0': CMAKE_PREFIX_PATH=${CMAKE_PREFIX_PATH}:/opt/ros/humble /usr/bin/cmake --build /home/pi/Tinker_Sber/Chellenge-Tinker/build/tinker_description -- -j4 -l4
[0.595s] Invoking command in '/home/pi/Tinker_Sber/Chellenge-Tinker/build/tinker_description': CMAKE_PREFIX_PATH=${CMAKE_PREFIX_PATH}:/opt/ros/humble /usr/bin/cmake --install /home/pi/Tinker_Sber/Chellenge-Tinker/build/tinker_description
[0.625s] -- Install configuration: ""
[0.628s] -- Up-to-date: /home/pi/Tinker_Sber/Chellenge-Tinker/install/tinker_description/share/tinker_description/launch
[0.630s] -- Up-to-date: /home/pi/Tinker_Sber/Chellenge-Tinker/install/tinker_description/share/tinker_description/launch/display.launch
[0.631s] -- Up-to-date: /home/pi/Tinker_Sber/Chellenge-Tinker/install/tinker_description/share/tinker_description/launch/display.launch.py
[0.632s] -- Up-to-date: /home/pi/Tinker_Sber/Chellenge-Tinker/install/tinker_description/share/tinker_description/urdf
[0.634s] -- Up-to-date: /home/pi/Tinker_Sber/Chellenge-Tinker/install/tinker_description/share/tinker_description/urdf/tinker_urdf1.urdf
[0.636s] -- Up-to-date: /home/pi/Tinker_Sber/Chellenge-Tinker/install/tinker_description/share/tinker_description/urdf/tinker_urdf.csv
[0.637s] -- Up-to-date: /home/pi/Tinker_Sber/Chellenge-Tinker/install/tinker_description/share/tinker_description/urdf/tinker_urdf.urdf
[0.638s] -- Up-to-date: /home/pi/Tinker_Sber/Chellenge-Tinker/install/tinker_description/share/tinker_description/meshes
[0.639s] -- Up-to-date: /home/pi/Tinker_Sber/Chellenge-Tinker/install/tinker_description/share/tinker_description/meshes/link_l_yaw.STL
[0.640s] -- Up-to-date: /home/pi/Tinker_Sber/Chellenge-Tinker/install/tinker_description/share/tinker_description/meshes/link_r_pitch.STL
[0.640s] -- Up-to-date: /home/pi/Tinker_Sber/Chellenge-Tinker/install/tinker_description/share/tinker_description/meshes/link_r_roll.STL
[0.641s] -- Up-to-date: /home/pi/Tinker_Sber/Chellenge-Tinker/install/tinker_description/share/tinker_description/meshes/link_r_ankle.STL
[0.642s] -- Up-to-date: /home/pi/Tinker_Sber/Chellenge-Tinker/install/tinker_description/share/tinker_description/meshes/link_l_knee.STL
[0.642s] -- Up-to-date: /home/pi/Tinker_Sber/Chellenge-Tinker/install/tinker_description/share/tinker_description/meshes/link_l_ankle.STL
[0.643s] -- Up-to-date: /home/pi/Tinker_Sber/Chellenge-Tinker/install/tinker_description/share/tinker_description/meshes/link_l_pitch.STL
[0.644s] -- Up-to-date: /home/pi/Tinker_Sber/Chellenge-Tinker/install/tinker_description/share/tinker_description/meshes/link_l_roll.STL
[0.647s] -- Up-to-date: /home/pi/Tinker_Sber/Chellenge-Tinker/install/tinker_description/share/tinker_description/meshes/base_link.STL
[0.648s] -- Up-to-date: /home/pi/Tinker_Sber/Chellenge-Tinker/install/tinker_description/share/tinker_description/meshes/link_r_knee.STL
[0.649s] -- Up-to-date: /home/pi/Tinker_Sber/Chellenge-Tinker/install/tinker_description/share/tinker_description/meshes/link_r_yaw.STL
[0.649s] -- Up-to-date: /home/pi/Tinker_Sber/Chellenge-Tinker/install/tinker_description/share/ament_index/resource_index/package_run_dependencies/tinker_description
[0.650s] -- Up-to-date: /home/pi/Tinker_Sber/Chellenge-Tinker/install/tinker_description/share/ament_index/resource_index/parent_prefix_path/tinker_description
[0.650s] -- Up-to-date: /home/pi/Tinker_Sber/Chellenge-Tinker/install/tinker_description/share/tinker_description/environment/ament_prefix_path.sh
[0.651s] -- Up-to-date: /home/pi/Tinker_Sber/Chellenge-Tinker/install/tinker_description/share/tinker_description/environment/ament_prefix_path.dsv
[0.652s] -- Up-to-date: /home/pi/Tinker_Sber/Chellenge-Tinker/install/tinker_description/share/tinker_description/environment/path.sh
[0.652s] -- Up-to-date: /home/pi/Tinker_Sber/Chellenge-Tinker/install/tinker_description/share/tinker_description/environment/path.dsv
[0.653s] -- Up-to-date: /home/pi/Tinker_Sber/Chellenge-Tinker/install/tinker_description/share/tinker_description/local_setup.bash
[0.653s] -- Up-to-date: /home/pi/Tinker_Sber/Chellenge-Tinker/install/tinker_description/share/tinker_description/local_setup.sh
[0.653s] -- Up-to-date: /home/pi/Tinker_Sber/Chellenge-Tinker/install/tinker_description/share/tinker_description/local_setup.zsh
[0.654s] -- Up-to-date: /home/pi/Tinker_Sber/Chellenge-Tinker/install/tinker_description/share/tinker_description/local_setup.dsv
[0.655s] -- Up-to-date: /home/pi/Tinker_Sber/Chellenge-Tinker/install/tinker_description/share/tinker_description/package.dsv
[0.655s] -- Up-to-date: /home/pi/Tinker_Sber/Chellenge-Tinker/install/tinker_description/share/ament_index/resource_index/packages/tinker_description
[0.656s] -- Up-to-date: /home/pi/Tinker_Sber/Chellenge-Tinker/install/tinker_description/share/tinker_description/cmake/tinker_descriptionConfig.cmake
[0.657s] -- Up-to-date: /home/pi/Tinker_Sber/Chellenge-Tinker/install/tinker_description/share/tinker_description/cmake/tinker_descriptionConfig-version.cmake
[0.658s] -- Up-to-date: /home/pi/Tinker_Sber/Chellenge-Tinker/install/tinker_description/share/tinker_description/package.xml
[0.659s] Invoked command in '/home/pi/Tinker_Sber/Chellenge-Tinker/build/tinker_description' returned '0': CMAKE_PREFIX_PATH=${CMAKE_PREFIX_PATH}:/opt/ros/humble /usr/bin/cmake --install /home/pi/Tinker_Sber/Chellenge-Tinker/build/tinker_description
