[0.015s] Invoking command in '/home/dmitrytorov/tinker_ros2/build/tinker_gui': CMAKE_PREFIX_PATH=${CMAKE_PREFIX_PATH}:/home/dmitrytorov/ros2_hd_mmRadar/install/twist_converter:/home/dmitrytorov/ros2_hd_mmRadar/install/rtabmap_python:/home/dmitrytorov/ros2_hd_mmRadar/install/qos_bridge:/home/dmitrytorov/ros2_hd_mmRadar/install/my_path_publisher:/home/dmitrytorov/turtlebot3_ws/install/turtlebot3_teleop:/home/dmitrytorov/turtlebot3_ws/install/turtlebot3_example:/home/dmitrytorov/ros2_learners/install/robot_math:/home/dmitrytorov/ros2_learners/install/ai_assitance:/home/dmitrytorov/pass_course_part1/install/twist_converter:/home/dmitrytorov/pass_course_part1/install/my_two_wheel_robot:/home/dmitrytorov/pass_course_part1/install/my_path_publisher:/home/dmitrytorov/pass_course_part1/install/my_fake_lidar:/opt/ros/humble /usr/bin/cmake /home/dmitrytorov/tinker_ros2/src/tinker_gui -DCMAKE_INSTALL_PREFIX=/home/dmitrytorov/tinker_ros2/install/tinker_gui
[0.026s] -- Found ament_cmake: 1.3.12 (/opt/ros/humble/share/ament_cmake/cmake)
[0.154s] -- Override CMake install command with custom implementation using symlinks instead of copying resources
[0.160s] -- Found rclpy: 3.3.17 (/opt/ros/humble/share/rclpy/cmake)
[0.160s] -- Found sensor_msgs: 4.9.0 (/opt/ros/humble/share/sensor_msgs/cmake)
[0.184s] -- Found rosidl_generator_c: 3.1.7 (/opt/ros/humble/share/rosidl_generator_c/cmake)
[0.186s] -- Found rosidl_adapter: 3.1.7 (/opt/ros/humble/share/rosidl_adapter/cmake)
[0.190s] -- Found rosidl_generator_cpp: 3.1.7 (/opt/ros/humble/share/rosidl_generator_cpp/cmake)
[0.200s] -- Using all available rosidl_typesupport_c: rosidl_typesupport_fastrtps_c;rosidl_typesupport_introspection_c
[0.212s] -- Using all available rosidl_typesupport_cpp: rosidl_typesupport_fastrtps_cpp;rosidl_typesupport_introspection_cpp
[0.258s] -- Found ament_lint_auto: 0.12.14 (/opt/ros/humble/share/ament_lint_auto/cmake)
[0.331s] -- Added test 'copyright' to check source files copyright and LICENSE
[0.332s] -- Added test 'flake8' to check Python code syntax and style conventions
[0.333s] -- Added test 'lint_cmake' to check CMake code style
[0.334s] -- Added test 'pep257' to check Python code against some of the docstring style conventions in PEP 257
[0.334s] -- Added test 'xmllint' to check XML markup files
[0.335s] -- Configuring done
[0.339s] -- Generating done
[0.342s] -- Build files have been written to: /home/dmitrytorov/tinker_ros2/build/tinker_gui
[0.346s] Invoked command in '/home/dmitrytorov/tinker_ros2/build/tinker_gui' returned '0': CMAKE_PREFIX_PATH=${CMAKE_PREFIX_PATH}:/home/dmitrytorov/ros2_hd_mmRadar/install/twist_converter:/home/dmitrytorov/ros2_hd_mmRadar/install/rtabmap_python:/home/dmitrytorov/ros2_hd_mmRadar/install/qos_bridge:/home/dmitrytorov/ros2_hd_mmRadar/install/my_path_publisher:/home/dmitrytorov/turtlebot3_ws/install/turtlebot3_teleop:/home/dmitrytorov/turtlebot3_ws/install/turtlebot3_example:/home/dmitrytorov/ros2_learners/install/robot_math:/home/dmitrytorov/ros2_learners/install/ai_assitance:/home/dmitrytorov/pass_course_part1/install/twist_converter:/home/dmitrytorov/pass_course_part1/install/my_two_wheel_robot:/home/dmitrytorov/pass_course_part1/install/my_path_publisher:/home/dmitrytorov/pass_course_part1/install/my_fake_lidar:/opt/ros/humble /usr/bin/cmake /home/dmitrytorov/tinker_ros2/src/tinker_gui -DCMAKE_INSTALL_PREFIX=/home/dmitrytorov/tinker_ros2/install/tinker_gui
[0.348s] Invoking command in '/home/dmitrytorov/tinker_ros2/build/tinker_gui': CMAKE_PREFIX_PATH=${CMAKE_PREFIX_PATH}:/home/dmitrytorov/ros2_hd_mmRadar/install/twist_converter:/home/dmitrytorov/ros2_hd_mmRadar/install/rtabmap_python:/home/dmitrytorov/ros2_hd_mmRadar/install/qos_bridge:/home/dmitrytorov/ros2_hd_mmRadar/install/my_path_publisher:/home/dmitrytorov/turtlebot3_ws/install/turtlebot3_teleop:/home/dmitrytorov/turtlebot3_ws/install/turtlebot3_example:/home/dmitrytorov/ros2_learners/install/robot_math:/home/dmitrytorov/ros2_learners/install/ai_assitance:/home/dmitrytorov/pass_course_part1/install/twist_converter:/home/dmitrytorov/pass_course_part1/install/my_two_wheel_robot:/home/dmitrytorov/pass_course_part1/install/my_path_publisher:/home/dmitrytorov/pass_course_part1/install/my_fake_lidar:/opt/ros/humble /usr/bin/cmake --build /home/dmitrytorov/tinker_ros2/build/tinker_gui -- -j12 -l12
[0.396s] Invoked command in '/home/dmitrytorov/tinker_ros2/build/tinker_gui' returned '0': CMAKE_PREFIX_PATH=${CMAKE_PREFIX_PATH}:/home/dmitrytorov/ros2_hd_mmRadar/install/twist_converter:/home/dmitrytorov/ros2_hd_mmRadar/install/rtabmap_python:/home/dmitrytorov/ros2_hd_mmRadar/install/qos_bridge:/home/dmitrytorov/ros2_hd_mmRadar/install/my_path_publisher:/home/dmitrytorov/turtlebot3_ws/install/turtlebot3_teleop:/home/dmitrytorov/turtlebot3_ws/install/turtlebot3_example:/home/dmitrytorov/ros2_learners/install/robot_math:/home/dmitrytorov/ros2_learners/install/ai_assitance:/home/dmitrytorov/pass_course_part1/install/twist_converter:/home/dmitrytorov/pass_course_part1/install/my_two_wheel_robot:/home/dmitrytorov/pass_course_part1/install/my_path_publisher:/home/dmitrytorov/pass_course_part1/install/my_fake_lidar:/opt/ros/humble /usr/bin/cmake --build /home/dmitrytorov/tinker_ros2/build/tinker_gui -- -j12 -l12
[0.397s] Invoking command in '/home/dmitrytorov/tinker_ros2/build/tinker_gui': CMAKE_PREFIX_PATH=${CMAKE_PREFIX_PATH}:/home/dmitrytorov/ros2_hd_mmRadar/install/twist_converter:/home/dmitrytorov/ros2_hd_mmRadar/install/rtabmap_python:/home/dmitrytorov/ros2_hd_mmRadar/install/qos_bridge:/home/dmitrytorov/ros2_hd_mmRadar/install/my_path_publisher:/home/dmitrytorov/turtlebot3_ws/install/turtlebot3_teleop:/home/dmitrytorov/turtlebot3_ws/install/turtlebot3_example:/home/dmitrytorov/ros2_learners/install/robot_math:/home/dmitrytorov/ros2_learners/install/ai_assitance:/home/dmitrytorov/pass_course_part1/install/twist_converter:/home/dmitrytorov/pass_course_part1/install/my_two_wheel_robot:/home/dmitrytorov/pass_course_part1/install/my_path_publisher:/home/dmitrytorov/pass_course_part1/install/my_fake_lidar:/opt/ros/humble /usr/bin/cmake --install /home/dmitrytorov/tinker_ros2/build/tinker_gui
[0.404s] -- Install configuration: ""
[0.405s] -- Execute custom install script
[0.405s] -- Up-to-date symlink: /home/dmitrytorov/tinker_ros2/install/tinker_gui/lib/tinker_gui/gui_slider_node.py
[0.405s] -- Up-to-date symlink: /home/dmitrytorov/tinker_ros2/install/tinker_gui/lib/tinker_gui/test_data_publisher.py
[0.405s] -- Up-to-date symlink: /home/dmitrytorov/tinker_ros2/install/tinker_gui/lib/tinker_gui/commands_to_states_bridge.py
[0.405s] -- Up-to-date symlink: /home/dmitrytorov/tinker_ros2/install/tinker_gui/lib/tinker_gui/states_to_joint_states.py
[0.405s] -- Up-to-date symlink: /home/dmitrytorov/tinker_ros2/install/tinker_gui/share/tinker_gui/launch/gui_system.launch.py
[0.405s] -- Up-to-date symlink: /home/dmitrytorov/tinker_ros2/install/tinker_gui/share/ament_index/resource_index/package_run_dependencies/tinker_gui
[0.405s] -- Up-to-date symlink: /home/dmitrytorov/tinker_ros2/install/tinker_gui/share/ament_index/resource_index/parent_prefix_path/tinker_gui
[0.406s] -- Up-to-date symlink: /home/dmitrytorov/tinker_ros2/install/tinker_gui/share/tinker_gui/environment/ament_prefix_path.sh
[0.406s] -- Up-to-date symlink: /home/dmitrytorov/tinker_ros2/install/tinker_gui/share/tinker_gui/environment/ament_prefix_path.dsv
[0.406s] -- Up-to-date symlink: /home/dmitrytorov/tinker_ros2/install/tinker_gui/share/tinker_gui/environment/path.sh
[0.406s] -- Up-to-date symlink: /home/dmitrytorov/tinker_ros2/install/tinker_gui/share/tinker_gui/environment/path.dsv
[0.406s] -- Up-to-date symlink: /home/dmitrytorov/tinker_ros2/install/tinker_gui/share/tinker_gui/local_setup.bash
[0.406s] -- Up-to-date symlink: /home/dmitrytorov/tinker_ros2/install/tinker_gui/share/tinker_gui/local_setup.sh
[0.406s] -- Up-to-date symlink: /home/dmitrytorov/tinker_ros2/install/tinker_gui/share/tinker_gui/local_setup.zsh
[0.406s] -- Up-to-date symlink: /home/dmitrytorov/tinker_ros2/install/tinker_gui/share/tinker_gui/local_setup.dsv
[0.407s] -- Symlinking: /home/dmitrytorov/tinker_ros2/install/tinker_gui/share/tinker_gui/package.dsv
[0.418s] -- Up-to-date symlink: /home/dmitrytorov/tinker_ros2/install/tinker_gui/share/ament_index/resource_index/packages/tinker_gui
[0.418s] -- Up-to-date symlink: /home/dmitrytorov/tinker_ros2/install/tinker_gui/share/tinker_gui/cmake/tinker_guiConfig.cmake
[0.418s] -- Up-to-date symlink: /home/dmitrytorov/tinker_ros2/install/tinker_gui/share/tinker_gui/cmake/tinker_guiConfig-version.cmake
[0.418s] -- Up-to-date symlink: /home/dmitrytorov/tinker_ros2/install/tinker_gui/share/tinker_gui/package.xml
[0.421s] Invoked command in '/home/dmitrytorov/tinker_ros2/build/tinker_gui' returned '0': CMAKE_PREFIX_PATH=${CMAKE_PREFIX_PATH}:/home/dmitrytorov/ros2_hd_mmRadar/install/twist_converter:/home/dmitrytorov/ros2_hd_mmRadar/install/rtabmap_python:/home/dmitrytorov/ros2_hd_mmRadar/install/qos_bridge:/home/dmitrytorov/ros2_hd_mmRadar/install/my_path_publisher:/home/dmitrytorov/turtlebot3_ws/install/turtlebot3_teleop:/home/dmitrytorov/turtlebot3_ws/install/turtlebot3_example:/home/dmitrytorov/ros2_learners/install/robot_math:/home/dmitrytorov/ros2_learners/install/ai_assitance:/home/dmitrytorov/pass_course_part1/install/twist_converter:/home/dmitrytorov/pass_course_part1/install/my_two_wheel_robot:/home/dmitrytorov/pass_course_part1/install/my_path_publisher:/home/dmitrytorov/pass_course_part1/install/my_fake_lidar:/opt/ros/humble /usr/bin/cmake --install /home/dmitrytorov/tinker_ros2/build/tinker_gui
