-- The C compiler identification is GNU 13.3.0
-- The CXX compiler identification is GNU 13.3.0
-- Detecting C compiler ABI info
-- Detecting C compiler ABI info - done
-- Check for working C compiler: /usr/bin/cc - skipped
-- Detecting C compile features
-- Detecting C compile features - done
-- Detecting CXX compiler ABI info
-- Detecting CXX compiler ABI info - done
-- Check for working CXX compiler: /usr/bin/c++ - skipped
-- Detecting CXX compile features
-- Detecting CXX compile features - done
-- Found ament_cmake: 2.5.3 (/opt/ros/jazzy/share/ament_cmake/cmake)
-- Found Python3: /usr/bin/python3 (found version "3.12.3") found components: Interpreter 
-- Found rclpy: 7.1.3 (/opt/ros/jazzy/share/rclpy/cmake)
-- Found sensor_msgs: 5.3.5 (/opt/ros/jazzy/share/sensor_msgs/cmake)
-- Found rosidl_generator_c: 4.6.5 (/opt/ros/jazzy/share/rosidl_generator_c/cmake)
-- Found rosidl_generator_cpp: 4.6.5 (/opt/ros/jazzy/share/rosidl_generator_cpp/cmake)
-- Using all available rosidl_typesupport_c: rosidl_typesupport_fastrtps_c;rosidl_typesupport_introspection_c
-- Using all available rosidl_typesupport_cpp: rosidl_typesupport_fastrtps_cpp;rosidl_typesupport_introspection_cpp
-- Found ament_lint_auto: 0.17.1 (/opt/ros/jazzy/share/ament_lint_auto/cmake)
-- Added test 'copyright' to check source files copyright and LICENSE
-- Added test 'flake8' to check Python code syntax and style conventions
-- Configured 'flake8' exclude dirs and/or files: 
-- Added test 'lint_cmake' to check CMake code style
-- Added test 'pep257' to check Python code against some of the docstring style conventions in PEP 257
-- Added test 'xmllint' to check XML markup files
-- Configuring done (5.0s)
-- Generating done (0.2s)
-- Build files have been written to: /mnt/c/tinker/Tinker_Sber/build/tinker_gui
-- Install configuration: ""
-- Installing: /mnt/c/tinker/Tinker_Sber/install/tinker_gui/lib/tinker_gui/gui_slider_node.py
-- Installing: /mnt/c/tinker/Tinker_Sber/install/tinker_gui/lib/tinker_gui/test_data_publisher.py
-- Installing: /mnt/c/tinker/Tinker_Sber/install/tinker_gui/lib/tinker_gui/commands_to_states_bridge.py
-- Installing: /mnt/c/tinker/Tinker_Sber/install/tinker_gui/lib/tinker_gui/states_to_joint_states.py
-- Installing: /mnt/c/tinker/Tinker_Sber/install/tinker_gui/share/tinker_gui/launch
-- Installing: /mnt/c/tinker/Tinker_Sber/install/tinker_gui/share/tinker_gui/launch/gui_system.launch.py
-- Installing: /mnt/c/tinker/Tinker_Sber/install/tinker_gui/share/ament_index/resource_index/package_run_dependencies/tinker_gui
-- Installing: /mnt/c/tinker/Tinker_Sber/install/tinker_gui/share/ament_index/resource_index/parent_prefix_path/tinker_gui
-- Installing: /mnt/c/tinker/Tinker_Sber/install/tinker_gui/share/tinker_gui/environment/ament_prefix_path.sh
-- Installing: /mnt/c/tinker/Tinker_Sber/install/tinker_gui/share/tinker_gui/environment/ament_prefix_path.dsv
-- Installing: /mnt/c/tinker/Tinker_Sber/install/tinker_gui/share/tinker_gui/environment/path.sh
-- Installing: /mnt/c/tinker/Tinker_Sber/install/tinker_gui/share/tinker_gui/environment/path.dsv
-- Installing: /mnt/c/tinker/Tinker_Sber/install/tinker_gui/share/tinker_gui/local_setup.bash
-- Installing: /mnt/c/tinker/Tinker_Sber/install/tinker_gui/share/tinker_gui/local_setup.sh
-- Installing: /mnt/c/tinker/Tinker_Sber/install/tinker_gui/share/tinker_gui/local_setup.zsh
-- Installing: /mnt/c/tinker/Tinker_Sber/install/tinker_gui/share/tinker_gui/local_setup.dsv
-- Installing: /mnt/c/tinker/Tinker_Sber/install/tinker_gui/share/tinker_gui/package.dsv
-- Installing: /mnt/c/tinker/Tinker_Sber/install/tinker_gui/share/ament_index/resource_index/packages/tinker_gui
-- Installing: /mnt/c/tinker/Tinker_Sber/install/tinker_gui/share/tinker_gui/cmake/tinker_guiConfig.cmake
-- Installing: /mnt/c/tinker/Tinker_Sber/install/tinker_gui/share/tinker_gui/cmake/tinker_guiConfig-version.cmake
-- Installing: /mnt/c/tinker/Tinker_Sber/install/tinker_gui/share/tinker_gui/package.xml
