[0.060s] Invoking command in '/mnt/c/tinker/Tinker_Sber/build/tinker_gui': CMAKE_PREFIX_PATH=${CMAKE_PREFIX_PATH}:/opt/ros/jazzy /usr/bin/cmake /mnt/c/tinker/Tinker_Sber/src/tinker_gui -DCMAKE_INSTALL_PREFIX=/mnt/c/tinker/Tinker_Sber/install/tinker_gui
[0.345s] -- The C compiler identification is GNU 13.3.0
[1.041s] -- The CXX compiler identification is GNU 13.3.0
[1.631s] -- Detecting C compiler ABI info
[2.190s] -- Detecting C compiler ABI info - done
[2.216s] -- Check for working C compiler: /usr/bin/cc - skipped
[2.216s] -- Detecting C compile features
[2.217s] -- Detecting C compile features - done
[2.341s] -- Detecting CXX compiler ABI info
[2.872s] -- Detecting CXX compiler ABI info - done
[2.897s] -- Check for working CXX compiler: /usr/bin/c++ - skipped
[2.898s] -- Detecting CXX compile features
[2.899s] -- Detecting CXX compile features - done
[2.937s] -- Found ament_cmake: 2.5.3 (/opt/ros/jazzy/share/ament_cmake/cmake)
[3.075s] -- Found Python3: /usr/bin/python3 (found version "3.12.3") found components: Interpreter 
[3.432s] -- Found rclpy: 7.1.3 (/opt/ros/jazzy/share/rclpy/cmake)
[3.447s] -- Found sensor_msgs: 5.3.5 (/opt/ros/jazzy/share/sensor_msgs/cmake)
[3.770s] -- Found rosidl_generator_c: 4.6.5 (/opt/ros/jazzy/share/rosidl_generator_c/cmake)
[3.832s] -- Found rosidl_generator_cpp: 4.6.5 (/opt/ros/jazzy/share/rosidl_generator_cpp/cmake)
[3.902s] -- Using all available rosidl_typesupport_c: rosidl_typesupport_fastrtps_c;rosidl_typesupport_introspection_c
[3.974s] -- Using all available rosidl_typesupport_cpp: rosidl_typesupport_fastrtps_cpp;rosidl_typesupport_introspection_cpp
[4.192s] -- Found ament_lint_auto: 0.17.1 (/opt/ros/jazzy/share/ament_lint_auto/cmake)
[4.525s] -- Added test 'copyright' to check source files copyright and LICENSE
[4.699s] -- Added test 'flake8' to check Python code syntax and style conventions
[4.700s] -- Configured 'flake8' exclude dirs and/or files: 
[4.738s] -- Added test 'lint_cmake' to check CMake code style
[4.758s] -- Added test 'pep257' to check Python code against some of the docstring style conventions in PEP 257
[4.971s] -- Added test 'xmllint' to check XML markup files
[5.045s] -- Configuring done (5.0s)
[5.255s] -- Generating done (0.2s)
[5.391s] -- Build files have been written to: /mnt/c/tinker/Tinker_Sber/build/tinker_gui
[5.398s] Invoked command in '/mnt/c/tinker/Tinker_Sber/build/tinker_gui' returned '0': CMAKE_PREFIX_PATH=${CMAKE_PREFIX_PATH}:/opt/ros/jazzy /usr/bin/cmake /mnt/c/tinker/Tinker_Sber/src/tinker_gui -DCMAKE_INSTALL_PREFIX=/mnt/c/tinker/Tinker_Sber/install/tinker_gui
[5.403s] Invoking command in '/mnt/c/tinker/Tinker_Sber/build/tinker_gui': CMAKE_PREFIX_PATH=${CMAKE_PREFIX_PATH}:/opt/ros/jazzy /usr/bin/cmake --build /mnt/c/tinker/Tinker_Sber/build/tinker_gui -- -j12 -l12
[5.483s] Invoked command in '/mnt/c/tinker/Tinker_Sber/build/tinker_gui' returned '0': CMAKE_PREFIX_PATH=${CMAKE_PREFIX_PATH}:/opt/ros/jazzy /usr/bin/cmake --build /mnt/c/tinker/Tinker_Sber/build/tinker_gui -- -j12 -l12
[5.494s] Invoking command in '/mnt/c/tinker/Tinker_Sber/build/tinker_gui': CMAKE_PREFIX_PATH=${CMAKE_PREFIX_PATH}:/opt/ros/jazzy /usr/bin/cmake --install /mnt/c/tinker/Tinker_Sber/build/tinker_gui
[5.503s] -- Install configuration: ""
[5.516s] -- Installing: /mnt/c/tinker/Tinker_Sber/install/tinker_gui/lib/tinker_gui/gui_slider_node.py
[5.555s] -- Installing: /mnt/c/tinker/Tinker_Sber/install/tinker_gui/lib/tinker_gui/test_data_publisher.py
[5.594s] -- Installing: /mnt/c/tinker/Tinker_Sber/install/tinker_gui/lib/tinker_gui/commands_to_states_bridge.py
[5.637s] -- Installing: /mnt/c/tinker/Tinker_Sber/install/tinker_gui/lib/tinker_gui/states_to_joint_states.py
[5.679s] -- Installing: /mnt/c/tinker/Tinker_Sber/install/tinker_gui/share/tinker_gui/launch
[5.699s] -- Installing: /mnt/c/tinker/Tinker_Sber/install/tinker_gui/share/tinker_gui/launch/gui_system.launch.py
[5.758s] -- Installing: /mnt/c/tinker/Tinker_Sber/install/tinker_gui/share/ament_index/resource_index/package_run_dependencies/tinker_gui
[5.827s] -- Installing: /mnt/c/tinker/Tinker_Sber/install/tinker_gui/share/ament_index/resource_index/parent_prefix_path/tinker_gui
[5.882s] -- Installing: /mnt/c/tinker/Tinker_Sber/install/tinker_gui/share/tinker_gui/environment/ament_prefix_path.sh
[5.919s] -- Installing: /mnt/c/tinker/Tinker_Sber/install/tinker_gui/share/tinker_gui/environment/ament_prefix_path.dsv
[5.958s] -- Installing: /mnt/c/tinker/Tinker_Sber/install/tinker_gui/share/tinker_gui/environment/path.sh
[5.995s] -- Installing: /mnt/c/tinker/Tinker_Sber/install/tinker_gui/share/tinker_gui/environment/path.dsv
[6.036s] -- Installing: /mnt/c/tinker/Tinker_Sber/install/tinker_gui/share/tinker_gui/local_setup.bash
[6.073s] -- Installing: /mnt/c/tinker/Tinker_Sber/install/tinker_gui/share/tinker_gui/local_setup.sh
[6.111s] -- Installing: /mnt/c/tinker/Tinker_Sber/install/tinker_gui/share/tinker_gui/local_setup.zsh
[6.150s] -- Installing: /mnt/c/tinker/Tinker_Sber/install/tinker_gui/share/tinker_gui/local_setup.dsv
[6.187s] -- Installing: /mnt/c/tinker/Tinker_Sber/install/tinker_gui/share/tinker_gui/package.dsv
[6.244s] -- Installing: /mnt/c/tinker/Tinker_Sber/install/tinker_gui/share/ament_index/resource_index/packages/tinker_gui
[6.310s] -- Installing: /mnt/c/tinker/Tinker_Sber/install/tinker_gui/share/tinker_gui/cmake/tinker_guiConfig.cmake
[6.355s] -- Installing: /mnt/c/tinker/Tinker_Sber/install/tinker_gui/share/tinker_gui/cmake/tinker_guiConfig-version.cmake
[6.400s] -- Installing: /mnt/c/tinker/Tinker_Sber/install/tinker_gui/share/tinker_gui/package.xml
