[0.409s] DEBUG:colcon:Command line arguments: ['/usr/bin/colcon', 'build']
[0.409s] DEBUG:colcon:Parsed command line arguments: Namespace(log_base=None, log_level=None, verb_name='build', build_base='build', install_base='install', merge_install=False, symlink_install=False, test_result_base=None, continue_on_error=False, executor='parallel', parallel_workers=12, event_handlers=None, ignore_user_meta=False, metas=['./colcon.meta'], base_paths=['.'], packages_ignore=None, packages_ignore_regex=None, paths=None, packages_up_to=None, packages_up_to_regex=None, packages_above=None, packages_above_and_dependencies=None, packages_above_depth=None, packages_select_by_dep=None, packages_skip_by_dep=None, packages_skip_up_to=None, packages_select_build_failed=False, packages_skip_build_finished=False, packages_select_test_failures=False, packages_skip_test_passed=False, packages_select=None, packages_skip=None, packages_select_regex=None, packages_skip_regex=None, packages_start=None, packages_end=None, allow_overriding=[], cmake_args=None, cmake_target=None, cmake_target_skip_unavailable=False, cmake_clean_cache=False, cmake_clean_first=False, cmake_force_configure=False, ament_cmake_args=None, catkin_cmake_args=None, catkin_skip_building_tests=False, verb_parser=<colcon_defaults.argument_parser.defaults.DefaultArgumentsDecorator object at 0x7398a6c49a20>, verb_extension=<colcon_core.verb.build.BuildVerb object at 0x7398a6c494e0>, main=<bound method BuildVerb.main of <colcon_core.verb.build.BuildVerb object at 0x7398a6c494e0>>)
[0.482s] Level 1:colcon.colcon_core.package_discovery:discover_packages(colcon_meta) check parameters
[0.482s] Level 1:colcon.colcon_core.package_discovery:discover_packages(recursive) check parameters
[0.482s] Level 1:colcon.colcon_core.package_discovery:discover_packages(ignore) check parameters
[0.482s] Level 1:colcon.colcon_core.package_discovery:discover_packages(path) check parameters
[0.483s] Level 1:colcon.colcon_core.package_discovery:discover_packages(colcon_meta) discover
[0.483s] Level 1:colcon.colcon_core.package_discovery:discover_packages(recursive) discover
[0.483s] INFO:colcon.colcon_core.package_discovery:Crawling recursively for packages in '/home/dmitrytorov/tinker_ros2'
[0.483s] Level 1:colcon.colcon_core.package_identification:_identify(.) by extensions ['ignore', 'ignore_ament_install']
[0.483s] Level 1:colcon.colcon_core.package_identification:_identify(.) by extension 'ignore'
[0.483s] Level 1:colcon.colcon_core.package_identification:_identify(.) by extension 'ignore_ament_install'
[0.483s] Level 1:colcon.colcon_core.package_identification:_identify(.) by extensions ['colcon_pkg']
[0.484s] Level 1:colcon.colcon_core.package_identification:_identify(.) by extension 'colcon_pkg'
[0.484s] Level 1:colcon.colcon_core.package_identification:_identify(.) by extensions ['colcon_meta']
[0.484s] Level 1:colcon.colcon_core.package_identification:_identify(.) by extension 'colcon_meta'
[0.484s] Level 1:colcon.colcon_core.package_identification:_identify(.) by extensions ['ros']
[0.484s] Level 1:colcon.colcon_core.package_identification:_identify(.) by extension 'ros'
[0.501s] Level 1:colcon.colcon_core.package_identification:_identify(.) by extensions ['cmake', 'python']
[0.501s] Level 1:colcon.colcon_core.package_identification:_identify(.) by extension 'cmake'
[0.501s] Level 1:colcon.colcon_core.package_identification:_identify(.) by extension 'python'
[0.501s] Level 1:colcon.colcon_core.package_identification:_identify(.) by extensions ['python_setup_py']
[0.501s] Level 1:colcon.colcon_core.package_identification:_identify(.) by extension 'python_setup_py'
[0.501s] Level 1:colcon.colcon_core.package_identification:_identify(build) by extensions ['ignore', 'ignore_ament_install']
[0.502s] Level 1:colcon.colcon_core.package_identification:_identify(build) by extension 'ignore'
[0.502s] Level 1:colcon.colcon_core.package_identification:_identify(build) ignored
[0.502s] Level 1:colcon.colcon_core.package_identification:_identify(install) by extensions ['ignore', 'ignore_ament_install']
[0.502s] Level 1:colcon.colcon_core.package_identification:_identify(install) by extension 'ignore'
[0.502s] Level 1:colcon.colcon_core.package_identification:_identify(install) ignored
[0.502s] Level 1:colcon.colcon_core.package_identification:_identify(log) by extensions ['ignore', 'ignore_ament_install']
[0.502s] Level 1:colcon.colcon_core.package_identification:_identify(log) by extension 'ignore'
[0.502s] Level 1:colcon.colcon_core.package_identification:_identify(log) ignored
[0.502s] Level 1:colcon.colcon_core.package_identification:_identify(src) by extensions ['ignore', 'ignore_ament_install']
[0.502s] Level 1:colcon.colcon_core.package_identification:_identify(src) by extension 'ignore'
[0.502s] Level 1:colcon.colcon_core.package_identification:_identify(src) by extension 'ignore_ament_install'
[0.502s] Level 1:colcon.colcon_core.package_identification:_identify(src) by extensions ['colcon_pkg']
[0.503s] Level 1:colcon.colcon_core.package_identification:_identify(src) by extension 'colcon_pkg'
[0.503s] Level 1:colcon.colcon_core.package_identification:_identify(src) by extensions ['colcon_meta']
[0.503s] Level 1:colcon.colcon_core.package_identification:_identify(src) by extension 'colcon_meta'
[0.503s] Level 1:colcon.colcon_core.package_identification:_identify(src) by extensions ['ros']
[0.503s] Level 1:colcon.colcon_core.package_identification:_identify(src) by extension 'ros'
[0.503s] Level 1:colcon.colcon_core.package_identification:_identify(src) by extensions ['cmake', 'python']
[0.503s] Level 1:colcon.colcon_core.package_identification:_identify(src) by extension 'cmake'
[0.503s] Level 1:colcon.colcon_core.package_identification:_identify(src) by extension 'python'
[0.503s] Level 1:colcon.colcon_core.package_identification:_identify(src) by extensions ['python_setup_py']
[0.503s] Level 1:colcon.colcon_core.package_identification:_identify(src) by extension 'python_setup_py'
[0.503s] Level 1:colcon.colcon_core.package_identification:_identify(src/tinker) by extensions ['ignore', 'ignore_ament_install']
[0.503s] Level 1:colcon.colcon_core.package_identification:_identify(src/tinker) by extension 'ignore'
[0.503s] Level 1:colcon.colcon_core.package_identification:_identify(src/tinker) by extension 'ignore_ament_install'
[0.503s] Level 1:colcon.colcon_core.package_identification:_identify(src/tinker) by extensions ['colcon_pkg']
[0.503s] Level 1:colcon.colcon_core.package_identification:_identify(src/tinker) by extension 'colcon_pkg'
[0.503s] Level 1:colcon.colcon_core.package_identification:_identify(src/tinker) by extensions ['colcon_meta']
[0.503s] Level 1:colcon.colcon_core.package_identification:_identify(src/tinker) by extension 'colcon_meta'
[0.503s] Level 1:colcon.colcon_core.package_identification:_identify(src/tinker) by extensions ['ros']
[0.503s] Level 1:colcon.colcon_core.package_identification:_identify(src/tinker) by extension 'ros'
[0.507s] DEBUG:colcon.colcon_core.package_identification:Package 'src/tinker' with type 'ros.ament_cmake' and name 'Tinker'
[0.508s] Level 1:colcon.colcon_core.package_identification:_identify(src/tinker_motor_gui) by extensions ['ignore', 'ignore_ament_install']
[0.508s] Level 1:colcon.colcon_core.package_identification:_identify(src/tinker_motor_gui) by extension 'ignore'
[0.508s] Level 1:colcon.colcon_core.package_identification:_identify(src/tinker_motor_gui) by extension 'ignore_ament_install'
[0.508s] Level 1:colcon.colcon_core.package_identification:_identify(src/tinker_motor_gui) by extensions ['colcon_pkg']
[0.508s] Level 1:colcon.colcon_core.package_identification:_identify(src/tinker_motor_gui) by extension 'colcon_pkg'
[0.508s] Level 1:colcon.colcon_core.package_identification:_identify(src/tinker_motor_gui) by extensions ['colcon_meta']
[0.508s] Level 1:colcon.colcon_core.package_identification:_identify(src/tinker_motor_gui) by extension 'colcon_meta'
[0.508s] Level 1:colcon.colcon_core.package_identification:_identify(src/tinker_motor_gui) by extensions ['ros']
[0.508s] Level 1:colcon.colcon_core.package_identification:_identify(src/tinker_motor_gui) by extension 'ros'
[0.509s] DEBUG:colcon.colcon_core.package_identification:Package 'src/tinker_motor_gui' with type 'ros.ament_python' and name 'tinker_motor_gui'
[0.509s] Level 1:colcon.colcon_core.package_discovery:discover_packages(recursive) using defaults
[0.509s] Level 1:colcon.colcon_core.package_discovery:discover_packages(ignore) discover
[0.509s] Level 1:colcon.colcon_core.package_discovery:discover_packages(ignore) using defaults
[0.509s] Level 1:colcon.colcon_core.package_discovery:discover_packages(path) discover
[0.509s] Level 1:colcon.colcon_core.package_discovery:discover_packages(path) using defaults
[0.542s] Level 1:colcon.colcon_core.package_discovery:discover_packages(prefix_path) check parameters
[0.542s] Level 1:colcon.colcon_core.package_discovery:discover_packages(prefix_path) discover
[0.546s] DEBUG:colcon.colcon_installed_package_information.package_discovery:Found 12 installed packages in /home/dmitrytorov/turtlebot3_ws/install
[0.547s] DEBUG:colcon.colcon_installed_package_information.package_discovery:Found 7 installed packages in /home/dmitrytorov/ros2_learners/install
[0.547s] DEBUG:colcon.colcon_installed_package_information.package_discovery:Found 4 installed packages in /home/dmitrytorov/pass_course_part1/install
[0.549s] DEBUG:colcon.colcon_installed_package_information.package_discovery:Found 494 installed packages in /opt/ros/humble
[0.551s] Level 1:colcon.colcon_core.package_discovery:discover_packages(prefix_path) using defaults
[0.638s] Level 5:colcon.colcon_core.verb:set package 'Tinker' build argument 'cmake_args' from command line to 'None'
[0.638s] Level 5:colcon.colcon_core.verb:set package 'Tinker' build argument 'cmake_target' from command line to 'None'
[0.638s] Level 5:colcon.colcon_core.verb:set package 'Tinker' build argument 'cmake_target_skip_unavailable' from command line to 'False'
[0.638s] Level 5:colcon.colcon_core.verb:set package 'Tinker' build argument 'cmake_clean_cache' from command line to 'False'
[0.638s] Level 5:colcon.colcon_core.verb:set package 'Tinker' build argument 'cmake_clean_first' from command line to 'False'
[0.638s] Level 5:colcon.colcon_core.verb:set package 'Tinker' build argument 'cmake_force_configure' from command line to 'False'
[0.638s] Level 5:colcon.colcon_core.verb:set package 'Tinker' build argument 'ament_cmake_args' from command line to 'None'
[0.638s] Level 5:colcon.colcon_core.verb:set package 'Tinker' build argument 'catkin_cmake_args' from command line to 'None'
[0.638s] Level 5:colcon.colcon_core.verb:set package 'Tinker' build argument 'catkin_skip_building_tests' from command line to 'False'
[0.638s] DEBUG:colcon.colcon_core.verb:Building package 'Tinker' with the following arguments: {'ament_cmake_args': None, 'build_base': '/home/dmitrytorov/tinker_ros2/build/Tinker', 'catkin_cmake_args': None, 'catkin_skip_building_tests': False, 'cmake_args': None, 'cmake_clean_cache': False, 'cmake_clean_first': False, 'cmake_force_configure': False, 'cmake_target': None, 'cmake_target_skip_unavailable': False, 'install_base': '/home/dmitrytorov/tinker_ros2/install/Tinker', 'merge_install': False, 'path': '/home/dmitrytorov/tinker_ros2/src/tinker', 'symlink_install': False, 'test_result_base': None}
[0.638s] Level 5:colcon.colcon_core.verb:set package 'tinker_motor_gui' build argument 'cmake_args' from command line to 'None'
[0.638s] Level 5:colcon.colcon_core.verb:set package 'tinker_motor_gui' build argument 'cmake_target' from command line to 'None'
[0.638s] Level 5:colcon.colcon_core.verb:set package 'tinker_motor_gui' build argument 'cmake_target_skip_unavailable' from command line to 'False'
[0.638s] Level 5:colcon.colcon_core.verb:set package 'tinker_motor_gui' build argument 'cmake_clean_cache' from command line to 'False'
[0.638s] Level 5:colcon.colcon_core.verb:set package 'tinker_motor_gui' build argument 'cmake_clean_first' from command line to 'False'
[0.638s] Level 5:colcon.colcon_core.verb:set package 'tinker_motor_gui' build argument 'cmake_force_configure' from command line to 'False'
[0.638s] Level 5:colcon.colcon_core.verb:set package 'tinker_motor_gui' build argument 'ament_cmake_args' from command line to 'None'
[0.639s] Level 5:colcon.colcon_core.verb:set package 'tinker_motor_gui' build argument 'catkin_cmake_args' from command line to 'None'
[0.639s] Level 5:colcon.colcon_core.verb:set package 'tinker_motor_gui' build argument 'catkin_skip_building_tests' from command line to 'False'
[0.639s] DEBUG:colcon.colcon_core.verb:Building package 'tinker_motor_gui' with the following arguments: {'ament_cmake_args': None, 'build_base': '/home/dmitrytorov/tinker_ros2/build/tinker_motor_gui', 'catkin_cmake_args': None, 'catkin_skip_building_tests': False, 'cmake_args': None, 'cmake_clean_cache': False, 'cmake_clean_first': False, 'cmake_force_configure': False, 'cmake_target': None, 'cmake_target_skip_unavailable': False, 'install_base': '/home/dmitrytorov/tinker_ros2/install/tinker_motor_gui', 'merge_install': False, 'path': '/home/dmitrytorov/tinker_ros2/src/tinker_motor_gui', 'symlink_install': False, 'test_result_base': None}
[0.639s] INFO:colcon.colcon_core.executor:Executing jobs using 'parallel' executor
[0.640s] DEBUG:colcon.colcon_parallel_executor.executor.parallel:run_until_complete
[0.640s] INFO:colcon.colcon_ros.task.ament_cmake.build:Building ROS package in '/home/dmitrytorov/tinker_ros2/src/tinker' with build type 'ament_cmake'
[0.640s] INFO:colcon.colcon_cmake.task.cmake.build:Building CMake package in '/home/dmitrytorov/tinker_ros2/src/tinker'
[0.645s] INFO:colcon.colcon_core.plugin_system:Skipping extension 'colcon_core.shell.bat': Not used on non-Windows systems
[0.645s] INFO:colcon.colcon_core.shell:Skip shell extension 'powershell' for command environment: Not usable outside of PowerShell
[0.645s] DEBUG:colcon.colcon_core.shell:Skip shell extension 'dsv' for command environment
[0.652s] INFO:colcon.colcon_ros.task.ament_python.build:Building ROS package in '/home/dmitrytorov/tinker_ros2/src/tinker_motor_gui' with build type 'ament_python'
[0.653s] Level 1:colcon.colcon_core.shell:create_environment_hook('tinker_motor_gui', 'ament_prefix_path')
[0.653s] INFO:colcon.colcon_core.shell:Creating environment hook '/home/dmitrytorov/tinker_ros2/install/tinker_motor_gui/share/tinker_motor_gui/hook/ament_prefix_path.ps1'
[0.656s] INFO:colcon.colcon_core.shell:Creating environment descriptor '/home/dmitrytorov/tinker_ros2/install/tinker_motor_gui/share/tinker_motor_gui/hook/ament_prefix_path.dsv'
[0.657s] INFO:colcon.colcon_core.shell:Creating environment hook '/home/dmitrytorov/tinker_ros2/install/tinker_motor_gui/share/tinker_motor_gui/hook/ament_prefix_path.sh'
[0.658s] INFO:colcon.colcon_core.shell:Skip shell extension 'powershell' for command environment: Not usable outside of PowerShell
[0.658s] DEBUG:colcon.colcon_core.shell:Skip shell extension 'dsv' for command environment
[0.669s] DEBUG:colcon.colcon_core.event_handler.log_command:Invoking command in '/home/dmitrytorov/tinker_ros2/build/Tinker': CMAKE_PREFIX_PATH=${CMAKE_PREFIX_PATH}:/home/dmitrytorov/turtlebot3_ws/install/turtlebot3_teleop:/home/dmitrytorov/turtlebot3_ws/install/turtlebot3_example:/home/dmitrytorov/ros2_learners/install/robot_math:/home/dmitrytorov/ros2_learners/install/ai_assitance:/home/dmitrytorov/pass_course_part1/install/twist_converter:/home/dmitrytorov/pass_course_part1/install/my_two_wheel_robot:/home/dmitrytorov/pass_course_part1/install/my_path_publisher:/home/dmitrytorov/pass_course_part1/install/my_fake_lidar:/opt/ros/humble /usr/bin/cmake --build /home/dmitrytorov/tinker_ros2/build/Tinker -- -j12 -l12
[0.899s] INFO:colcon.colcon_core.task.python.build:Building Python package in '/home/dmitrytorov/tinker_ros2/src/tinker_motor_gui'
[0.899s] INFO:colcon.colcon_core.shell:Skip shell extension 'powershell' for command environment: Not usable outside of PowerShell
[0.899s] DEBUG:colcon.colcon_core.shell:Skip shell extension 'dsv' for command environment
[0.906s] DEBUG:colcon.colcon_core.event_handler.log_command:Invoked command in '/home/dmitrytorov/tinker_ros2/build/Tinker' returned '0': CMAKE_PREFIX_PATH=${CMAKE_PREFIX_PATH}:/home/dmitrytorov/turtlebot3_ws/install/turtlebot3_teleop:/home/dmitrytorov/turtlebot3_ws/install/turtlebot3_example:/home/dmitrytorov/ros2_learners/install/robot_math:/home/dmitrytorov/ros2_learners/install/ai_assitance:/home/dmitrytorov/pass_course_part1/install/twist_converter:/home/dmitrytorov/pass_course_part1/install/my_two_wheel_robot:/home/dmitrytorov/pass_course_part1/install/my_path_publisher:/home/dmitrytorov/pass_course_part1/install/my_fake_lidar:/opt/ros/humble /usr/bin/cmake --build /home/dmitrytorov/tinker_ros2/build/Tinker -- -j12 -l12
[0.919s] DEBUG:colcon.colcon_core.event_handler.log_command:Invoking command in '/home/dmitrytorov/tinker_ros2/build/Tinker': CMAKE_PREFIX_PATH=${CMAKE_PREFIX_PATH}:/home/dmitrytorov/turtlebot3_ws/install/turtlebot3_teleop:/home/dmitrytorov/turtlebot3_ws/install/turtlebot3_example:/home/dmitrytorov/ros2_learners/install/robot_math:/home/dmitrytorov/ros2_learners/install/ai_assitance:/home/dmitrytorov/pass_course_part1/install/twist_converter:/home/dmitrytorov/pass_course_part1/install/my_two_wheel_robot:/home/dmitrytorov/pass_course_part1/install/my_path_publisher:/home/dmitrytorov/pass_course_part1/install/my_fake_lidar:/opt/ros/humble /usr/bin/cmake --install /home/dmitrytorov/tinker_ros2/build/Tinker
[0.939s] Level 1:colcon.colcon_core.environment:create_environment_scripts_only(Tinker)
[0.939s] DEBUG:colcon.colcon_core.event_handler.log_command:Invoked command in '/home/dmitrytorov/tinker_ros2/build/Tinker' returned '0': CMAKE_PREFIX_PATH=${CMAKE_PREFIX_PATH}:/home/dmitrytorov/turtlebot3_ws/install/turtlebot3_teleop:/home/dmitrytorov/turtlebot3_ws/install/turtlebot3_example:/home/dmitrytorov/ros2_learners/install/robot_math:/home/dmitrytorov/ros2_learners/install/ai_assitance:/home/dmitrytorov/pass_course_part1/install/twist_converter:/home/dmitrytorov/pass_course_part1/install/my_two_wheel_robot:/home/dmitrytorov/pass_course_part1/install/my_path_publisher:/home/dmitrytorov/pass_course_part1/install/my_fake_lidar:/opt/ros/humble /usr/bin/cmake --install /home/dmitrytorov/tinker_ros2/build/Tinker
[0.945s] Level 1:colcon.colcon_core.environment:checking '/home/dmitrytorov/tinker_ros2/install/Tinker' for CMake module files
[0.946s] Level 1:colcon.colcon_core.environment:checking '/home/dmitrytorov/tinker_ros2/install/Tinker' for CMake config files
[0.946s] Level 1:colcon.colcon_core.shell:create_environment_hook('Tinker', 'cmake_prefix_path')
[0.947s] INFO:colcon.colcon_core.shell:Creating environment hook '/home/dmitrytorov/tinker_ros2/install/Tinker/share/Tinker/hook/cmake_prefix_path.ps1'
[0.947s] INFO:colcon.colcon_core.shell:Creating environment descriptor '/home/dmitrytorov/tinker_ros2/install/Tinker/share/Tinker/hook/cmake_prefix_path.dsv'
[0.948s] INFO:colcon.colcon_core.shell:Creating environment hook '/home/dmitrytorov/tinker_ros2/install/Tinker/share/Tinker/hook/cmake_prefix_path.sh'
[0.948s] Level 1:colcon.colcon_core.environment:checking '/home/dmitrytorov/tinker_ros2/install/Tinker/bin'
[0.948s] Level 1:colcon.colcon_core.environment:checking '/home/dmitrytorov/tinker_ros2/install/Tinker/lib/pkgconfig/Tinker.pc'
[0.948s] Level 1:colcon.colcon_core.environment:checking '/home/dmitrytorov/tinker_ros2/install/Tinker/lib/python3.10/site-packages'
[0.949s] Level 1:colcon.colcon_core.environment:checking '/home/dmitrytorov/tinker_ros2/install/Tinker/bin'
[0.949s] INFO:colcon.colcon_core.shell:Creating package script '/home/dmitrytorov/tinker_ros2/install/Tinker/share/Tinker/package.ps1'
[0.950s] INFO:colcon.colcon_core.shell:Creating package descriptor '/home/dmitrytorov/tinker_ros2/install/Tinker/share/Tinker/package.dsv'
[0.951s] INFO:colcon.colcon_core.shell:Creating package script '/home/dmitrytorov/tinker_ros2/install/Tinker/share/Tinker/package.sh'
[0.953s] INFO:colcon.colcon_core.shell:Creating package script '/home/dmitrytorov/tinker_ros2/install/Tinker/share/Tinker/package.bash'
[0.954s] INFO:colcon.colcon_core.shell:Creating package script '/home/dmitrytorov/tinker_ros2/install/Tinker/share/Tinker/package.zsh'
[0.956s] Level 1:colcon.colcon_core.environment:create_file_with_runtime_dependencies(/home/dmitrytorov/tinker_ros2/install/Tinker/share/colcon-core/packages/Tinker)
[0.957s] Level 1:colcon.colcon_core.environment:create_environment_scripts_only(Tinker)
[0.957s] Level 1:colcon.colcon_core.environment:checking '/home/dmitrytorov/tinker_ros2/install/Tinker' for CMake module files
[0.958s] Level 1:colcon.colcon_core.environment:checking '/home/dmitrytorov/tinker_ros2/install/Tinker' for CMake config files
[0.958s] Level 1:colcon.colcon_core.shell:create_environment_hook('Tinker', 'cmake_prefix_path')
[0.958s] INFO:colcon.colcon_core.shell:Creating environment hook '/home/dmitrytorov/tinker_ros2/install/Tinker/share/Tinker/hook/cmake_prefix_path.ps1'
[0.959s] INFO:colcon.colcon_core.shell:Creating environment descriptor '/home/dmitrytorov/tinker_ros2/install/Tinker/share/Tinker/hook/cmake_prefix_path.dsv'
[0.959s] INFO:colcon.colcon_core.shell:Creating environment hook '/home/dmitrytorov/tinker_ros2/install/Tinker/share/Tinker/hook/cmake_prefix_path.sh'
[0.959s] Level 1:colcon.colcon_core.environment:checking '/home/dmitrytorov/tinker_ros2/install/Tinker/bin'
[0.960s] Level 1:colcon.colcon_core.environment:checking '/home/dmitrytorov/tinker_ros2/install/Tinker/lib/pkgconfig/Tinker.pc'
[0.960s] Level 1:colcon.colcon_core.environment:checking '/home/dmitrytorov/tinker_ros2/install/Tinker/lib/python3.10/site-packages'
[0.960s] Level 1:colcon.colcon_core.environment:checking '/home/dmitrytorov/tinker_ros2/install/Tinker/bin'
[0.960s] INFO:colcon.colcon_core.shell:Creating package script '/home/dmitrytorov/tinker_ros2/install/Tinker/share/Tinker/package.ps1'
[0.961s] INFO:colcon.colcon_core.shell:Creating package descriptor '/home/dmitrytorov/tinker_ros2/install/Tinker/share/Tinker/package.dsv'
[0.961s] INFO:colcon.colcon_core.shell:Creating package script '/home/dmitrytorov/tinker_ros2/install/Tinker/share/Tinker/package.sh'
[0.961s] INFO:colcon.colcon_core.shell:Creating package script '/home/dmitrytorov/tinker_ros2/install/Tinker/share/Tinker/package.bash'
[0.962s] INFO:colcon.colcon_core.shell:Creating package script '/home/dmitrytorov/tinker_ros2/install/Tinker/share/Tinker/package.zsh'
[0.962s] Level 1:colcon.colcon_core.environment:create_file_with_runtime_dependencies(/home/dmitrytorov/tinker_ros2/install/Tinker/share/colcon-core/packages/Tinker)
[1.692s] DEBUG:colcon.colcon_core.event_handler.log_command:Invoking command in '/home/dmitrytorov/tinker_ros2/src/tinker_motor_gui': PYTHONPATH=/home/dmitrytorov/tinker_ros2/build/tinker_motor_gui/prefix_override:/usr/lib/python3/dist-packages/colcon_core/task/python/colcon_distutils_commands:/home/dmitrytorov/tinker_ros2/install/tinker_motor_gui/lib/python3.10/site-packages:${PYTHONPATH} /usr/bin/python3 -W ignore:setup.py install is deprecated -W ignore:easy_install command is deprecated setup.py egg_info --egg-base ../../build/tinker_motor_gui build --build-base /home/dmitrytorov/tinker_ros2/build/tinker_motor_gui/build install --record /home/dmitrytorov/tinker_ros2/build/tinker_motor_gui/install.log --single-version-externally-managed install_data
[2.265s] Level 1:colcon.colcon_core.environment:checking '/home/dmitrytorov/tinker_ros2/install/tinker_motor_gui' for CMake module files
[2.266s] DEBUG:colcon.colcon_core.event_handler.log_command:Invoked command in '/home/dmitrytorov/tinker_ros2/src/tinker_motor_gui' returned '0': PYTHONPATH=/home/dmitrytorov/tinker_ros2/build/tinker_motor_gui/prefix_override:/usr/lib/python3/dist-packages/colcon_core/task/python/colcon_distutils_commands:/home/dmitrytorov/tinker_ros2/install/tinker_motor_gui/lib/python3.10/site-packages:${PYTHONPATH} /usr/bin/python3 -W ignore:setup.py install is deprecated -W ignore:easy_install command is deprecated setup.py egg_info --egg-base ../../build/tinker_motor_gui build --build-base /home/dmitrytorov/tinker_ros2/build/tinker_motor_gui/build install --record /home/dmitrytorov/tinker_ros2/build/tinker_motor_gui/install.log --single-version-externally-managed install_data
[2.266s] Level 1:colcon.colcon_core.environment:checking '/home/dmitrytorov/tinker_ros2/install/tinker_motor_gui' for CMake config files
[2.268s] Level 1:colcon.colcon_core.environment:checking '/home/dmitrytorov/tinker_ros2/install/tinker_motor_gui/lib'
[2.268s] Level 1:colcon.colcon_core.environment:checking '/home/dmitrytorov/tinker_ros2/install/tinker_motor_gui/bin'
[2.268s] Level 1:colcon.colcon_core.environment:checking '/home/dmitrytorov/tinker_ros2/install/tinker_motor_gui/lib/pkgconfig/tinker_motor_gui.pc'
[2.268s] Level 1:colcon.colcon_core.environment:checking '/home/dmitrytorov/tinker_ros2/install/tinker_motor_gui/lib/python3.10/site-packages'
[2.268s] Level 1:colcon.colcon_core.shell:create_environment_hook('tinker_motor_gui', 'pythonpath')
[2.268s] INFO:colcon.colcon_core.shell:Creating environment hook '/home/dmitrytorov/tinker_ros2/install/tinker_motor_gui/share/tinker_motor_gui/hook/pythonpath.ps1'
[2.269s] INFO:colcon.colcon_core.shell:Creating environment descriptor '/home/dmitrytorov/tinker_ros2/install/tinker_motor_gui/share/tinker_motor_gui/hook/pythonpath.dsv'
[2.269s] INFO:colcon.colcon_core.shell:Creating environment hook '/home/dmitrytorov/tinker_ros2/install/tinker_motor_gui/share/tinker_motor_gui/hook/pythonpath.sh'
[2.269s] Level 1:colcon.colcon_core.environment:checking '/home/dmitrytorov/tinker_ros2/install/tinker_motor_gui/bin'
[2.269s] Level 1:colcon.colcon_core.environment:create_environment_scripts_only(tinker_motor_gui)
[2.270s] INFO:colcon.colcon_core.shell:Creating package script '/home/dmitrytorov/tinker_ros2/install/tinker_motor_gui/share/tinker_motor_gui/package.ps1'
[2.270s] INFO:colcon.colcon_core.shell:Creating package descriptor '/home/dmitrytorov/tinker_ros2/install/tinker_motor_gui/share/tinker_motor_gui/package.dsv'
[2.271s] INFO:colcon.colcon_core.shell:Creating package script '/home/dmitrytorov/tinker_ros2/install/tinker_motor_gui/share/tinker_motor_gui/package.sh'
[2.271s] INFO:colcon.colcon_core.shell:Creating package script '/home/dmitrytorov/tinker_ros2/install/tinker_motor_gui/share/tinker_motor_gui/package.bash'
[2.271s] INFO:colcon.colcon_core.shell:Creating package script '/home/dmitrytorov/tinker_ros2/install/tinker_motor_gui/share/tinker_motor_gui/package.zsh'
[2.271s] Level 1:colcon.colcon_core.environment:create_file_with_runtime_dependencies(/home/dmitrytorov/tinker_ros2/install/tinker_motor_gui/share/colcon-core/packages/tinker_motor_gui)
[2.272s] DEBUG:colcon.colcon_parallel_executor.executor.parallel:closing loop
[2.272s] DEBUG:colcon.colcon_parallel_executor.executor.parallel:loop closed
[2.272s] DEBUG:colcon.colcon_parallel_executor.executor.parallel:run_until_complete finished with '0'
[2.272s] DEBUG:colcon.colcon_core.event_reactor:joining thread
[2.279s] INFO:colcon.colcon_core.plugin_system:Skipping extension 'colcon_notification.desktop_notification.terminal_notifier': Not used on non-Darwin systems
[2.280s] INFO:colcon.colcon_core.plugin_system:Skipping extension 'colcon_notification.desktop_notification.win32': Not used on non-Windows systems
[2.280s] INFO:colcon.colcon_notification.desktop_notification:Sending desktop notification using 'notify2'
[2.298s] DEBUG:colcon.colcon_core.event_reactor:joined thread
[2.298s] INFO:colcon.colcon_core.shell:Creating prefix script '/home/dmitrytorov/tinker_ros2/install/local_setup.ps1'
[2.299s] INFO:colcon.colcon_core.shell:Creating prefix util module '/home/dmitrytorov/tinker_ros2/install/_local_setup_util_ps1.py'
[2.301s] INFO:colcon.colcon_core.shell:Creating prefix chain script '/home/dmitrytorov/tinker_ros2/install/setup.ps1'
[2.303s] INFO:colcon.colcon_core.shell:Creating prefix script '/home/dmitrytorov/tinker_ros2/install/local_setup.sh'
[2.304s] INFO:colcon.colcon_core.shell:Creating prefix util module '/home/dmitrytorov/tinker_ros2/install/_local_setup_util_sh.py'
[2.304s] INFO:colcon.colcon_core.shell:Creating prefix chain script '/home/dmitrytorov/tinker_ros2/install/setup.sh'
[2.306s] INFO:colcon.colcon_core.shell:Creating prefix script '/home/dmitrytorov/tinker_ros2/install/local_setup.bash'
[2.307s] INFO:colcon.colcon_core.shell:Creating prefix chain script '/home/dmitrytorov/tinker_ros2/install/setup.bash'
[2.309s] INFO:colcon.colcon_core.shell:Creating prefix script '/home/dmitrytorov/tinker_ros2/install/local_setup.zsh'
[2.310s] INFO:colcon.colcon_core.shell:Creating prefix chain script '/home/dmitrytorov/tinker_ros2/install/setup.zsh'
