[0.113s] Invoking command in '/mnt/c/tinker/Tinker_Sber/build/tinker_description': CMAKE_PREFIX_PATH=${CMAKE_PREFIX_PATH}:/mnt/c/tinker/Tinker_Sber/install/motor_commander:/opt/ros/jazzy /usr/bin/cmake /mnt/c/tinker/Tinker_Sber/Chellenge-Tinker/tinker_description -DCMAKE_INSTALL_PREFIX=/mnt/c/tinker/Tinker_Sber/install/tinker_description
[0.454s] -- The C compiler identification is GNU 13.3.0
[1.296s] -- The CXX compiler identification is GNU 13.3.0
[2.054s] -- Detecting C compiler ABI info
[2.733s] -- Detecting C compiler ABI info - done
[2.760s] -- Check for working C compiler: /usr/bin/cc - skipped
[2.761s] -- Detecting C compile features
[2.762s] -- Detecting C compile features - done
[2.881s] -- Detecting CXX compiler ABI info
[3.558s] -- Detecting CXX compiler ABI info - done
[3.585s] -- Check for working CXX compiler: /usr/bin/c++ - skipped
[3.586s] -- Detecting CXX compile features
[3.587s] -- Detecting CXX compile features - done
[3.647s] -- Found ament_cmake: 2.5.3 (/opt/ros/jazzy/share/ament_cmake/cmake)
[4.340s] -- Found Python3: /usr/bin/python3 (found version "3.12.3") found components: Interpreter 
[4.737s] -- Found ament_lint_auto: 0.17.1 (/opt/ros/jazzy/share/ament_lint_auto/cmake)
[5.924s] -- Added test 'flake8' to check Python code syntax and style conventions
[5.924s] -- Configured 'flake8' exclude dirs and/or files: 
[6.178s] -- Added test 'lint_cmake' to check CMake code style
[6.305s] -- Added test 'pep257' to check Python code against some of the docstring style conventions in PEP 257
[7.219s] -- Added test 'xmllint' to check XML markup files
[7.373s] -- Configuring done (7.2s)
[7.623s] -- Generating done (0.2s)
[7.791s] -- Build files have been written to: /mnt/c/tinker/Tinker_Sber/build/tinker_description
[7.798s] Invoked command in '/mnt/c/tinker/Tinker_Sber/build/tinker_description' returned '0': CMAKE_PREFIX_PATH=${CMAKE_PREFIX_PATH}:/mnt/c/tinker/Tinker_Sber/install/motor_commander:/opt/ros/jazzy /usr/bin/cmake /mnt/c/tinker/Tinker_Sber/Chellenge-Tinker/tinker_description -DCMAKE_INSTALL_PREFIX=/mnt/c/tinker/Tinker_Sber/install/tinker_description
[7.803s] Invoking command in '/mnt/c/tinker/Tinker_Sber/build/tinker_description': CMAKE_PREFIX_PATH=${CMAKE_PREFIX_PATH}:/mnt/c/tinker/Tinker_Sber/install/motor_commander:/opt/ros/jazzy /usr/bin/cmake --build /mnt/c/tinker/Tinker_Sber/build/tinker_description -- -j12 -l12
[7.910s] Invoked command in '/mnt/c/tinker/Tinker_Sber/build/tinker_description' returned '0': CMAKE_PREFIX_PATH=${CMAKE_PREFIX_PATH}:/mnt/c/tinker/Tinker_Sber/install/motor_commander:/opt/ros/jazzy /usr/bin/cmake --build /mnt/c/tinker/Tinker_Sber/build/tinker_description -- -j12 -l12
[7.934s] Invoking command in '/mnt/c/tinker/Tinker_Sber/build/tinker_description': CMAKE_PREFIX_PATH=${CMAKE_PREFIX_PATH}:/mnt/c/tinker/Tinker_Sber/install/motor_commander:/opt/ros/jazzy /usr/bin/cmake --install /mnt/c/tinker/Tinker_Sber/build/tinker_description
[7.945s] -- Install configuration: ""
[7.949s] -- Installing: /mnt/c/tinker/Tinker_Sber/install/tinker_description/share/tinker_description/launch
[7.969s] -- Installing: /mnt/c/tinker/Tinker_Sber/install/tinker_description/share/tinker_description/launch/display.launch
[8.019s] -- Installing: /mnt/c/tinker/Tinker_Sber/install/tinker_description/share/tinker_description/launch/display.launch.py
[8.067s] -- Installing: /mnt/c/tinker/Tinker_Sber/install/tinker_description/share/tinker_description/urdf
[8.098s] -- Installing: /mnt/c/tinker/Tinker_Sber/install/tinker_description/share/tinker_description/urdf/tinker_urdf.csv
[8.159s] -- Installing: /mnt/c/tinker/Tinker_Sber/install/tinker_description/share/tinker_description/urdf/tinker_urdf.urdf
[8.219s] -- Installing: /mnt/c/tinker/Tinker_Sber/install/tinker_description/share/tinker_description/urdf/tinker_urdf1.urdf
[8.274s] -- Installing: /mnt/c/tinker/Tinker_Sber/install/tinker_description/share/tinker_description/meshes
[8.297s] -- Installing: /mnt/c/tinker/Tinker_Sber/install/tinker_description/share/tinker_description/meshes/base_link.STL
[8.417s] -- Installing: /mnt/c/tinker/Tinker_Sber/install/tinker_description/share/tinker_description/meshes/link_l_ankle.STL
[8.473s] -- Installing: /mnt/c/tinker/Tinker_Sber/install/tinker_description/share/tinker_description/meshes/link_l_knee.STL
[8.524s] -- Installing: /mnt/c/tinker/Tinker_Sber/install/tinker_description/share/tinker_description/meshes/link_l_pitch.STL
[8.584s] -- Installing: /mnt/c/tinker/Tinker_Sber/install/tinker_description/share/tinker_description/meshes/link_l_roll.STL
[8.649s] -- Installing: /mnt/c/tinker/Tinker_Sber/install/tinker_description/share/tinker_description/meshes/link_l_yaw.STL
[8.711s] -- Installing: /mnt/c/tinker/Tinker_Sber/install/tinker_description/share/tinker_description/meshes/link_r_ankle.STL
[8.765s] -- Installing: /mnt/c/tinker/Tinker_Sber/install/tinker_description/share/tinker_description/meshes/link_r_knee.STL
[8.816s] -- Installing: /mnt/c/tinker/Tinker_Sber/install/tinker_description/share/tinker_description/meshes/link_r_pitch.STL
[8.872s] -- Installing: /mnt/c/tinker/Tinker_Sber/install/tinker_description/share/tinker_description/meshes/link_r_roll.STL
[8.929s] -- Installing: /mnt/c/tinker/Tinker_Sber/install/tinker_description/share/tinker_description/meshes/link_r_yaw.STL
[8.999s] -- Installing: /mnt/c/tinker/Tinker_Sber/install/tinker_description/share/ament_index/resource_index/package_run_dependencies/tinker_description
[9.070s] -- Installing: /mnt/c/tinker/Tinker_Sber/install/tinker_description/share/ament_index/resource_index/parent_prefix_path/tinker_description
[9.127s] -- Installing: /mnt/c/tinker/Tinker_Sber/install/tinker_description/share/tinker_description/environment/ament_prefix_path.sh
[9.168s] -- Installing: /mnt/c/tinker/Tinker_Sber/install/tinker_description/share/tinker_description/environment/ament_prefix_path.dsv
[9.212s] -- Installing: /mnt/c/tinker/Tinker_Sber/install/tinker_description/share/tinker_description/environment/path.sh
[9.253s] -- Installing: /mnt/c/tinker/Tinker_Sber/install/tinker_description/share/tinker_description/environment/path.dsv
[9.295s] -- Installing: /mnt/c/tinker/Tinker_Sber/install/tinker_description/share/tinker_description/local_setup.bash
[9.333s] -- Installing: /mnt/c/tinker/Tinker_Sber/install/tinker_description/share/tinker_description/local_setup.sh
[9.375s] -- Installing: /mnt/c/tinker/Tinker_Sber/install/tinker_description/share/tinker_description/local_setup.zsh
[9.415s] -- Installing: /mnt/c/tinker/Tinker_Sber/install/tinker_description/share/tinker_description/local_setup.dsv
[9.460s] -- Installing: /mnt/c/tinker/Tinker_Sber/install/tinker_description/share/tinker_description/package.dsv
[9.513s] -- Installing: /mnt/c/tinker/Tinker_Sber/install/tinker_description/share/ament_index/resource_index/packages/tinker_description
[9.575s] -- Installing: /mnt/c/tinker/Tinker_Sber/install/tinker_description/share/tinker_description/cmake/tinker_descriptionConfig.cmake
[9.618s] -- Installing: /mnt/c/tinker/Tinker_Sber/install/tinker_description/share/tinker_description/cmake/tinker_descriptionConfig-version.cmake
[9.666s] -- Installing: /mnt/c/tinker/Tinker_Sber/install/tinker_description/share/tinker_description/package.xml
[9.703s] Invoked command in '/mnt/c/tinker/Tinker_Sber/build/tinker_description' returned '0': CMAKE_PREFIX_PATH=${CMAKE_PREFIX_PATH}:/mnt/c/tinker/Tinker_Sber/install/motor_commander:/opt/ros/jazzy /usr/bin/cmake --install /mnt/c/tinker/Tinker_Sber/build/tinker_description
