[0.272s] DEBUG:colcon:Command line arguments: ['/usr/bin/colcon', 'build', '--packages-select', 'Motor_conrol']
[0.272s] DEBUG:colcon:Parsed command line arguments: Namespace(log_base=None, log_level=None, verb_name='build', build_base='build', install_base='install', merge_install=False, symlink_install=False, test_result_base=None, continue_on_error=False, executor='parallel', parallel_workers=12, event_handlers=None, ignore_user_meta=False, metas=['./colcon.meta'], base_paths=['.'], packages_ignore=None, packages_ignore_regex=None, paths=None, packages_up_to=None, packages_up_to_regex=None, packages_above=None, packages_above_and_dependencies=None, packages_above_depth=None, packages_select_by_dep=None, packages_skip_by_dep=None, packages_skip_up_to=None, packages_select_build_failed=False, packages_skip_build_finished=False, packages_select_test_failures=False, packages_skip_test_passed=False, packages_select=['Motor_conrol'], packages_skip=None, packages_select_regex=None, packages_skip_regex=None, packages_start=None, packages_end=None, allow_overriding=[], cmake_args=None, cmake_target=None, cmake_target_skip_unavailable=False, cmake_clean_cache=False, cmake_clean_first=False, cmake_force_configure=False, ament_cmake_args=None, catkin_cmake_args=None, catkin_skip_building_tests=False, verb_parser=<colcon_defaults.argument_parser.defaults.DefaultArgumentsDecorator object at 0x7f652997f0b0>, verb_extension=<colcon_core.verb.build.BuildVerb object at 0x7f652997e330>, main=<bound method BuildVerb.main of <colcon_core.verb.build.BuildVerb object at 0x7f652997e330>>)
[0.331s] Level 1:colcon.colcon_core.package_discovery:discover_packages(colcon_meta) check parameters
[0.332s] Level 1:colcon.colcon_core.package_discovery:discover_packages(recursive) check parameters
[0.332s] Level 1:colcon.colcon_core.package_discovery:discover_packages(ignore) check parameters
[0.332s] Level 1:colcon.colcon_core.package_discovery:discover_packages(path) check parameters
[0.332s] Level 1:colcon.colcon_core.package_discovery:discover_packages(colcon_meta) discover
[0.332s] Level 1:colcon.colcon_core.package_discovery:discover_packages(recursive) discover
[0.332s] INFO:colcon.colcon_core.package_discovery:Crawling recursively for packages in '/mnt/c/tinker/Tinker_Sber'
[0.334s] Level 1:colcon.colcon_core.package_identification:_identify(.) by extensions ['ignore', 'ignore_ament_install']
[0.334s] Level 1:colcon.colcon_core.package_identification:_identify(.) by extension 'ignore'
[0.334s] Level 1:colcon.colcon_core.package_identification:_identify(.) by extension 'ignore_ament_install'
[0.335s] Level 1:colcon.colcon_core.package_identification:_identify(.) by extensions ['colcon_pkg']
[0.335s] Level 1:colcon.colcon_core.package_identification:_identify(.) by extension 'colcon_pkg'
[0.335s] Level 1:colcon.colcon_core.package_identification:_identify(.) by extensions ['colcon_meta']
[0.335s] Level 1:colcon.colcon_core.package_identification:_identify(.) by extension 'colcon_meta'
[0.335s] Level 1:colcon.colcon_core.package_identification:_identify(.) by extensions ['ros']
[0.335s] Level 1:colcon.colcon_core.package_identification:_identify(.) by extension 'ros'
[0.362s] Level 1:colcon.colcon_core.package_identification:_identify(.) by extensions ['cmake', 'python']
[0.362s] Level 1:colcon.colcon_core.package_identification:_identify(.) by extension 'cmake'
[0.362s] Level 1:colcon.colcon_core.package_identification:_identify(.) by extension 'python'
[0.363s] Level 1:colcon.colcon_core.package_identification:_identify(.) by extensions ['python_setup_py']
[0.363s] Level 1:colcon.colcon_core.package_identification:_identify(.) by extension 'python_setup_py'
[0.365s] Level 1:colcon.colcon_core.package_identification:_identify(Chellenge-Tinker) by extensions ['ignore', 'ignore_ament_install']
[0.365s] Level 1:colcon.colcon_core.package_identification:_identify(Chellenge-Tinker) by extension 'ignore'
[0.366s] Level 1:colcon.colcon_core.package_identification:_identify(Chellenge-Tinker) by extension 'ignore_ament_install'
[0.367s] Level 1:colcon.colcon_core.package_identification:_identify(Chellenge-Tinker) by extensions ['colcon_pkg']
[0.367s] Level 1:colcon.colcon_core.package_identification:_identify(Chellenge-Tinker) by extension 'colcon_pkg'
[0.368s] Level 1:colcon.colcon_core.package_identification:_identify(Chellenge-Tinker) by extensions ['colcon_meta']
[0.368s] Level 1:colcon.colcon_core.package_identification:_identify(Chellenge-Tinker) by extension 'colcon_meta'
[0.368s] Level 1:colcon.colcon_core.package_identification:_identify(Chellenge-Tinker) by extensions ['ros']
[0.369s] Level 1:colcon.colcon_core.package_identification:_identify(Chellenge-Tinker) by extension 'ros'
[0.371s] Level 1:colcon.colcon_core.package_identification:_identify(Chellenge-Tinker) by extensions ['cmake', 'python']
[0.371s] Level 1:colcon.colcon_core.package_identification:_identify(Chellenge-Tinker) by extension 'cmake'
[0.371s] Level 1:colcon.colcon_core.package_identification:_identify(Chellenge-Tinker) by extension 'python'
[0.372s] Level 1:colcon.colcon_core.package_identification:_identify(Chellenge-Tinker) by extensions ['python_setup_py']
[0.372s] Level 1:colcon.colcon_core.package_identification:_identify(Chellenge-Tinker) by extension 'python_setup_py'
[0.375s] Level 1:colcon.colcon_core.package_identification:_identify(Chellenge-Tinker/build) by extensions ['ignore', 'ignore_ament_install']
[0.375s] Level 1:colcon.colcon_core.package_identification:_identify(Chellenge-Tinker/build) by extension 'ignore'
[0.376s] Level 1:colcon.colcon_core.package_identification:_identify(Chellenge-Tinker/build) ignored
[0.379s] Level 1:colcon.colcon_core.package_identification:_identify(Chellenge-Tinker/hardware_msg) by extensions ['ignore', 'ignore_ament_install']
[0.379s] Level 1:colcon.colcon_core.package_identification:_identify(Chellenge-Tinker/hardware_msg) by extension 'ignore'
[0.380s] Level 1:colcon.colcon_core.package_identification:_identify(Chellenge-Tinker/hardware_msg) by extension 'ignore_ament_install'
[0.382s] Level 1:colcon.colcon_core.package_identification:_identify(Chellenge-Tinker/hardware_msg) by extensions ['colcon_pkg']
[0.382s] Level 1:colcon.colcon_core.package_identification:_identify(Chellenge-Tinker/hardware_msg) by extension 'colcon_pkg'
[0.383s] Level 1:colcon.colcon_core.package_identification:_identify(Chellenge-Tinker/hardware_msg) by extensions ['colcon_meta']
[0.383s] Level 1:colcon.colcon_core.package_identification:_identify(Chellenge-Tinker/hardware_msg) by extension 'colcon_meta'
[0.385s] Level 1:colcon.colcon_core.package_identification:_identify(Chellenge-Tinker/hardware_msg) by extensions ['ros']
[0.385s] Level 1:colcon.colcon_core.package_identification:_identify(Chellenge-Tinker/hardware_msg) by extension 'ros'
[0.397s] DEBUG:colcon.colcon_core.package_identification:Package 'Chellenge-Tinker/hardware_msg' with type 'ros.ament_cmake' and name 'hardware_msg'
[0.400s] Level 1:colcon.colcon_core.package_identification:_identify(Chellenge-Tinker/install) by extensions ['ignore', 'ignore_ament_install']
[0.400s] Level 1:colcon.colcon_core.package_identification:_identify(Chellenge-Tinker/install) by extension 'ignore'
[0.401s] Level 1:colcon.colcon_core.package_identification:_identify(Chellenge-Tinker/install) ignored
[0.404s] Level 1:colcon.colcon_core.package_identification:_identify(Chellenge-Tinker/log) by extensions ['ignore', 'ignore_ament_install']
[0.404s] Level 1:colcon.colcon_core.package_identification:_identify(Chellenge-Tinker/log) by extension 'ignore'
[0.405s] Level 1:colcon.colcon_core.package_identification:_identify(Chellenge-Tinker/log) ignored
[0.408s] Level 1:colcon.colcon_core.package_identification:_identify(Chellenge-Tinker/motor_commander) by extensions ['ignore', 'ignore_ament_install']
[0.408s] Level 1:colcon.colcon_core.package_identification:_identify(Chellenge-Tinker/motor_commander) by extension 'ignore'
[0.409s] Level 1:colcon.colcon_core.package_identification:_identify(Chellenge-Tinker/motor_commander) by extension 'ignore_ament_install'
[0.411s] Level 1:colcon.colcon_core.package_identification:_identify(Chellenge-Tinker/motor_commander) by extensions ['colcon_pkg']
[0.411s] Level 1:colcon.colcon_core.package_identification:_identify(Chellenge-Tinker/motor_commander) by extension 'colcon_pkg'
[0.412s] Level 1:colcon.colcon_core.package_identification:_identify(Chellenge-Tinker/motor_commander) by extensions ['colcon_meta']
[0.412s] Level 1:colcon.colcon_core.package_identification:_identify(Chellenge-Tinker/motor_commander) by extension 'colcon_meta'
[0.413s] Level 1:colcon.colcon_core.package_identification:_identify(Chellenge-Tinker/motor_commander) by extensions ['ros']
[0.413s] Level 1:colcon.colcon_core.package_identification:_identify(Chellenge-Tinker/motor_commander) by extension 'ros'
[0.422s] DEBUG:colcon.colcon_core.package_identification:Package 'Chellenge-Tinker/motor_commander' with type 'ros.ament_python' and name 'motor_commander'
[0.425s] Level 1:colcon.colcon_core.package_identification:_identify(Chellenge-Tinker/motor_control) by extensions ['ignore', 'ignore_ament_install']
[0.425s] Level 1:colcon.colcon_core.package_identification:_identify(Chellenge-Tinker/motor_control) by extension 'ignore'
[0.426s] Level 1:colcon.colcon_core.package_identification:_identify(Chellenge-Tinker/motor_control) by extension 'ignore_ament_install'
[0.428s] Level 1:colcon.colcon_core.package_identification:_identify(Chellenge-Tinker/motor_control) by extensions ['colcon_pkg']
[0.428s] Level 1:colcon.colcon_core.package_identification:_identify(Chellenge-Tinker/motor_control) by extension 'colcon_pkg'
[0.429s] Level 1:colcon.colcon_core.package_identification:_identify(Chellenge-Tinker/motor_control) by extensions ['colcon_meta']
[0.429s] Level 1:colcon.colcon_core.package_identification:_identify(Chellenge-Tinker/motor_control) by extension 'colcon_meta'
[0.430s] Level 1:colcon.colcon_core.package_identification:_identify(Chellenge-Tinker/motor_control) by extensions ['ros']
[0.430s] Level 1:colcon.colcon_core.package_identification:_identify(Chellenge-Tinker/motor_control) by extension 'ros'
[0.439s] DEBUG:colcon.colcon_core.package_identification:Package 'Chellenge-Tinker/motor_control' with type 'ros.ament_cmake' and name 'motor_control'
[0.442s] Level 1:colcon.colcon_core.package_identification:_identify(Chellenge-Tinker/tinker_description) by extensions ['ignore', 'ignore_ament_install']
[0.442s] Level 1:colcon.colcon_core.package_identification:_identify(Chellenge-Tinker/tinker_description) by extension 'ignore'
[0.443s] Level 1:colcon.colcon_core.package_identification:_identify(Chellenge-Tinker/tinker_description) by extension 'ignore_ament_install'
[0.445s] Level 1:colcon.colcon_core.package_identification:_identify(Chellenge-Tinker/tinker_description) by extensions ['colcon_pkg']
[0.445s] Level 1:colcon.colcon_core.package_identification:_identify(Chellenge-Tinker/tinker_description) by extension 'colcon_pkg'
[0.446s] Level 1:colcon.colcon_core.package_identification:_identify(Chellenge-Tinker/tinker_description) by extensions ['colcon_meta']
[0.446s] Level 1:colcon.colcon_core.package_identification:_identify(Chellenge-Tinker/tinker_description) by extension 'colcon_meta'
[0.447s] Level 1:colcon.colcon_core.package_identification:_identify(Chellenge-Tinker/tinker_description) by extensions ['ros']
[0.447s] Level 1:colcon.colcon_core.package_identification:_identify(Chellenge-Tinker/tinker_description) by extension 'ros'
[0.456s] DEBUG:colcon.colcon_core.package_identification:Package 'Chellenge-Tinker/tinker_description' with type 'ros.ament_cmake' and name 'tinker_description'
[0.458s] Level 1:colcon.colcon_core.package_identification:_identify(build) by extensions ['ignore', 'ignore_ament_install']
[0.458s] Level 1:colcon.colcon_core.package_identification:_identify(build) by extension 'ignore'
[0.459s] Level 1:colcon.colcon_core.package_identification:_identify(build) ignored
[0.460s] Level 1:colcon.colcon_core.package_identification:_identify(install) by extensions ['ignore', 'ignore_ament_install']
[0.460s] Level 1:colcon.colcon_core.package_identification:_identify(install) by extension 'ignore'
[0.461s] Level 1:colcon.colcon_core.package_identification:_identify(install) ignored
[0.464s] Level 1:colcon.colcon_core.package_identification:_identify(log) by extensions ['ignore', 'ignore_ament_install']
[0.464s] Level 1:colcon.colcon_core.package_identification:_identify(log) by extension 'ignore'
[0.465s] Level 1:colcon.colcon_core.package_identification:_identify(log) ignored
[0.465s] Level 1:colcon.colcon_core.package_discovery:discover_packages(recursive) using defaults
[0.465s] Level 1:colcon.colcon_core.package_discovery:discover_packages(ignore) discover
[0.465s] Level 1:colcon.colcon_core.package_discovery:discover_packages(ignore) using defaults
[0.465s] Level 1:colcon.colcon_core.package_discovery:discover_packages(path) discover
[0.465s] Level 1:colcon.colcon_core.package_discovery:discover_packages(path) using defaults
[0.466s] WARNING:colcon.colcon_core.package_selection:ignoring unknown package 'Motor_conrol' in --packages-select
[0.503s] INFO:colcon.colcon_core.package_selection:Skipping not selected package 'hardware_msg' in 'Chellenge-Tinker/hardware_msg'
[0.503s] INFO:colcon.colcon_core.package_selection:Skipping not selected package 'tinker_description' in 'Chellenge-Tinker/tinker_description'
[0.503s] INFO:colcon.colcon_core.package_selection:Skipping not selected package 'motor_commander' in 'Chellenge-Tinker/motor_commander'
[0.503s] INFO:colcon.colcon_core.package_selection:Skipping not selected package 'motor_control' in 'Chellenge-Tinker/motor_control'
[0.504s] Level 1:colcon.colcon_core.package_discovery:discover_packages(prefix_path) check parameters
[0.504s] Level 1:colcon.colcon_core.package_discovery:discover_packages(prefix_path) discover
[0.510s] DEBUG:colcon.colcon_installed_package_information.package_discovery:Found 308 installed packages in /opt/ros/jazzy
[0.511s] Level 1:colcon.colcon_core.package_discovery:discover_packages(prefix_path) using defaults
[0.591s] INFO:colcon.colcon_core.executor:Executing jobs using 'parallel' executor
[0.592s] DEBUG:colcon.colcon_parallel_executor.executor.parallel:run_until_complete
[0.592s] DEBUG:colcon.colcon_parallel_executor.executor.parallel:closing loop
[0.593s] DEBUG:colcon.colcon_parallel_executor.executor.parallel:loop closed
[0.593s] DEBUG:colcon.colcon_parallel_executor.executor.parallel:run_until_complete finished with '0'
[0.593s] DEBUG:colcon.colcon_core.event_reactor:joining thread
[0.653s] INFO:colcon.colcon_core.plugin_system:Skipping extension 'colcon_notification.desktop_notification.notify_send': Could not find 'notify-send'
[0.654s] INFO:colcon.colcon_core.plugin_system:Skipping extension 'colcon_notification.desktop_notification.terminal_notifier': Not used on non-Darwin systems
[0.654s] INFO:colcon.colcon_core.plugin_system:Skipping extension 'colcon_notification.desktop_notification.win32': Not used on non-Windows systems
[0.654s] INFO:colcon.colcon_notification.desktop_notification:Sending desktop notification using 'notify2'
[0.665s] DEBUG:colcon.colcon_notification.desktop_notification.notify2:Failed to initialize notify2: org.freedesktop.DBus.Error.ServiceUnknown: The name org.freedesktop.Notifications was not provided by any .service files
[0.666s] DEBUG:colcon.colcon_core.event_reactor:joined thread
[0.671s] INFO:colcon.colcon_core.plugin_system:Skipping extension 'colcon_core.shell.bat': Not used on non-Windows systems
[0.671s] INFO:colcon.colcon_core.shell:Creating prefix script '/mnt/c/tinker/Tinker_Sber/install/local_setup.ps1'
[0.676s] INFO:colcon.colcon_core.shell:Creating prefix util module '/mnt/c/tinker/Tinker_Sber/install/_local_setup_util_ps1.py'
[0.681s] INFO:colcon.colcon_core.shell:Creating prefix chain script '/mnt/c/tinker/Tinker_Sber/install/setup.ps1'
[0.686s] INFO:colcon.colcon_core.shell:Creating prefix script '/mnt/c/tinker/Tinker_Sber/install/local_setup.sh'
[0.691s] INFO:colcon.colcon_core.shell:Creating prefix util module '/mnt/c/tinker/Tinker_Sber/install/_local_setup_util_sh.py'
[0.697s] INFO:colcon.colcon_core.shell:Creating prefix chain script '/mnt/c/tinker/Tinker_Sber/install/setup.sh'
[0.703s] INFO:colcon.colcon_core.shell:Creating prefix script '/mnt/c/tinker/Tinker_Sber/install/local_setup.bash'
[0.709s] INFO:colcon.colcon_core.shell:Creating prefix chain script '/mnt/c/tinker/Tinker_Sber/install/setup.bash'
[0.714s] INFO:colcon.colcon_core.shell:Creating prefix script '/mnt/c/tinker/Tinker_Sber/install/local_setup.zsh'
[0.720s] INFO:colcon.colcon_core.shell:Creating prefix chain script '/mnt/c/tinker/Tinker_Sber/install/setup.zsh'
