[0.018s] Invoking command in '/home/dmitrytorov/tinker_ros2/build/tinker': CMAKE_PREFIX_PATH=${CMAKE_PREFIX_PATH}:/home/dmitrytorov/ros2_hd_mmRadar/install/twist_converter:/home/dmitrytorov/ros2_hd_mmRadar/install/rtabmap_python:/home/dmitrytorov/ros2_hd_mmRadar/install/qos_bridge:/home/dmitrytorov/ros2_hd_mmRadar/install/my_path_publisher:/home/dmitrytorov/turtlebot3_ws/install/turtlebot3_teleop:/home/dmitrytorov/turtlebot3_ws/install/turtlebot3_example:/home/dmitrytorov/ros2_learners/install/robot_math:/home/dmitrytorov/ros2_learners/install/ai_assitance:/home/dmitrytorov/pass_course_part1/install/twist_converter:/home/dmitrytorov/pass_course_part1/install/my_two_wheel_robot:/home/dmitrytorov/pass_course_part1/install/my_path_publisher:/home/dmitrytorov/pass_course_part1/install/my_fake_lidar:/opt/ros/humble /usr/bin/cmake /home/dmitrytorov/tinker_ros2/src/tinker -DAMENT_CMAKE_SYMLINK_INSTALL=1 -DCMAKE_INSTALL_PREFIX=/home/dmitrytorov/tinker_ros2/install/tinker
[0.077s] -- The C compiler identification is GNU 11.4.0
[0.134s] -- The CXX compiler identification is GNU 11.4.0
[0.142s] -- Detecting C compiler ABI info
[0.217s] -- Detecting C compiler ABI info - done
[0.224s] -- Check for working C compiler: /usr/bin/cc - skipped
[0.224s] -- Detecting C compile features
[0.224s] -- Detecting C compile features - done
[0.227s] -- Detecting CXX compiler ABI info
[0.315s] -- Detecting CXX compiler ABI info - done
[0.322s] -- Check for working CXX compiler: /usr/bin/c++ - skipped
[0.322s] -- Detecting CXX compile features
[0.322s] -- Detecting CXX compile features - done
[0.329s] -- Found ament_cmake: 1.3.12 (/opt/ros/humble/share/ament_cmake/cmake)
[0.707s] -- Found Python3: /usr/bin/python3 (found version "3.10.12") found components: Interpreter 
[0.773s] -- Override CMake install command with custom implementation using symlinks instead of copying resources
[0.854s] -- Found ament_lint_auto: 0.12.14 (/opt/ros/humble/share/ament_lint_auto/cmake)
[0.960s] -- Added test 'flake8' to check Python code syntax and style conventions
[0.961s] -- Added test 'lint_cmake' to check CMake code style
[0.962s] -- Added test 'pep257' to check Python code against some of the docstring style conventions in PEP 257
[0.964s] -- Added test 'xmllint' to check XML markup files
[0.967s] -- Configuring done
[0.970s] -- Generating done
[0.971s] -- Build files have been written to: /home/dmitrytorov/tinker_ros2/build/tinker
[0.977s] Invoked command in '/home/dmitrytorov/tinker_ros2/build/tinker' returned '0': CMAKE_PREFIX_PATH=${CMAKE_PREFIX_PATH}:/home/dmitrytorov/ros2_hd_mmRadar/install/twist_converter:/home/dmitrytorov/ros2_hd_mmRadar/install/rtabmap_python:/home/dmitrytorov/ros2_hd_mmRadar/install/qos_bridge:/home/dmitrytorov/ros2_hd_mmRadar/install/my_path_publisher:/home/dmitrytorov/turtlebot3_ws/install/turtlebot3_teleop:/home/dmitrytorov/turtlebot3_ws/install/turtlebot3_example:/home/dmitrytorov/ros2_learners/install/robot_math:/home/dmitrytorov/ros2_learners/install/ai_assitance:/home/dmitrytorov/pass_course_part1/install/twist_converter:/home/dmitrytorov/pass_course_part1/install/my_two_wheel_robot:/home/dmitrytorov/pass_course_part1/install/my_path_publisher:/home/dmitrytorov/pass_course_part1/install/my_fake_lidar:/opt/ros/humble /usr/bin/cmake /home/dmitrytorov/tinker_ros2/src/tinker -DAMENT_CMAKE_SYMLINK_INSTALL=1 -DCMAKE_INSTALL_PREFIX=/home/dmitrytorov/tinker_ros2/install/tinker
[0.978s] Invoking command in '/home/dmitrytorov/tinker_ros2/build/tinker': CMAKE_PREFIX_PATH=${CMAKE_PREFIX_PATH}:/home/dmitrytorov/ros2_hd_mmRadar/install/twist_converter:/home/dmitrytorov/ros2_hd_mmRadar/install/rtabmap_python:/home/dmitrytorov/ros2_hd_mmRadar/install/qos_bridge:/home/dmitrytorov/ros2_hd_mmRadar/install/my_path_publisher:/home/dmitrytorov/turtlebot3_ws/install/turtlebot3_teleop:/home/dmitrytorov/turtlebot3_ws/install/turtlebot3_example:/home/dmitrytorov/ros2_learners/install/robot_math:/home/dmitrytorov/ros2_learners/install/ai_assitance:/home/dmitrytorov/pass_course_part1/install/twist_converter:/home/dmitrytorov/pass_course_part1/install/my_two_wheel_robot:/home/dmitrytorov/pass_course_part1/install/my_path_publisher:/home/dmitrytorov/pass_course_part1/install/my_fake_lidar:/opt/ros/humble /usr/bin/cmake --build /home/dmitrytorov/tinker_ros2/build/tinker -- -j12 -l12
[1.023s] Invoked command in '/home/dmitrytorov/tinker_ros2/build/tinker' returned '0': CMAKE_PREFIX_PATH=${CMAKE_PREFIX_PATH}:/home/dmitrytorov/ros2_hd_mmRadar/install/twist_converter:/home/dmitrytorov/ros2_hd_mmRadar/install/rtabmap_python:/home/dmitrytorov/ros2_hd_mmRadar/install/qos_bridge:/home/dmitrytorov/ros2_hd_mmRadar/install/my_path_publisher:/home/dmitrytorov/turtlebot3_ws/install/turtlebot3_teleop:/home/dmitrytorov/turtlebot3_ws/install/turtlebot3_example:/home/dmitrytorov/ros2_learners/install/robot_math:/home/dmitrytorov/ros2_learners/install/ai_assitance:/home/dmitrytorov/pass_course_part1/install/twist_converter:/home/dmitrytorov/pass_course_part1/install/my_two_wheel_robot:/home/dmitrytorov/pass_course_part1/install/my_path_publisher:/home/dmitrytorov/pass_course_part1/install/my_fake_lidar:/opt/ros/humble /usr/bin/cmake --build /home/dmitrytorov/tinker_ros2/build/tinker -- -j12 -l12
[1.035s] Invoking command in '/home/dmitrytorov/tinker_ros2/build/tinker': CMAKE_PREFIX_PATH=${CMAKE_PREFIX_PATH}:/home/dmitrytorov/ros2_hd_mmRadar/install/twist_converter:/home/dmitrytorov/ros2_hd_mmRadar/install/rtabmap_python:/home/dmitrytorov/ros2_hd_mmRadar/install/qos_bridge:/home/dmitrytorov/ros2_hd_mmRadar/install/my_path_publisher:/home/dmitrytorov/turtlebot3_ws/install/turtlebot3_teleop:/home/dmitrytorov/turtlebot3_ws/install/turtlebot3_example:/home/dmitrytorov/ros2_learners/install/robot_math:/home/dmitrytorov/ros2_learners/install/ai_assitance:/home/dmitrytorov/pass_course_part1/install/twist_converter:/home/dmitrytorov/pass_course_part1/install/my_two_wheel_robot:/home/dmitrytorov/pass_course_part1/install/my_path_publisher:/home/dmitrytorov/pass_course_part1/install/my_fake_lidar:/opt/ros/humble /usr/bin/cmake --install /home/dmitrytorov/tinker_ros2/build/tinker
[1.043s] -- Install configuration: ""
[1.043s] -- Execute custom install script
[1.044s] -- Symlinking: /home/dmitrytorov/tinker_ros2/install/tinker/share/tinker/launch/description.launch.py
[1.054s] -- Symlinking: /home/dmitrytorov/tinker_ros2/install/tinker/share/tinker/urdf/tinker_1.urdf.xacro
[1.066s] -- Symlinking: /home/dmitrytorov/tinker_ros2/install/tinker/share/tinker/config/joint_names_tinker_urdf.yaml
[1.077s] -- Symlinking: /home/dmitrytorov/tinker_ros2/install/tinker/share/tinker/meshes/base_link.STL
[1.088s] -- Symlinking: /home/dmitrytorov/tinker_ros2/install/tinker/share/tinker/meshes/link_l_ankle.STL
[1.098s] -- Symlinking: /home/dmitrytorov/tinker_ros2/install/tinker/share/tinker/meshes/link_l_knee.STL
[1.108s] -- Symlinking: /home/dmitrytorov/tinker_ros2/install/tinker/share/tinker/meshes/link_l_pitch.STL
[1.119s] -- Symlinking: /home/dmitrytorov/tinker_ros2/install/tinker/share/tinker/meshes/link_l_roll.STL
[1.129s] -- Symlinking: /home/dmitrytorov/tinker_ros2/install/tinker/share/tinker/meshes/link_l_yaw.STL
[1.140s] -- Symlinking: /home/dmitrytorov/tinker_ros2/install/tinker/share/tinker/meshes/link_r_ankle.STL
[1.151s] -- Symlinking: /home/dmitrytorov/tinker_ros2/install/tinker/share/tinker/meshes/link_r_knee.STL
[1.162s] -- Symlinking: /home/dmitrytorov/tinker_ros2/install/tinker/share/tinker/meshes/link_r_pitch.STL
[1.173s] -- Symlinking: /home/dmitrytorov/tinker_ros2/install/tinker/share/tinker/meshes/link_r_roll.STL
[1.183s] -- Symlinking: /home/dmitrytorov/tinker_ros2/install/tinker/share/tinker/meshes/link_r_yaw.STL
[1.194s] -- Symlinking: /home/dmitrytorov/tinker_ros2/install/tinker/share/ament_index/resource_index/package_run_dependencies/tinker
[1.205s] -- Symlinking: /home/dmitrytorov/tinker_ros2/install/tinker/share/ament_index/resource_index/parent_prefix_path/tinker
[1.215s] -- Symlinking: /home/dmitrytorov/tinker_ros2/install/tinker/share/tinker/environment/ament_prefix_path.sh
[1.226s] -- Symlinking: /home/dmitrytorov/tinker_ros2/install/tinker/share/tinker/environment/ament_prefix_path.dsv
[1.237s] -- Symlinking: /home/dmitrytorov/tinker_ros2/install/tinker/share/tinker/environment/path.sh
[1.248s] -- Symlinking: /home/dmitrytorov/tinker_ros2/install/tinker/share/tinker/environment/path.dsv
[1.260s] -- Symlinking: /home/dmitrytorov/tinker_ros2/install/tinker/share/tinker/local_setup.bash
[1.270s] -- Symlinking: /home/dmitrytorov/tinker_ros2/install/tinker/share/tinker/local_setup.sh
[1.281s] -- Symlinking: /home/dmitrytorov/tinker_ros2/install/tinker/share/tinker/local_setup.zsh
[1.292s] -- Symlinking: /home/dmitrytorov/tinker_ros2/install/tinker/share/tinker/local_setup.dsv
[1.302s] -- Symlinking: /home/dmitrytorov/tinker_ros2/install/tinker/share/tinker/package.dsv
[1.313s] -- Symlinking: /home/dmitrytorov/tinker_ros2/install/tinker/share/ament_index/resource_index/packages/tinker
[1.325s] -- Symlinking: /home/dmitrytorov/tinker_ros2/install/tinker/share/tinker/cmake/tinkerConfig.cmake
[1.335s] -- Symlinking: /home/dmitrytorov/tinker_ros2/install/tinker/share/tinker/cmake/tinkerConfig-version.cmake
[1.346s] -- Symlinking: /home/dmitrytorov/tinker_ros2/install/tinker/share/tinker/package.xml
[1.359s] Invoked command in '/home/dmitrytorov/tinker_ros2/build/tinker' returned '0': CMAKE_PREFIX_PATH=${CMAKE_PREFIX_PATH}:/home/dmitrytorov/ros2_hd_mmRadar/install/twist_converter:/home/dmitrytorov/ros2_hd_mmRadar/install/rtabmap_python:/home/dmitrytorov/ros2_hd_mmRadar/install/qos_bridge:/home/dmitrytorov/ros2_hd_mmRadar/install/my_path_publisher:/home/dmitrytorov/turtlebot3_ws/install/turtlebot3_teleop:/home/dmitrytorov/turtlebot3_ws/install/turtlebot3_example:/home/dmitrytorov/ros2_learners/install/robot_math:/home/dmitrytorov/ros2_learners/install/ai_assitance:/home/dmitrytorov/pass_course_part1/install/twist_converter:/home/dmitrytorov/pass_course_part1/install/my_two_wheel_robot:/home/dmitrytorov/pass_course_part1/install/my_path_publisher:/home/dmitrytorov/pass_course_part1/install/my_fake_lidar:/opt/ros/humble /usr/bin/cmake --install /home/dmitrytorov/tinker_ros2/build/tinker
