[0.195s] DEBUG:colcon:Command line arguments: ['/usr/bin/colcon', 'build']
[0.195s] DEBUG:colcon:Parsed command line arguments: Namespace(log_base=None, log_level=None, verb_name='build', build_base='build', install_base='install', merge_install=False, symlink_install=False, test_result_base=None, continue_on_error=False, executor='parallel', parallel_workers=12, event_handlers=None, ignore_user_meta=False, metas=['./colcon.meta'], base_paths=['.'], packages_ignore=None, packages_ignore_regex=None, paths=None, packages_up_to=None, packages_up_to_regex=None, packages_above=None, packages_above_and_dependencies=None, packages_above_depth=None, packages_select_by_dep=None, packages_skip_by_dep=None, packages_skip_up_to=None, packages_select_build_failed=False, packages_skip_build_finished=False, packages_select_test_failures=False, packages_skip_test_passed=False, packages_select=None, packages_skip=None, packages_select_regex=None, packages_skip_regex=None, packages_start=None, packages_end=None, allow_overriding=[], cmake_args=None, cmake_target=None, cmake_target_skip_unavailable=False, cmake_clean_cache=False, cmake_clean_first=False, cmake_force_configure=False, ament_cmake_args=None, catkin_cmake_args=None, catkin_skip_building_tests=False, verb_parser=<colcon_defaults.argument_parser.defaults.DefaultArgumentsDecorator object at 0x7f4562592fc0>, verb_extension=<colcon_core.verb.build.BuildVerb object at 0x7f4562592c30>, main=<bound method BuildVerb.main of <colcon_core.verb.build.BuildVerb object at 0x7f4562592c30>>)
[0.231s] Level 1:colcon.colcon_core.package_discovery:discover_packages(colcon_meta) check parameters
[0.231s] Level 1:colcon.colcon_core.package_discovery:discover_packages(recursive) check parameters
[0.232s] Level 1:colcon.colcon_core.package_discovery:discover_packages(ignore) check parameters
[0.232s] Level 1:colcon.colcon_core.package_discovery:discover_packages(path) check parameters
[0.232s] Level 1:colcon.colcon_core.package_discovery:discover_packages(colcon_meta) discover
[0.232s] Level 1:colcon.colcon_core.package_discovery:discover_packages(recursive) discover
[0.232s] INFO:colcon.colcon_core.package_discovery:Crawling recursively for packages in '/mnt/c/tinker/Tinker_Sber'
[0.234s] Level 1:colcon.colcon_core.package_identification:_identify(.) by extensions ['ignore', 'ignore_ament_install']
[0.234s] Level 1:colcon.colcon_core.package_identification:_identify(.) by extension 'ignore'
[0.234s] Level 1:colcon.colcon_core.package_identification:_identify(.) by extension 'ignore_ament_install'
[0.234s] Level 1:colcon.colcon_core.package_identification:_identify(.) by extensions ['colcon_pkg']
[0.234s] Level 1:colcon.colcon_core.package_identification:_identify(.) by extension 'colcon_pkg'
[0.235s] Level 1:colcon.colcon_core.package_identification:_identify(.) by extensions ['colcon_meta']
[0.235s] Level 1:colcon.colcon_core.package_identification:_identify(.) by extension 'colcon_meta'
[0.235s] Level 1:colcon.colcon_core.package_identification:_identify(.) by extensions ['ros']
[0.235s] Level 1:colcon.colcon_core.package_identification:_identify(.) by extension 'ros'
[0.253s] Level 1:colcon.colcon_core.package_identification:_identify(.) by extensions ['cmake', 'python']
[0.253s] Level 1:colcon.colcon_core.package_identification:_identify(.) by extension 'cmake'
[0.253s] Level 1:colcon.colcon_core.package_identification:_identify(.) by extension 'python'
[0.254s] Level 1:colcon.colcon_core.package_identification:_identify(.) by extensions ['python_setup_py']
[0.254s] Level 1:colcon.colcon_core.package_identification:_identify(.) by extension 'python_setup_py'
[0.255s] Level 1:colcon.colcon_core.package_identification:_identify(Chellenge-Tinker) by extensions ['ignore', 'ignore_ament_install']
[0.256s] Level 1:colcon.colcon_core.package_identification:_identify(Chellenge-Tinker) by extension 'ignore'
[0.256s] Level 1:colcon.colcon_core.package_identification:_identify(Chellenge-Tinker) by extension 'ignore_ament_install'
[0.257s] Level 1:colcon.colcon_core.package_identification:_identify(Chellenge-Tinker) by extensions ['colcon_pkg']
[0.257s] Level 1:colcon.colcon_core.package_identification:_identify(Chellenge-Tinker) by extension 'colcon_pkg'
[0.258s] Level 1:colcon.colcon_core.package_identification:_identify(Chellenge-Tinker) by extensions ['colcon_meta']
[0.258s] Level 1:colcon.colcon_core.package_identification:_identify(Chellenge-Tinker) by extension 'colcon_meta'
[0.258s] Level 1:colcon.colcon_core.package_identification:_identify(Chellenge-Tinker) by extensions ['ros']
[0.258s] Level 1:colcon.colcon_core.package_identification:_identify(Chellenge-Tinker) by extension 'ros'
[0.260s] Level 1:colcon.colcon_core.package_identification:_identify(Chellenge-Tinker) by extensions ['cmake', 'python']
[0.261s] Level 1:colcon.colcon_core.package_identification:_identify(Chellenge-Tinker) by extension 'cmake'
[0.261s] Level 1:colcon.colcon_core.package_identification:_identify(Chellenge-Tinker) by extension 'python'
[0.262s] Level 1:colcon.colcon_core.package_identification:_identify(Chellenge-Tinker) by extensions ['python_setup_py']
[0.262s] Level 1:colcon.colcon_core.package_identification:_identify(Chellenge-Tinker) by extension 'python_setup_py'
[0.265s] Level 1:colcon.colcon_core.package_identification:_identify(Chellenge-Tinker/build) by extensions ['ignore', 'ignore_ament_install']
[0.265s] Level 1:colcon.colcon_core.package_identification:_identify(Chellenge-Tinker/build) by extension 'ignore'
[0.266s] Level 1:colcon.colcon_core.package_identification:_identify(Chellenge-Tinker/build) ignored
[0.269s] Level 1:colcon.colcon_core.package_identification:_identify(Chellenge-Tinker/hardware_msg) by extensions ['ignore', 'ignore_ament_install']
[0.269s] Level 1:colcon.colcon_core.package_identification:_identify(Chellenge-Tinker/hardware_msg) by extension 'ignore'
[0.270s] Level 1:colcon.colcon_core.package_identification:_identify(Chellenge-Tinker/hardware_msg) by extension 'ignore_ament_install'
[0.271s] Level 1:colcon.colcon_core.package_identification:_identify(Chellenge-Tinker/hardware_msg) by extensions ['colcon_pkg']
[0.271s] Level 1:colcon.colcon_core.package_identification:_identify(Chellenge-Tinker/hardware_msg) by extension 'colcon_pkg'
[0.272s] Level 1:colcon.colcon_core.package_identification:_identify(Chellenge-Tinker/hardware_msg) by extensions ['colcon_meta']
[0.272s] Level 1:colcon.colcon_core.package_identification:_identify(Chellenge-Tinker/hardware_msg) by extension 'colcon_meta'
[0.274s] Level 1:colcon.colcon_core.package_identification:_identify(Chellenge-Tinker/hardware_msg) by extensions ['ros']
[0.274s] Level 1:colcon.colcon_core.package_identification:_identify(Chellenge-Tinker/hardware_msg) by extension 'ros'
[0.284s] DEBUG:colcon.colcon_core.package_identification:Package 'Chellenge-Tinker/hardware_msg' with type 'ros.ament_cmake' and name 'hardware_msg'
[0.286s] Level 1:colcon.colcon_core.package_identification:_identify(Chellenge-Tinker/install) by extensions ['ignore', 'ignore_ament_install']
[0.286s] Level 1:colcon.colcon_core.package_identification:_identify(Chellenge-Tinker/install) by extension 'ignore'
[0.287s] Level 1:colcon.colcon_core.package_identification:_identify(Chellenge-Tinker/install) ignored
[0.290s] Level 1:colcon.colcon_core.package_identification:_identify(Chellenge-Tinker/log) by extensions ['ignore', 'ignore_ament_install']
[0.290s] Level 1:colcon.colcon_core.package_identification:_identify(Chellenge-Tinker/log) by extension 'ignore'
[0.291s] Level 1:colcon.colcon_core.package_identification:_identify(Chellenge-Tinker/log) ignored
[0.293s] Level 1:colcon.colcon_core.package_identification:_identify(Chellenge-Tinker/motor_commander) by extensions ['ignore', 'ignore_ament_install']
[0.294s] Level 1:colcon.colcon_core.package_identification:_identify(Chellenge-Tinker/motor_commander) by extension 'ignore'
[0.295s] Level 1:colcon.colcon_core.package_identification:_identify(Chellenge-Tinker/motor_commander) by extension 'ignore_ament_install'
[0.296s] Level 1:colcon.colcon_core.package_identification:_identify(Chellenge-Tinker/motor_commander) by extensions ['colcon_pkg']
[0.296s] Level 1:colcon.colcon_core.package_identification:_identify(Chellenge-Tinker/motor_commander) by extension 'colcon_pkg'
[0.297s] Level 1:colcon.colcon_core.package_identification:_identify(Chellenge-Tinker/motor_commander) by extensions ['colcon_meta']
[0.297s] Level 1:colcon.colcon_core.package_identification:_identify(Chellenge-Tinker/motor_commander) by extension 'colcon_meta'
[0.298s] Level 1:colcon.colcon_core.package_identification:_identify(Chellenge-Tinker/motor_commander) by extensions ['ros']
[0.298s] Level 1:colcon.colcon_core.package_identification:_identify(Chellenge-Tinker/motor_commander) by extension 'ros'
[0.307s] DEBUG:colcon.colcon_core.package_identification:Package 'Chellenge-Tinker/motor_commander' with type 'ros.ament_python' and name 'motor_commander'
[0.309s] Level 1:colcon.colcon_core.package_identification:_identify(Chellenge-Tinker/motor_control) by extensions ['ignore', 'ignore_ament_install']
[0.310s] Level 1:colcon.colcon_core.package_identification:_identify(Chellenge-Tinker/motor_control) by extension 'ignore'
[0.310s] Level 1:colcon.colcon_core.package_identification:_identify(Chellenge-Tinker/motor_control) by extension 'ignore_ament_install'
[0.312s] Level 1:colcon.colcon_core.package_identification:_identify(Chellenge-Tinker/motor_control) by extensions ['colcon_pkg']
[0.312s] Level 1:colcon.colcon_core.package_identification:_identify(Chellenge-Tinker/motor_control) by extension 'colcon_pkg'
[0.313s] Level 1:colcon.colcon_core.package_identification:_identify(Chellenge-Tinker/motor_control) by extensions ['colcon_meta']
[0.313s] Level 1:colcon.colcon_core.package_identification:_identify(Chellenge-Tinker/motor_control) by extension 'colcon_meta'
[0.314s] Level 1:colcon.colcon_core.package_identification:_identify(Chellenge-Tinker/motor_control) by extensions ['ros']
[0.314s] Level 1:colcon.colcon_core.package_identification:_identify(Chellenge-Tinker/motor_control) by extension 'ros'
[0.322s] DEBUG:colcon.colcon_core.package_identification:Package 'Chellenge-Tinker/motor_control' with type 'ros.ament_cmake' and name 'motor_control'
[0.325s] Level 1:colcon.colcon_core.package_identification:_identify(Chellenge-Tinker/tinker_description) by extensions ['ignore', 'ignore_ament_install']
[0.325s] Level 1:colcon.colcon_core.package_identification:_identify(Chellenge-Tinker/tinker_description) by extension 'ignore'
[0.326s] Level 1:colcon.colcon_core.package_identification:_identify(Chellenge-Tinker/tinker_description) by extension 'ignore_ament_install'
[0.328s] Level 1:colcon.colcon_core.package_identification:_identify(Chellenge-Tinker/tinker_description) by extensions ['colcon_pkg']
[0.328s] Level 1:colcon.colcon_core.package_identification:_identify(Chellenge-Tinker/tinker_description) by extension 'colcon_pkg'
[0.329s] Level 1:colcon.colcon_core.package_identification:_identify(Chellenge-Tinker/tinker_description) by extensions ['colcon_meta']
[0.329s] Level 1:colcon.colcon_core.package_identification:_identify(Chellenge-Tinker/tinker_description) by extension 'colcon_meta'
[0.330s] Level 1:colcon.colcon_core.package_identification:_identify(Chellenge-Tinker/tinker_description) by extensions ['ros']
[0.330s] Level 1:colcon.colcon_core.package_identification:_identify(Chellenge-Tinker/tinker_description) by extension 'ros'
[0.339s] DEBUG:colcon.colcon_core.package_identification:Package 'Chellenge-Tinker/tinker_description' with type 'ros.ament_cmake' and name 'tinker_description'
[0.341s] Level 1:colcon.colcon_core.package_identification:_identify(build) by extensions ['ignore', 'ignore_ament_install']
[0.341s] Level 1:colcon.colcon_core.package_identification:_identify(build) by extension 'ignore'
[0.342s] Level 1:colcon.colcon_core.package_identification:_identify(build) ignored
[0.343s] Level 1:colcon.colcon_core.package_identification:_identify(install) by extensions ['ignore', 'ignore_ament_install']
[0.344s] Level 1:colcon.colcon_core.package_identification:_identify(install) by extension 'ignore'
[0.344s] Level 1:colcon.colcon_core.package_identification:_identify(install) ignored
[0.347s] Level 1:colcon.colcon_core.package_identification:_identify(log) by extensions ['ignore', 'ignore_ament_install']
[0.347s] Level 1:colcon.colcon_core.package_identification:_identify(log) by extension 'ignore'
[0.348s] Level 1:colcon.colcon_core.package_identification:_identify(log) ignored
[0.348s] Level 1:colcon.colcon_core.package_discovery:discover_packages(recursive) using defaults
[0.348s] Level 1:colcon.colcon_core.package_discovery:discover_packages(ignore) discover
[0.348s] Level 1:colcon.colcon_core.package_discovery:discover_packages(ignore) using defaults
[0.348s] Level 1:colcon.colcon_core.package_discovery:discover_packages(path) discover
[0.348s] Level 1:colcon.colcon_core.package_discovery:discover_packages(path) using defaults
[0.372s] Level 1:colcon.colcon_core.package_discovery:discover_packages(prefix_path) check parameters
[0.372s] Level 1:colcon.colcon_core.package_discovery:discover_packages(prefix_path) discover
[0.375s] DEBUG:colcon.colcon_installed_package_information.package_discovery:Found 308 installed packages in /opt/ros/jazzy
[0.375s] Level 1:colcon.colcon_core.package_discovery:discover_packages(prefix_path) using defaults
[0.409s] Level 5:colcon.colcon_core.verb:set package 'hardware_msg' build argument 'cmake_args' from command line to 'None'
[0.409s] Level 5:colcon.colcon_core.verb:set package 'hardware_msg' build argument 'cmake_target' from command line to 'None'
[0.409s] Level 5:colcon.colcon_core.verb:set package 'hardware_msg' build argument 'cmake_target_skip_unavailable' from command line to 'False'
[0.409s] Level 5:colcon.colcon_core.verb:set package 'hardware_msg' build argument 'cmake_clean_cache' from command line to 'False'
[0.409s] Level 5:colcon.colcon_core.verb:set package 'hardware_msg' build argument 'cmake_clean_first' from command line to 'False'
[0.409s] Level 5:colcon.colcon_core.verb:set package 'hardware_msg' build argument 'cmake_force_configure' from command line to 'False'
[0.410s] Level 5:colcon.colcon_core.verb:set package 'hardware_msg' build argument 'ament_cmake_args' from command line to 'None'
[0.410s] Level 5:colcon.colcon_core.verb:set package 'hardware_msg' build argument 'catkin_cmake_args' from command line to 'None'
[0.410s] Level 5:colcon.colcon_core.verb:set package 'hardware_msg' build argument 'catkin_skip_building_tests' from command line to 'False'
[0.410s] DEBUG:colcon.colcon_core.verb:Building package 'hardware_msg' with the following arguments: {'ament_cmake_args': None, 'build_base': '/mnt/c/tinker/Tinker_Sber/build/hardware_msg', 'catkin_cmake_args': None, 'catkin_skip_building_tests': False, 'cmake_args': None, 'cmake_clean_cache': False, 'cmake_clean_first': False, 'cmake_force_configure': False, 'cmake_target': None, 'cmake_target_skip_unavailable': False, 'install_base': '/mnt/c/tinker/Tinker_Sber/install/hardware_msg', 'merge_install': False, 'path': '/mnt/c/tinker/Tinker_Sber/Chellenge-Tinker/hardware_msg', 'symlink_install': False, 'test_result_base': None}
[0.410s] Level 5:colcon.colcon_core.verb:set package 'tinker_description' build argument 'cmake_args' from command line to 'None'
[0.410s] Level 5:colcon.colcon_core.verb:set package 'tinker_description' build argument 'cmake_target' from command line to 'None'
[0.411s] Level 5:colcon.colcon_core.verb:set package 'tinker_description' build argument 'cmake_target_skip_unavailable' from command line to 'False'
[0.411s] Level 5:colcon.colcon_core.verb:set package 'tinker_description' build argument 'cmake_clean_cache' from command line to 'False'
[0.411s] Level 5:colcon.colcon_core.verb:set package 'tinker_description' build argument 'cmake_clean_first' from command line to 'False'
[0.411s] Level 5:colcon.colcon_core.verb:set package 'tinker_description' build argument 'cmake_force_configure' from command line to 'False'
[0.411s] Level 5:colcon.colcon_core.verb:set package 'tinker_description' build argument 'ament_cmake_args' from command line to 'None'
[0.411s] Level 5:colcon.colcon_core.verb:set package 'tinker_description' build argument 'catkin_cmake_args' from command line to 'None'
[0.411s] Level 5:colcon.colcon_core.verb:set package 'tinker_description' build argument 'catkin_skip_building_tests' from command line to 'False'
[0.411s] DEBUG:colcon.colcon_core.verb:Building package 'tinker_description' with the following arguments: {'ament_cmake_args': None, 'build_base': '/mnt/c/tinker/Tinker_Sber/build/tinker_description', 'catkin_cmake_args': None, 'catkin_skip_building_tests': False, 'cmake_args': None, 'cmake_clean_cache': False, 'cmake_clean_first': False, 'cmake_force_configure': False, 'cmake_target': None, 'cmake_target_skip_unavailable': False, 'install_base': '/mnt/c/tinker/Tinker_Sber/install/tinker_description', 'merge_install': False, 'path': '/mnt/c/tinker/Tinker_Sber/Chellenge-Tinker/tinker_description', 'symlink_install': False, 'test_result_base': None}
[0.412s] Level 5:colcon.colcon_core.verb:set package 'motor_commander' build argument 'cmake_args' from command line to 'None'
[0.412s] Level 5:colcon.colcon_core.verb:set package 'motor_commander' build argument 'cmake_target' from command line to 'None'
[0.412s] Level 5:colcon.colcon_core.verb:set package 'motor_commander' build argument 'cmake_target_skip_unavailable' from command line to 'False'
[0.412s] Level 5:colcon.colcon_core.verb:set package 'motor_commander' build argument 'cmake_clean_cache' from command line to 'False'
[0.412s] Level 5:colcon.colcon_core.verb:set package 'motor_commander' build argument 'cmake_clean_first' from command line to 'False'
[0.412s] Level 5:colcon.colcon_core.verb:set package 'motor_commander' build argument 'cmake_force_configure' from command line to 'False'
[0.412s] Level 5:colcon.colcon_core.verb:set package 'motor_commander' build argument 'ament_cmake_args' from command line to 'None'
[0.413s] Level 5:colcon.colcon_core.verb:set package 'motor_commander' build argument 'catkin_cmake_args' from command line to 'None'
[0.413s] Level 5:colcon.colcon_core.verb:set package 'motor_commander' build argument 'catkin_skip_building_tests' from command line to 'False'
[0.413s] DEBUG:colcon.colcon_core.verb:Building package 'motor_commander' with the following arguments: {'ament_cmake_args': None, 'build_base': '/mnt/c/tinker/Tinker_Sber/build/motor_commander', 'catkin_cmake_args': None, 'catkin_skip_building_tests': False, 'cmake_args': None, 'cmake_clean_cache': False, 'cmake_clean_first': False, 'cmake_force_configure': False, 'cmake_target': None, 'cmake_target_skip_unavailable': False, 'install_base': '/mnt/c/tinker/Tinker_Sber/install/motor_commander', 'merge_install': False, 'path': '/mnt/c/tinker/Tinker_Sber/Chellenge-Tinker/motor_commander', 'symlink_install': False, 'test_result_base': None}
[0.413s] Level 5:colcon.colcon_core.verb:set package 'motor_control' build argument 'cmake_args' from command line to 'None'
[0.413s] Level 5:colcon.colcon_core.verb:set package 'motor_control' build argument 'cmake_target' from command line to 'None'
[0.413s] Level 5:colcon.colcon_core.verb:set package 'motor_control' build argument 'cmake_target_skip_unavailable' from command line to 'False'
[0.413s] Level 5:colcon.colcon_core.verb:set package 'motor_control' build argument 'cmake_clean_cache' from command line to 'False'
[0.413s] Level 5:colcon.colcon_core.verb:set package 'motor_control' build argument 'cmake_clean_first' from command line to 'False'
[0.414s] Level 5:colcon.colcon_core.verb:set package 'motor_control' build argument 'cmake_force_configure' from command line to 'False'
[0.414s] Level 5:colcon.colcon_core.verb:set package 'motor_control' build argument 'ament_cmake_args' from command line to 'None'
[0.414s] Level 5:colcon.colcon_core.verb:set package 'motor_control' build argument 'catkin_cmake_args' from command line to 'None'
[0.414s] Level 5:colcon.colcon_core.verb:set package 'motor_control' build argument 'catkin_skip_building_tests' from command line to 'False'
[0.414s] DEBUG:colcon.colcon_core.verb:Building package 'motor_control' with the following arguments: {'ament_cmake_args': None, 'build_base': '/mnt/c/tinker/Tinker_Sber/build/motor_control', 'catkin_cmake_args': None, 'catkin_skip_building_tests': False, 'cmake_args': None, 'cmake_clean_cache': False, 'cmake_clean_first': False, 'cmake_force_configure': False, 'cmake_target': None, 'cmake_target_skip_unavailable': False, 'install_base': '/mnt/c/tinker/Tinker_Sber/install/motor_control', 'merge_install': False, 'path': '/mnt/c/tinker/Tinker_Sber/Chellenge-Tinker/motor_control', 'symlink_install': False, 'test_result_base': None}
[0.414s] INFO:colcon.colcon_core.executor:Executing jobs using 'parallel' executor
[0.415s] DEBUG:colcon.colcon_parallel_executor.executor.parallel:run_until_complete
[0.415s] INFO:colcon.colcon_ros.task.ament_cmake.build:Building ROS package in '/mnt/c/tinker/Tinker_Sber/Chellenge-Tinker/hardware_msg' with build type 'ament_cmake'
[0.416s] INFO:colcon.colcon_cmake.task.cmake.build:Building CMake package in '/mnt/c/tinker/Tinker_Sber/Chellenge-Tinker/hardware_msg'
[0.418s] INFO:colcon.colcon_core.plugin_system:Skipping extension 'colcon_core.shell.bat': Not used on non-Windows systems
[0.418s] INFO:colcon.colcon_core.shell:Skip shell extension 'powershell' for command environment: Not usable outside of PowerShell
[0.418s] DEBUG:colcon.colcon_core.shell:Skip shell extension 'dsv' for command environment
[0.425s] INFO:colcon.colcon_ros.task.ament_cmake.build:Building ROS package in '/mnt/c/tinker/Tinker_Sber/Chellenge-Tinker/tinker_description' with build type 'ament_cmake'
[0.425s] INFO:colcon.colcon_cmake.task.cmake.build:Building CMake package in '/mnt/c/tinker/Tinker_Sber/Chellenge-Tinker/tinker_description'
[0.426s] INFO:colcon.colcon_core.shell:Skip shell extension 'powershell' for command environment: Not usable outside of PowerShell
[0.426s] DEBUG:colcon.colcon_core.shell:Skip shell extension 'dsv' for command environment
[0.471s] DEBUG:colcon.colcon_core.event_handler.log_command:Invoking command in '/mnt/c/tinker/Tinker_Sber/build/hardware_msg': CMAKE_PREFIX_PATH=${CMAKE_PREFIX_PATH}:/opt/ros/jazzy /usr/bin/cmake /mnt/c/tinker/Tinker_Sber/Chellenge-Tinker/hardware_msg -DCMAKE_INSTALL_PREFIX=/mnt/c/tinker/Tinker_Sber/install/hardware_msg
[0.497s] DEBUG:colcon.colcon_core.event_handler.log_command:Invoking command in '/mnt/c/tinker/Tinker_Sber/build/tinker_description': CMAKE_PREFIX_PATH=${CMAKE_PREFIX_PATH}:/opt/ros/jazzy /usr/bin/cmake /mnt/c/tinker/Tinker_Sber/Chellenge-Tinker/tinker_description -DCMAKE_INSTALL_PREFIX=/mnt/c/tinker/Tinker_Sber/install/tinker_description
[6.797s] DEBUG:colcon.colcon_core.event_handler.log_command:Invoked command in '/mnt/c/tinker/Tinker_Sber/build/tinker_description' returned '0': CMAKE_PREFIX_PATH=${CMAKE_PREFIX_PATH}:/opt/ros/jazzy /usr/bin/cmake /mnt/c/tinker/Tinker_Sber/Chellenge-Tinker/tinker_description -DCMAKE_INSTALL_PREFIX=/mnt/c/tinker/Tinker_Sber/install/tinker_description
[6.803s] DEBUG:colcon.colcon_core.event_handler.log_command:Invoking command in '/mnt/c/tinker/Tinker_Sber/build/tinker_description': CMAKE_PREFIX_PATH=${CMAKE_PREFIX_PATH}:/opt/ros/jazzy /usr/bin/cmake --build /mnt/c/tinker/Tinker_Sber/build/tinker_description -- -j12 -l12
[6.888s] DEBUG:colcon.colcon_core.event_handler.log_command:Invoked command in '/mnt/c/tinker/Tinker_Sber/build/tinker_description' returned '0': CMAKE_PREFIX_PATH=${CMAKE_PREFIX_PATH}:/opt/ros/jazzy /usr/bin/cmake --build /mnt/c/tinker/Tinker_Sber/build/tinker_description -- -j12 -l12
[6.908s] DEBUG:colcon.colcon_core.event_handler.log_command:Invoking command in '/mnt/c/tinker/Tinker_Sber/build/tinker_description': CMAKE_PREFIX_PATH=${CMAKE_PREFIX_PATH}:/opt/ros/jazzy /usr/bin/cmake --install /mnt/c/tinker/Tinker_Sber/build/tinker_description
[8.735s] Level 1:colcon.colcon_core.environment:create_environment_scripts_only(tinker_description)
[8.736s] DEBUG:colcon.colcon_core.event_handler.log_command:Invoked command in '/mnt/c/tinker/Tinker_Sber/build/tinker_description' returned '0': CMAKE_PREFIX_PATH=${CMAKE_PREFIX_PATH}:/opt/ros/jazzy /usr/bin/cmake --install /mnt/c/tinker/Tinker_Sber/build/tinker_description
[8.742s] Level 1:colcon.colcon_core.environment:checking '/mnt/c/tinker/Tinker_Sber/install/tinker_description' for CMake module files
[8.793s] Level 1:colcon.colcon_core.environment:checking '/mnt/c/tinker/Tinker_Sber/install/tinker_description' for CMake config files
[8.834s] Level 1:colcon.colcon_core.shell:create_environment_hook('tinker_description', 'cmake_prefix_path')
[8.834s] INFO:colcon.colcon_core.shell:Creating environment hook '/mnt/c/tinker/Tinker_Sber/install/tinker_description/share/tinker_description/hook/cmake_prefix_path.ps1'
[8.843s] INFO:colcon.colcon_core.shell:Creating environment descriptor '/mnt/c/tinker/Tinker_Sber/install/tinker_description/share/tinker_description/hook/cmake_prefix_path.dsv'
[8.853s] INFO:colcon.colcon_core.shell:Creating environment hook '/mnt/c/tinker/Tinker_Sber/install/tinker_description/share/tinker_description/hook/cmake_prefix_path.sh'
[8.866s] Level 1:colcon.colcon_core.environment:checking '/mnt/c/tinker/Tinker_Sber/install/tinker_description/bin'
[8.867s] Level 1:colcon.colcon_core.environment:checking '/mnt/c/tinker/Tinker_Sber/install/tinker_description/lib/pkgconfig/tinker_description.pc'
[8.868s] Level 1:colcon.colcon_core.environment:checking '/mnt/c/tinker/Tinker_Sber/install/tinker_description/lib/python3.12/site-packages'
[8.869s] Level 1:colcon.colcon_core.environment:checking '/mnt/c/tinker/Tinker_Sber/install/tinker_description/bin'
[8.870s] INFO:colcon.colcon_core.shell:Creating package script '/mnt/c/tinker/Tinker_Sber/install/tinker_description/share/tinker_description/package.ps1'
[8.879s] INFO:colcon.colcon_core.shell:Creating package descriptor '/mnt/c/tinker/Tinker_Sber/install/tinker_description/share/tinker_description/package.dsv'
[8.888s] INFO:colcon.colcon_core.shell:Creating package script '/mnt/c/tinker/Tinker_Sber/install/tinker_description/share/tinker_description/package.sh'
[8.897s] INFO:colcon.colcon_core.shell:Creating package script '/mnt/c/tinker/Tinker_Sber/install/tinker_description/share/tinker_description/package.bash'
[8.906s] INFO:colcon.colcon_core.shell:Creating package script '/mnt/c/tinker/Tinker_Sber/install/tinker_description/share/tinker_description/package.zsh'
[8.914s] Level 1:colcon.colcon_core.environment:create_file_with_runtime_dependencies(/mnt/c/tinker/Tinker_Sber/install/tinker_description/share/colcon-core/packages/tinker_description)
[8.932s] Level 1:colcon.colcon_core.environment:create_environment_scripts_only(tinker_description)
[8.932s] Level 1:colcon.colcon_core.environment:checking '/mnt/c/tinker/Tinker_Sber/install/tinker_description' for CMake module files
[8.993s] Level 1:colcon.colcon_core.environment:checking '/mnt/c/tinker/Tinker_Sber/install/tinker_description' for CMake config files
[9.044s] Level 1:colcon.colcon_core.shell:create_environment_hook('tinker_description', 'cmake_prefix_path')
[9.045s] INFO:colcon.colcon_core.shell:Creating environment hook '/mnt/c/tinker/Tinker_Sber/install/tinker_description/share/tinker_description/hook/cmake_prefix_path.ps1'
[9.060s] INFO:colcon.colcon_core.shell:Creating environment descriptor '/mnt/c/tinker/Tinker_Sber/install/tinker_description/share/tinker_description/hook/cmake_prefix_path.dsv'
[9.079s] INFO:colcon.colcon_core.shell:Creating environment hook '/mnt/c/tinker/Tinker_Sber/install/tinker_description/share/tinker_description/hook/cmake_prefix_path.sh'
[9.096s] Level 1:colcon.colcon_core.environment:checking '/mnt/c/tinker/Tinker_Sber/install/tinker_description/bin'
[9.097s] Level 1:colcon.colcon_core.environment:checking '/mnt/c/tinker/Tinker_Sber/install/tinker_description/lib/pkgconfig/tinker_description.pc'
[9.099s] Level 1:colcon.colcon_core.environment:checking '/mnt/c/tinker/Tinker_Sber/install/tinker_description/lib/python3.12/site-packages'
[9.101s] Level 1:colcon.colcon_core.environment:checking '/mnt/c/tinker/Tinker_Sber/install/tinker_description/bin'
[9.103s] INFO:colcon.colcon_core.shell:Creating package script '/mnt/c/tinker/Tinker_Sber/install/tinker_description/share/tinker_description/package.ps1'
[9.111s] INFO:colcon.colcon_core.shell:Creating package descriptor '/mnt/c/tinker/Tinker_Sber/install/tinker_description/share/tinker_description/package.dsv'
[9.120s] INFO:colcon.colcon_core.shell:Creating package script '/mnt/c/tinker/Tinker_Sber/install/tinker_description/share/tinker_description/package.sh'
[9.128s] INFO:colcon.colcon_core.shell:Creating package script '/mnt/c/tinker/Tinker_Sber/install/tinker_description/share/tinker_description/package.bash'
[9.136s] INFO:colcon.colcon_core.shell:Creating package script '/mnt/c/tinker/Tinker_Sber/install/tinker_description/share/tinker_description/package.zsh'
[9.145s] Level 1:colcon.colcon_core.environment:create_file_with_runtime_dependencies(/mnt/c/tinker/Tinker_Sber/install/tinker_description/share/colcon-core/packages/tinker_description)
[12.009s] DEBUG:colcon.colcon_core.event_handler.log_command:Invoked command in '/mnt/c/tinker/Tinker_Sber/build/hardware_msg' returned '0': CMAKE_PREFIX_PATH=${CMAKE_PREFIX_PATH}:/opt/ros/jazzy /usr/bin/cmake /mnt/c/tinker/Tinker_Sber/Chellenge-Tinker/hardware_msg -DCMAKE_INSTALL_PREFIX=/mnt/c/tinker/Tinker_Sber/install/hardware_msg
[12.016s] DEBUG:colcon.colcon_core.event_handler.log_command:Invoking command in '/mnt/c/tinker/Tinker_Sber/build/hardware_msg': CMAKE_PREFIX_PATH=${CMAKE_PREFIX_PATH}:/opt/ros/jazzy /usr/bin/cmake --build /mnt/c/tinker/Tinker_Sber/build/hardware_msg -- -j12 -l12
[21.787s] DEBUG:colcon.colcon_core.event_handler.log_command:Invoked command in '/mnt/c/tinker/Tinker_Sber/build/hardware_msg' returned '0': CMAKE_PREFIX_PATH=${CMAKE_PREFIX_PATH}:/opt/ros/jazzy /usr/bin/cmake --build /mnt/c/tinker/Tinker_Sber/build/hardware_msg -- -j12 -l12
[21.800s] DEBUG:colcon.colcon_core.event_handler.log_command:Invoking command in '/mnt/c/tinker/Tinker_Sber/build/hardware_msg': CMAKE_PREFIX_PATH=${CMAKE_PREFIX_PATH}:/opt/ros/jazzy /usr/bin/cmake --install /mnt/c/tinker/Tinker_Sber/build/hardware_msg
[39.543s] Level 1:colcon.colcon_core.environment:create_environment_scripts_only(hardware_msg)
[39.543s] Level 1:colcon.colcon_core.environment:checking '/mnt/c/tinker/Tinker_Sber/install/hardware_msg' for CMake module files
[39.543s] DEBUG:colcon.colcon_core.event_handler.log_command:Invoked command in '/mnt/c/tinker/Tinker_Sber/build/hardware_msg' returned '0': CMAKE_PREFIX_PATH=${CMAKE_PREFIX_PATH}:/opt/ros/jazzy /usr/bin/cmake --install /mnt/c/tinker/Tinker_Sber/build/hardware_msg
[39.679s] Level 1:colcon.colcon_core.environment:checking '/mnt/c/tinker/Tinker_Sber/install/hardware_msg' for CMake config files
[39.771s] Level 1:colcon.colcon_core.shell:create_environment_hook('hardware_msg', 'cmake_prefix_path')
[39.771s] INFO:colcon.colcon_core.shell:Creating environment hook '/mnt/c/tinker/Tinker_Sber/install/hardware_msg/share/hardware_msg/hook/cmake_prefix_path.ps1'
[39.779s] INFO:colcon.colcon_core.shell:Creating environment descriptor '/mnt/c/tinker/Tinker_Sber/install/hardware_msg/share/hardware_msg/hook/cmake_prefix_path.dsv'
[39.788s] INFO:colcon.colcon_core.shell:Creating environment hook '/mnt/c/tinker/Tinker_Sber/install/hardware_msg/share/hardware_msg/hook/cmake_prefix_path.sh'
[39.800s] Level 1:colcon.colcon_core.environment:checking '/mnt/c/tinker/Tinker_Sber/install/hardware_msg/lib'
[39.803s] Level 1:colcon.colcon_core.shell:create_environment_hook('hardware_msg', 'ld_library_path_lib')
[39.803s] INFO:colcon.colcon_core.shell:Creating environment hook '/mnt/c/tinker/Tinker_Sber/install/hardware_msg/share/hardware_msg/hook/ld_library_path_lib.ps1'
[39.812s] INFO:colcon.colcon_core.shell:Creating environment descriptor '/mnt/c/tinker/Tinker_Sber/install/hardware_msg/share/hardware_msg/hook/ld_library_path_lib.dsv'
[39.821s] INFO:colcon.colcon_core.shell:Creating environment hook '/mnt/c/tinker/Tinker_Sber/install/hardware_msg/share/hardware_msg/hook/ld_library_path_lib.sh'
[39.831s] Level 1:colcon.colcon_core.environment:checking '/mnt/c/tinker/Tinker_Sber/install/hardware_msg/bin'
[39.833s] Level 1:colcon.colcon_core.environment:checking '/mnt/c/tinker/Tinker_Sber/install/hardware_msg/lib/pkgconfig/hardware_msg.pc'
[39.834s] Level 1:colcon.colcon_core.environment:checking '/mnt/c/tinker/Tinker_Sber/install/hardware_msg/lib/python3.12/site-packages'
[39.836s] Level 1:colcon.colcon_core.shell:create_environment_hook('hardware_msg', 'pythonpath')
[39.836s] INFO:colcon.colcon_core.shell:Creating environment hook '/mnt/c/tinker/Tinker_Sber/install/hardware_msg/share/hardware_msg/hook/pythonpath.ps1'
[39.846s] INFO:colcon.colcon_core.shell:Creating environment descriptor '/mnt/c/tinker/Tinker_Sber/install/hardware_msg/share/hardware_msg/hook/pythonpath.dsv'
[39.857s] INFO:colcon.colcon_core.shell:Creating environment hook '/mnt/c/tinker/Tinker_Sber/install/hardware_msg/share/hardware_msg/hook/pythonpath.sh'
[39.867s] Level 1:colcon.colcon_core.environment:checking '/mnt/c/tinker/Tinker_Sber/install/hardware_msg/bin'
[39.869s] INFO:colcon.colcon_core.shell:Creating package script '/mnt/c/tinker/Tinker_Sber/install/hardware_msg/share/hardware_msg/package.ps1'
[39.878s] INFO:colcon.colcon_core.shell:Creating package descriptor '/mnt/c/tinker/Tinker_Sber/install/hardware_msg/share/hardware_msg/package.dsv'
[39.887s] INFO:colcon.colcon_core.shell:Creating package script '/mnt/c/tinker/Tinker_Sber/install/hardware_msg/share/hardware_msg/package.sh'
[39.897s] INFO:colcon.colcon_core.shell:Creating package script '/mnt/c/tinker/Tinker_Sber/install/hardware_msg/share/hardware_msg/package.bash'
[39.905s] INFO:colcon.colcon_core.shell:Creating package script '/mnt/c/tinker/Tinker_Sber/install/hardware_msg/share/hardware_msg/package.zsh'
[39.915s] Level 1:colcon.colcon_core.environment:create_file_with_runtime_dependencies(/mnt/c/tinker/Tinker_Sber/install/hardware_msg/share/colcon-core/packages/hardware_msg)
[39.935s] Level 1:colcon.colcon_core.environment:create_environment_scripts_only(hardware_msg)
[39.935s] Level 1:colcon.colcon_core.environment:checking '/mnt/c/tinker/Tinker_Sber/install/hardware_msg' for CMake module files
[40.077s] Level 1:colcon.colcon_core.environment:checking '/mnt/c/tinker/Tinker_Sber/install/hardware_msg' for CMake config files
[40.183s] Level 1:colcon.colcon_core.shell:create_environment_hook('hardware_msg', 'cmake_prefix_path')
[40.183s] INFO:colcon.colcon_core.shell:Creating environment hook '/mnt/c/tinker/Tinker_Sber/install/hardware_msg/share/hardware_msg/hook/cmake_prefix_path.ps1'
[40.193s] INFO:colcon.colcon_core.shell:Creating environment descriptor '/mnt/c/tinker/Tinker_Sber/install/hardware_msg/share/hardware_msg/hook/cmake_prefix_path.dsv'
[40.202s] INFO:colcon.colcon_core.shell:Creating environment hook '/mnt/c/tinker/Tinker_Sber/install/hardware_msg/share/hardware_msg/hook/cmake_prefix_path.sh'
[40.213s] Level 1:colcon.colcon_core.environment:checking '/mnt/c/tinker/Tinker_Sber/install/hardware_msg/lib'
[40.216s] Level 1:colcon.colcon_core.shell:create_environment_hook('hardware_msg', 'ld_library_path_lib')
[40.216s] INFO:colcon.colcon_core.shell:Creating environment hook '/mnt/c/tinker/Tinker_Sber/install/hardware_msg/share/hardware_msg/hook/ld_library_path_lib.ps1'
[40.225s] INFO:colcon.colcon_core.shell:Creating environment descriptor '/mnt/c/tinker/Tinker_Sber/install/hardware_msg/share/hardware_msg/hook/ld_library_path_lib.dsv'
[40.234s] INFO:colcon.colcon_core.shell:Creating environment hook '/mnt/c/tinker/Tinker_Sber/install/hardware_msg/share/hardware_msg/hook/ld_library_path_lib.sh'
[40.243s] Level 1:colcon.colcon_core.environment:checking '/mnt/c/tinker/Tinker_Sber/install/hardware_msg/bin'
[40.244s] Level 1:colcon.colcon_core.environment:checking '/mnt/c/tinker/Tinker_Sber/install/hardware_msg/lib/pkgconfig/hardware_msg.pc'
[40.246s] Level 1:colcon.colcon_core.environment:checking '/mnt/c/tinker/Tinker_Sber/install/hardware_msg/lib/python3.12/site-packages'
[40.247s] Level 1:colcon.colcon_core.shell:create_environment_hook('hardware_msg', 'pythonpath')
[40.248s] INFO:colcon.colcon_core.shell:Creating environment hook '/mnt/c/tinker/Tinker_Sber/install/hardware_msg/share/hardware_msg/hook/pythonpath.ps1'
[40.257s] INFO:colcon.colcon_core.shell:Creating environment descriptor '/mnt/c/tinker/Tinker_Sber/install/hardware_msg/share/hardware_msg/hook/pythonpath.dsv'
[40.267s] INFO:colcon.colcon_core.shell:Creating environment hook '/mnt/c/tinker/Tinker_Sber/install/hardware_msg/share/hardware_msg/hook/pythonpath.sh'
[40.278s] Level 1:colcon.colcon_core.environment:checking '/mnt/c/tinker/Tinker_Sber/install/hardware_msg/bin'
[40.279s] INFO:colcon.colcon_core.shell:Creating package script '/mnt/c/tinker/Tinker_Sber/install/hardware_msg/share/hardware_msg/package.ps1'
[40.287s] INFO:colcon.colcon_core.shell:Creating package descriptor '/mnt/c/tinker/Tinker_Sber/install/hardware_msg/share/hardware_msg/package.dsv'
[40.296s] INFO:colcon.colcon_core.shell:Creating package script '/mnt/c/tinker/Tinker_Sber/install/hardware_msg/share/hardware_msg/package.sh'
[40.305s] INFO:colcon.colcon_core.shell:Creating package script '/mnt/c/tinker/Tinker_Sber/install/hardware_msg/share/hardware_msg/package.bash'
[40.315s] INFO:colcon.colcon_core.shell:Creating package script '/mnt/c/tinker/Tinker_Sber/install/hardware_msg/share/hardware_msg/package.zsh'
[40.324s] Level 1:colcon.colcon_core.environment:create_file_with_runtime_dependencies(/mnt/c/tinker/Tinker_Sber/install/hardware_msg/share/colcon-core/packages/hardware_msg)
[40.331s] INFO:colcon.colcon_ros.task.ament_python.build:Building ROS package in '/mnt/c/tinker/Tinker_Sber/Chellenge-Tinker/motor_commander' with build type 'ament_python'
[40.331s] Level 1:colcon.colcon_core.shell:create_environment_hook('motor_commander', 'ament_prefix_path')
[40.331s] INFO:colcon.colcon_core.shell:Creating environment hook '/mnt/c/tinker/Tinker_Sber/install/motor_commander/share/motor_commander/hook/ament_prefix_path.ps1'
[40.348s] INFO:colcon.colcon_core.shell:Creating environment descriptor '/mnt/c/tinker/Tinker_Sber/install/motor_commander/share/motor_commander/hook/ament_prefix_path.dsv'
[40.358s] INFO:colcon.colcon_core.shell:Creating environment hook '/mnt/c/tinker/Tinker_Sber/install/motor_commander/share/motor_commander/hook/ament_prefix_path.sh'
[40.368s] INFO:colcon.colcon_core.shell:Skip shell extension 'powershell' for command environment: Not usable outside of PowerShell
[40.368s] DEBUG:colcon.colcon_core.shell:Skip shell extension 'dsv' for command environment
[40.378s] INFO:colcon.colcon_ros.task.ament_cmake.build:Building ROS package in '/mnt/c/tinker/Tinker_Sber/Chellenge-Tinker/motor_control' with build type 'ament_cmake'
[40.379s] INFO:colcon.colcon_cmake.task.cmake.build:Building CMake package in '/mnt/c/tinker/Tinker_Sber/Chellenge-Tinker/motor_control'
[40.379s] INFO:colcon.colcon_core.shell:Skip shell extension 'powershell' for command environment: Not usable outside of PowerShell
[40.379s] DEBUG:colcon.colcon_core.shell:Skip shell extension 'dsv' for command environment
[40.545s] DEBUG:colcon.colcon_core.event_handler.log_command:Invoking command in '/mnt/c/tinker/Tinker_Sber/build/motor_control': AMENT_PREFIX_PATH=/mnt/c/tinker/Tinker_Sber/install/hardware_msg:${AMENT_PREFIX_PATH} CMAKE_PREFIX_PATH=/mnt/c/tinker/Tinker_Sber/install/hardware_msg:/opt/ros/jazzy/opt/sdformat_vendor:/opt/ros/jazzy/opt/gz_math_vendor:/opt/ros/jazzy/opt/gz_utils_vendor:/opt/ros/jazzy/opt/gz_tools_vendor:/opt/ros/jazzy/opt/gz_cmake_vendor:/opt/ros/jazzy LD_LIBRARY_PATH=/mnt/c/tinker/Tinker_Sber/install/hardware_msg/lib:${LD_LIBRARY_PATH} PYTHONPATH=/mnt/c/tinker/Tinker_Sber/install/hardware_msg/lib/python3.12/site-packages:${PYTHONPATH} /usr/bin/cmake /mnt/c/tinker/Tinker_Sber/Chellenge-Tinker/motor_control -DCMAKE_INSTALL_PREFIX=/mnt/c/tinker/Tinker_Sber/install/motor_control
[40.917s] INFO:colcon.colcon_core.task.python.build:Building Python package in '/mnt/c/tinker/Tinker_Sber/Chellenge-Tinker/motor_commander'
[40.917s] INFO:colcon.colcon_core.shell:Skip shell extension 'powershell' for command environment: Not usable outside of PowerShell
[40.917s] DEBUG:colcon.colcon_core.shell:Skip shell extension 'dsv' for command environment
[42.622s] DEBUG:colcon.colcon_core.event_handler.log_command:Invoking command in '/mnt/c/tinker/Tinker_Sber/Chellenge-Tinker/motor_commander': AMENT_PREFIX_PATH=/mnt/c/tinker/Tinker_Sber/install/hardware_msg:${AMENT_PREFIX_PATH} CMAKE_PREFIX_PATH=/mnt/c/tinker/Tinker_Sber/install/hardware_msg:${CMAKE_PREFIX_PATH} LD_LIBRARY_PATH=/mnt/c/tinker/Tinker_Sber/install/hardware_msg/lib:${LD_LIBRARY_PATH} PYTHONPATH=/mnt/c/tinker/Tinker_Sber/build/motor_commander/prefix_override:/usr/lib/python3/dist-packages/colcon_core/task/python/colcon_distutils_commands:/mnt/c/tinker/Tinker_Sber/install/motor_commander/lib/python3.12/site-packages:/mnt/c/tinker/Tinker_Sber/install/hardware_msg/lib/python3.12/site-packages:${PYTHONPATH} /usr/bin/python3 -W ignore:setup.py install is deprecated -W ignore:easy_install command is deprecated setup.py egg_info --egg-base ../../build/motor_commander build --build-base /mnt/c/tinker/Tinker_Sber/build/motor_commander/build install --record /mnt/c/tinker/Tinker_Sber/build/motor_commander/install.log --single-version-externally-managed install_data
[44.273s] Level 1:colcon.colcon_core.environment:checking '/mnt/c/tinker/Tinker_Sber/install/motor_commander' for CMake module files
[44.274s] DEBUG:colcon.colcon_core.event_handler.log_command:Invoked command in '/mnt/c/tinker/Tinker_Sber/Chellenge-Tinker/motor_commander' returned '0': AMENT_PREFIX_PATH=/mnt/c/tinker/Tinker_Sber/install/hardware_msg:${AMENT_PREFIX_PATH} CMAKE_PREFIX_PATH=/mnt/c/tinker/Tinker_Sber/install/hardware_msg:${CMAKE_PREFIX_PATH} LD_LIBRARY_PATH=/mnt/c/tinker/Tinker_Sber/install/hardware_msg/lib:${LD_LIBRARY_PATH} PYTHONPATH=/mnt/c/tinker/Tinker_Sber/build/motor_commander/prefix_override:/usr/lib/python3/dist-packages/colcon_core/task/python/colcon_distutils_commands:/mnt/c/tinker/Tinker_Sber/install/motor_commander/lib/python3.12/site-packages:/mnt/c/tinker/Tinker_Sber/install/hardware_msg/lib/python3.12/site-packages:${PYTHONPATH} /usr/bin/python3 -W ignore:setup.py install is deprecated -W ignore:easy_install command is deprecated setup.py egg_info --egg-base ../../build/motor_commander build --build-base /mnt/c/tinker/Tinker_Sber/build/motor_commander/build install --record /mnt/c/tinker/Tinker_Sber/build/motor_commander/install.log --single-version-externally-managed install_data
[44.301s] Level 1:colcon.colcon_core.environment:checking '/mnt/c/tinker/Tinker_Sber/install/motor_commander' for CMake config files
[44.356s] Level 1:colcon.colcon_core.environment:checking '/mnt/c/tinker/Tinker_Sber/install/motor_commander/lib'
[44.359s] Level 1:colcon.colcon_core.environment:checking '/mnt/c/tinker/Tinker_Sber/install/motor_commander/bin'
[44.360s] Level 1:colcon.colcon_core.environment:checking '/mnt/c/tinker/Tinker_Sber/install/motor_commander/lib/pkgconfig/motor_commander.pc'
[44.361s] Level 1:colcon.colcon_core.environment:checking '/mnt/c/tinker/Tinker_Sber/install/motor_commander/lib/python3.12/site-packages'
[44.363s] Level 1:colcon.colcon_core.shell:create_environment_hook('motor_commander', 'pythonpath')
[44.364s] INFO:colcon.colcon_core.shell:Creating environment hook '/mnt/c/tinker/Tinker_Sber/install/motor_commander/share/motor_commander/hook/pythonpath.ps1'
[44.376s] INFO:colcon.colcon_core.shell:Creating environment descriptor '/mnt/c/tinker/Tinker_Sber/install/motor_commander/share/motor_commander/hook/pythonpath.dsv'
[44.387s] INFO:colcon.colcon_core.shell:Creating environment hook '/mnt/c/tinker/Tinker_Sber/install/motor_commander/share/motor_commander/hook/pythonpath.sh'
[44.398s] Level 1:colcon.colcon_core.environment:checking '/mnt/c/tinker/Tinker_Sber/install/motor_commander/bin'
[44.399s] Level 1:colcon.colcon_core.environment:create_environment_scripts_only(motor_commander)
[44.399s] INFO:colcon.colcon_core.shell:Creating package script '/mnt/c/tinker/Tinker_Sber/install/motor_commander/share/motor_commander/package.ps1'
[44.407s] INFO:colcon.colcon_core.shell:Creating package descriptor '/mnt/c/tinker/Tinker_Sber/install/motor_commander/share/motor_commander/package.dsv'
[44.416s] INFO:colcon.colcon_core.shell:Creating package script '/mnt/c/tinker/Tinker_Sber/install/motor_commander/share/motor_commander/package.sh'
[44.424s] INFO:colcon.colcon_core.shell:Creating package script '/mnt/c/tinker/Tinker_Sber/install/motor_commander/share/motor_commander/package.bash'
[44.433s] INFO:colcon.colcon_core.shell:Creating package script '/mnt/c/tinker/Tinker_Sber/install/motor_commander/share/motor_commander/package.zsh'
[44.442s] Level 1:colcon.colcon_core.environment:create_file_with_runtime_dependencies(/mnt/c/tinker/Tinker_Sber/install/motor_commander/share/colcon-core/packages/motor_commander)
[50.594s] DEBUG:colcon.colcon_core.event_handler.log_command:Invoked command in '/mnt/c/tinker/Tinker_Sber/build/motor_control' returned '0': AMENT_PREFIX_PATH=/mnt/c/tinker/Tinker_Sber/install/hardware_msg:${AMENT_PREFIX_PATH} CMAKE_PREFIX_PATH=/mnt/c/tinker/Tinker_Sber/install/hardware_msg:/opt/ros/jazzy/opt/sdformat_vendor:/opt/ros/jazzy/opt/gz_math_vendor:/opt/ros/jazzy/opt/gz_utils_vendor:/opt/ros/jazzy/opt/gz_tools_vendor:/opt/ros/jazzy/opt/gz_cmake_vendor:/opt/ros/jazzy LD_LIBRARY_PATH=/mnt/c/tinker/Tinker_Sber/install/hardware_msg/lib:${LD_LIBRARY_PATH} PYTHONPATH=/mnt/c/tinker/Tinker_Sber/install/hardware_msg/lib/python3.12/site-packages:${PYTHONPATH} /usr/bin/cmake /mnt/c/tinker/Tinker_Sber/Chellenge-Tinker/motor_control -DCMAKE_INSTALL_PREFIX=/mnt/c/tinker/Tinker_Sber/install/motor_control
[50.600s] DEBUG:colcon.colcon_core.event_handler.log_command:Invoking command in '/mnt/c/tinker/Tinker_Sber/build/motor_control': AMENT_PREFIX_PATH=/mnt/c/tinker/Tinker_Sber/install/hardware_msg:${AMENT_PREFIX_PATH} CMAKE_PREFIX_PATH=/mnt/c/tinker/Tinker_Sber/install/hardware_msg:/opt/ros/jazzy/opt/sdformat_vendor:/opt/ros/jazzy/opt/gz_math_vendor:/opt/ros/jazzy/opt/gz_utils_vendor:/opt/ros/jazzy/opt/gz_tools_vendor:/opt/ros/jazzy/opt/gz_cmake_vendor:/opt/ros/jazzy LD_LIBRARY_PATH=/mnt/c/tinker/Tinker_Sber/install/hardware_msg/lib:${LD_LIBRARY_PATH} PYTHONPATH=/mnt/c/tinker/Tinker_Sber/install/hardware_msg/lib/python3.12/site-packages:${PYTHONPATH} /usr/bin/cmake --build /mnt/c/tinker/Tinker_Sber/build/motor_control -- -j12 -l12
[79.725s] DEBUG:colcon.colcon_core.event_handler.log_command:Invoked command in '/mnt/c/tinker/Tinker_Sber/build/motor_control' returned '0': AMENT_PREFIX_PATH=/mnt/c/tinker/Tinker_Sber/install/hardware_msg:${AMENT_PREFIX_PATH} CMAKE_PREFIX_PATH=/mnt/c/tinker/Tinker_Sber/install/hardware_msg:/opt/ros/jazzy/opt/sdformat_vendor:/opt/ros/jazzy/opt/gz_math_vendor:/opt/ros/jazzy/opt/gz_utils_vendor:/opt/ros/jazzy/opt/gz_tools_vendor:/opt/ros/jazzy/opt/gz_cmake_vendor:/opt/ros/jazzy LD_LIBRARY_PATH=/mnt/c/tinker/Tinker_Sber/install/hardware_msg/lib:${LD_LIBRARY_PATH} PYTHONPATH=/mnt/c/tinker/Tinker_Sber/install/hardware_msg/lib/python3.12/site-packages:${PYTHONPATH} /usr/bin/cmake --build /mnt/c/tinker/Tinker_Sber/build/motor_control -- -j12 -l12
[79.738s] DEBUG:colcon.colcon_core.event_handler.log_command:Invoking command in '/mnt/c/tinker/Tinker_Sber/build/motor_control': AMENT_PREFIX_PATH=/mnt/c/tinker/Tinker_Sber/install/hardware_msg:${AMENT_PREFIX_PATH} CMAKE_PREFIX_PATH=/mnt/c/tinker/Tinker_Sber/install/hardware_msg:/opt/ros/jazzy/opt/sdformat_vendor:/opt/ros/jazzy/opt/gz_math_vendor:/opt/ros/jazzy/opt/gz_utils_vendor:/opt/ros/jazzy/opt/gz_tools_vendor:/opt/ros/jazzy/opt/gz_cmake_vendor:/opt/ros/jazzy LD_LIBRARY_PATH=/mnt/c/tinker/Tinker_Sber/install/hardware_msg/lib:${LD_LIBRARY_PATH} PYTHONPATH=/mnt/c/tinker/Tinker_Sber/install/hardware_msg/lib/python3.12/site-packages:${PYTHONPATH} /usr/bin/cmake --install /mnt/c/tinker/Tinker_Sber/build/motor_control
[81.092s] Level 1:colcon.colcon_core.environment:create_environment_scripts_only(motor_control)
[81.092s] Level 1:colcon.colcon_core.environment:checking '/mnt/c/tinker/Tinker_Sber/install/motor_control' for CMake module files
[81.093s] DEBUG:colcon.colcon_core.event_handler.log_command:Invoked command in '/mnt/c/tinker/Tinker_Sber/build/motor_control' returned '0': AMENT_PREFIX_PATH=/mnt/c/tinker/Tinker_Sber/install/hardware_msg:${AMENT_PREFIX_PATH} CMAKE_PREFIX_PATH=/mnt/c/tinker/Tinker_Sber/install/hardware_msg:/opt/ros/jazzy/opt/sdformat_vendor:/opt/ros/jazzy/opt/gz_math_vendor:/opt/ros/jazzy/opt/gz_utils_vendor:/opt/ros/jazzy/opt/gz_tools_vendor:/opt/ros/jazzy/opt/gz_cmake_vendor:/opt/ros/jazzy LD_LIBRARY_PATH=/mnt/c/tinker/Tinker_Sber/install/hardware_msg/lib:${LD_LIBRARY_PATH} PYTHONPATH=/mnt/c/tinker/Tinker_Sber/install/hardware_msg/lib/python3.12/site-packages:${PYTHONPATH} /usr/bin/cmake --install /mnt/c/tinker/Tinker_Sber/build/motor_control
[81.146s] Level 1:colcon.colcon_core.environment:checking '/mnt/c/tinker/Tinker_Sber/install/motor_control' for CMake config files
[81.190s] Level 1:colcon.colcon_core.shell:create_environment_hook('motor_control', 'cmake_prefix_path')
[81.191s] INFO:colcon.colcon_core.shell:Creating environment hook '/mnt/c/tinker/Tinker_Sber/install/motor_control/share/motor_control/hook/cmake_prefix_path.ps1'
[81.200s] INFO:colcon.colcon_core.shell:Creating environment descriptor '/mnt/c/tinker/Tinker_Sber/install/motor_control/share/motor_control/hook/cmake_prefix_path.dsv'
[81.210s] INFO:colcon.colcon_core.shell:Creating environment hook '/mnt/c/tinker/Tinker_Sber/install/motor_control/share/motor_control/hook/cmake_prefix_path.sh'
[81.223s] Level 1:colcon.colcon_core.environment:checking '/mnt/c/tinker/Tinker_Sber/install/motor_control/lib'
[81.226s] Level 1:colcon.colcon_core.environment:checking '/mnt/c/tinker/Tinker_Sber/install/motor_control/bin'
[81.227s] Level 1:colcon.colcon_core.environment:checking '/mnt/c/tinker/Tinker_Sber/install/motor_control/lib/pkgconfig/motor_control.pc'
[81.228s] Level 1:colcon.colcon_core.environment:checking '/mnt/c/tinker/Tinker_Sber/install/motor_control/lib/python3.12/site-packages'
[81.230s] Level 1:colcon.colcon_core.environment:checking '/mnt/c/tinker/Tinker_Sber/install/motor_control/bin'
[81.231s] INFO:colcon.colcon_core.shell:Creating package script '/mnt/c/tinker/Tinker_Sber/install/motor_control/share/motor_control/package.ps1'
[81.239s] INFO:colcon.colcon_core.shell:Creating package descriptor '/mnt/c/tinker/Tinker_Sber/install/motor_control/share/motor_control/package.dsv'
[81.248s] INFO:colcon.colcon_core.shell:Creating package script '/mnt/c/tinker/Tinker_Sber/install/motor_control/share/motor_control/package.sh'
[81.257s] INFO:colcon.colcon_core.shell:Creating package script '/mnt/c/tinker/Tinker_Sber/install/motor_control/share/motor_control/package.bash'
[81.266s] INFO:colcon.colcon_core.shell:Creating package script '/mnt/c/tinker/Tinker_Sber/install/motor_control/share/motor_control/package.zsh'
[81.275s] Level 1:colcon.colcon_core.environment:create_file_with_runtime_dependencies(/mnt/c/tinker/Tinker_Sber/install/motor_control/share/colcon-core/packages/motor_control)
[81.299s] Level 1:colcon.colcon_core.environment:create_environment_scripts_only(motor_control)
[81.300s] Level 1:colcon.colcon_core.environment:checking '/mnt/c/tinker/Tinker_Sber/install/motor_control' for CMake module files
[81.359s] Level 1:colcon.colcon_core.environment:checking '/mnt/c/tinker/Tinker_Sber/install/motor_control' for CMake config files
[81.407s] Level 1:colcon.colcon_core.shell:create_environment_hook('motor_control', 'cmake_prefix_path')
[81.407s] INFO:colcon.colcon_core.shell:Creating environment hook '/mnt/c/tinker/Tinker_Sber/install/motor_control/share/motor_control/hook/cmake_prefix_path.ps1'
[81.417s] INFO:colcon.colcon_core.shell:Creating environment descriptor '/mnt/c/tinker/Tinker_Sber/install/motor_control/share/motor_control/hook/cmake_prefix_path.dsv'
[81.426s] INFO:colcon.colcon_core.shell:Creating environment hook '/mnt/c/tinker/Tinker_Sber/install/motor_control/share/motor_control/hook/cmake_prefix_path.sh'
[81.437s] Level 1:colcon.colcon_core.environment:checking '/mnt/c/tinker/Tinker_Sber/install/motor_control/lib'
[81.440s] Level 1:colcon.colcon_core.environment:checking '/mnt/c/tinker/Tinker_Sber/install/motor_control/bin'
[81.441s] Level 1:colcon.colcon_core.environment:checking '/mnt/c/tinker/Tinker_Sber/install/motor_control/lib/pkgconfig/motor_control.pc'
[81.442s] Level 1:colcon.colcon_core.environment:checking '/mnt/c/tinker/Tinker_Sber/install/motor_control/lib/python3.12/site-packages'
[81.443s] Level 1:colcon.colcon_core.environment:checking '/mnt/c/tinker/Tinker_Sber/install/motor_control/bin'
[81.445s] INFO:colcon.colcon_core.shell:Creating package script '/mnt/c/tinker/Tinker_Sber/install/motor_control/share/motor_control/package.ps1'
[81.452s] INFO:colcon.colcon_core.shell:Creating package descriptor '/mnt/c/tinker/Tinker_Sber/install/motor_control/share/motor_control/package.dsv'
[81.461s] INFO:colcon.colcon_core.shell:Creating package script '/mnt/c/tinker/Tinker_Sber/install/motor_control/share/motor_control/package.sh'
[81.470s] INFO:colcon.colcon_core.shell:Creating package script '/mnt/c/tinker/Tinker_Sber/install/motor_control/share/motor_control/package.bash'
[81.478s] INFO:colcon.colcon_core.shell:Creating package script '/mnt/c/tinker/Tinker_Sber/install/motor_control/share/motor_control/package.zsh'
[81.486s] Level 1:colcon.colcon_core.environment:create_file_with_runtime_dependencies(/mnt/c/tinker/Tinker_Sber/install/motor_control/share/colcon-core/packages/motor_control)
[81.492s] DEBUG:colcon.colcon_parallel_executor.executor.parallel:closing loop
[81.493s] DEBUG:colcon.colcon_parallel_executor.executor.parallel:loop closed
[81.493s] DEBUG:colcon.colcon_parallel_executor.executor.parallel:run_until_complete finished with '0'
[81.493s] DEBUG:colcon.colcon_core.event_reactor:joining thread
[81.565s] INFO:colcon.colcon_core.plugin_system:Skipping extension 'colcon_notification.desktop_notification.notify_send': Could not find 'notify-send'
[81.566s] INFO:colcon.colcon_core.plugin_system:Skipping extension 'colcon_notification.desktop_notification.terminal_notifier': Not used on non-Darwin systems
[81.566s] INFO:colcon.colcon_core.plugin_system:Skipping extension 'colcon_notification.desktop_notification.win32': Not used on non-Windows systems
[81.566s] INFO:colcon.colcon_notification.desktop_notification:Sending desktop notification using 'notify2'
[81.567s] DEBUG:colcon.colcon_notification.desktop_notification.notify2:Failed to initialize notify2: org.freedesktop.DBus.Error.ServiceUnknown: The name org.freedesktop.Notifications was not provided by any .service files
[81.567s] DEBUG:colcon.colcon_core.event_reactor:joined thread
[81.567s] INFO:colcon.colcon_core.shell:Creating prefix script '/mnt/c/tinker/Tinker_Sber/install/local_setup.ps1'
[81.571s] INFO:colcon.colcon_core.shell:Creating prefix util module '/mnt/c/tinker/Tinker_Sber/install/_local_setup_util_ps1.py'
[81.576s] INFO:colcon.colcon_core.shell:Creating prefix chain script '/mnt/c/tinker/Tinker_Sber/install/setup.ps1'
[81.580s] INFO:colcon.colcon_core.shell:Creating prefix script '/mnt/c/tinker/Tinker_Sber/install/local_setup.sh'
[81.584s] INFO:colcon.colcon_core.shell:Creating prefix util module '/mnt/c/tinker/Tinker_Sber/install/_local_setup_util_sh.py'
[81.588s] INFO:colcon.colcon_core.shell:Creating prefix chain script '/mnt/c/tinker/Tinker_Sber/install/setup.sh'
[81.594s] INFO:colcon.colcon_core.shell:Creating prefix script '/mnt/c/tinker/Tinker_Sber/install/local_setup.bash'
[81.599s] INFO:colcon.colcon_core.shell:Creating prefix chain script '/mnt/c/tinker/Tinker_Sber/install/setup.bash'
[81.603s] INFO:colcon.colcon_core.shell:Creating prefix script '/mnt/c/tinker/Tinker_Sber/install/local_setup.zsh'
[81.607s] INFO:colcon.colcon_core.shell:Creating prefix chain script '/mnt/c/tinker/Tinker_Sber/install/setup.zsh'
