-- The C compiler identification is GNU 11.4.0
-- The CXX compiler identification is GNU 11.4.0
-- Detecting C compiler ABI info
-- Detecting C compiler ABI info - done
-- Check for working C compiler: /usr/bin/cc - skipped
-- Detecting C compile features
-- Detecting C compile features - done
-- Detecting CXX compiler ABI info
-- Detecting CXX compiler ABI info - done
-- Check for working CXX compiler: /usr/bin/c++ - skipped
-- Detecting CXX compile features
-- Detecting CXX compile features - done
-- Found ament_cmake: 1.3.12 (/opt/ros/humble/share/ament_cmake/cmake)
-- Found Python3: /usr/bin/python3 (found version "3.10.12") found components: Interpreter 
-- Found rclcpp: 16.0.15 (/opt/ros/humble/share/rclcpp/cmake)
-- Found rosidl_generator_c: 3.1.7 (/opt/ros/humble/share/rosidl_generator_c/cmake)
-- Found rosidl_adapter: 3.1.7 (/opt/ros/humble/share/rosidl_adapter/cmake)
-- Found rosidl_generator_cpp: 3.1.7 (/opt/ros/humble/share/rosidl_generator_cpp/cmake)
-- Using all available rosidl_typesupport_c: rosidl_typesupport_fastrtps_c;rosidl_typesupport_introspection_c
-- Using all available rosidl_typesupport_cpp: rosidl_typesupport_fastrtps_cpp;rosidl_typesupport_introspection_cpp
-- Found rmw_implementation_cmake: 6.1.2 (/opt/ros/humble/share/rmw_implementation_cmake/cmake)
-- Found rmw_fastrtps_cpp: 6.2.8 (/opt/ros/humble/share/rmw_fastrtps_cpp/cmake)
-- Found OpenSSL: /usr/lib/aarch64-linux-gnu/libcrypto.so (found version "3.0.2")  
-- Found FastRTPS: /opt/ros/humble/include  
-- Using RMW implementation 'rmw_fastrtps_cpp' as default
-- Looking for pthread.h
-- Looking for pthread.h - found
-- Performing Test CMAKE_HAVE_LIBC_PTHREAD
-- Performing Test CMAKE_HAVE_LIBC_PTHREAD - Success
-- Found Threads: TRUE  
-- Found sensor_msgs: 4.9.0 (/opt/ros/humble/share/sensor_msgs/cmake)
-- Found hardware_msg: 0.0.0 (/home/pi/Tinker_Sber/Chellenge-Tinker/install/hardware_msg/share/hardware_msg/cmake)
-- Configuring done
-- Generating done
-- Build files have been written to: /home/pi/Tinker_Sber/Chellenge-Tinker/build/motor_control
-- Found ament_cmake: 1.3.12 (/opt/ros/humble/share/ament_cmake/cmake)
-- Found rclcpp: 16.0.15 (/opt/ros/humble/share/rclcpp/cmake)
-- Found rosidl_generator_c: 3.1.7 (/opt/ros/humble/share/rosidl_generator_c/cmake)
-- Found rosidl_adapter: 3.1.7 (/opt/ros/humble/share/rosidl_adapter/cmake)
-- Found rosidl_generator_cpp: 3.1.7 (/opt/ros/humble/share/rosidl_generator_cpp/cmake)
-- Using all available rosidl_typesupport_c: rosidl_typesupport_fastrtps_c;rosidl_typesupport_introspection_c
-- Using all available rosidl_typesupport_cpp: rosidl_typesupport_fastrtps_cpp;rosidl_typesupport_introspection_cpp
-- Found rmw_implementation_cmake: 6.1.2 (/opt/ros/humble/share/rmw_implementation_cmake/cmake)
-- Found rmw_fastrtps_cpp: 6.2.8 (/opt/ros/humble/share/rmw_fastrtps_cpp/cmake)
-- Using RMW implementation 'rmw_fastrtps_cpp' as default
-- Found sensor_msgs: 4.9.0 (/opt/ros/humble/share/sensor_msgs/cmake)
-- Found hardware_msg: 0.0.0 (/home/pi/Tinker_Sber/Chellenge-Tinker/install/hardware_msg/share/hardware_msg/cmake)
-- Configuring done
-- Generating done
-- Build files have been written to: /home/pi/Tinker_Sber/Chellenge-Tinker/build/motor_control
[ 16%] [32mBuilding CXX object CMakeFiles/Motor_control.dir/src/Motor_control.cpp.o[0m
[ 33%] [32mBuilding C object CMakeFiles/Motor_control.dir/src/comm.c.o[0m
[ 50%] [32mBuilding CXX object CMakeFiles/Motor_control.dir/src/spi.cpp.o[0m
[ 66%] [32mBuilding CXX object CMakeFiles/Motor_control.dir/src/serial.cpp.o[0m
[ 83%] [32mBuilding CXX object CMakeFiles/Motor_control.dir/src/sys_timer.cpp.o[0m
[100%] [32m[1mLinking CXX executable Motor_control[0m
[100%] Built target Motor_control
-- Install configuration: ""
-- Installing: /home/pi/Tinker_Sber/Chellenge-Tinker/install/motor_control/lib/motor_control/Motor_control
-- Set runtime path of "/home/pi/Tinker_Sber/Chellenge-Tinker/install/motor_control/lib/motor_control/Motor_control" to ""
-- Installing: /home/pi/Tinker_Sber/Chellenge-Tinker/install/motor_control/share/motor_control/launch
-- Installing: /home/pi/Tinker_Sber/Chellenge-Tinker/install/motor_control/share/motor_control/launch/display.launch.py
-- Installing: /home/pi/Tinker_Sber/Chellenge-Tinker/install/motor_control/share/motor_control/urdf
-- Installing: /home/pi/Tinker_Sber/Chellenge-Tinker/install/motor_control/share/motor_control/urdf/robot.urdf
-- Installing: /home/pi/Tinker_Sber/Chellenge-Tinker/install/motor_control/share/ament_index/resource_index/package_run_dependencies/motor_control
-- Installing: /home/pi/Tinker_Sber/Chellenge-Tinker/install/motor_control/share/ament_index/resource_index/parent_prefix_path/motor_control
-- Installing: /home/pi/Tinker_Sber/Chellenge-Tinker/install/motor_control/share/motor_control/environment/ament_prefix_path.sh
-- Installing: /home/pi/Tinker_Sber/Chellenge-Tinker/install/motor_control/share/motor_control/environment/ament_prefix_path.dsv
-- Installing: /home/pi/Tinker_Sber/Chellenge-Tinker/install/motor_control/share/motor_control/environment/path.sh
-- Installing: /home/pi/Tinker_Sber/Chellenge-Tinker/install/motor_control/share/motor_control/environment/path.dsv
-- Installing: /home/pi/Tinker_Sber/Chellenge-Tinker/install/motor_control/share/motor_control/local_setup.bash
-- Installing: /home/pi/Tinker_Sber/Chellenge-Tinker/install/motor_control/share/motor_control/local_setup.sh
-- Installing: /home/pi/Tinker_Sber/Chellenge-Tinker/install/motor_control/share/motor_control/local_setup.zsh
-- Installing: /home/pi/Tinker_Sber/Chellenge-Tinker/install/motor_control/share/motor_control/local_setup.dsv
-- Installing: /home/pi/Tinker_Sber/Chellenge-Tinker/install/motor_control/share/motor_control/package.dsv
-- Installing: /home/pi/Tinker_Sber/Chellenge-Tinker/install/motor_control/share/ament_index/resource_index/packages/motor_control
-- Installing: /home/pi/Tinker_Sber/Chellenge-Tinker/install/motor_control/share/motor_control/cmake/motor_controlConfig.cmake
-- Installing: /home/pi/Tinker_Sber/Chellenge-Tinker/install/motor_control/share/motor_control/cmake/motor_controlConfig-version.cmake
-- Installing: /home/pi/Tinker_Sber/Chellenge-Tinker/install/motor_control/share/motor_control/package.xml
