-- Install configuration: ""
-- Up-to-date: /home/pi/Tinker_Sber/Chellenge-Tinker/install/tinker_description/share/tinker_description/launch
-- Up-to-date: /home/pi/Tinker_Sber/Chellenge-Tinker/install/tinker_description/share/tinker_description/launch/display.launch
-- Up-to-date: /home/pi/Tinker_Sber/Chellenge-Tinker/install/tinker_description/share/tinker_description/launch/display.launch.py
-- Up-to-date: /home/pi/Tinker_Sber/Chellenge-Tinker/install/tinker_description/share/tinker_description/urdf
-- Up-to-date: /home/pi/Tinker_Sber/Chellenge-Tinker/install/tinker_description/share/tinker_description/urdf/tinker_urdf1.urdf
-- Up-to-date: /home/pi/Tinker_Sber/Chellenge-Tinker/install/tinker_description/share/tinker_description/urdf/tinker_urdf.csv
-- Up-to-date: /home/pi/Tinker_Sber/Chellenge-Tinker/install/tinker_description/share/tinker_description/urdf/tinker_urdf.urdf
-- Up-to-date: /home/pi/Tinker_Sber/Chellenge-Tinker/install/tinker_description/share/tinker_description/meshes
-- Up-to-date: /home/pi/Tinker_Sber/Chellenge-Tinker/install/tinker_description/share/tinker_description/meshes/link_l_yaw.STL
-- Up-to-date: /home/pi/Tinker_Sber/Chellenge-Tinker/install/tinker_description/share/tinker_description/meshes/link_r_pitch.STL
-- Up-to-date: /home/pi/Tinker_Sber/Chellenge-Tinker/install/tinker_description/share/tinker_description/meshes/link_r_roll.STL
-- Up-to-date: /home/pi/Tinker_Sber/Chellenge-Tinker/install/tinker_description/share/tinker_description/meshes/link_r_ankle.STL
-- Up-to-date: /home/pi/Tinker_Sber/Chellenge-Tinker/install/tinker_description/share/tinker_description/meshes/link_l_knee.STL
-- Up-to-date: /home/pi/Tinker_Sber/Chellenge-Tinker/install/tinker_description/share/tinker_description/meshes/link_l_ankle.STL
-- Up-to-date: /home/pi/Tinker_Sber/Chellenge-Tinker/install/tinker_description/share/tinker_description/meshes/link_l_pitch.STL
-- Up-to-date: /home/pi/Tinker_Sber/Chellenge-Tinker/install/tinker_description/share/tinker_description/meshes/link_l_roll.STL
-- Up-to-date: /home/pi/Tinker_Sber/Chellenge-Tinker/install/tinker_description/share/tinker_description/meshes/base_link.STL
-- Up-to-date: /home/pi/Tinker_Sber/Chellenge-Tinker/install/tinker_description/share/tinker_description/meshes/link_r_knee.STL
-- Up-to-date: /home/pi/Tinker_Sber/Chellenge-Tinker/install/tinker_description/share/tinker_description/meshes/link_r_yaw.STL
-- Up-to-date: /home/pi/Tinker_Sber/Chellenge-Tinker/install/tinker_description/share/ament_index/resource_index/package_run_dependencies/tinker_description
-- Up-to-date: /home/pi/Tinker_Sber/Chellenge-Tinker/install/tinker_description/share/ament_index/resource_index/parent_prefix_path/tinker_description
-- Up-to-date: /home/pi/Tinker_Sber/Chellenge-Tinker/install/tinker_description/share/tinker_description/environment/ament_prefix_path.sh
-- Up-to-date: /home/pi/Tinker_Sber/Chellenge-Tinker/install/tinker_description/share/tinker_description/environment/ament_prefix_path.dsv
-- Up-to-date: /home/pi/Tinker_Sber/Chellenge-Tinker/install/tinker_description/share/tinker_description/environment/path.sh
-- Up-to-date: /home/pi/Tinker_Sber/Chellenge-Tinker/install/tinker_description/share/tinker_description/environment/path.dsv
-- Up-to-date: /home/pi/Tinker_Sber/Chellenge-Tinker/install/tinker_description/share/tinker_description/local_setup.bash
-- Up-to-date: /home/pi/Tinker_Sber/Chellenge-Tinker/install/tinker_description/share/tinker_description/local_setup.sh
-- Up-to-date: /home/pi/Tinker_Sber/Chellenge-Tinker/install/tinker_description/share/tinker_description/local_setup.zsh
-- Up-to-date: /home/pi/Tinker_Sber/Chellenge-Tinker/install/tinker_description/share/tinker_description/local_setup.dsv
-- Installing: /home/pi/Tinker_Sber/Chellenge-Tinker/install/tinker_description/share/tinker_description/package.dsv
-- Up-to-date: /home/pi/Tinker_Sber/Chellenge-Tinker/install/tinker_description/share/ament_index/resource_index/packages/tinker_description
-- Up-to-date: /home/pi/Tinker_Sber/Chellenge-Tinker/install/tinker_description/share/tinker_description/cmake/tinker_descriptionConfig.cmake
-- Up-to-date: /home/pi/Tinker_Sber/Chellenge-Tinker/install/tinker_description/share/tinker_description/cmake/tinker_descriptionConfig-version.cmake
-- Up-to-date: /home/pi/Tinker_Sber/Chellenge-Tinker/install/tinker_description/share/tinker_description/package.xml
