[0.064s] Invoking command in '/home/pi/Tinker_Sber/Chellenge-Tinker/build/tinker_description': CMAKE_PREFIX_PATH=${CMAKE_PREFIX_PATH}:/opt/ros/humble /usr/bin/cmake --build /home/pi/Tinker_Sber/Chellenge-Tinker/build/tinker_description -- -j4 -l4
[0.096s] gmake: Warning: File 'Makefile' has modification time 1389 s in the future
[0.173s] gmake[1]: Warning: File 'CMakeFiles/Makefile2' has modification time 1389 s in the future
[0.173s] gmake[1]: warning:  Clock skew detected.  Your build may be incomplete.
[0.202s] gmake: warning:  Clock skew detected.  Your build may be incomplete.
[0.209s] Invoked command in '/home/pi/Tinker_Sber/Chellenge-Tinker/build/tinker_description' returned '0': CMAKE_PREFIX_PATH=${CMAKE_PREFIX_PATH}:/opt/ros/humble /usr/bin/cmake --build /home/pi/Tinker_Sber/Chellenge-Tinker/build/tinker_description -- -j4 -l4
[0.255s] Invoking command in '/home/pi/Tinker_Sber/Chellenge-Tinker/build/tinker_description': CMAKE_PREFIX_PATH=${CMAKE_PREFIX_PATH}:/opt/ros/humble /usr/bin/cmake --install /home/pi/Tinker_Sber/Chellenge-Tinker/build/tinker_description
[0.287s] -- Install configuration: ""
[0.288s] -- Up-to-date: /home/pi/Tinker_Sber/Chellenge-Tinker/install/tinker_description/share/tinker_description/launch
[0.288s] -- Up-to-date: /home/pi/Tinker_Sber/Chellenge-Tinker/install/tinker_description/share/tinker_description/launch/display.launch
[0.289s] -- Up-to-date: /home/pi/Tinker_Sber/Chellenge-Tinker/install/tinker_description/share/tinker_description/launch/display.launch.py
[0.290s] -- Up-to-date: /home/pi/Tinker_Sber/Chellenge-Tinker/install/tinker_description/share/tinker_description/urdf
[0.290s] -- Up-to-date: /home/pi/Tinker_Sber/Chellenge-Tinker/install/tinker_description/share/tinker_description/urdf/tinker_urdf1.urdf
[0.291s] -- Up-to-date: /home/pi/Tinker_Sber/Chellenge-Tinker/install/tinker_description/share/tinker_description/urdf/tinker_urdf.csv
[0.292s] -- Up-to-date: /home/pi/Tinker_Sber/Chellenge-Tinker/install/tinker_description/share/tinker_description/urdf/tinker_urdf.urdf
[0.293s] -- Up-to-date: /home/pi/Tinker_Sber/Chellenge-Tinker/install/tinker_description/share/tinker_description/meshes
[0.294s] -- Up-to-date: /home/pi/Tinker_Sber/Chellenge-Tinker/install/tinker_description/share/tinker_description/meshes/link_l_yaw.STL
[0.295s] -- Up-to-date: /home/pi/Tinker_Sber/Chellenge-Tinker/install/tinker_description/share/tinker_description/meshes/link_r_pitch.STL
[0.296s] -- Up-to-date: /home/pi/Tinker_Sber/Chellenge-Tinker/install/tinker_description/share/tinker_description/meshes/link_r_roll.STL
[0.296s] -- Up-to-date: /home/pi/Tinker_Sber/Chellenge-Tinker/install/tinker_description/share/tinker_description/meshes/link_r_ankle.STL
[0.297s] -- Up-to-date: /home/pi/Tinker_Sber/Chellenge-Tinker/install/tinker_description/share/tinker_description/meshes/link_l_knee.STL
[0.298s] -- Up-to-date: /home/pi/Tinker_Sber/Chellenge-Tinker/install/tinker_description/share/tinker_description/meshes/link_l_ankle.STL
[0.299s] -- Up-to-date: /home/pi/Tinker_Sber/Chellenge-Tinker/install/tinker_description/share/tinker_description/meshes/link_l_pitch.STL
[0.299s] -- Up-to-date: /home/pi/Tinker_Sber/Chellenge-Tinker/install/tinker_description/share/tinker_description/meshes/link_l_roll.STL
[0.300s] -- Up-to-date: /home/pi/Tinker_Sber/Chellenge-Tinker/install/tinker_description/share/tinker_description/meshes/base_link.STL
[0.300s] -- Up-to-date: /home/pi/Tinker_Sber/Chellenge-Tinker/install/tinker_description/share/tinker_description/meshes/link_r_knee.STL
[0.301s] -- Up-to-date: /home/pi/Tinker_Sber/Chellenge-Tinker/install/tinker_description/share/tinker_description/meshes/link_r_yaw.STL
[0.302s] -- Up-to-date: /home/pi/Tinker_Sber/Chellenge-Tinker/install/tinker_description/share/ament_index/resource_index/package_run_dependencies/tinker_description
[0.302s] -- Up-to-date: /home/pi/Tinker_Sber/Chellenge-Tinker/install/tinker_description/share/ament_index/resource_index/parent_prefix_path/tinker_description
[0.303s] -- Up-to-date: /home/pi/Tinker_Sber/Chellenge-Tinker/install/tinker_description/share/tinker_description/environment/ament_prefix_path.sh
[0.304s] -- Up-to-date: /home/pi/Tinker_Sber/Chellenge-Tinker/install/tinker_description/share/tinker_description/environment/ament_prefix_path.dsv
[0.304s] -- Up-to-date: /home/pi/Tinker_Sber/Chellenge-Tinker/install/tinker_description/share/tinker_description/environment/path.sh
[0.305s] -- Up-to-date: /home/pi/Tinker_Sber/Chellenge-Tinker/install/tinker_description/share/tinker_description/environment/path.dsv
[0.305s] -- Up-to-date: /home/pi/Tinker_Sber/Chellenge-Tinker/install/tinker_description/share/tinker_description/local_setup.bash
[0.306s] -- Up-to-date: /home/pi/Tinker_Sber/Chellenge-Tinker/install/tinker_description/share/tinker_description/local_setup.sh
[0.307s] -- Up-to-date: /home/pi/Tinker_Sber/Chellenge-Tinker/install/tinker_description/share/tinker_description/local_setup.zsh
[0.309s] -- Up-to-date: /home/pi/Tinker_Sber/Chellenge-Tinker/install/tinker_description/share/tinker_description/local_setup.dsv
[0.320s] -- Installing: /home/pi/Tinker_Sber/Chellenge-Tinker/install/tinker_description/share/tinker_description/package.dsv
[0.322s] -- Up-to-date: /home/pi/Tinker_Sber/Chellenge-Tinker/install/tinker_description/share/ament_index/resource_index/packages/tinker_description
[0.323s] -- Up-to-date: /home/pi/Tinker_Sber/Chellenge-Tinker/install/tinker_description/share/tinker_description/cmake/tinker_descriptionConfig.cmake
[0.324s] -- Up-to-date: /home/pi/Tinker_Sber/Chellenge-Tinker/install/tinker_description/share/tinker_description/cmake/tinker_descriptionConfig-version.cmake
[0.325s] -- Up-to-date: /home/pi/Tinker_Sber/Chellenge-Tinker/install/tinker_description/share/tinker_description/package.xml
[0.326s] Invoked command in '/home/pi/Tinker_Sber/Chellenge-Tinker/build/tinker_description' returned '0': CMAKE_PREFIX_PATH=${CMAKE_PREFIX_PATH}:/opt/ros/humble /usr/bin/cmake --install /home/pi/Tinker_Sber/Chellenge-Tinker/build/tinker_description
