[0.053s] Invoking command in '/mnt/c/tinker/Tinker_Sber/build/hardware_msg': CMAKE_PREFIX_PATH=${CMAKE_PREFIX_PATH}:/opt/ros/jazzy /usr/bin/cmake /mnt/c/tinker/Tinker_Sber/Chellenge-Tinker/hardware_msg -DCMAKE_INSTALL_PREFIX=/mnt/c/tinker/Tinker_Sber/install/hardware_msg
[0.399s] -- The C compiler identification is GNU 13.3.0
[1.119s] -- The CXX compiler identification is GNU 13.3.0
[1.737s] -- Detecting C compiler ABI info
[2.335s] -- Detecting C compiler ABI info - done
[2.361s] -- Check for working C compiler: /usr/bin/cc - skipped
[2.361s] -- Detecting C compile features
[2.363s] -- Detecting C compile features - done
[2.466s] -- Detecting CXX compiler ABI info
[3.025s] -- Detecting CXX compiler ABI info - done
[3.048s] -- Check for working CXX compiler: /usr/bin/c++ - skipped
[3.048s] -- Detecting CXX compile features
[3.049s] -- Detecting CXX compile features - done
[3.115s] -- Found ament_cmake: 2.5.3 (/opt/ros/jazzy/share/ament_cmake/cmake)
[3.263s] -- Found Python3: /usr/bin/python3 (found version "3.12.3") found components: Interpreter 
[3.633s] -- Found rclcpp: 28.1.6 (/opt/ros/jazzy/share/rclcpp/cmake)
[3.985s] -- Found rosidl_generator_c: 4.6.5 (/opt/ros/jazzy/share/rosidl_generator_c/cmake)
[4.049s] -- Found rosidl_generator_cpp: 4.6.5 (/opt/ros/jazzy/share/rosidl_generator_cpp/cmake)
[4.132s] -- Using all available rosidl_typesupport_c: rosidl_typesupport_fastrtps_c;rosidl_typesupport_introspection_c
[4.211s] -- Using all available rosidl_typesupport_cpp: rosidl_typesupport_fastrtps_cpp;rosidl_typesupport_introspection_cpp
[4.466s] -- Found rmw_implementation_cmake: 7.3.1 (/opt/ros/jazzy/share/rmw_implementation_cmake/cmake)
[4.485s] -- Found rmw_fastrtps_cpp: 8.4.1 (/opt/ros/jazzy/share/rmw_fastrtps_cpp/cmake)
[4.649s] -- Found OpenSSL: /usr/lib/x86_64-linux-gnu/libcrypto.so (found version "3.0.13")  
[4.907s] -- Found FastRTPS: /opt/ros/jazzy/include (Required is at least version "2.13") 
[5.049s] -- Using RMW implementation 'rmw_fastrtps_cpp' as default
[5.401s] -- Found rosidl_default_generators: 1.6.0 (/opt/ros/jazzy/share/rosidl_default_generators/cmake)
[5.489s] -- Found rosidl_adapter: 4.6.5 (/opt/ros/jazzy/share/rosidl_adapter/cmake)
[6.649s] -- Found ament_cmake_ros: 0.12.0 (/opt/ros/jazzy/share/ament_cmake_ros/cmake)
[7.918s] -- Using all available rosidl_typesupport_c: rosidl_typesupport_fastrtps_c;rosidl_typesupport_introspection_c
[8.293s] -- Using all available rosidl_typesupport_cpp: rosidl_typesupport_fastrtps_cpp;rosidl_typesupport_introspection_cpp
[8.310s] -- Found python_cmake_module: 0.11.1 (/opt/ros/jazzy/share/python_cmake_module/cmake)
[8.424s] -- Found PythonExtra: /usr/bin/python3  
[8.824s] -- Found Python3: /usr/bin/python3 (found version "3.12.3") found components: Interpreter Development NumPy Development.Module Development.Embed 
[9.522s] -- Configuring done (9.4s)
[10.941s] -- Generating done (1.2s)
[11.577s] -- Build files have been written to: /mnt/c/tinker/Tinker_Sber/build/hardware_msg
[11.591s] Invoked command in '/mnt/c/tinker/Tinker_Sber/build/hardware_msg' returned '0': CMAKE_PREFIX_PATH=${CMAKE_PREFIX_PATH}:/opt/ros/jazzy /usr/bin/cmake /mnt/c/tinker/Tinker_Sber/Chellenge-Tinker/hardware_msg -DCMAKE_INSTALL_PREFIX=/mnt/c/tinker/Tinker_Sber/install/hardware_msg
[11.598s] Invoking command in '/mnt/c/tinker/Tinker_Sber/build/hardware_msg': CMAKE_PREFIX_PATH=${CMAKE_PREFIX_PATH}:/opt/ros/jazzy /usr/bin/cmake --build /mnt/c/tinker/Tinker_Sber/build/hardware_msg -- -j12 -l12
[11.780s] [  1%] [34m[1mGenerating type hashes for ROS interfaces[0m
[11.798s] [  1%] Built target ament_cmake_python_copy_hardware_msg
[12.018s] running egg_info
[12.019s] creating hardware_msg.egg-info
[12.037s] writing hardware_msg.egg-info/PKG-INFO
[12.038s] [  1%] Built target hardware_msg__rosidl_generator_type_description
[12.040s] writing dependency_links to hardware_msg.egg-info/dependency_links.txt
[12.044s] writing top-level names to hardware_msg.egg-info/top_level.txt
[12.047s] writing manifest file 'hardware_msg.egg-info/SOURCES.txt'
[12.079s] [  2%] [34m[1mGenerating C code for ROS interfaces[0m
[12.107s] reading manifest file 'hardware_msg.egg-info/SOURCES.txt'
[12.123s] writing manifest file 'hardware_msg.egg-info/SOURCES.txt'
[12.135s] [  3%] [34m[1mGenerating C++ code for ROS interfaces[0m
[12.159s] [  3%] Built target ament_cmake_python_build_hardware_msg_egg
[12.891s] [  3%] Built target hardware_msg__cpp
[13.291s] [  4%] [32mBuilding C object CMakeFiles/hardware_msg__rosidl_generator_c.dir/rosidl_generator_c/hardware_msg/msg/detail/board_parameters__description.c.o[0m
[13.297s] [  5%] [32mBuilding C object CMakeFiles/hardware_msg__rosidl_generator_c.dir/rosidl_generator_c/hardware_msg/msg/detail/board_parameters__functions.c.o[0m
[13.300s] [  6%] [32mBuilding C object CMakeFiles/hardware_msg__rosidl_generator_c.dir/rosidl_generator_c/hardware_msg/msg/detail/board_parameters__type_support.c.o[0m
[13.303s] [  7%] [32mBuilding C object CMakeFiles/hardware_msg__rosidl_generator_c.dir/rosidl_generator_c/hardware_msg/msg/detail/imu_parameters__description.c.o[0m
[13.310s] [  8%] [32mBuilding C object CMakeFiles/hardware_msg__rosidl_generator_c.dir/rosidl_generator_c/hardware_msg/msg/detail/imu_parameters__functions.c.o[0m
[13.316s] [  9%] [32mBuilding C object CMakeFiles/hardware_msg__rosidl_generator_c.dir/rosidl_generator_c/hardware_msg/msg/detail/imu_parameters__type_support.c.o[0m
[13.321s] [ 10%] [32mBuilding C object CMakeFiles/hardware_msg__rosidl_generator_c.dir/rosidl_generator_c/hardware_msg/msg/detail/motor_parameters__description.c.o[0m
[13.325s] [ 11%] [32mBuilding C object CMakeFiles/hardware_msg__rosidl_generator_c.dir/rosidl_generator_c/hardware_msg/msg/detail/motor_parameters__functions.c.o[0m
[13.331s] [ 12%] [32mBuilding C object CMakeFiles/hardware_msg__rosidl_generator_c.dir/rosidl_generator_c/hardware_msg/msg/detail/motor_parameters__type_support.c.o[0m
[13.338s] [ 13%] [32mBuilding C object CMakeFiles/hardware_msg__rosidl_generator_c.dir/rosidl_generator_c/hardware_msg/msg/detail/motors_states__description.c.o[0m
[13.343s] [ 14%] [32mBuilding C object CMakeFiles/hardware_msg__rosidl_generator_c.dir/rosidl_generator_c/hardware_msg/msg/detail/motors_states__functions.c.o[0m
[13.348s] [ 15%] [32mBuilding C object CMakeFiles/hardware_msg__rosidl_generator_c.dir/rosidl_generator_c/hardware_msg/msg/detail/motors_states__type_support.c.o[0m
[13.470s] [ 17%] [32mBuilding C object CMakeFiles/hardware_msg__rosidl_generator_c.dir/rosidl_generator_c/hardware_msg/msg/detail/imu__description.c.o[0m
[13.488s] [ 18%] [32mBuilding C object CMakeFiles/hardware_msg__rosidl_generator_c.dir/rosidl_generator_c/hardware_msg/msg/detail/imu__functions.c.o[0m
[13.497s] [ 19%] [32mBuilding C object CMakeFiles/hardware_msg__rosidl_generator_c.dir/rosidl_generator_c/hardware_msg/msg/detail/imu__type_support.c.o[0m
[13.506s] [ 20%] [32mBuilding C object CMakeFiles/hardware_msg__rosidl_generator_c.dir/rosidl_generator_c/hardware_msg/msg/detail/motor_data__description.c.o[0m
[13.511s] [ 21%] [32mBuilding C object CMakeFiles/hardware_msg__rosidl_generator_c.dir/rosidl_generator_c/hardware_msg/msg/detail/motor_data__functions.c.o[0m
[13.519s] [ 22%] [32mBuilding C object CMakeFiles/hardware_msg__rosidl_generator_c.dir/rosidl_generator_c/hardware_msg/msg/detail/motor_data__type_support.c.o[0m
[13.526s] [ 23%] [32mBuilding C object CMakeFiles/hardware_msg__rosidl_generator_c.dir/rosidl_generator_c/hardware_msg/msg/detail/motors_commands__description.c.o[0m
[13.534s] [ 25%] [32mBuilding C object CMakeFiles/hardware_msg__rosidl_generator_c.dir/rosidl_generator_c/hardware_msg/msg/detail/motors_commands__functions.c.o[0m
[13.536s] [ 25%] [32mBuilding C object CMakeFiles/hardware_msg__rosidl_generator_c.dir/rosidl_generator_c/hardware_msg/msg/detail/motors_commands__type_support.c.o[0m
[13.682s] [ 26%] [32m[1mLinking C shared library libhardware_msg__rosidl_generator_c.so[0m
[14.155s] [ 26%] Built target hardware_msg__rosidl_generator_c
[14.199s] [ 31%] [34m[1mGenerating C++ introspection for ROS interfaces[0m
[14.200s] [ 31%] [34m[1mGenerating C++ type support for eProsima Fast-RTPS[0m
[14.201s] [ 31%] [34m[1mGenerating C introspection for ROS interfaces[0m
[14.202s] [ 31%] [34m[1mGenerating C++ type support dispatch for ROS interfaces[0m
[14.203s] [ 31%] [34m[1mGenerating C type support dispatch for ROS interfaces[0m
[14.204s] [ 32%] [34m[1mGenerating C type support for eProsima Fast-RTPS[0m
[14.772s] [ 34%] [32mBuilding CXX object CMakeFiles/hardware_msg__rosidl_typesupport_cpp.dir/rosidl_typesupport_cpp/hardware_msg/msg/board_parameters__type_support.cpp.o[0m
[14.780s] [ 36%] [32mBuilding CXX object CMakeFiles/hardware_msg__rosidl_typesupport_cpp.dir/rosidl_typesupport_cpp/hardware_msg/msg/imu_parameters__type_support.cpp.o[0m
[14.781s] [ 36%] [32mBuilding CXX object CMakeFiles/hardware_msg__rosidl_typesupport_cpp.dir/rosidl_typesupport_cpp/hardware_msg/msg/motor_parameters__type_support.cpp.o[0m
[14.819s] [ 37%] [32mBuilding CXX object CMakeFiles/hardware_msg__rosidl_typesupport_cpp.dir/rosidl_typesupport_cpp/hardware_msg/msg/motors_states__type_support.cpp.o[0m
[14.830s] [ 40%] [32mBuilding CXX object CMakeFiles/hardware_msg__rosidl_typesupport_cpp.dir/rosidl_typesupport_cpp/hardware_msg/msg/imu__type_support.cpp.o[0m
[14.832s] [ 40%] [32mBuilding CXX object CMakeFiles/hardware_msg__rosidl_typesupport_cpp.dir/rosidl_typesupport_cpp/hardware_msg/msg/motor_data__type_support.cpp.o[0m
[14.843s] [ 41%] [32mBuilding CXX object CMakeFiles/hardware_msg__rosidl_typesupport_c.dir/rosidl_typesupport_c/hardware_msg/msg/board_parameters__type_support.cpp.o[0m
[14.847s] [ 41%] [32mBuilding CXX object CMakeFiles/hardware_msg__rosidl_typesupport_cpp.dir/rosidl_typesupport_cpp/hardware_msg/msg/motors_commands__type_support.cpp.o[0m
[15.059s] [ 42%] [32mBuilding CXX object CMakeFiles/hardware_msg__rosidl_typesupport_c.dir/rosidl_typesupport_c/hardware_msg/msg/imu_parameters__type_support.cpp.o[0m
[15.264s] [ 44%] [32mBuilding C object CMakeFiles/hardware_msg__rosidl_typesupport_introspection_c.dir/rosidl_typesupport_introspection_c/hardware_msg/msg/detail/board_parameters__type_support.c.o[0m
[15.266s] [ 44%] [32mBuilding CXX object CMakeFiles/hardware_msg__rosidl_typesupport_introspection_cpp.dir/rosidl_typesupport_introspection_cpp/hardware_msg/msg/detail/board_parameters__type_support.cpp.o[0m
[15.314s] [ 45%] [32mBuilding CXX object CMakeFiles/hardware_msg__rosidl_typesupport_c.dir/rosidl_typesupport_c/hardware_msg/msg/motor_parameters__type_support.cpp.o[0m
[15.464s] [ 46%] [32mBuilding CXX object CMakeFiles/hardware_msg__rosidl_typesupport_fastrtps_cpp.dir/rosidl_typesupport_fastrtps_cpp/hardware_msg/msg/detail/dds_fastrtps/board_parameters__type_support.cpp.o[0m
[15.472s] [ 47%] [32mBuilding CXX object CMakeFiles/hardware_msg__rosidl_typesupport_fastrtps_c.dir/rosidl_typesupport_fastrtps_c/hardware_msg/msg/detail/board_parameters__type_support_c.cpp.o[0m
[15.630s] [ 48%] [32mBuilding CXX object CMakeFiles/hardware_msg__rosidl_typesupport_c.dir/rosidl_typesupport_c/hardware_msg/msg/motors_states__type_support.cpp.o[0m
[15.639s] [ 50%] [32mBuilding C object CMakeFiles/hardware_msg__rosidl_typesupport_introspection_c.dir/rosidl_typesupport_introspection_c/hardware_msg/msg/detail/imu_parameters__type_support.c.o[0m
[15.761s] [ 53%] [32mBuilding C object CMakeFiles/hardware_msg__rosidl_typesupport_introspection_c.dir/rosidl_typesupport_introspection_c/hardware_msg/msg/detail/motor_parameters__type_support.c.o[0m
[15.763s] [ 53%] [32mBuilding CXX object CMakeFiles/hardware_msg__rosidl_typesupport_c.dir/rosidl_typesupport_c/hardware_msg/msg/imu__type_support.cpp.o[0m
[15.764s] [ 53%] [32mBuilding CXX object CMakeFiles/hardware_msg__rosidl_typesupport_fastrtps_c.dir/rosidl_typesupport_fastrtps_c/hardware_msg/msg/detail/imu_parameters__type_support_c.cpp.o[0m
[15.773s] [ 56%] [32mBuilding C object CMakeFiles/hardware_msg__rosidl_typesupport_introspection_c.dir/rosidl_typesupport_introspection_c/hardware_msg/msg/detail/motors_states__type_support.c.o[0m
[15.775s] [ 56%] [32mBuilding CXX object CMakeFiles/hardware_msg__rosidl_typesupport_fastrtps_cpp.dir/rosidl_typesupport_fastrtps_cpp/hardware_msg/msg/detail/dds_fastrtps/imu_parameters__type_support.cpp.o[0m
[15.776s] [ 56%] [32mBuilding CXX object CMakeFiles/hardware_msg__rosidl_typesupport_introspection_cpp.dir/rosidl_typesupport_introspection_cpp/hardware_msg/msg/detail/imu_parameters__type_support.cpp.o[0m
[15.785s] [ 57%] [32m[1mLinking CXX shared library libhardware_msg__rosidl_typesupport_cpp.so[0m
[15.945s] [ 58%] [32mBuilding C object CMakeFiles/hardware_msg__rosidl_typesupport_introspection_c.dir/rosidl_typesupport_introspection_c/hardware_msg/msg/detail/imu__type_support.c.o[0m
[15.965s] [ 59%] [32mBuilding CXX object CMakeFiles/hardware_msg__rosidl_typesupport_c.dir/rosidl_typesupport_c/hardware_msg/msg/motor_data__type_support.cpp.o[0m
[16.002s] [ 60%] [32mBuilding C object CMakeFiles/hardware_msg__rosidl_typesupport_introspection_c.dir/rosidl_typesupport_introspection_c/hardware_msg/msg/detail/motor_data__type_support.c.o[0m
[16.025s] [ 62%] [32mBuilding CXX object CMakeFiles/hardware_msg__rosidl_typesupport_c.dir/rosidl_typesupport_c/hardware_msg/msg/motors_commands__type_support.cpp.o[0m
[16.027s] [ 62%] [32mBuilding CXX object CMakeFiles/hardware_msg__rosidl_typesupport_introspection_cpp.dir/rosidl_typesupport_introspection_cpp/hardware_msg/msg/detail/motor_parameters__type_support.cpp.o[0m
[16.191s] [ 63%] [32mBuilding CXX object CMakeFiles/hardware_msg__rosidl_typesupport_fastrtps_cpp.dir/rosidl_typesupport_fastrtps_cpp/hardware_msg/msg/detail/dds_fastrtps/motor_parameters__type_support.cpp.o[0m
[16.222s] [ 65%] [32m[1mLinking CXX shared library libhardware_msg__rosidl_typesupport_c.so[0m
[16.224s] [ 65%] [32mBuilding CXX object CMakeFiles/hardware_msg__rosidl_typesupport_fastrtps_cpp.dir/rosidl_typesupport_fastrtps_cpp/hardware_msg/msg/detail/dds_fastrtps/motors_states__type_support.cpp.o[0m
[16.321s] [ 67%] [32mBuilding C object CMakeFiles/hardware_msg__rosidl_typesupport_introspection_c.dir/rosidl_typesupport_introspection_c/hardware_msg/msg/detail/motors_commands__type_support.c.o[0m
[16.509s] [ 67%] Built target hardware_msg__rosidl_typesupport_cpp
[16.535s] [ 68%] [32mBuilding CXX object CMakeFiles/hardware_msg__rosidl_typesupport_fastrtps_cpp.dir/rosidl_typesupport_fastrtps_cpp/hardware_msg/msg/detail/dds_fastrtps/imu__type_support.cpp.o[0m
[16.541s] [ 69%] [32mBuilding CXX object CMakeFiles/hardware_msg__rosidl_typesupport_introspection_cpp.dir/rosidl_typesupport_introspection_cpp/hardware_msg/msg/detail/motors_states__type_support.cpp.o[0m
[16.722s] [ 71%] [32m[1mLinking C shared library libhardware_msg__rosidl_typesupport_introspection_c.so[0m
[16.724s] [ 71%] [32mBuilding CXX object CMakeFiles/hardware_msg__rosidl_typesupport_introspection_cpp.dir/rosidl_typesupport_introspection_cpp/hardware_msg/msg/detail/imu__type_support.cpp.o[0m
[16.888s] [ 71%] Built target hardware_msg__rosidl_typesupport_c
[16.913s] [ 73%] [32mBuilding CXX object CMakeFiles/hardware_msg__rosidl_typesupport_introspection_cpp.dir/rosidl_typesupport_introspection_cpp/hardware_msg/msg/detail/motor_data__type_support.cpp.o[0m
[16.914s] [ 73%] [32mBuilding CXX object CMakeFiles/hardware_msg__rosidl_typesupport_fastrtps_c.dir/rosidl_typesupport_fastrtps_c/hardware_msg/msg/detail/motor_parameters__type_support_c.cpp.o[0m
[16.979s] [ 74%] [32mBuilding CXX object CMakeFiles/hardware_msg__rosidl_typesupport_fastrtps_c.dir/rosidl_typesupport_fastrtps_c/hardware_msg/msg/detail/motors_states__type_support_c.cpp.o[0m
[16.985s] [ 75%] [32mBuilding CXX object CMakeFiles/hardware_msg__rosidl_typesupport_fastrtps_c.dir/rosidl_typesupport_fastrtps_c/hardware_msg/msg/detail/imu__type_support_c.cpp.o[0m
[17.165s] [ 76%] [32mBuilding CXX object CMakeFiles/hardware_msg__rosidl_typesupport_fastrtps_c.dir/rosidl_typesupport_fastrtps_c/hardware_msg/msg/detail/motor_data__type_support_c.cpp.o[0m
[17.267s] [ 77%] [32mBuilding CXX object CMakeFiles/hardware_msg__rosidl_typesupport_fastrtps_c.dir/rosidl_typesupport_fastrtps_c/hardware_msg/msg/detail/motors_commands__type_support_c.cpp.o[0m
[17.455s] [ 77%] Built target hardware_msg__rosidl_typesupport_introspection_c
[17.481s] [ 78%] [32mBuilding CXX object CMakeFiles/hardware_msg__rosidl_typesupport_fastrtps_cpp.dir/rosidl_typesupport_fastrtps_cpp/hardware_msg/msg/detail/dds_fastrtps/motor_data__type_support.cpp.o[0m
[17.701s] [ 79%] [32mBuilding CXX object CMakeFiles/hardware_msg__rosidl_typesupport_fastrtps_cpp.dir/rosidl_typesupport_fastrtps_cpp/hardware_msg/msg/detail/dds_fastrtps/motors_commands__type_support.cpp.o[0m
[17.709s] [ 80%] [32mBuilding CXX object CMakeFiles/hardware_msg__rosidl_typesupport_introspection_cpp.dir/rosidl_typesupport_introspection_cpp/hardware_msg/msg/detail/motors_commands__type_support.cpp.o[0m
[18.375s] [ 81%] [32m[1mLinking CXX shared library libhardware_msg__rosidl_typesupport_fastrtps_c.so[0m
[18.576s] [ 82%] [32m[1mLinking CXX shared library libhardware_msg__rosidl_typesupport_introspection_cpp.so[0m
[18.683s] [ 82%] Built target hardware_msg__rosidl_typesupport_fastrtps_c
[18.747s] [ 84%] [32m[1mLinking CXX shared library libhardware_msg__rosidl_typesupport_fastrtps_cpp.so[0m
[18.894s] [ 84%] Built target hardware_msg__rosidl_typesupport_introspection_cpp
[19.095s] [ 84%] Built target hardware_msg__rosidl_typesupport_fastrtps_cpp
[19.143s] [ 84%] Built target hardware_msg
[19.207s] [ 85%] [34m[1mGenerating Python code for ROS interfaces[0m
[19.826s] [ 85%] Built target hardware_msg__py
[19.894s] [ 87%] [32mBuilding C object CMakeFiles/hardware_msg__rosidl_generator_py.dir/rosidl_generator_py/hardware_msg/msg/_board_parameters_s.c.o[0m
[19.895s] [ 87%] [32mBuilding C object CMakeFiles/hardware_msg__rosidl_generator_py.dir/rosidl_generator_py/hardware_msg/msg/_imu_parameters_s.c.o[0m
[19.900s] [ 88%] [32mBuilding C object CMakeFiles/hardware_msg__rosidl_generator_py.dir/rosidl_generator_py/hardware_msg/msg/_motor_parameters_s.c.o[0m
[19.903s] [ 89%] [32mBuilding C object CMakeFiles/hardware_msg__rosidl_generator_py.dir/rosidl_generator_py/hardware_msg/msg/_motors_states_s.c.o[0m
[19.908s] [ 90%] [32mBuilding C object CMakeFiles/hardware_msg__rosidl_generator_py.dir/rosidl_generator_py/hardware_msg/msg/_imu_s.c.o[0m
[19.915s] [ 92%] [32mBuilding C object CMakeFiles/hardware_msg__rosidl_generator_py.dir/rosidl_generator_py/hardware_msg/msg/_motor_data_s.c.o[0m
[19.916s] [ 92%] [32mBuilding C object CMakeFiles/hardware_msg__rosidl_generator_py.dir/rosidl_generator_py/hardware_msg/msg/_motors_commands_s.c.o[0m
[20.244s] [ 93%] [32m[1mLinking C shared library libhardware_msg__rosidl_generator_py.so[0m
[20.510s] [ 93%] Built target hardware_msg__rosidl_generator_py
[20.570s] [ 96%] [32mBuilding C object CMakeFiles/hardware_msg_s__rosidl_typesupport_c.dir/rosidl_generator_py/hardware_msg/_hardware_msg_s.ep.rosidl_typesupport_c.c.o[0m
[20.571s] [ 96%] [32mBuilding C object CMakeFiles/hardware_msg_s__rosidl_typesupport_introspection_c.dir/rosidl_generator_py/hardware_msg/_hardware_msg_s.ep.rosidl_typesupport_introspection_c.c.o[0m
[20.571s] [ 96%] [32mBuilding C object CMakeFiles/hardware_msg_s__rosidl_typesupport_fastrtps_c.dir/rosidl_generator_py/hardware_msg/_hardware_msg_s.ep.rosidl_typesupport_fastrtps_c.c.o[0m
[20.904s] [ 97%] [32m[1mLinking C shared module rosidl_generator_py/hardware_msg/hardware_msg_s__rosidl_typesupport_c.so[0m
[20.954s] [ 98%] [32m[1mLinking C shared module rosidl_generator_py/hardware_msg/hardware_msg_s__rosidl_typesupport_introspection_c.so[0m
[20.957s] [100%] [32m[1mLinking C shared module rosidl_generator_py/hardware_msg/hardware_msg_s__rosidl_typesupport_fastrtps_c.so[0m
[21.124s] [100%] Built target hardware_msg_s__rosidl_typesupport_c
[21.143s] [100%] Built target hardware_msg_s__rosidl_typesupport_introspection_c
[21.156s] [100%] Built target hardware_msg_s__rosidl_typesupport_fastrtps_c
[21.369s] Invoked command in '/mnt/c/tinker/Tinker_Sber/build/hardware_msg' returned '0': CMAKE_PREFIX_PATH=${CMAKE_PREFIX_PATH}:/opt/ros/jazzy /usr/bin/cmake --build /mnt/c/tinker/Tinker_Sber/build/hardware_msg -- -j12 -l12
[21.382s] Invoking command in '/mnt/c/tinker/Tinker_Sber/build/hardware_msg': CMAKE_PREFIX_PATH=${CMAKE_PREFIX_PATH}:/opt/ros/jazzy /usr/bin/cmake --install /mnt/c/tinker/Tinker_Sber/build/hardware_msg
[21.392s] -- Install configuration: ""
[21.414s] -- Installing: /mnt/c/tinker/Tinker_Sber/install/hardware_msg/share/ament_index/resource_index/rosidl_interfaces/hardware_msg
[21.477s] -- Installing: /mnt/c/tinker/Tinker_Sber/install/hardware_msg/share/hardware_msg/msg/BoardParameters.json
[21.529s] -- Installing: /mnt/c/tinker/Tinker_Sber/install/hardware_msg/share/hardware_msg/msg/ImuParameters.json
[21.585s] -- Installing: /mnt/c/tinker/Tinker_Sber/install/hardware_msg/share/hardware_msg/msg/MotorParameters.json
[21.637s] -- Installing: /mnt/c/tinker/Tinker_Sber/install/hardware_msg/share/hardware_msg/msg/MotorsStates.json
[21.687s] -- Installing: /mnt/c/tinker/Tinker_Sber/install/hardware_msg/share/hardware_msg/msg/Imu.json
[21.739s] -- Installing: /mnt/c/tinker/Tinker_Sber/install/hardware_msg/share/hardware_msg/msg/MotorData.json
[21.794s] -- Installing: /mnt/c/tinker/Tinker_Sber/install/hardware_msg/share/hardware_msg/msg/MotorsCommands.json
[21.839s] -- Installing: /mnt/c/tinker/Tinker_Sber/install/hardware_msg/include/hardware_msg/hardware_msg
[21.860s] -- Installing: /mnt/c/tinker/Tinker_Sber/install/hardware_msg/include/hardware_msg/hardware_msg/msg
[21.884s] -- Installing: /mnt/c/tinker/Tinker_Sber/install/hardware_msg/include/hardware_msg/hardware_msg/msg/board_parameters.h
[21.933s] -- Installing: /mnt/c/tinker/Tinker_Sber/install/hardware_msg/include/hardware_msg/hardware_msg/msg/detail
[21.961s] -- Installing: /mnt/c/tinker/Tinker_Sber/install/hardware_msg/include/hardware_msg/hardware_msg/msg/detail/board_parameters__description.c
[22.022s] -- Installing: /mnt/c/tinker/Tinker_Sber/install/hardware_msg/include/hardware_msg/hardware_msg/msg/detail/board_parameters__functions.c
[22.086s] -- Installing: /mnt/c/tinker/Tinker_Sber/install/hardware_msg/include/hardware_msg/hardware_msg/msg/detail/board_parameters__functions.h
[22.147s] -- Installing: /mnt/c/tinker/Tinker_Sber/install/hardware_msg/include/hardware_msg/hardware_msg/msg/detail/board_parameters__struct.h
[22.208s] -- Installing: /mnt/c/tinker/Tinker_Sber/install/hardware_msg/include/hardware_msg/hardware_msg/msg/detail/board_parameters__type_support.c
[22.267s] -- Installing: /mnt/c/tinker/Tinker_Sber/install/hardware_msg/include/hardware_msg/hardware_msg/msg/detail/board_parameters__type_support.h
[22.327s] -- Installing: /mnt/c/tinker/Tinker_Sber/install/hardware_msg/include/hardware_msg/hardware_msg/msg/detail/imu_parameters__description.c
[22.388s] -- Installing: /mnt/c/tinker/Tinker_Sber/install/hardware_msg/include/hardware_msg/hardware_msg/msg/detail/imu_parameters__functions.c
[22.454s] -- Installing: /mnt/c/tinker/Tinker_Sber/install/hardware_msg/include/hardware_msg/hardware_msg/msg/detail/imu_parameters__functions.h
[22.516s] -- Installing: /mnt/c/tinker/Tinker_Sber/install/hardware_msg/include/hardware_msg/hardware_msg/msg/detail/imu_parameters__struct.h
[22.578s] -- Installing: /mnt/c/tinker/Tinker_Sber/install/hardware_msg/include/hardware_msg/hardware_msg/msg/detail/imu_parameters__type_support.c
[22.641s] -- Installing: /mnt/c/tinker/Tinker_Sber/install/hardware_msg/include/hardware_msg/hardware_msg/msg/detail/imu_parameters__type_support.h
[22.701s] -- Installing: /mnt/c/tinker/Tinker_Sber/install/hardware_msg/include/hardware_msg/hardware_msg/msg/detail/imu__description.c
[22.762s] -- Installing: /mnt/c/tinker/Tinker_Sber/install/hardware_msg/include/hardware_msg/hardware_msg/msg/detail/imu__functions.c
[22.822s] -- Installing: /mnt/c/tinker/Tinker_Sber/install/hardware_msg/include/hardware_msg/hardware_msg/msg/detail/imu__functions.h
[22.902s] -- Installing: /mnt/c/tinker/Tinker_Sber/install/hardware_msg/include/hardware_msg/hardware_msg/msg/detail/imu__struct.h
[22.964s] -- Installing: /mnt/c/tinker/Tinker_Sber/install/hardware_msg/include/hardware_msg/hardware_msg/msg/detail/imu__type_support.c
[23.027s] -- Installing: /mnt/c/tinker/Tinker_Sber/install/hardware_msg/include/hardware_msg/hardware_msg/msg/detail/imu__type_support.h
[23.091s] -- Installing: /mnt/c/tinker/Tinker_Sber/install/hardware_msg/include/hardware_msg/hardware_msg/msg/detail/motors_commands__description.c
[23.151s] -- Installing: /mnt/c/tinker/Tinker_Sber/install/hardware_msg/include/hardware_msg/hardware_msg/msg/detail/motors_commands__functions.c
[23.212s] -- Installing: /mnt/c/tinker/Tinker_Sber/install/hardware_msg/include/hardware_msg/hardware_msg/msg/detail/motors_commands__functions.h
[23.272s] -- Installing: /mnt/c/tinker/Tinker_Sber/install/hardware_msg/include/hardware_msg/hardware_msg/msg/detail/motors_commands__struct.h
[23.333s] -- Installing: /mnt/c/tinker/Tinker_Sber/install/hardware_msg/include/hardware_msg/hardware_msg/msg/detail/motors_commands__type_support.c
[23.398s] -- Installing: /mnt/c/tinker/Tinker_Sber/install/hardware_msg/include/hardware_msg/hardware_msg/msg/detail/motors_commands__type_support.h
[23.463s] -- Installing: /mnt/c/tinker/Tinker_Sber/install/hardware_msg/include/hardware_msg/hardware_msg/msg/detail/motors_states__description.c
[23.524s] -- Installing: /mnt/c/tinker/Tinker_Sber/install/hardware_msg/include/hardware_msg/hardware_msg/msg/detail/motors_states__functions.c
[23.588s] -- Installing: /mnt/c/tinker/Tinker_Sber/install/hardware_msg/include/hardware_msg/hardware_msg/msg/detail/motors_states__functions.h
[23.649s] -- Installing: /mnt/c/tinker/Tinker_Sber/install/hardware_msg/include/hardware_msg/hardware_msg/msg/detail/motors_states__struct.h
[23.709s] -- Installing: /mnt/c/tinker/Tinker_Sber/install/hardware_msg/include/hardware_msg/hardware_msg/msg/detail/motors_states__type_support.c
[23.768s] -- Installing: /mnt/c/tinker/Tinker_Sber/install/hardware_msg/include/hardware_msg/hardware_msg/msg/detail/motors_states__type_support.h
[23.834s] -- Installing: /mnt/c/tinker/Tinker_Sber/install/hardware_msg/include/hardware_msg/hardware_msg/msg/detail/motor_data__description.c
[23.898s] -- Installing: /mnt/c/tinker/Tinker_Sber/install/hardware_msg/include/hardware_msg/hardware_msg/msg/detail/motor_data__functions.c
[23.962s] -- Installing: /mnt/c/tinker/Tinker_Sber/install/hardware_msg/include/hardware_msg/hardware_msg/msg/detail/motor_data__functions.h
[24.027s] -- Installing: /mnt/c/tinker/Tinker_Sber/install/hardware_msg/include/hardware_msg/hardware_msg/msg/detail/motor_data__struct.h
[24.087s] -- Installing: /mnt/c/tinker/Tinker_Sber/install/hardware_msg/include/hardware_msg/hardware_msg/msg/detail/motor_data__type_support.c
[24.147s] -- Installing: /mnt/c/tinker/Tinker_Sber/install/hardware_msg/include/hardware_msg/hardware_msg/msg/detail/motor_data__type_support.h
[24.208s] -- Installing: /mnt/c/tinker/Tinker_Sber/install/hardware_msg/include/hardware_msg/hardware_msg/msg/detail/motor_parameters__description.c
[24.269s] -- Installing: /mnt/c/tinker/Tinker_Sber/install/hardware_msg/include/hardware_msg/hardware_msg/msg/detail/motor_parameters__functions.c
[24.336s] -- Installing: /mnt/c/tinker/Tinker_Sber/install/hardware_msg/include/hardware_msg/hardware_msg/msg/detail/motor_parameters__functions.h
[24.399s] -- Installing: /mnt/c/tinker/Tinker_Sber/install/hardware_msg/include/hardware_msg/hardware_msg/msg/detail/motor_parameters__struct.h
[24.464s] -- Installing: /mnt/c/tinker/Tinker_Sber/install/hardware_msg/include/hardware_msg/hardware_msg/msg/detail/motor_parameters__type_support.c
[24.528s] -- Installing: /mnt/c/tinker/Tinker_Sber/install/hardware_msg/include/hardware_msg/hardware_msg/msg/detail/motor_parameters__type_support.h
[24.586s] -- Installing: /mnt/c/tinker/Tinker_Sber/install/hardware_msg/include/hardware_msg/hardware_msg/msg/imu.h
[24.639s] -- Installing: /mnt/c/tinker/Tinker_Sber/install/hardware_msg/include/hardware_msg/hardware_msg/msg/imu_parameters.h
[24.692s] -- Installing: /mnt/c/tinker/Tinker_Sber/install/hardware_msg/include/hardware_msg/hardware_msg/msg/motors_commands.h
[24.744s] -- Installing: /mnt/c/tinker/Tinker_Sber/install/hardware_msg/include/hardware_msg/hardware_msg/msg/motors_states.h
[24.796s] -- Installing: /mnt/c/tinker/Tinker_Sber/install/hardware_msg/include/hardware_msg/hardware_msg/msg/motor_data.h
[24.849s] -- Installing: /mnt/c/tinker/Tinker_Sber/install/hardware_msg/include/hardware_msg/hardware_msg/msg/motor_parameters.h
[24.902s] -- Installing: /mnt/c/tinker/Tinker_Sber/install/hardware_msg/include/hardware_msg/hardware_msg/msg/rosidl_generator_c__visibility_control.h
[24.963s] -- Installing: /mnt/c/tinker/Tinker_Sber/install/hardware_msg/share/hardware_msg/environment/library_path.sh
[25.004s] -- Installing: /mnt/c/tinker/Tinker_Sber/install/hardware_msg/share/hardware_msg/environment/library_path.dsv
[25.051s] -- Installing: /mnt/c/tinker/Tinker_Sber/install/hardware_msg/lib/libhardware_msg__rosidl_generator_c.so
[25.106s] -- Set non-toolchain portion of runtime path of "/mnt/c/tinker/Tinker_Sber/install/hardware_msg/lib/libhardware_msg__rosidl_generator_c.so" to ""
[25.115s] -- Up-to-date: /mnt/c/tinker/Tinker_Sber/install/hardware_msg/include/hardware_msg/hardware_msg
[25.133s] -- Up-to-date: /mnt/c/tinker/Tinker_Sber/install/hardware_msg/include/hardware_msg/hardware_msg/msg
[25.152s] -- Up-to-date: /mnt/c/tinker/Tinker_Sber/install/hardware_msg/include/hardware_msg/hardware_msg/msg/detail
[25.175s] -- Installing: /mnt/c/tinker/Tinker_Sber/install/hardware_msg/include/hardware_msg/hardware_msg/msg/detail/board_parameters__rosidl_typesupport_fastrtps_c.h
[25.234s] -- Installing: /mnt/c/tinker/Tinker_Sber/install/hardware_msg/include/hardware_msg/hardware_msg/msg/detail/imu_parameters__rosidl_typesupport_fastrtps_c.h
[25.295s] -- Installing: /mnt/c/tinker/Tinker_Sber/install/hardware_msg/include/hardware_msg/hardware_msg/msg/detail/imu__rosidl_typesupport_fastrtps_c.h
[25.355s] -- Installing: /mnt/c/tinker/Tinker_Sber/install/hardware_msg/include/hardware_msg/hardware_msg/msg/detail/motors_commands__rosidl_typesupport_fastrtps_c.h
[25.417s] -- Installing: /mnt/c/tinker/Tinker_Sber/install/hardware_msg/include/hardware_msg/hardware_msg/msg/detail/motors_states__rosidl_typesupport_fastrtps_c.h
[25.483s] -- Installing: /mnt/c/tinker/Tinker_Sber/install/hardware_msg/include/hardware_msg/hardware_msg/msg/detail/motor_data__rosidl_typesupport_fastrtps_c.h
[25.547s] -- Installing: /mnt/c/tinker/Tinker_Sber/install/hardware_msg/include/hardware_msg/hardware_msg/msg/detail/motor_parameters__rosidl_typesupport_fastrtps_c.h
[25.604s] -- Installing: /mnt/c/tinker/Tinker_Sber/install/hardware_msg/include/hardware_msg/hardware_msg/msg/rosidl_typesupport_fastrtps_c__visibility_control.h
[25.654s] -- Installing: /mnt/c/tinker/Tinker_Sber/install/hardware_msg/lib/libhardware_msg__rosidl_typesupport_fastrtps_c.so
[25.707s] -- Set non-toolchain portion of runtime path of "/mnt/c/tinker/Tinker_Sber/install/hardware_msg/lib/libhardware_msg__rosidl_typesupport_fastrtps_c.so" to ""
[25.715s] -- Up-to-date: /mnt/c/tinker/Tinker_Sber/install/hardware_msg/include/hardware_msg/hardware_msg
[25.733s] -- Up-to-date: /mnt/c/tinker/Tinker_Sber/install/hardware_msg/include/hardware_msg/hardware_msg/msg
[25.752s] -- Installing: /mnt/c/tinker/Tinker_Sber/install/hardware_msg/include/hardware_msg/hardware_msg/msg/board_parameters.hpp
[25.806s] -- Up-to-date: /mnt/c/tinker/Tinker_Sber/install/hardware_msg/include/hardware_msg/hardware_msg/msg/detail
[25.828s] -- Installing: /mnt/c/tinker/Tinker_Sber/install/hardware_msg/include/hardware_msg/hardware_msg/msg/detail/board_parameters__builder.hpp
[25.889s] -- Installing: /mnt/c/tinker/Tinker_Sber/install/hardware_msg/include/hardware_msg/hardware_msg/msg/detail/board_parameters__struct.hpp
[25.950s] -- Installing: /mnt/c/tinker/Tinker_Sber/install/hardware_msg/include/hardware_msg/hardware_msg/msg/detail/board_parameters__traits.hpp
[26.012s] -- Installing: /mnt/c/tinker/Tinker_Sber/install/hardware_msg/include/hardware_msg/hardware_msg/msg/detail/board_parameters__type_support.hpp
[26.072s] -- Installing: /mnt/c/tinker/Tinker_Sber/install/hardware_msg/include/hardware_msg/hardware_msg/msg/detail/imu_parameters__builder.hpp
[26.139s] -- Installing: /mnt/c/tinker/Tinker_Sber/install/hardware_msg/include/hardware_msg/hardware_msg/msg/detail/imu_parameters__struct.hpp
[26.200s] -- Installing: /mnt/c/tinker/Tinker_Sber/install/hardware_msg/include/hardware_msg/hardware_msg/msg/detail/imu_parameters__traits.hpp
[26.260s] -- Installing: /mnt/c/tinker/Tinker_Sber/install/hardware_msg/include/hardware_msg/hardware_msg/msg/detail/imu_parameters__type_support.hpp
[26.320s] -- Installing: /mnt/c/tinker/Tinker_Sber/install/hardware_msg/include/hardware_msg/hardware_msg/msg/detail/imu__builder.hpp
[26.382s] -- Installing: /mnt/c/tinker/Tinker_Sber/install/hardware_msg/include/hardware_msg/hardware_msg/msg/detail/imu__struct.hpp
[26.445s] -- Installing: /mnt/c/tinker/Tinker_Sber/install/hardware_msg/include/hardware_msg/hardware_msg/msg/detail/imu__traits.hpp
[26.506s] -- Installing: /mnt/c/tinker/Tinker_Sber/install/hardware_msg/include/hardware_msg/hardware_msg/msg/detail/imu__type_support.hpp
[26.569s] -- Installing: /mnt/c/tinker/Tinker_Sber/install/hardware_msg/include/hardware_msg/hardware_msg/msg/detail/motors_commands__builder.hpp
[26.633s] -- Installing: /mnt/c/tinker/Tinker_Sber/install/hardware_msg/include/hardware_msg/hardware_msg/msg/detail/motors_commands__struct.hpp
[26.700s] -- Installing: /mnt/c/tinker/Tinker_Sber/install/hardware_msg/include/hardware_msg/hardware_msg/msg/detail/motors_commands__traits.hpp
[26.763s] -- Installing: /mnt/c/tinker/Tinker_Sber/install/hardware_msg/include/hardware_msg/hardware_msg/msg/detail/motors_commands__type_support.hpp
[26.822s] -- Installing: /mnt/c/tinker/Tinker_Sber/install/hardware_msg/include/hardware_msg/hardware_msg/msg/detail/motors_states__builder.hpp
[26.885s] -- Installing: /mnt/c/tinker/Tinker_Sber/install/hardware_msg/include/hardware_msg/hardware_msg/msg/detail/motors_states__struct.hpp
[26.948s] -- Installing: /mnt/c/tinker/Tinker_Sber/install/hardware_msg/include/hardware_msg/hardware_msg/msg/detail/motors_states__traits.hpp
[27.010s] -- Installing: /mnt/c/tinker/Tinker_Sber/install/hardware_msg/include/hardware_msg/hardware_msg/msg/detail/motors_states__type_support.hpp
[27.073s] -- Installing: /mnt/c/tinker/Tinker_Sber/install/hardware_msg/include/hardware_msg/hardware_msg/msg/detail/motor_data__builder.hpp
[27.134s] -- Installing: /mnt/c/tinker/Tinker_Sber/install/hardware_msg/include/hardware_msg/hardware_msg/msg/detail/motor_data__struct.hpp
[27.194s] -- Installing: /mnt/c/tinker/Tinker_Sber/install/hardware_msg/include/hardware_msg/hardware_msg/msg/detail/motor_data__traits.hpp
[27.280s] -- Installing: /mnt/c/tinker/Tinker_Sber/install/hardware_msg/include/hardware_msg/hardware_msg/msg/detail/motor_data__type_support.hpp
[27.350s] -- Installing: /mnt/c/tinker/Tinker_Sber/install/hardware_msg/include/hardware_msg/hardware_msg/msg/detail/motor_parameters__builder.hpp
[27.413s] -- Installing: /mnt/c/tinker/Tinker_Sber/install/hardware_msg/include/hardware_msg/hardware_msg/msg/detail/motor_parameters__struct.hpp
[27.483s] -- Installing: /mnt/c/tinker/Tinker_Sber/install/hardware_msg/include/hardware_msg/hardware_msg/msg/detail/motor_parameters__traits.hpp
[27.552s] -- Installing: /mnt/c/tinker/Tinker_Sber/install/hardware_msg/include/hardware_msg/hardware_msg/msg/detail/motor_parameters__type_support.hpp
[27.617s] -- Installing: /mnt/c/tinker/Tinker_Sber/install/hardware_msg/include/hardware_msg/hardware_msg/msg/imu.hpp
[27.675s] -- Installing: /mnt/c/tinker/Tinker_Sber/install/hardware_msg/include/hardware_msg/hardware_msg/msg/imu_parameters.hpp
[27.735s] -- Installing: /mnt/c/tinker/Tinker_Sber/install/hardware_msg/include/hardware_msg/hardware_msg/msg/motors_commands.hpp
[27.790s] -- Installing: /mnt/c/tinker/Tinker_Sber/install/hardware_msg/include/hardware_msg/hardware_msg/msg/motors_states.hpp
[27.848s] -- Installing: /mnt/c/tinker/Tinker_Sber/install/hardware_msg/include/hardware_msg/hardware_msg/msg/motor_data.hpp
[27.905s] -- Installing: /mnt/c/tinker/Tinker_Sber/install/hardware_msg/include/hardware_msg/hardware_msg/msg/motor_parameters.hpp
[27.964s] -- Installing: /mnt/c/tinker/Tinker_Sber/install/hardware_msg/include/hardware_msg/hardware_msg/msg/rosidl_generator_cpp__visibility_control.hpp
[28.019s] -- Up-to-date: /mnt/c/tinker/Tinker_Sber/install/hardware_msg/include/hardware_msg/hardware_msg
[28.039s] -- Up-to-date: /mnt/c/tinker/Tinker_Sber/install/hardware_msg/include/hardware_msg/hardware_msg/msg
[28.062s] -- Up-to-date: /mnt/c/tinker/Tinker_Sber/install/hardware_msg/include/hardware_msg/hardware_msg/msg/detail
[28.087s] -- Installing: /mnt/c/tinker/Tinker_Sber/install/hardware_msg/include/hardware_msg/hardware_msg/msg/detail/board_parameters__rosidl_typesupport_fastrtps_cpp.hpp
[28.155s] -- Installing: /mnt/c/tinker/Tinker_Sber/install/hardware_msg/include/hardware_msg/hardware_msg/msg/detail/dds_fastrtps
[28.192s] -- Installing: /mnt/c/tinker/Tinker_Sber/install/hardware_msg/include/hardware_msg/hardware_msg/msg/detail/imu_parameters__rosidl_typesupport_fastrtps_cpp.hpp
[28.260s] -- Installing: /mnt/c/tinker/Tinker_Sber/install/hardware_msg/include/hardware_msg/hardware_msg/msg/detail/imu__rosidl_typesupport_fastrtps_cpp.hpp
[28.329s] -- Installing: /mnt/c/tinker/Tinker_Sber/install/hardware_msg/include/hardware_msg/hardware_msg/msg/detail/motors_commands__rosidl_typesupport_fastrtps_cpp.hpp
[28.399s] -- Installing: /mnt/c/tinker/Tinker_Sber/install/hardware_msg/include/hardware_msg/hardware_msg/msg/detail/motors_states__rosidl_typesupport_fastrtps_cpp.hpp
[28.472s] -- Installing: /mnt/c/tinker/Tinker_Sber/install/hardware_msg/include/hardware_msg/hardware_msg/msg/detail/motor_data__rosidl_typesupport_fastrtps_cpp.hpp
[28.539s] -- Installing: /mnt/c/tinker/Tinker_Sber/install/hardware_msg/include/hardware_msg/hardware_msg/msg/detail/motor_parameters__rosidl_typesupport_fastrtps_cpp.hpp
[28.600s] -- Installing: /mnt/c/tinker/Tinker_Sber/install/hardware_msg/include/hardware_msg/hardware_msg/msg/rosidl_typesupport_fastrtps_cpp__visibility_control.h
[28.653s] -- Installing: /mnt/c/tinker/Tinker_Sber/install/hardware_msg/lib/libhardware_msg__rosidl_typesupport_fastrtps_cpp.so
[28.714s] -- Set non-toolchain portion of runtime path of "/mnt/c/tinker/Tinker_Sber/install/hardware_msg/lib/libhardware_msg__rosidl_typesupport_fastrtps_cpp.so" to ""
[28.724s] -- Up-to-date: /mnt/c/tinker/Tinker_Sber/install/hardware_msg/include/hardware_msg/hardware_msg
[28.742s] -- Up-to-date: /mnt/c/tinker/Tinker_Sber/install/hardware_msg/include/hardware_msg/hardware_msg/msg
[28.765s] -- Up-to-date: /mnt/c/tinker/Tinker_Sber/install/hardware_msg/include/hardware_msg/hardware_msg/msg/detail
[28.791s] -- Installing: /mnt/c/tinker/Tinker_Sber/install/hardware_msg/include/hardware_msg/hardware_msg/msg/detail/board_parameters__rosidl_typesupport_introspection_c.h
[28.868s] -- Installing: /mnt/c/tinker/Tinker_Sber/install/hardware_msg/include/hardware_msg/hardware_msg/msg/detail/board_parameters__type_support.c
[28.931s] -- Installing: /mnt/c/tinker/Tinker_Sber/install/hardware_msg/include/hardware_msg/hardware_msg/msg/detail/imu_parameters__rosidl_typesupport_introspection_c.h
[28.992s] -- Installing: /mnt/c/tinker/Tinker_Sber/install/hardware_msg/include/hardware_msg/hardware_msg/msg/detail/imu_parameters__type_support.c
[29.061s] -- Installing: /mnt/c/tinker/Tinker_Sber/install/hardware_msg/include/hardware_msg/hardware_msg/msg/detail/imu__rosidl_typesupport_introspection_c.h
[29.130s] -- Installing: /mnt/c/tinker/Tinker_Sber/install/hardware_msg/include/hardware_msg/hardware_msg/msg/detail/imu__type_support.c
[29.195s] -- Installing: /mnt/c/tinker/Tinker_Sber/install/hardware_msg/include/hardware_msg/hardware_msg/msg/detail/motors_commands__rosidl_typesupport_introspection_c.h
[29.256s] -- Installing: /mnt/c/tinker/Tinker_Sber/install/hardware_msg/include/hardware_msg/hardware_msg/msg/detail/motors_commands__type_support.c
[29.317s] -- Installing: /mnt/c/tinker/Tinker_Sber/install/hardware_msg/include/hardware_msg/hardware_msg/msg/detail/motors_states__rosidl_typesupport_introspection_c.h
[29.378s] -- Installing: /mnt/c/tinker/Tinker_Sber/install/hardware_msg/include/hardware_msg/hardware_msg/msg/detail/motors_states__type_support.c
[29.441s] -- Installing: /mnt/c/tinker/Tinker_Sber/install/hardware_msg/include/hardware_msg/hardware_msg/msg/detail/motor_data__rosidl_typesupport_introspection_c.h
[29.501s] -- Installing: /mnt/c/tinker/Tinker_Sber/install/hardware_msg/include/hardware_msg/hardware_msg/msg/detail/motor_data__type_support.c
[29.561s] -- Installing: /mnt/c/tinker/Tinker_Sber/install/hardware_msg/include/hardware_msg/hardware_msg/msg/detail/motor_parameters__rosidl_typesupport_introspection_c.h
[29.631s] -- Installing: /mnt/c/tinker/Tinker_Sber/install/hardware_msg/include/hardware_msg/hardware_msg/msg/detail/motor_parameters__type_support.c
[29.696s] -- Installing: /mnt/c/tinker/Tinker_Sber/install/hardware_msg/include/hardware_msg/hardware_msg/msg/rosidl_typesupport_introspection_c__visibility_control.h
[29.750s] -- Installing: /mnt/c/tinker/Tinker_Sber/install/hardware_msg/lib/libhardware_msg__rosidl_typesupport_introspection_c.so
[29.804s] -- Set non-toolchain portion of runtime path of "/mnt/c/tinker/Tinker_Sber/install/hardware_msg/lib/libhardware_msg__rosidl_typesupport_introspection_c.so" to ""
[29.814s] -- Installing: /mnt/c/tinker/Tinker_Sber/install/hardware_msg/lib/libhardware_msg__rosidl_typesupport_c.so
[29.866s] -- Set non-toolchain portion of runtime path of "/mnt/c/tinker/Tinker_Sber/install/hardware_msg/lib/libhardware_msg__rosidl_typesupport_c.so" to ""
[29.875s] -- Up-to-date: /mnt/c/tinker/Tinker_Sber/install/hardware_msg/include/hardware_msg/hardware_msg
[29.892s] -- Up-to-date: /mnt/c/tinker/Tinker_Sber/install/hardware_msg/include/hardware_msg/hardware_msg/msg
[29.913s] -- Up-to-date: /mnt/c/tinker/Tinker_Sber/install/hardware_msg/include/hardware_msg/hardware_msg/msg/detail
[29.939s] -- Installing: /mnt/c/tinker/Tinker_Sber/install/hardware_msg/include/hardware_msg/hardware_msg/msg/detail/board_parameters__rosidl_typesupport_introspection_cpp.hpp
[30.005s] -- Installing: /mnt/c/tinker/Tinker_Sber/install/hardware_msg/include/hardware_msg/hardware_msg/msg/detail/board_parameters__type_support.cpp
[30.070s] -- Installing: /mnt/c/tinker/Tinker_Sber/install/hardware_msg/include/hardware_msg/hardware_msg/msg/detail/imu_parameters__rosidl_typesupport_introspection_cpp.hpp
[30.133s] -- Installing: /mnt/c/tinker/Tinker_Sber/install/hardware_msg/include/hardware_msg/hardware_msg/msg/detail/imu_parameters__type_support.cpp
[30.199s] -- Installing: /mnt/c/tinker/Tinker_Sber/install/hardware_msg/include/hardware_msg/hardware_msg/msg/detail/imu__rosidl_typesupport_introspection_cpp.hpp
[30.268s] -- Installing: /mnt/c/tinker/Tinker_Sber/install/hardware_msg/include/hardware_msg/hardware_msg/msg/detail/imu__type_support.cpp
[30.339s] -- Installing: /mnt/c/tinker/Tinker_Sber/install/hardware_msg/include/hardware_msg/hardware_msg/msg/detail/motors_commands__rosidl_typesupport_introspection_cpp.hpp
[30.405s] -- Installing: /mnt/c/tinker/Tinker_Sber/install/hardware_msg/include/hardware_msg/hardware_msg/msg/detail/motors_commands__type_support.cpp
[30.467s] -- Installing: /mnt/c/tinker/Tinker_Sber/install/hardware_msg/include/hardware_msg/hardware_msg/msg/detail/motors_states__rosidl_typesupport_introspection_cpp.hpp
[30.528s] -- Installing: /mnt/c/tinker/Tinker_Sber/install/hardware_msg/include/hardware_msg/hardware_msg/msg/detail/motors_states__type_support.cpp
[30.592s] -- Installing: /mnt/c/tinker/Tinker_Sber/install/hardware_msg/include/hardware_msg/hardware_msg/msg/detail/motor_data__rosidl_typesupport_introspection_cpp.hpp
[30.652s] -- Installing: /mnt/c/tinker/Tinker_Sber/install/hardware_msg/include/hardware_msg/hardware_msg/msg/detail/motor_data__type_support.cpp
[30.712s] -- Installing: /mnt/c/tinker/Tinker_Sber/install/hardware_msg/include/hardware_msg/hardware_msg/msg/detail/motor_parameters__rosidl_typesupport_introspection_cpp.hpp
[30.776s] -- Installing: /mnt/c/tinker/Tinker_Sber/install/hardware_msg/include/hardware_msg/hardware_msg/msg/detail/motor_parameters__type_support.cpp
[30.836s] -- Installing: /mnt/c/tinker/Tinker_Sber/install/hardware_msg/lib/libhardware_msg__rosidl_typesupport_introspection_cpp.so
[30.889s] -- Set non-toolchain portion of runtime path of "/mnt/c/tinker/Tinker_Sber/install/hardware_msg/lib/libhardware_msg__rosidl_typesupport_introspection_cpp.so" to ""
[30.899s] -- Installing: /mnt/c/tinker/Tinker_Sber/install/hardware_msg/lib/libhardware_msg__rosidl_typesupport_cpp.so
[30.953s] -- Set non-toolchain portion of runtime path of "/mnt/c/tinker/Tinker_Sber/install/hardware_msg/lib/libhardware_msg__rosidl_typesupport_cpp.so" to ""
[30.965s] -- Installing: /mnt/c/tinker/Tinker_Sber/install/hardware_msg/share/hardware_msg/environment/pythonpath.sh
[31.010s] -- Installing: /mnt/c/tinker/Tinker_Sber/install/hardware_msg/share/hardware_msg/environment/pythonpath.dsv
[31.052s] -- Installing: /mnt/c/tinker/Tinker_Sber/install/hardware_msg/lib/python3.12/site-packages/hardware_msg-0.0.0-py3.12.egg-info
[31.077s] -- Installing: /mnt/c/tinker/Tinker_Sber/install/hardware_msg/lib/python3.12/site-packages/hardware_msg-0.0.0-py3.12.egg-info/dependency_links.txt
[31.131s] -- Installing: /mnt/c/tinker/Tinker_Sber/install/hardware_msg/lib/python3.12/site-packages/hardware_msg-0.0.0-py3.12.egg-info/PKG-INFO
[31.204s] -- Installing: /mnt/c/tinker/Tinker_Sber/install/hardware_msg/lib/python3.12/site-packages/hardware_msg-0.0.0-py3.12.egg-info/SOURCES.txt
[31.268s] -- Installing: /mnt/c/tinker/Tinker_Sber/install/hardware_msg/lib/python3.12/site-packages/hardware_msg-0.0.0-py3.12.egg-info/top_level.txt
[31.317s] -- Installing: /mnt/c/tinker/Tinker_Sber/install/hardware_msg/lib/python3.12/site-packages/hardware_msg
[31.339s] -- Installing: /mnt/c/tinker/Tinker_Sber/install/hardware_msg/lib/python3.12/site-packages/hardware_msg/hardware_msg_s__rosidl_typesupport_c.so
[31.389s] -- Installing: /mnt/c/tinker/Tinker_Sber/install/hardware_msg/lib/python3.12/site-packages/hardware_msg/hardware_msg_s__rosidl_typesupport_fastrtps_c.so
[31.440s] -- Installing: /mnt/c/tinker/Tinker_Sber/install/hardware_msg/lib/python3.12/site-packages/hardware_msg/hardware_msg_s__rosidl_typesupport_introspection_c.so
[31.490s] -- Installing: /mnt/c/tinker/Tinker_Sber/install/hardware_msg/lib/python3.12/site-packages/hardware_msg/msg
[31.517s] -- Installing: /mnt/c/tinker/Tinker_Sber/install/hardware_msg/lib/python3.12/site-packages/hardware_msg/msg/_board_parameters.py
[31.576s] -- Installing: /mnt/c/tinker/Tinker_Sber/install/hardware_msg/lib/python3.12/site-packages/hardware_msg/msg/_board_parameters_s.c
[31.634s] -- Installing: /mnt/c/tinker/Tinker_Sber/install/hardware_msg/lib/python3.12/site-packages/hardware_msg/msg/_imu.py
[31.697s] -- Installing: /mnt/c/tinker/Tinker_Sber/install/hardware_msg/lib/python3.12/site-packages/hardware_msg/msg/_imu_parameters.py
[31.755s] -- Installing: /mnt/c/tinker/Tinker_Sber/install/hardware_msg/lib/python3.12/site-packages/hardware_msg/msg/_imu_parameters_s.c
[31.814s] -- Installing: /mnt/c/tinker/Tinker_Sber/install/hardware_msg/lib/python3.12/site-packages/hardware_msg/msg/_imu_s.c
[31.872s] -- Installing: /mnt/c/tinker/Tinker_Sber/install/hardware_msg/lib/python3.12/site-packages/hardware_msg/msg/_motors_commands.py
[31.930s] -- Installing: /mnt/c/tinker/Tinker_Sber/install/hardware_msg/lib/python3.12/site-packages/hardware_msg/msg/_motors_commands_s.c
[31.988s] -- Installing: /mnt/c/tinker/Tinker_Sber/install/hardware_msg/lib/python3.12/site-packages/hardware_msg/msg/_motors_states.py
[32.046s] -- Installing: /mnt/c/tinker/Tinker_Sber/install/hardware_msg/lib/python3.12/site-packages/hardware_msg/msg/_motors_states_s.c
[32.108s] -- Installing: /mnt/c/tinker/Tinker_Sber/install/hardware_msg/lib/python3.12/site-packages/hardware_msg/msg/_motor_data.py
[32.172s] -- Installing: /mnt/c/tinker/Tinker_Sber/install/hardware_msg/lib/python3.12/site-packages/hardware_msg/msg/_motor_data_s.c
[32.246s] -- Installing: /mnt/c/tinker/Tinker_Sber/install/hardware_msg/lib/python3.12/site-packages/hardware_msg/msg/_motor_parameters.py
[32.313s] -- Installing: /mnt/c/tinker/Tinker_Sber/install/hardware_msg/lib/python3.12/site-packages/hardware_msg/msg/_motor_parameters_s.c
[32.374s] -- Installing: /mnt/c/tinker/Tinker_Sber/install/hardware_msg/lib/python3.12/site-packages/hardware_msg/msg/__init__.py
[32.432s] -- Installing: /mnt/c/tinker/Tinker_Sber/install/hardware_msg/lib/python3.12/site-packages/hardware_msg/_hardware_msg_s.ep.rosidl_typesupport_c.c
[32.486s] -- Installing: /mnt/c/tinker/Tinker_Sber/install/hardware_msg/lib/python3.12/site-packages/hardware_msg/_hardware_msg_s.ep.rosidl_typesupport_fastrtps_c.c
[32.547s] -- Installing: /mnt/c/tinker/Tinker_Sber/install/hardware_msg/lib/python3.12/site-packages/hardware_msg/_hardware_msg_s.ep.rosidl_typesupport_introspection_c.c
[32.599s] -- Installing: /mnt/c/tinker/Tinker_Sber/install/hardware_msg/lib/python3.12/site-packages/hardware_msg/__init__.py
[33.101s] Listing '/mnt/c/tinker/Tinker_Sber/install/hardware_msg/lib/python3.12/site-packages/hardware_msg'...
[33.102s] Compiling '/mnt/c/tinker/Tinker_Sber/install/hardware_msg/lib/python3.12/site-packages/hardware_msg/__init__.py'...
[33.102s] Listing '/mnt/c/tinker/Tinker_Sber/install/hardware_msg/lib/python3.12/site-packages/hardware_msg/msg'...
[33.103s] Compiling '/mnt/c/tinker/Tinker_Sber/install/hardware_msg/lib/python3.12/site-packages/hardware_msg/msg/__init__.py'...
[33.103s] Compiling '/mnt/c/tinker/Tinker_Sber/install/hardware_msg/lib/python3.12/site-packages/hardware_msg/msg/_board_parameters.py'...
[33.104s] Compiling '/mnt/c/tinker/Tinker_Sber/install/hardware_msg/lib/python3.12/site-packages/hardware_msg/msg/_imu.py'...
[33.104s] Compiling '/mnt/c/tinker/Tinker_Sber/install/hardware_msg/lib/python3.12/site-packages/hardware_msg/msg/_imu_parameters.py'...
[33.105s] Compiling '/mnt/c/tinker/Tinker_Sber/install/hardware_msg/lib/python3.12/site-packages/hardware_msg/msg/_motor_data.py'...
[33.106s] Compiling '/mnt/c/tinker/Tinker_Sber/install/hardware_msg/lib/python3.12/site-packages/hardware_msg/msg/_motor_parameters.py'...
[33.106s] Compiling '/mnt/c/tinker/Tinker_Sber/install/hardware_msg/lib/python3.12/site-packages/hardware_msg/msg/_motors_commands.py'...
[33.107s] Compiling '/mnt/c/tinker/Tinker_Sber/install/hardware_msg/lib/python3.12/site-packages/hardware_msg/msg/_motors_states.py'...
[33.146s] -- Installing: /mnt/c/tinker/Tinker_Sber/install/hardware_msg/lib/python3.12/site-packages/hardware_msg/hardware_msg_s__rosidl_typesupport_fastrtps_c.so
[33.227s] -- Set non-toolchain portion of runtime path of "/mnt/c/tinker/Tinker_Sber/install/hardware_msg/lib/python3.12/site-packages/hardware_msg/hardware_msg_s__rosidl_typesupport_fastrtps_c.so" to ""
[33.266s] -- Installing: /mnt/c/tinker/Tinker_Sber/install/hardware_msg/lib/python3.12/site-packages/hardware_msg/hardware_msg_s__rosidl_typesupport_introspection_c.so
[33.344s] -- Set non-toolchain portion of runtime path of "/mnt/c/tinker/Tinker_Sber/install/hardware_msg/lib/python3.12/site-packages/hardware_msg/hardware_msg_s__rosidl_typesupport_introspection_c.so" to ""
[33.382s] -- Installing: /mnt/c/tinker/Tinker_Sber/install/hardware_msg/lib/python3.12/site-packages/hardware_msg/hardware_msg_s__rosidl_typesupport_c.so
[33.462s] -- Set non-toolchain portion of runtime path of "/mnt/c/tinker/Tinker_Sber/install/hardware_msg/lib/python3.12/site-packages/hardware_msg/hardware_msg_s__rosidl_typesupport_c.so" to ""
[33.474s] -- Installing: /mnt/c/tinker/Tinker_Sber/install/hardware_msg/lib/libhardware_msg__rosidl_generator_py.so
[33.537s] -- Set non-toolchain portion of runtime path of "/mnt/c/tinker/Tinker_Sber/install/hardware_msg/lib/libhardware_msg__rosidl_generator_py.so" to ""
[33.553s] -- Installing: /mnt/c/tinker/Tinker_Sber/install/hardware_msg/share/hardware_msg/msg/BoardParameters.idl
[33.607s] -- Installing: /mnt/c/tinker/Tinker_Sber/install/hardware_msg/share/hardware_msg/msg/ImuParameters.idl
[33.658s] -- Installing: /mnt/c/tinker/Tinker_Sber/install/hardware_msg/share/hardware_msg/msg/MotorParameters.idl
[33.708s] -- Installing: /mnt/c/tinker/Tinker_Sber/install/hardware_msg/share/hardware_msg/msg/MotorsStates.idl
[33.758s] -- Installing: /mnt/c/tinker/Tinker_Sber/install/hardware_msg/share/hardware_msg/msg/Imu.idl
[33.809s] -- Installing: /mnt/c/tinker/Tinker_Sber/install/hardware_msg/share/hardware_msg/msg/MotorData.idl
[33.861s] -- Installing: /mnt/c/tinker/Tinker_Sber/install/hardware_msg/share/hardware_msg/msg/MotorsCommands.idl
[33.912s] -- Installing: /mnt/c/tinker/Tinker_Sber/install/hardware_msg/share/hardware_msg/msg/BoardParameters.msg
[33.963s] -- Installing: /mnt/c/tinker/Tinker_Sber/install/hardware_msg/share/hardware_msg/msg/ImuParameters.msg
[34.012s] -- Installing: /mnt/c/tinker/Tinker_Sber/install/hardware_msg/share/hardware_msg/msg/MotorParameters.msg
[34.061s] -- Installing: /mnt/c/tinker/Tinker_Sber/install/hardware_msg/share/hardware_msg/msg/MotorsStates.msg
[34.116s] -- Installing: /mnt/c/tinker/Tinker_Sber/install/hardware_msg/share/hardware_msg/msg/Imu.msg
[34.171s] -- Installing: /mnt/c/tinker/Tinker_Sber/install/hardware_msg/share/hardware_msg/msg/MotorData.msg
[34.223s] -- Installing: /mnt/c/tinker/Tinker_Sber/install/hardware_msg/share/hardware_msg/msg/MotorsCommands.msg
[34.287s] -- Installing: /mnt/c/tinker/Tinker_Sber/install/hardware_msg/share/ament_index/resource_index/package_run_dependencies/hardware_msg
[34.358s] -- Installing: /mnt/c/tinker/Tinker_Sber/install/hardware_msg/share/ament_index/resource_index/parent_prefix_path/hardware_msg
[34.410s] -- Installing: /mnt/c/tinker/Tinker_Sber/install/hardware_msg/share/hardware_msg/environment/ament_prefix_path.sh
[34.450s] -- Installing: /mnt/c/tinker/Tinker_Sber/install/hardware_msg/share/hardware_msg/environment/ament_prefix_path.dsv
[34.490s] -- Installing: /mnt/c/tinker/Tinker_Sber/install/hardware_msg/share/hardware_msg/environment/path.sh
[34.548s] -- Installing: /mnt/c/tinker/Tinker_Sber/install/hardware_msg/share/hardware_msg/environment/path.dsv
[34.597s] -- Installing: /mnt/c/tinker/Tinker_Sber/install/hardware_msg/share/hardware_msg/local_setup.bash
[34.638s] -- Installing: /mnt/c/tinker/Tinker_Sber/install/hardware_msg/share/hardware_msg/local_setup.sh
[34.676s] -- Installing: /mnt/c/tinker/Tinker_Sber/install/hardware_msg/share/hardware_msg/local_setup.zsh
[34.714s] -- Installing: /mnt/c/tinker/Tinker_Sber/install/hardware_msg/share/hardware_msg/local_setup.dsv
[34.753s] -- Installing: /mnt/c/tinker/Tinker_Sber/install/hardware_msg/share/hardware_msg/package.dsv
[34.808s] -- Installing: /mnt/c/tinker/Tinker_Sber/install/hardware_msg/share/ament_index/resource_index/packages/hardware_msg
[34.873s] -- Installing: /mnt/c/tinker/Tinker_Sber/install/hardware_msg/share/hardware_msg/cmake/export_hardware_msg__rosidl_generator_cExport.cmake
[34.923s] -- Installing: /mnt/c/tinker/Tinker_Sber/install/hardware_msg/share/hardware_msg/cmake/export_hardware_msg__rosidl_generator_cExport-noconfig.cmake
[34.976s] -- Installing: /mnt/c/tinker/Tinker_Sber/install/hardware_msg/share/hardware_msg/cmake/export_hardware_msg__rosidl_typesupport_fastrtps_cExport.cmake
[35.026s] -- Installing: /mnt/c/tinker/Tinker_Sber/install/hardware_msg/share/hardware_msg/cmake/export_hardware_msg__rosidl_typesupport_fastrtps_cExport-noconfig.cmake
[35.079s] -- Installing: /mnt/c/tinker/Tinker_Sber/install/hardware_msg/share/hardware_msg/cmake/export_hardware_msg__rosidl_generator_cppExport.cmake
[35.133s] -- Installing: /mnt/c/tinker/Tinker_Sber/install/hardware_msg/share/hardware_msg/cmake/export_hardware_msg__rosidl_typesupport_fastrtps_cppExport.cmake
[35.188s] -- Installing: /mnt/c/tinker/Tinker_Sber/install/hardware_msg/share/hardware_msg/cmake/export_hardware_msg__rosidl_typesupport_fastrtps_cppExport-noconfig.cmake
[35.243s] -- Installing: /mnt/c/tinker/Tinker_Sber/install/hardware_msg/share/hardware_msg/cmake/hardware_msg__rosidl_typesupport_introspection_cExport.cmake
[35.293s] -- Installing: /mnt/c/tinker/Tinker_Sber/install/hardware_msg/share/hardware_msg/cmake/hardware_msg__rosidl_typesupport_introspection_cExport-noconfig.cmake
[35.345s] -- Installing: /mnt/c/tinker/Tinker_Sber/install/hardware_msg/share/hardware_msg/cmake/hardware_msg__rosidl_typesupport_cExport.cmake
[35.395s] -- Installing: /mnt/c/tinker/Tinker_Sber/install/hardware_msg/share/hardware_msg/cmake/hardware_msg__rosidl_typesupport_cExport-noconfig.cmake
[35.447s] -- Installing: /mnt/c/tinker/Tinker_Sber/install/hardware_msg/share/hardware_msg/cmake/hardware_msg__rosidl_typesupport_introspection_cppExport.cmake
[35.496s] -- Installing: /mnt/c/tinker/Tinker_Sber/install/hardware_msg/share/hardware_msg/cmake/hardware_msg__rosidl_typesupport_introspection_cppExport-noconfig.cmake
[35.550s] -- Installing: /mnt/c/tinker/Tinker_Sber/install/hardware_msg/share/hardware_msg/cmake/hardware_msg__rosidl_typesupport_cppExport.cmake
[35.606s] -- Installing: /mnt/c/tinker/Tinker_Sber/install/hardware_msg/share/hardware_msg/cmake/hardware_msg__rosidl_typesupport_cppExport-noconfig.cmake
[35.662s] -- Installing: /mnt/c/tinker/Tinker_Sber/install/hardware_msg/share/hardware_msg/cmake/export_hardware_msg__rosidl_generator_pyExport.cmake
[35.712s] -- Installing: /mnt/c/tinker/Tinker_Sber/install/hardware_msg/share/hardware_msg/cmake/export_hardware_msg__rosidl_generator_pyExport-noconfig.cmake
[35.759s] -- Installing: /mnt/c/tinker/Tinker_Sber/install/hardware_msg/share/hardware_msg/cmake/rosidl_cmake-extras.cmake
[35.804s] -- Installing: /mnt/c/tinker/Tinker_Sber/install/hardware_msg/share/hardware_msg/cmake/ament_cmake_export_include_directories-extras.cmake
[35.848s] -- Installing: /mnt/c/tinker/Tinker_Sber/install/hardware_msg/share/hardware_msg/cmake/ament_cmake_export_libraries-extras.cmake
[35.892s] -- Installing: /mnt/c/tinker/Tinker_Sber/install/hardware_msg/share/hardware_msg/cmake/ament_cmake_export_targets-extras.cmake
[35.936s] -- Installing: /mnt/c/tinker/Tinker_Sber/install/hardware_msg/share/hardware_msg/cmake/rosidl_cmake_export_typesupport_targets-extras.cmake
[35.979s] -- Installing: /mnt/c/tinker/Tinker_Sber/install/hardware_msg/share/hardware_msg/cmake/ament_cmake_export_dependencies-extras.cmake
[36.023s] -- Installing: /mnt/c/tinker/Tinker_Sber/install/hardware_msg/share/hardware_msg/cmake/rosidl_cmake_export_typesupport_libraries-extras.cmake
[36.067s] -- Installing: /mnt/c/tinker/Tinker_Sber/install/hardware_msg/share/hardware_msg/cmake/hardware_msgConfig.cmake
[36.109s] -- Installing: /mnt/c/tinker/Tinker_Sber/install/hardware_msg/share/hardware_msg/cmake/hardware_msgConfig-version.cmake
[36.154s] -- Installing: /mnt/c/tinker/Tinker_Sber/install/hardware_msg/share/hardware_msg/package.xml
[36.194s] Invoked command in '/mnt/c/tinker/Tinker_Sber/build/hardware_msg' returned '0': CMAKE_PREFIX_PATH=${CMAKE_PREFIX_PATH}:/opt/ros/jazzy /usr/bin/cmake --install /mnt/c/tinker/Tinker_Sber/build/hardware_msg
