-- The C compiler identification is GNU 13.3.0
-- The CXX compiler identification is GNU 13.3.0
-- Detecting C compiler ABI info
-- Detecting C compiler ABI info - done
-- Check for working C compiler: /usr/bin/cc - skipped
-- Detecting C compile features
-- Detecting C compile features - done
-- Detecting CXX compiler ABI info
-- Detecting CXX compiler ABI info - done
-- Check for working CXX compiler: /usr/bin/c++ - skipped
-- Detecting CXX compile features
-- Detecting CXX compile features - done
-- Found ament_cmake: 2.5.3 (/opt/ros/jazzy/share/ament_cmake/cmake)
-- Found Python3: /usr/bin/python3 (found version "3.12.3") found components: Interpreter 
-- Found rclcpp: 28.1.6 (/opt/ros/jazzy/share/rclcpp/cmake)
-- Found rosidl_generator_c: 4.6.5 (/opt/ros/jazzy/share/rosidl_generator_c/cmake)
-- Found rosidl_generator_cpp: 4.6.5 (/opt/ros/jazzy/share/rosidl_generator_cpp/cmake)
-- Using all available rosidl_typesupport_c: rosidl_typesupport_fastrtps_c;rosidl_typesupport_introspection_c
-- Using all available rosidl_typesupport_cpp: rosidl_typesupport_fastrtps_cpp;rosidl_typesupport_introspection_cpp
-- Found rmw_implementation_cmake: 7.3.1 (/opt/ros/jazzy/share/rmw_implementation_cmake/cmake)
-- Found rmw_fastrtps_cpp: 8.4.1 (/opt/ros/jazzy/share/rmw_fastrtps_cpp/cmake)
-- Found OpenSSL: /usr/lib/x86_64-linux-gnu/libcrypto.so (found version "3.0.13")  
-- Found FastRTPS: /opt/ros/jazzy/include (Required is at least version "2.13") 
-- Using RMW implementation 'rmw_fastrtps_cpp' as default
-- Found rosidl_default_generators: 1.6.0 (/opt/ros/jazzy/share/rosidl_default_generators/cmake)
-- Found rosidl_adapter: 4.6.5 (/opt/ros/jazzy/share/rosidl_adapter/cmake)
-- Found ament_cmake_ros: 0.12.0 (/opt/ros/jazzy/share/ament_cmake_ros/cmake)
-- Using all available rosidl_typesupport_c: rosidl_typesupport_fastrtps_c;rosidl_typesupport_introspection_c
-- Using all available rosidl_typesupport_cpp: rosidl_typesupport_fastrtps_cpp;rosidl_typesupport_introspection_cpp
-- Found python_cmake_module: 0.11.1 (/opt/ros/jazzy/share/python_cmake_module/cmake)
-- Found PythonExtra: /usr/bin/python3  
-- Found Python3: /usr/bin/python3 (found version "3.12.3") found components: Interpreter Development NumPy Development.Module Development.Embed 
-- Configuring done (11.6s)
-- Generating done (1.1s)
-- Build files have been written to: /mnt/c/tinker/Tinker_Sber/build/hardware_msg
[  1%] [34m[1mGenerating type hashes for ROS interfaces[0m
[  1%] Built target ament_cmake_python_copy_hardware_msg
[  1%] Built target hardware_msg__rosidl_generator_type_description
running egg_info
creating hardware_msg.egg-info
writing hardware_msg.egg-info/PKG-INFO
writing dependency_links to hardware_msg.egg-info/dependency_links.txt
writing top-level names to hardware_msg.egg-info/top_level.txt
writing manifest file 'hardware_msg.egg-info/SOURCES.txt'
[  2%] [34m[1mGenerating C code for ROS interfaces[0m
[  3%] [34m[1mGenerating C++ code for ROS interfaces[0m
reading manifest file 'hardware_msg.egg-info/SOURCES.txt'
writing manifest file 'hardware_msg.egg-info/SOURCES.txt'
[  3%] Built target ament_cmake_python_build_hardware_msg_egg
[  3%] Built target hardware_msg__cpp
[  4%] [32mBuilding C object CMakeFiles/hardware_msg__rosidl_generator_c.dir/rosidl_generator_c/hardware_msg/msg/detail/board_parameters__description.c.o[0m
[  6%] [32mBuilding C object CMakeFiles/hardware_msg__rosidl_generator_c.dir/rosidl_generator_c/hardware_msg/msg/detail/board_parameters__type_support.c.o[0m
[  6%] [32mBuilding C object CMakeFiles/hardware_msg__rosidl_generator_c.dir/rosidl_generator_c/hardware_msg/msg/detail/board_parameters__functions.c.o[0m
[  7%] [32mBuilding C object CMakeFiles/hardware_msg__rosidl_generator_c.dir/rosidl_generator_c/hardware_msg/msg/detail/imu_parameters__description.c.o[0m
[  8%] [32mBuilding C object CMakeFiles/hardware_msg__rosidl_generator_c.dir/rosidl_generator_c/hardware_msg/msg/detail/imu_parameters__functions.c.o[0m
[  9%] [32mBuilding C object CMakeFiles/hardware_msg__rosidl_generator_c.dir/rosidl_generator_c/hardware_msg/msg/detail/imu_parameters__type_support.c.o[0m
[ 10%] [32mBuilding C object CMakeFiles/hardware_msg__rosidl_generator_c.dir/rosidl_generator_c/hardware_msg/msg/detail/motor_parameters__description.c.o[0m
[ 11%] [32mBuilding C object CMakeFiles/hardware_msg__rosidl_generator_c.dir/rosidl_generator_c/hardware_msg/msg/detail/motor_parameters__functions.c.o[0m
[ 12%] [32mBuilding C object CMakeFiles/hardware_msg__rosidl_generator_c.dir/rosidl_generator_c/hardware_msg/msg/detail/motor_parameters__type_support.c.o[0m
[ 13%] [32mBuilding C object CMakeFiles/hardware_msg__rosidl_generator_c.dir/rosidl_generator_c/hardware_msg/msg/detail/motors_states__description.c.o[0m
[ 15%] [32mBuilding C object CMakeFiles/hardware_msg__rosidl_generator_c.dir/rosidl_generator_c/hardware_msg/msg/detail/motors_states__functions.c.o[0m
[ 15%] [32mBuilding C object CMakeFiles/hardware_msg__rosidl_generator_c.dir/rosidl_generator_c/hardware_msg/msg/detail/motors_states__type_support.c.o[0m
[ 17%] [32mBuilding C object CMakeFiles/hardware_msg__rosidl_generator_c.dir/rosidl_generator_c/hardware_msg/msg/detail/imu__description.c.o[0m
[ 18%] [32mBuilding C object CMakeFiles/hardware_msg__rosidl_generator_c.dir/rosidl_generator_c/hardware_msg/msg/detail/imu__functions.c.o[0m
[ 19%] [32mBuilding C object CMakeFiles/hardware_msg__rosidl_generator_c.dir/rosidl_generator_c/hardware_msg/msg/detail/imu__type_support.c.o[0m
[ 21%] [32mBuilding C object CMakeFiles/hardware_msg__rosidl_generator_c.dir/rosidl_generator_c/hardware_msg/msg/detail/motor_data__description.c.o[0m
[ 21%] [32mBuilding C object CMakeFiles/hardware_msg__rosidl_generator_c.dir/rosidl_generator_c/hardware_msg/msg/detail/motor_data__functions.c.o[0m
[ 24%] [32mBuilding C object CMakeFiles/hardware_msg__rosidl_generator_c.dir/rosidl_generator_c/hardware_msg/msg/detail/motor_data__type_support.c.o[0m
[ 24%] [32mBuilding C object CMakeFiles/hardware_msg__rosidl_generator_c.dir/rosidl_generator_c/hardware_msg/msg/detail/motors_commands__functions.c.o[0m
[ 24%] [32mBuilding C object CMakeFiles/hardware_msg__rosidl_generator_c.dir/rosidl_generator_c/hardware_msg/msg/detail/motors_commands__description.c.o[0m
[ 25%] [32mBuilding C object CMakeFiles/hardware_msg__rosidl_generator_c.dir/rosidl_generator_c/hardware_msg/msg/detail/motors_commands__type_support.c.o[0m
[ 26%] [32m[1mLinking C shared library libhardware_msg__rosidl_generator_c.so[0m
[ 26%] Built target hardware_msg__rosidl_generator_c
[ 30%] [34m[1mGenerating C introspection for ROS interfaces[0m
[ 32%] [34m[1mGenerating C type support dispatch for ROS interfaces[0m
[ 32%] [34m[1mGenerating C++ type support for eProsima Fast-RTPS[0m
[ 32%] [34m[1mGenerating C type support for eProsima Fast-RTPS[0m
[ 32%] [34m[1mGenerating C++ introspection for ROS interfaces[0m
[ 32%] [34m[1mGenerating C++ type support dispatch for ROS interfaces[0m
[ 34%] [32mBuilding CXX object CMakeFiles/hardware_msg__rosidl_typesupport_c.dir/rosidl_typesupport_c/hardware_msg/msg/imu_parameters__type_support.cpp.o[0m
[ 35%] [32mBuilding CXX object CMakeFiles/hardware_msg__rosidl_typesupport_c.dir/rosidl_typesupport_c/hardware_msg/msg/board_parameters__type_support.cpp.o[0m
[ 36%] [32mBuilding CXX object CMakeFiles/hardware_msg__rosidl_typesupport_c.dir/rosidl_typesupport_c/hardware_msg/msg/motor_parameters__type_support.cpp.o[0m
[ 37%] [32mBuilding CXX object CMakeFiles/hardware_msg__rosidl_typesupport_c.dir/rosidl_typesupport_c/hardware_msg/msg/motors_states__type_support.cpp.o[0m
[ 39%] [32mBuilding CXX object CMakeFiles/hardware_msg__rosidl_typesupport_cpp.dir/rosidl_typesupport_cpp/hardware_msg/msg/imu_parameters__type_support.cpp.o[0m
[ 39%] [32mBuilding CXX object CMakeFiles/hardware_msg__rosidl_typesupport_cpp.dir/rosidl_typesupport_cpp/hardware_msg/msg/board_parameters__type_support.cpp.o[0m
[ 40%] [32mBuilding CXX object CMakeFiles/hardware_msg__rosidl_typesupport_cpp.dir/rosidl_typesupport_cpp/hardware_msg/msg/motor_parameters__type_support.cpp.o[0m
[ 41%] [32mBuilding CXX object CMakeFiles/hardware_msg__rosidl_typesupport_cpp.dir/rosidl_typesupport_cpp/hardware_msg/msg/motors_states__type_support.cpp.o[0m
[ 42%] [32mBuilding CXX object CMakeFiles/hardware_msg__rosidl_typesupport_c.dir/rosidl_typesupport_c/hardware_msg/msg/imu__type_support.cpp.o[0m
[ 43%] [32mBuilding CXX object CMakeFiles/hardware_msg__rosidl_typesupport_c.dir/rosidl_typesupport_c/hardware_msg/msg/motors_commands__type_support.cpp.o[0m
[ 44%] [32mBuilding CXX object CMakeFiles/hardware_msg__rosidl_typesupport_c.dir/rosidl_typesupport_c/hardware_msg/msg/motor_data__type_support.cpp.o[0m
[ 45%] [32mBuilding CXX object CMakeFiles/hardware_msg__rosidl_typesupport_introspection_cpp.dir/rosidl_typesupport_introspection_cpp/hardware_msg/msg/detail/board_parameters__type_support.cpp.o[0m
[ 46%] [32mBuilding CXX object CMakeFiles/hardware_msg__rosidl_typesupport_introspection_cpp.dir/rosidl_typesupport_introspection_cpp/hardware_msg/msg/detail/imu_parameters__type_support.cpp.o[0m
[ 47%] [32mBuilding CXX object CMakeFiles/hardware_msg__rosidl_typesupport_introspection_cpp.dir/rosidl_typesupport_introspection_cpp/hardware_msg/msg/detail/motor_parameters__type_support.cpp.o[0m
[ 48%] [32mBuilding CXX object CMakeFiles/hardware_msg__rosidl_typesupport_cpp.dir/rosidl_typesupport_cpp/hardware_msg/msg/imu__type_support.cpp.o[0m
[ 50%] [32mBuilding C object CMakeFiles/hardware_msg__rosidl_typesupport_introspection_c.dir/rosidl_typesupport_introspection_c/hardware_msg/msg/detail/board_parameters__type_support.c.o[0m
[ 51%] [32m[1mLinking CXX shared library libhardware_msg__rosidl_typesupport_c.so[0m
[ 52%] [32mBuilding CXX object CMakeFiles/hardware_msg__rosidl_typesupport_fastrtps_c.dir/rosidl_typesupport_fastrtps_c/hardware_msg/msg/detail/board_parameters__type_support_c.cpp.o[0m
[ 53%] [32mBuilding CXX object CMakeFiles/hardware_msg__rosidl_typesupport_fastrtps_cpp.dir/rosidl_typesupport_fastrtps_cpp/hardware_msg/msg/detail/dds_fastrtps/board_parameters__type_support.cpp.o[0m
[ 54%] [32mBuilding C object CMakeFiles/hardware_msg__rosidl_typesupport_introspection_c.dir/rosidl_typesupport_introspection_c/hardware_msg/msg/detail/imu_parameters__type_support.c.o[0m
[ 56%] [32mBuilding CXX object CMakeFiles/hardware_msg__rosidl_typesupport_fastrtps_c.dir/rosidl_typesupport_fastrtps_c/hardware_msg/msg/detail/imu_parameters__type_support_c.cpp.o[0m
[ 56%] [32mBuilding CXX object CMakeFiles/hardware_msg__rosidl_typesupport_fastrtps_cpp.dir/rosidl_typesupport_fastrtps_cpp/hardware_msg/msg/detail/dds_fastrtps/imu_parameters__type_support.cpp.o[0m
[ 57%] [32mBuilding C object CMakeFiles/hardware_msg__rosidl_typesupport_introspection_c.dir/rosidl_typesupport_introspection_c/hardware_msg/msg/detail/motor_parameters__type_support.c.o[0m
[ 58%] [32mBuilding CXX object CMakeFiles/hardware_msg__rosidl_typesupport_fastrtps_c.dir/rosidl_typesupport_fastrtps_c/hardware_msg/msg/detail/motor_parameters__type_support_c.cpp.o[0m
[ 58%] Built target hardware_msg__rosidl_typesupport_c
[ 59%] [32mBuilding C object CMakeFiles/hardware_msg__rosidl_typesupport_introspection_c.dir/rosidl_typesupport_introspection_c/hardware_msg/msg/detail/motors_states__type_support.c.o[0m
[ 60%] [32mBuilding CXX object CMakeFiles/hardware_msg__rosidl_typesupport_cpp.dir/rosidl_typesupport_cpp/hardware_msg/msg/motor_data__type_support.cpp.o[0m
[ 61%] [32mBuilding CXX object CMakeFiles/hardware_msg__rosidl_typesupport_cpp.dir/rosidl_typesupport_cpp/hardware_msg/msg/motors_commands__type_support.cpp.o[0m
[ 62%] [32mBuilding CXX object CMakeFiles/hardware_msg__rosidl_typesupport_fastrtps_cpp.dir/rosidl_typesupport_fastrtps_cpp/hardware_msg/msg/detail/dds_fastrtps/motor_parameters__type_support.cpp.o[0m
[ 64%] [32mBuilding CXX object CMakeFiles/hardware_msg__rosidl_typesupport_introspection_cpp.dir/rosidl_typesupport_introspection_cpp/hardware_msg/msg/detail/motors_states__type_support.cpp.o[0m
[ 64%] [32mBuilding CXX object CMakeFiles/hardware_msg__rosidl_typesupport_fastrtps_cpp.dir/rosidl_typesupport_fastrtps_cpp/hardware_msg/msg/detail/dds_fastrtps/motors_states__type_support.cpp.o[0m
[ 65%] [32mBuilding C object CMakeFiles/hardware_msg__rosidl_typesupport_introspection_c.dir/rosidl_typesupport_introspection_c/hardware_msg/msg/detail/imu__type_support.c.o[0m
[ 67%] [32mBuilding C object CMakeFiles/hardware_msg__rosidl_typesupport_introspection_c.dir/rosidl_typesupport_introspection_c/hardware_msg/msg/detail/motor_data__type_support.c.o[0m
[ 68%] [32mBuilding CXX object CMakeFiles/hardware_msg__rosidl_typesupport_introspection_cpp.dir/rosidl_typesupport_introspection_cpp/hardware_msg/msg/detail/imu__type_support.cpp.o[0m
[ 69%] [32mBuilding CXX object CMakeFiles/hardware_msg__rosidl_typesupport_fastrtps_c.dir/rosidl_typesupport_fastrtps_c/hardware_msg/msg/detail/motors_states__type_support_c.cpp.o[0m
[ 70%] [32mBuilding C object CMakeFiles/hardware_msg__rosidl_typesupport_introspection_c.dir/rosidl_typesupport_introspection_c/hardware_msg/msg/detail/motors_commands__type_support.c.o[0m
[ 71%] [32mBuilding CXX object CMakeFiles/hardware_msg__rosidl_typesupport_introspection_cpp.dir/rosidl_typesupport_introspection_cpp/hardware_msg/msg/detail/motor_data__type_support.cpp.o[0m
[ 72%] [32mBuilding CXX object CMakeFiles/hardware_msg__rosidl_typesupport_fastrtps_cpp.dir/rosidl_typesupport_fastrtps_cpp/hardware_msg/msg/detail/dds_fastrtps/imu__type_support.cpp.o[0m
[ 73%] [32mBuilding CXX object CMakeFiles/hardware_msg__rosidl_typesupport_fastrtps_cpp.dir/rosidl_typesupport_fastrtps_cpp/hardware_msg/msg/detail/dds_fastrtps/motor_data__type_support.cpp.o[0m
[ 74%] [32mBuilding CXX object CMakeFiles/hardware_msg__rosidl_typesupport_fastrtps_cpp.dir/rosidl_typesupport_fastrtps_cpp/hardware_msg/msg/detail/dds_fastrtps/motors_commands__type_support.cpp.o[0m
[ 75%] [32m[1mLinking CXX shared library libhardware_msg__rosidl_typesupport_cpp.so[0m
[ 76%] [32mBuilding CXX object CMakeFiles/hardware_msg__rosidl_typesupport_fastrtps_c.dir/rosidl_typesupport_fastrtps_c/hardware_msg/msg/detail/imu__type_support_c.cpp.o[0m
[ 77%] [32m[1mLinking C shared library libhardware_msg__rosidl_typesupport_introspection_c.so[0m
[ 78%] [32mBuilding CXX object CMakeFiles/hardware_msg__rosidl_typesupport_introspection_cpp.dir/rosidl_typesupport_introspection_cpp/hardware_msg/msg/detail/motors_commands__type_support.cpp.o[0m
[ 79%] [32mBuilding CXX object CMakeFiles/hardware_msg__rosidl_typesupport_fastrtps_c.dir/rosidl_typesupport_fastrtps_c/hardware_msg/msg/detail/motor_data__type_support_c.cpp.o[0m
[ 80%] [32mBuilding CXX object CMakeFiles/hardware_msg__rosidl_typesupport_fastrtps_c.dir/rosidl_typesupport_fastrtps_c/hardware_msg/msg/detail/motors_commands__type_support_c.cpp.o[0m
[ 80%] Built target hardware_msg__rosidl_typesupport_cpp
[ 80%] Built target hardware_msg__rosidl_typesupport_introspection_c
[ 81%] [32m[1mLinking CXX shared library libhardware_msg__rosidl_typesupport_fastrtps_cpp.so[0m
[ 82%] [32m[1mLinking CXX shared library libhardware_msg__rosidl_typesupport_introspection_cpp.so[0m
[ 84%] [32m[1mLinking CXX shared library libhardware_msg__rosidl_typesupport_fastrtps_c.so[0m
[ 84%] Built target hardware_msg__rosidl_typesupport_fastrtps_cpp
[ 84%] Built target hardware_msg__rosidl_typesupport_introspection_cpp
[ 84%] Built target hardware_msg__rosidl_typesupport_fastrtps_c
[ 84%] Built target hardware_msg
[ 85%] [34m[1mGenerating Python code for ROS interfaces[0m
[ 85%] Built target hardware_msg__py
[ 87%] [32mBuilding C object CMakeFiles/hardware_msg__rosidl_generator_py.dir/rosidl_generator_py/hardware_msg/msg/_board_parameters_s.c.o[0m
[ 87%] [32mBuilding C object CMakeFiles/hardware_msg__rosidl_generator_py.dir/rosidl_generator_py/hardware_msg/msg/_imu_parameters_s.c.o[0m
[ 88%] [32mBuilding C object CMakeFiles/hardware_msg__rosidl_generator_py.dir/rosidl_generator_py/hardware_msg/msg/_motor_parameters_s.c.o[0m
[ 89%] [32mBuilding C object CMakeFiles/hardware_msg__rosidl_generator_py.dir/rosidl_generator_py/hardware_msg/msg/_motors_states_s.c.o[0m
[ 91%] [32mBuilding C object CMakeFiles/hardware_msg__rosidl_generator_py.dir/rosidl_generator_py/hardware_msg/msg/_imu_s.c.o[0m
[ 92%] [32mBuilding C object CMakeFiles/hardware_msg__rosidl_generator_py.dir/rosidl_generator_py/hardware_msg/msg/_motor_data_s.c.o[0m
[ 92%] [32mBuilding C object CMakeFiles/hardware_msg__rosidl_generator_py.dir/rosidl_generator_py/hardware_msg/msg/_motors_commands_s.c.o[0m
[ 93%] [32m[1mLinking C shared library libhardware_msg__rosidl_generator_py.so[0m
[ 93%] Built target hardware_msg__rosidl_generator_py
[ 94%] [32mBuilding C object CMakeFiles/hardware_msg_s__rosidl_typesupport_fastrtps_c.dir/rosidl_generator_py/hardware_msg/_hardware_msg_s.ep.rosidl_typesupport_fastrtps_c.c.o[0m
[ 95%] [32mBuilding C object CMakeFiles/hardware_msg_s__rosidl_typesupport_c.dir/rosidl_generator_py/hardware_msg/_hardware_msg_s.ep.rosidl_typesupport_c.c.o[0m
[ 96%] [32mBuilding C object CMakeFiles/hardware_msg_s__rosidl_typesupport_introspection_c.dir/rosidl_generator_py/hardware_msg/_hardware_msg_s.ep.rosidl_typesupport_introspection_c.c.o[0m
[ 97%] [32m[1mLinking C shared module rosidl_generator_py/hardware_msg/hardware_msg_s__rosidl_typesupport_c.so[0m
[ 98%] [32m[1mLinking C shared module rosidl_generator_py/hardware_msg/hardware_msg_s__rosidl_typesupport_fastrtps_c.so[0m
[100%] [32m[1mLinking C shared module rosidl_generator_py/hardware_msg/hardware_msg_s__rosidl_typesupport_introspection_c.so[0m
[100%] Built target hardware_msg_s__rosidl_typesupport_c
[100%] Built target hardware_msg_s__rosidl_typesupport_introspection_c
[100%] Built target hardware_msg_s__rosidl_typesupport_fastrtps_c
-- Install configuration: ""
-- Installing: /mnt/c/tinker/Tinker_Sber/install/hardware_msg/share/ament_index/resource_index/rosidl_interfaces/hardware_msg
-- Installing: /mnt/c/tinker/Tinker_Sber/install/hardware_msg/share/hardware_msg/msg/BoardParameters.json
-- Installing: /mnt/c/tinker/Tinker_Sber/install/hardware_msg/share/hardware_msg/msg/ImuParameters.json
-- Installing: /mnt/c/tinker/Tinker_Sber/install/hardware_msg/share/hardware_msg/msg/MotorParameters.json
-- Installing: /mnt/c/tinker/Tinker_Sber/install/hardware_msg/share/hardware_msg/msg/MotorsStates.json
-- Installing: /mnt/c/tinker/Tinker_Sber/install/hardware_msg/share/hardware_msg/msg/Imu.json
-- Installing: /mnt/c/tinker/Tinker_Sber/install/hardware_msg/share/hardware_msg/msg/MotorData.json
-- Installing: /mnt/c/tinker/Tinker_Sber/install/hardware_msg/share/hardware_msg/msg/MotorsCommands.json
-- Installing: /mnt/c/tinker/Tinker_Sber/install/hardware_msg/include/hardware_msg/hardware_msg
-- Installing: /mnt/c/tinker/Tinker_Sber/install/hardware_msg/include/hardware_msg/hardware_msg/msg
-- Installing: /mnt/c/tinker/Tinker_Sber/install/hardware_msg/include/hardware_msg/hardware_msg/msg/board_parameters.h
-- Installing: /mnt/c/tinker/Tinker_Sber/install/hardware_msg/include/hardware_msg/hardware_msg/msg/detail
-- Installing: /mnt/c/tinker/Tinker_Sber/install/hardware_msg/include/hardware_msg/hardware_msg/msg/detail/board_parameters__description.c
-- Installing: /mnt/c/tinker/Tinker_Sber/install/hardware_msg/include/hardware_msg/hardware_msg/msg/detail/board_parameters__functions.c
-- Installing: /mnt/c/tinker/Tinker_Sber/install/hardware_msg/include/hardware_msg/hardware_msg/msg/detail/board_parameters__functions.h
-- Installing: /mnt/c/tinker/Tinker_Sber/install/hardware_msg/include/hardware_msg/hardware_msg/msg/detail/board_parameters__struct.h
-- Installing: /mnt/c/tinker/Tinker_Sber/install/hardware_msg/include/hardware_msg/hardware_msg/msg/detail/board_parameters__type_support.c
-- Installing: /mnt/c/tinker/Tinker_Sber/install/hardware_msg/include/hardware_msg/hardware_msg/msg/detail/board_parameters__type_support.h
-- Installing: /mnt/c/tinker/Tinker_Sber/install/hardware_msg/include/hardware_msg/hardware_msg/msg/detail/imu_parameters__description.c
-- Installing: /mnt/c/tinker/Tinker_Sber/install/hardware_msg/include/hardware_msg/hardware_msg/msg/detail/imu_parameters__functions.c
-- Installing: /mnt/c/tinker/Tinker_Sber/install/hardware_msg/include/hardware_msg/hardware_msg/msg/detail/imu_parameters__functions.h
-- Installing: /mnt/c/tinker/Tinker_Sber/install/hardware_msg/include/hardware_msg/hardware_msg/msg/detail/imu_parameters__struct.h
-- Installing: /mnt/c/tinker/Tinker_Sber/install/hardware_msg/include/hardware_msg/hardware_msg/msg/detail/imu_parameters__type_support.c
-- Installing: /mnt/c/tinker/Tinker_Sber/install/hardware_msg/include/hardware_msg/hardware_msg/msg/detail/imu_parameters__type_support.h
-- Installing: /mnt/c/tinker/Tinker_Sber/install/hardware_msg/include/hardware_msg/hardware_msg/msg/detail/imu__description.c
-- Installing: /mnt/c/tinker/Tinker_Sber/install/hardware_msg/include/hardware_msg/hardware_msg/msg/detail/imu__functions.c
-- Installing: /mnt/c/tinker/Tinker_Sber/install/hardware_msg/include/hardware_msg/hardware_msg/msg/detail/imu__functions.h
-- Installing: /mnt/c/tinker/Tinker_Sber/install/hardware_msg/include/hardware_msg/hardware_msg/msg/detail/imu__struct.h
-- Installing: /mnt/c/tinker/Tinker_Sber/install/hardware_msg/include/hardware_msg/hardware_msg/msg/detail/imu__type_support.c
-- Installing: /mnt/c/tinker/Tinker_Sber/install/hardware_msg/include/hardware_msg/hardware_msg/msg/detail/imu__type_support.h
-- Installing: /mnt/c/tinker/Tinker_Sber/install/hardware_msg/include/hardware_msg/hardware_msg/msg/detail/motors_commands__description.c
-- Installing: /mnt/c/tinker/Tinker_Sber/install/hardware_msg/include/hardware_msg/hardware_msg/msg/detail/motors_commands__functions.c
-- Installing: /mnt/c/tinker/Tinker_Sber/install/hardware_msg/include/hardware_msg/hardware_msg/msg/detail/motors_commands__functions.h
-- Installing: /mnt/c/tinker/Tinker_Sber/install/hardware_msg/include/hardware_msg/hardware_msg/msg/detail/motors_commands__struct.h
-- Installing: /mnt/c/tinker/Tinker_Sber/install/hardware_msg/include/hardware_msg/hardware_msg/msg/detail/motors_commands__type_support.c
-- Installing: /mnt/c/tinker/Tinker_Sber/install/hardware_msg/include/hardware_msg/hardware_msg/msg/detail/motors_commands__type_support.h
-- Installing: /mnt/c/tinker/Tinker_Sber/install/hardware_msg/include/hardware_msg/hardware_msg/msg/detail/motors_states__description.c
-- Installing: /mnt/c/tinker/Tinker_Sber/install/hardware_msg/include/hardware_msg/hardware_msg/msg/detail/motors_states__functions.c
-- Installing: /mnt/c/tinker/Tinker_Sber/install/hardware_msg/include/hardware_msg/hardware_msg/msg/detail/motors_states__functions.h
-- Installing: /mnt/c/tinker/Tinker_Sber/install/hardware_msg/include/hardware_msg/hardware_msg/msg/detail/motors_states__struct.h
-- Installing: /mnt/c/tinker/Tinker_Sber/install/hardware_msg/include/hardware_msg/hardware_msg/msg/detail/motors_states__type_support.c
-- Installing: /mnt/c/tinker/Tinker_Sber/install/hardware_msg/include/hardware_msg/hardware_msg/msg/detail/motors_states__type_support.h
-- Installing: /mnt/c/tinker/Tinker_Sber/install/hardware_msg/include/hardware_msg/hardware_msg/msg/detail/motor_data__description.c
-- Installing: /mnt/c/tinker/Tinker_Sber/install/hardware_msg/include/hardware_msg/hardware_msg/msg/detail/motor_data__functions.c
-- Installing: /mnt/c/tinker/Tinker_Sber/install/hardware_msg/include/hardware_msg/hardware_msg/msg/detail/motor_data__functions.h
-- Installing: /mnt/c/tinker/Tinker_Sber/install/hardware_msg/include/hardware_msg/hardware_msg/msg/detail/motor_data__struct.h
-- Installing: /mnt/c/tinker/Tinker_Sber/install/hardware_msg/include/hardware_msg/hardware_msg/msg/detail/motor_data__type_support.c
-- Installing: /mnt/c/tinker/Tinker_Sber/install/hardware_msg/include/hardware_msg/hardware_msg/msg/detail/motor_data__type_support.h
-- Installing: /mnt/c/tinker/Tinker_Sber/install/hardware_msg/include/hardware_msg/hardware_msg/msg/detail/motor_parameters__description.c
-- Installing: /mnt/c/tinker/Tinker_Sber/install/hardware_msg/include/hardware_msg/hardware_msg/msg/detail/motor_parameters__functions.c
-- Installing: /mnt/c/tinker/Tinker_Sber/install/hardware_msg/include/hardware_msg/hardware_msg/msg/detail/motor_parameters__functions.h
-- Installing: /mnt/c/tinker/Tinker_Sber/install/hardware_msg/include/hardware_msg/hardware_msg/msg/detail/motor_parameters__struct.h
-- Installing: /mnt/c/tinker/Tinker_Sber/install/hardware_msg/include/hardware_msg/hardware_msg/msg/detail/motor_parameters__type_support.c
-- Installing: /mnt/c/tinker/Tinker_Sber/install/hardware_msg/include/hardware_msg/hardware_msg/msg/detail/motor_parameters__type_support.h
-- Installing: /mnt/c/tinker/Tinker_Sber/install/hardware_msg/include/hardware_msg/hardware_msg/msg/imu.h
-- Installing: /mnt/c/tinker/Tinker_Sber/install/hardware_msg/include/hardware_msg/hardware_msg/msg/imu_parameters.h
-- Installing: /mnt/c/tinker/Tinker_Sber/install/hardware_msg/include/hardware_msg/hardware_msg/msg/motors_commands.h
-- Installing: /mnt/c/tinker/Tinker_Sber/install/hardware_msg/include/hardware_msg/hardware_msg/msg/motors_states.h
-- Installing: /mnt/c/tinker/Tinker_Sber/install/hardware_msg/include/hardware_msg/hardware_msg/msg/motor_data.h
-- Installing: /mnt/c/tinker/Tinker_Sber/install/hardware_msg/include/hardware_msg/hardware_msg/msg/motor_parameters.h
-- Installing: /mnt/c/tinker/Tinker_Sber/install/hardware_msg/include/hardware_msg/hardware_msg/msg/rosidl_generator_c__visibility_control.h
-- Installing: /mnt/c/tinker/Tinker_Sber/install/hardware_msg/share/hardware_msg/environment/library_path.sh
-- Installing: /mnt/c/tinker/Tinker_Sber/install/hardware_msg/share/hardware_msg/environment/library_path.dsv
-- Installing: /mnt/c/tinker/Tinker_Sber/install/hardware_msg/lib/libhardware_msg__rosidl_generator_c.so
-- Set non-toolchain portion of runtime path of "/mnt/c/tinker/Tinker_Sber/install/hardware_msg/lib/libhardware_msg__rosidl_generator_c.so" to ""
-- Up-to-date: /mnt/c/tinker/Tinker_Sber/install/hardware_msg/include/hardware_msg/hardware_msg
-- Up-to-date: /mnt/c/tinker/Tinker_Sber/install/hardware_msg/include/hardware_msg/hardware_msg/msg
-- Up-to-date: /mnt/c/tinker/Tinker_Sber/install/hardware_msg/include/hardware_msg/hardware_msg/msg/detail
-- Installing: /mnt/c/tinker/Tinker_Sber/install/hardware_msg/include/hardware_msg/hardware_msg/msg/detail/board_parameters__rosidl_typesupport_fastrtps_c.h
-- Installing: /mnt/c/tinker/Tinker_Sber/install/hardware_msg/include/hardware_msg/hardware_msg/msg/detail/imu_parameters__rosidl_typesupport_fastrtps_c.h
-- Installing: /mnt/c/tinker/Tinker_Sber/install/hardware_msg/include/hardware_msg/hardware_msg/msg/detail/imu__rosidl_typesupport_fastrtps_c.h
-- Installing: /mnt/c/tinker/Tinker_Sber/install/hardware_msg/include/hardware_msg/hardware_msg/msg/detail/motors_commands__rosidl_typesupport_fastrtps_c.h
-- Installing: /mnt/c/tinker/Tinker_Sber/install/hardware_msg/include/hardware_msg/hardware_msg/msg/detail/motors_states__rosidl_typesupport_fastrtps_c.h
-- Installing: /mnt/c/tinker/Tinker_Sber/install/hardware_msg/include/hardware_msg/hardware_msg/msg/detail/motor_data__rosidl_typesupport_fastrtps_c.h
-- Installing: /mnt/c/tinker/Tinker_Sber/install/hardware_msg/include/hardware_msg/hardware_msg/msg/detail/motor_parameters__rosidl_typesupport_fastrtps_c.h
-- Installing: /mnt/c/tinker/Tinker_Sber/install/hardware_msg/include/hardware_msg/hardware_msg/msg/rosidl_typesupport_fastrtps_c__visibility_control.h
-- Installing: /mnt/c/tinker/Tinker_Sber/install/hardware_msg/lib/libhardware_msg__rosidl_typesupport_fastrtps_c.so
-- Set non-toolchain portion of runtime path of "/mnt/c/tinker/Tinker_Sber/install/hardware_msg/lib/libhardware_msg__rosidl_typesupport_fastrtps_c.so" to ""
-- Up-to-date: /mnt/c/tinker/Tinker_Sber/install/hardware_msg/include/hardware_msg/hardware_msg
-- Up-to-date: /mnt/c/tinker/Tinker_Sber/install/hardware_msg/include/hardware_msg/hardware_msg/msg
-- Installing: /mnt/c/tinker/Tinker_Sber/install/hardware_msg/include/hardware_msg/hardware_msg/msg/board_parameters.hpp
-- Up-to-date: /mnt/c/tinker/Tinker_Sber/install/hardware_msg/include/hardware_msg/hardware_msg/msg/detail
-- Installing: /mnt/c/tinker/Tinker_Sber/install/hardware_msg/include/hardware_msg/hardware_msg/msg/detail/board_parameters__builder.hpp
-- Installing: /mnt/c/tinker/Tinker_Sber/install/hardware_msg/include/hardware_msg/hardware_msg/msg/detail/board_parameters__struct.hpp
-- Installing: /mnt/c/tinker/Tinker_Sber/install/hardware_msg/include/hardware_msg/hardware_msg/msg/detail/board_parameters__traits.hpp
-- Installing: /mnt/c/tinker/Tinker_Sber/install/hardware_msg/include/hardware_msg/hardware_msg/msg/detail/board_parameters__type_support.hpp
-- Installing: /mnt/c/tinker/Tinker_Sber/install/hardware_msg/include/hardware_msg/hardware_msg/msg/detail/imu_parameters__builder.hpp
-- Installing: /mnt/c/tinker/Tinker_Sber/install/hardware_msg/include/hardware_msg/hardware_msg/msg/detail/imu_parameters__struct.hpp
-- Installing: /mnt/c/tinker/Tinker_Sber/install/hardware_msg/include/hardware_msg/hardware_msg/msg/detail/imu_parameters__traits.hpp
-- Installing: /mnt/c/tinker/Tinker_Sber/install/hardware_msg/include/hardware_msg/hardware_msg/msg/detail/imu_parameters__type_support.hpp
-- Installing: /mnt/c/tinker/Tinker_Sber/install/hardware_msg/include/hardware_msg/hardware_msg/msg/detail/imu__builder.hpp
-- Installing: /mnt/c/tinker/Tinker_Sber/install/hardware_msg/include/hardware_msg/hardware_msg/msg/detail/imu__struct.hpp
-- Installing: /mnt/c/tinker/Tinker_Sber/install/hardware_msg/include/hardware_msg/hardware_msg/msg/detail/imu__traits.hpp
-- Installing: /mnt/c/tinker/Tinker_Sber/install/hardware_msg/include/hardware_msg/hardware_msg/msg/detail/imu__type_support.hpp
-- Installing: /mnt/c/tinker/Tinker_Sber/install/hardware_msg/include/hardware_msg/hardware_msg/msg/detail/motors_commands__builder.hpp
-- Installing: /mnt/c/tinker/Tinker_Sber/install/hardware_msg/include/hardware_msg/hardware_msg/msg/detail/motors_commands__struct.hpp
-- Installing: /mnt/c/tinker/Tinker_Sber/install/hardware_msg/include/hardware_msg/hardware_msg/msg/detail/motors_commands__traits.hpp
-- Installing: /mnt/c/tinker/Tinker_Sber/install/hardware_msg/include/hardware_msg/hardware_msg/msg/detail/motors_commands__type_support.hpp
-- Installing: /mnt/c/tinker/Tinker_Sber/install/hardware_msg/include/hardware_msg/hardware_msg/msg/detail/motors_states__builder.hpp
-- Installing: /mnt/c/tinker/Tinker_Sber/install/hardware_msg/include/hardware_msg/hardware_msg/msg/detail/motors_states__struct.hpp
-- Installing: /mnt/c/tinker/Tinker_Sber/install/hardware_msg/include/hardware_msg/hardware_msg/msg/detail/motors_states__traits.hpp
-- Installing: /mnt/c/tinker/Tinker_Sber/install/hardware_msg/include/hardware_msg/hardware_msg/msg/detail/motors_states__type_support.hpp
-- Installing: /mnt/c/tinker/Tinker_Sber/install/hardware_msg/include/hardware_msg/hardware_msg/msg/detail/motor_data__builder.hpp
-- Installing: /mnt/c/tinker/Tinker_Sber/install/hardware_msg/include/hardware_msg/hardware_msg/msg/detail/motor_data__struct.hpp
-- Installing: /mnt/c/tinker/Tinker_Sber/install/hardware_msg/include/hardware_msg/hardware_msg/msg/detail/motor_data__traits.hpp
-- Installing: /mnt/c/tinker/Tinker_Sber/install/hardware_msg/include/hardware_msg/hardware_msg/msg/detail/motor_data__type_support.hpp
-- Installing: /mnt/c/tinker/Tinker_Sber/install/hardware_msg/include/hardware_msg/hardware_msg/msg/detail/motor_parameters__builder.hpp
-- Installing: /mnt/c/tinker/Tinker_Sber/install/hardware_msg/include/hardware_msg/hardware_msg/msg/detail/motor_parameters__struct.hpp
-- Installing: /mnt/c/tinker/Tinker_Sber/install/hardware_msg/include/hardware_msg/hardware_msg/msg/detail/motor_parameters__traits.hpp
-- Installing: /mnt/c/tinker/Tinker_Sber/install/hardware_msg/include/hardware_msg/hardware_msg/msg/detail/motor_parameters__type_support.hpp
-- Installing: /mnt/c/tinker/Tinker_Sber/install/hardware_msg/include/hardware_msg/hardware_msg/msg/imu.hpp
-- Installing: /mnt/c/tinker/Tinker_Sber/install/hardware_msg/include/hardware_msg/hardware_msg/msg/imu_parameters.hpp
-- Installing: /mnt/c/tinker/Tinker_Sber/install/hardware_msg/include/hardware_msg/hardware_msg/msg/motors_commands.hpp
-- Installing: /mnt/c/tinker/Tinker_Sber/install/hardware_msg/include/hardware_msg/hardware_msg/msg/motors_states.hpp
-- Installing: /mnt/c/tinker/Tinker_Sber/install/hardware_msg/include/hardware_msg/hardware_msg/msg/motor_data.hpp
-- Installing: /mnt/c/tinker/Tinker_Sber/install/hardware_msg/include/hardware_msg/hardware_msg/msg/motor_parameters.hpp
-- Installing: /mnt/c/tinker/Tinker_Sber/install/hardware_msg/include/hardware_msg/hardware_msg/msg/rosidl_generator_cpp__visibility_control.hpp
-- Up-to-date: /mnt/c/tinker/Tinker_Sber/install/hardware_msg/include/hardware_msg/hardware_msg
-- Up-to-date: /mnt/c/tinker/Tinker_Sber/install/hardware_msg/include/hardware_msg/hardware_msg/msg
-- Up-to-date: /mnt/c/tinker/Tinker_Sber/install/hardware_msg/include/hardware_msg/hardware_msg/msg/detail
-- Installing: /mnt/c/tinker/Tinker_Sber/install/hardware_msg/include/hardware_msg/hardware_msg/msg/detail/board_parameters__rosidl_typesupport_fastrtps_cpp.hpp
-- Installing: /mnt/c/tinker/Tinker_Sber/install/hardware_msg/include/hardware_msg/hardware_msg/msg/detail/dds_fastrtps
-- Installing: /mnt/c/tinker/Tinker_Sber/install/hardware_msg/include/hardware_msg/hardware_msg/msg/detail/imu_parameters__rosidl_typesupport_fastrtps_cpp.hpp
-- Installing: /mnt/c/tinker/Tinker_Sber/install/hardware_msg/include/hardware_msg/hardware_msg/msg/detail/imu__rosidl_typesupport_fastrtps_cpp.hpp
-- Installing: /mnt/c/tinker/Tinker_Sber/install/hardware_msg/include/hardware_msg/hardware_msg/msg/detail/motors_commands__rosidl_typesupport_fastrtps_cpp.hpp
-- Installing: /mnt/c/tinker/Tinker_Sber/install/hardware_msg/include/hardware_msg/hardware_msg/msg/detail/motors_states__rosidl_typesupport_fastrtps_cpp.hpp
-- Installing: /mnt/c/tinker/Tinker_Sber/install/hardware_msg/include/hardware_msg/hardware_msg/msg/detail/motor_data__rosidl_typesupport_fastrtps_cpp.hpp
-- Installing: /mnt/c/tinker/Tinker_Sber/install/hardware_msg/include/hardware_msg/hardware_msg/msg/detail/motor_parameters__rosidl_typesupport_fastrtps_cpp.hpp
-- Installing: /mnt/c/tinker/Tinker_Sber/install/hardware_msg/include/hardware_msg/hardware_msg/msg/rosidl_typesupport_fastrtps_cpp__visibility_control.h
-- Installing: /mnt/c/tinker/Tinker_Sber/install/hardware_msg/lib/libhardware_msg__rosidl_typesupport_fastrtps_cpp.so
-- Set non-toolchain portion of runtime path of "/mnt/c/tinker/Tinker_Sber/install/hardware_msg/lib/libhardware_msg__rosidl_typesupport_fastrtps_cpp.so" to ""
-- Up-to-date: /mnt/c/tinker/Tinker_Sber/install/hardware_msg/include/hardware_msg/hardware_msg
-- Up-to-date: /mnt/c/tinker/Tinker_Sber/install/hardware_msg/include/hardware_msg/hardware_msg/msg
-- Up-to-date: /mnt/c/tinker/Tinker_Sber/install/hardware_msg/include/hardware_msg/hardware_msg/msg/detail
-- Installing: /mnt/c/tinker/Tinker_Sber/install/hardware_msg/include/hardware_msg/hardware_msg/msg/detail/board_parameters__rosidl_typesupport_introspection_c.h
-- Installing: /mnt/c/tinker/Tinker_Sber/install/hardware_msg/include/hardware_msg/hardware_msg/msg/detail/board_parameters__type_support.c
-- Installing: /mnt/c/tinker/Tinker_Sber/install/hardware_msg/include/hardware_msg/hardware_msg/msg/detail/imu_parameters__rosidl_typesupport_introspection_c.h
-- Installing: /mnt/c/tinker/Tinker_Sber/install/hardware_msg/include/hardware_msg/hardware_msg/msg/detail/imu_parameters__type_support.c
-- Installing: /mnt/c/tinker/Tinker_Sber/install/hardware_msg/include/hardware_msg/hardware_msg/msg/detail/imu__rosidl_typesupport_introspection_c.h
-- Installing: /mnt/c/tinker/Tinker_Sber/install/hardware_msg/include/hardware_msg/hardware_msg/msg/detail/imu__type_support.c
-- Installing: /mnt/c/tinker/Tinker_Sber/install/hardware_msg/include/hardware_msg/hardware_msg/msg/detail/motors_commands__rosidl_typesupport_introspection_c.h
-- Installing: /mnt/c/tinker/Tinker_Sber/install/hardware_msg/include/hardware_msg/hardware_msg/msg/detail/motors_commands__type_support.c
-- Installing: /mnt/c/tinker/Tinker_Sber/install/hardware_msg/include/hardware_msg/hardware_msg/msg/detail/motors_states__rosidl_typesupport_introspection_c.h
-- Installing: /mnt/c/tinker/Tinker_Sber/install/hardware_msg/include/hardware_msg/hardware_msg/msg/detail/motors_states__type_support.c
-- Installing: /mnt/c/tinker/Tinker_Sber/install/hardware_msg/include/hardware_msg/hardware_msg/msg/detail/motor_data__rosidl_typesupport_introspection_c.h
-- Installing: /mnt/c/tinker/Tinker_Sber/install/hardware_msg/include/hardware_msg/hardware_msg/msg/detail/motor_data__type_support.c
-- Installing: /mnt/c/tinker/Tinker_Sber/install/hardware_msg/include/hardware_msg/hardware_msg/msg/detail/motor_parameters__rosidl_typesupport_introspection_c.h
-- Installing: /mnt/c/tinker/Tinker_Sber/install/hardware_msg/include/hardware_msg/hardware_msg/msg/detail/motor_parameters__type_support.c
-- Installing: /mnt/c/tinker/Tinker_Sber/install/hardware_msg/include/hardware_msg/hardware_msg/msg/rosidl_typesupport_introspection_c__visibility_control.h
-- Installing: /mnt/c/tinker/Tinker_Sber/install/hardware_msg/lib/libhardware_msg__rosidl_typesupport_introspection_c.so
-- Set non-toolchain portion of runtime path of "/mnt/c/tinker/Tinker_Sber/install/hardware_msg/lib/libhardware_msg__rosidl_typesupport_introspection_c.so" to ""
-- Installing: /mnt/c/tinker/Tinker_Sber/install/hardware_msg/lib/libhardware_msg__rosidl_typesupport_c.so
-- Set non-toolchain portion of runtime path of "/mnt/c/tinker/Tinker_Sber/install/hardware_msg/lib/libhardware_msg__rosidl_typesupport_c.so" to ""
-- Up-to-date: /mnt/c/tinker/Tinker_Sber/install/hardware_msg/include/hardware_msg/hardware_msg
-- Up-to-date: /mnt/c/tinker/Tinker_Sber/install/hardware_msg/include/hardware_msg/hardware_msg/msg
-- Up-to-date: /mnt/c/tinker/Tinker_Sber/install/hardware_msg/include/hardware_msg/hardware_msg/msg/detail
-- Installing: /mnt/c/tinker/Tinker_Sber/install/hardware_msg/include/hardware_msg/hardware_msg/msg/detail/board_parameters__rosidl_typesupport_introspection_cpp.hpp
-- Installing: /mnt/c/tinker/Tinker_Sber/install/hardware_msg/include/hardware_msg/hardware_msg/msg/detail/board_parameters__type_support.cpp
-- Installing: /mnt/c/tinker/Tinker_Sber/install/hardware_msg/include/hardware_msg/hardware_msg/msg/detail/imu_parameters__rosidl_typesupport_introspection_cpp.hpp
-- Installing: /mnt/c/tinker/Tinker_Sber/install/hardware_msg/include/hardware_msg/hardware_msg/msg/detail/imu_parameters__type_support.cpp
-- Installing: /mnt/c/tinker/Tinker_Sber/install/hardware_msg/include/hardware_msg/hardware_msg/msg/detail/imu__rosidl_typesupport_introspection_cpp.hpp
-- Installing: /mnt/c/tinker/Tinker_Sber/install/hardware_msg/include/hardware_msg/hardware_msg/msg/detail/imu__type_support.cpp
-- Installing: /mnt/c/tinker/Tinker_Sber/install/hardware_msg/include/hardware_msg/hardware_msg/msg/detail/motors_commands__rosidl_typesupport_introspection_cpp.hpp
-- Installing: /mnt/c/tinker/Tinker_Sber/install/hardware_msg/include/hardware_msg/hardware_msg/msg/detail/motors_commands__type_support.cpp
-- Installing: /mnt/c/tinker/Tinker_Sber/install/hardware_msg/include/hardware_msg/hardware_msg/msg/detail/motors_states__rosidl_typesupport_introspection_cpp.hpp
-- Installing: /mnt/c/tinker/Tinker_Sber/install/hardware_msg/include/hardware_msg/hardware_msg/msg/detail/motors_states__type_support.cpp
-- Installing: /mnt/c/tinker/Tinker_Sber/install/hardware_msg/include/hardware_msg/hardware_msg/msg/detail/motor_data__rosidl_typesupport_introspection_cpp.hpp
-- Installing: /mnt/c/tinker/Tinker_Sber/install/hardware_msg/include/hardware_msg/hardware_msg/msg/detail/motor_data__type_support.cpp
-- Installing: /mnt/c/tinker/Tinker_Sber/install/hardware_msg/include/hardware_msg/hardware_msg/msg/detail/motor_parameters__rosidl_typesupport_introspection_cpp.hpp
-- Installing: /mnt/c/tinker/Tinker_Sber/install/hardware_msg/include/hardware_msg/hardware_msg/msg/detail/motor_parameters__type_support.cpp
-- Installing: /mnt/c/tinker/Tinker_Sber/install/hardware_msg/lib/libhardware_msg__rosidl_typesupport_introspection_cpp.so
-- Set non-toolchain portion of runtime path of "/mnt/c/tinker/Tinker_Sber/install/hardware_msg/lib/libhardware_msg__rosidl_typesupport_introspection_cpp.so" to ""
-- Installing: /mnt/c/tinker/Tinker_Sber/install/hardware_msg/lib/libhardware_msg__rosidl_typesupport_cpp.so
-- Set non-toolchain portion of runtime path of "/mnt/c/tinker/Tinker_Sber/install/hardware_msg/lib/libhardware_msg__rosidl_typesupport_cpp.so" to ""
-- Installing: /mnt/c/tinker/Tinker_Sber/install/hardware_msg/share/hardware_msg/environment/pythonpath.sh
-- Installing: /mnt/c/tinker/Tinker_Sber/install/hardware_msg/share/hardware_msg/environment/pythonpath.dsv
-- Installing: /mnt/c/tinker/Tinker_Sber/install/hardware_msg/lib/python3.12/site-packages/hardware_msg-0.0.0-py3.12.egg-info
-- Installing: /mnt/c/tinker/Tinker_Sber/install/hardware_msg/lib/python3.12/site-packages/hardware_msg-0.0.0-py3.12.egg-info/dependency_links.txt
-- Installing: /mnt/c/tinker/Tinker_Sber/install/hardware_msg/lib/python3.12/site-packages/hardware_msg-0.0.0-py3.12.egg-info/PKG-INFO
-- Installing: /mnt/c/tinker/Tinker_Sber/install/hardware_msg/lib/python3.12/site-packages/hardware_msg-0.0.0-py3.12.egg-info/SOURCES.txt
-- Installing: /mnt/c/tinker/Tinker_Sber/install/hardware_msg/lib/python3.12/site-packages/hardware_msg-0.0.0-py3.12.egg-info/top_level.txt
-- Installing: /mnt/c/tinker/Tinker_Sber/install/hardware_msg/lib/python3.12/site-packages/hardware_msg
-- Installing: /mnt/c/tinker/Tinker_Sber/install/hardware_msg/lib/python3.12/site-packages/hardware_msg/hardware_msg_s__rosidl_typesupport_c.so
-- Installing: /mnt/c/tinker/Tinker_Sber/install/hardware_msg/lib/python3.12/site-packages/hardware_msg/hardware_msg_s__rosidl_typesupport_fastrtps_c.so
-- Installing: /mnt/c/tinker/Tinker_Sber/install/hardware_msg/lib/python3.12/site-packages/hardware_msg/hardware_msg_s__rosidl_typesupport_introspection_c.so
-- Installing: /mnt/c/tinker/Tinker_Sber/install/hardware_msg/lib/python3.12/site-packages/hardware_msg/msg
-- Installing: /mnt/c/tinker/Tinker_Sber/install/hardware_msg/lib/python3.12/site-packages/hardware_msg/msg/_board_parameters.py
-- Installing: /mnt/c/tinker/Tinker_Sber/install/hardware_msg/lib/python3.12/site-packages/hardware_msg/msg/_board_parameters_s.c
-- Installing: /mnt/c/tinker/Tinker_Sber/install/hardware_msg/lib/python3.12/site-packages/hardware_msg/msg/_imu.py
-- Installing: /mnt/c/tinker/Tinker_Sber/install/hardware_msg/lib/python3.12/site-packages/hardware_msg/msg/_imu_parameters.py
-- Installing: /mnt/c/tinker/Tinker_Sber/install/hardware_msg/lib/python3.12/site-packages/hardware_msg/msg/_imu_parameters_s.c
-- Installing: /mnt/c/tinker/Tinker_Sber/install/hardware_msg/lib/python3.12/site-packages/hardware_msg/msg/_imu_s.c
-- Installing: /mnt/c/tinker/Tinker_Sber/install/hardware_msg/lib/python3.12/site-packages/hardware_msg/msg/_motors_commands.py
-- Installing: /mnt/c/tinker/Tinker_Sber/install/hardware_msg/lib/python3.12/site-packages/hardware_msg/msg/_motors_commands_s.c
-- Installing: /mnt/c/tinker/Tinker_Sber/install/hardware_msg/lib/python3.12/site-packages/hardware_msg/msg/_motors_states.py
-- Installing: /mnt/c/tinker/Tinker_Sber/install/hardware_msg/lib/python3.12/site-packages/hardware_msg/msg/_motors_states_s.c
-- Installing: /mnt/c/tinker/Tinker_Sber/install/hardware_msg/lib/python3.12/site-packages/hardware_msg/msg/_motor_data.py
-- Installing: /mnt/c/tinker/Tinker_Sber/install/hardware_msg/lib/python3.12/site-packages/hardware_msg/msg/_motor_data_s.c
-- Installing: /mnt/c/tinker/Tinker_Sber/install/hardware_msg/lib/python3.12/site-packages/hardware_msg/msg/_motor_parameters.py
-- Installing: /mnt/c/tinker/Tinker_Sber/install/hardware_msg/lib/python3.12/site-packages/hardware_msg/msg/_motor_parameters_s.c
-- Installing: /mnt/c/tinker/Tinker_Sber/install/hardware_msg/lib/python3.12/site-packages/hardware_msg/msg/__init__.py
-- Installing: /mnt/c/tinker/Tinker_Sber/install/hardware_msg/lib/python3.12/site-packages/hardware_msg/_hardware_msg_s.ep.rosidl_typesupport_c.c
-- Installing: /mnt/c/tinker/Tinker_Sber/install/hardware_msg/lib/python3.12/site-packages/hardware_msg/_hardware_msg_s.ep.rosidl_typesupport_fastrtps_c.c
-- Installing: /mnt/c/tinker/Tinker_Sber/install/hardware_msg/lib/python3.12/site-packages/hardware_msg/_hardware_msg_s.ep.rosidl_typesupport_introspection_c.c
-- Installing: /mnt/c/tinker/Tinker_Sber/install/hardware_msg/lib/python3.12/site-packages/hardware_msg/__init__.py
Listing '/mnt/c/tinker/Tinker_Sber/install/hardware_msg/lib/python3.12/site-packages/hardware_msg'...
Compiling '/mnt/c/tinker/Tinker_Sber/install/hardware_msg/lib/python3.12/site-packages/hardware_msg/__init__.py'...
Listing '/mnt/c/tinker/Tinker_Sber/install/hardware_msg/lib/python3.12/site-packages/hardware_msg/msg'...
Compiling '/mnt/c/tinker/Tinker_Sber/install/hardware_msg/lib/python3.12/site-packages/hardware_msg/msg/__init__.py'...
Compiling '/mnt/c/tinker/Tinker_Sber/install/hardware_msg/lib/python3.12/site-packages/hardware_msg/msg/_board_parameters.py'...
Compiling '/mnt/c/tinker/Tinker_Sber/install/hardware_msg/lib/python3.12/site-packages/hardware_msg/msg/_imu.py'...
Compiling '/mnt/c/tinker/Tinker_Sber/install/hardware_msg/lib/python3.12/site-packages/hardware_msg/msg/_imu_parameters.py'...
Compiling '/mnt/c/tinker/Tinker_Sber/install/hardware_msg/lib/python3.12/site-packages/hardware_msg/msg/_motor_data.py'...
Compiling '/mnt/c/tinker/Tinker_Sber/install/hardware_msg/lib/python3.12/site-packages/hardware_msg/msg/_motor_parameters.py'...
Compiling '/mnt/c/tinker/Tinker_Sber/install/hardware_msg/lib/python3.12/site-packages/hardware_msg/msg/_motors_commands.py'...
Compiling '/mnt/c/tinker/Tinker_Sber/install/hardware_msg/lib/python3.12/site-packages/hardware_msg/msg/_motors_states.py'...
-- Installing: /mnt/c/tinker/Tinker_Sber/install/hardware_msg/lib/python3.12/site-packages/hardware_msg/hardware_msg_s__rosidl_typesupport_fastrtps_c.so
-- Set non-toolchain portion of runtime path of "/mnt/c/tinker/Tinker_Sber/install/hardware_msg/lib/python3.12/site-packages/hardware_msg/hardware_msg_s__rosidl_typesupport_fastrtps_c.so" to ""
-- Installing: /mnt/c/tinker/Tinker_Sber/install/hardware_msg/lib/python3.12/site-packages/hardware_msg/hardware_msg_s__rosidl_typesupport_introspection_c.so
-- Set non-toolchain portion of runtime path of "/mnt/c/tinker/Tinker_Sber/install/hardware_msg/lib/python3.12/site-packages/hardware_msg/hardware_msg_s__rosidl_typesupport_introspection_c.so" to ""
-- Installing: /mnt/c/tinker/Tinker_Sber/install/hardware_msg/lib/python3.12/site-packages/hardware_msg/hardware_msg_s__rosidl_typesupport_c.so
-- Set non-toolchain portion of runtime path of "/mnt/c/tinker/Tinker_Sber/install/hardware_msg/lib/python3.12/site-packages/hardware_msg/hardware_msg_s__rosidl_typesupport_c.so" to ""
-- Installing: /mnt/c/tinker/Tinker_Sber/install/hardware_msg/lib/libhardware_msg__rosidl_generator_py.so
-- Set non-toolchain portion of runtime path of "/mnt/c/tinker/Tinker_Sber/install/hardware_msg/lib/libhardware_msg__rosidl_generator_py.so" to ""
-- Installing: /mnt/c/tinker/Tinker_Sber/install/hardware_msg/share/hardware_msg/msg/BoardParameters.idl
-- Installing: /mnt/c/tinker/Tinker_Sber/install/hardware_msg/share/hardware_msg/msg/ImuParameters.idl
-- Installing: /mnt/c/tinker/Tinker_Sber/install/hardware_msg/share/hardware_msg/msg/MotorParameters.idl
-- Installing: /mnt/c/tinker/Tinker_Sber/install/hardware_msg/share/hardware_msg/msg/MotorsStates.idl
-- Installing: /mnt/c/tinker/Tinker_Sber/install/hardware_msg/share/hardware_msg/msg/Imu.idl
-- Installing: /mnt/c/tinker/Tinker_Sber/install/hardware_msg/share/hardware_msg/msg/MotorData.idl
-- Installing: /mnt/c/tinker/Tinker_Sber/install/hardware_msg/share/hardware_msg/msg/MotorsCommands.idl
-- Installing: /mnt/c/tinker/Tinker_Sber/install/hardware_msg/share/hardware_msg/msg/BoardParameters.msg
-- Installing: /mnt/c/tinker/Tinker_Sber/install/hardware_msg/share/hardware_msg/msg/ImuParameters.msg
-- Installing: /mnt/c/tinker/Tinker_Sber/install/hardware_msg/share/hardware_msg/msg/MotorParameters.msg
-- Installing: /mnt/c/tinker/Tinker_Sber/install/hardware_msg/share/hardware_msg/msg/MotorsStates.msg
-- Installing: /mnt/c/tinker/Tinker_Sber/install/hardware_msg/share/hardware_msg/msg/Imu.msg
-- Installing: /mnt/c/tinker/Tinker_Sber/install/hardware_msg/share/hardware_msg/msg/MotorData.msg
-- Installing: /mnt/c/tinker/Tinker_Sber/install/hardware_msg/share/hardware_msg/msg/MotorsCommands.msg
-- Installing: /mnt/c/tinker/Tinker_Sber/install/hardware_msg/share/ament_index/resource_index/package_run_dependencies/hardware_msg
-- Installing: /mnt/c/tinker/Tinker_Sber/install/hardware_msg/share/ament_index/resource_index/parent_prefix_path/hardware_msg
-- Installing: /mnt/c/tinker/Tinker_Sber/install/hardware_msg/share/hardware_msg/environment/ament_prefix_path.sh
-- Installing: /mnt/c/tinker/Tinker_Sber/install/hardware_msg/share/hardware_msg/environment/ament_prefix_path.dsv
-- Installing: /mnt/c/tinker/Tinker_Sber/install/hardware_msg/share/hardware_msg/environment/path.sh
-- Installing: /mnt/c/tinker/Tinker_Sber/install/hardware_msg/share/hardware_msg/environment/path.dsv
-- Installing: /mnt/c/tinker/Tinker_Sber/install/hardware_msg/share/hardware_msg/local_setup.bash
-- Installing: /mnt/c/tinker/Tinker_Sber/install/hardware_msg/share/hardware_msg/local_setup.sh
-- Installing: /mnt/c/tinker/Tinker_Sber/install/hardware_msg/share/hardware_msg/local_setup.zsh
-- Installing: /mnt/c/tinker/Tinker_Sber/install/hardware_msg/share/hardware_msg/local_setup.dsv
-- Installing: /mnt/c/tinker/Tinker_Sber/install/hardware_msg/share/hardware_msg/package.dsv
-- Installing: /mnt/c/tinker/Tinker_Sber/install/hardware_msg/share/ament_index/resource_index/packages/hardware_msg
-- Installing: /mnt/c/tinker/Tinker_Sber/install/hardware_msg/share/hardware_msg/cmake/export_hardware_msg__rosidl_generator_cExport.cmake
-- Installing: /mnt/c/tinker/Tinker_Sber/install/hardware_msg/share/hardware_msg/cmake/export_hardware_msg__rosidl_generator_cExport-noconfig.cmake
-- Installing: /mnt/c/tinker/Tinker_Sber/install/hardware_msg/share/hardware_msg/cmake/export_hardware_msg__rosidl_typesupport_fastrtps_cExport.cmake
-- Installing: /mnt/c/tinker/Tinker_Sber/install/hardware_msg/share/hardware_msg/cmake/export_hardware_msg__rosidl_typesupport_fastrtps_cExport-noconfig.cmake
-- Installing: /mnt/c/tinker/Tinker_Sber/install/hardware_msg/share/hardware_msg/cmake/export_hardware_msg__rosidl_generator_cppExport.cmake
-- Installing: /mnt/c/tinker/Tinker_Sber/install/hardware_msg/share/hardware_msg/cmake/export_hardware_msg__rosidl_typesupport_fastrtps_cppExport.cmake
-- Installing: /mnt/c/tinker/Tinker_Sber/install/hardware_msg/share/hardware_msg/cmake/export_hardware_msg__rosidl_typesupport_fastrtps_cppExport-noconfig.cmake
-- Installing: /mnt/c/tinker/Tinker_Sber/install/hardware_msg/share/hardware_msg/cmake/hardware_msg__rosidl_typesupport_introspection_cExport.cmake
-- Installing: /mnt/c/tinker/Tinker_Sber/install/hardware_msg/share/hardware_msg/cmake/hardware_msg__rosidl_typesupport_introspection_cExport-noconfig.cmake
-- Installing: /mnt/c/tinker/Tinker_Sber/install/hardware_msg/share/hardware_msg/cmake/hardware_msg__rosidl_typesupport_cExport.cmake
-- Installing: /mnt/c/tinker/Tinker_Sber/install/hardware_msg/share/hardware_msg/cmake/hardware_msg__rosidl_typesupport_cExport-noconfig.cmake
-- Installing: /mnt/c/tinker/Tinker_Sber/install/hardware_msg/share/hardware_msg/cmake/hardware_msg__rosidl_typesupport_introspection_cppExport.cmake
-- Installing: /mnt/c/tinker/Tinker_Sber/install/hardware_msg/share/hardware_msg/cmake/hardware_msg__rosidl_typesupport_introspection_cppExport-noconfig.cmake
-- Installing: /mnt/c/tinker/Tinker_Sber/install/hardware_msg/share/hardware_msg/cmake/hardware_msg__rosidl_typesupport_cppExport.cmake
-- Installing: /mnt/c/tinker/Tinker_Sber/install/hardware_msg/share/hardware_msg/cmake/hardware_msg__rosidl_typesupport_cppExport-noconfig.cmake
-- Installing: /mnt/c/tinker/Tinker_Sber/install/hardware_msg/share/hardware_msg/cmake/export_hardware_msg__rosidl_generator_pyExport.cmake
-- Installing: /mnt/c/tinker/Tinker_Sber/install/hardware_msg/share/hardware_msg/cmake/export_hardware_msg__rosidl_generator_pyExport-noconfig.cmake
-- Installing: /mnt/c/tinker/Tinker_Sber/install/hardware_msg/share/hardware_msg/cmake/rosidl_cmake-extras.cmake
-- Installing: /mnt/c/tinker/Tinker_Sber/install/hardware_msg/share/hardware_msg/cmake/ament_cmake_export_include_directories-extras.cmake
-- Installing: /mnt/c/tinker/Tinker_Sber/install/hardware_msg/share/hardware_msg/cmake/ament_cmake_export_libraries-extras.cmake
-- Installing: /mnt/c/tinker/Tinker_Sber/install/hardware_msg/share/hardware_msg/cmake/ament_cmake_export_targets-extras.cmake
-- Installing: /mnt/c/tinker/Tinker_Sber/install/hardware_msg/share/hardware_msg/cmake/rosidl_cmake_export_typesupport_targets-extras.cmake
-- Installing: /mnt/c/tinker/Tinker_Sber/install/hardware_msg/share/hardware_msg/cmake/ament_cmake_export_dependencies-extras.cmake
-- Installing: /mnt/c/tinker/Tinker_Sber/install/hardware_msg/share/hardware_msg/cmake/rosidl_cmake_export_typesupport_libraries-extras.cmake
-- Installing: /mnt/c/tinker/Tinker_Sber/install/hardware_msg/share/hardware_msg/cmake/hardware_msgConfig.cmake
-- Installing: /mnt/c/tinker/Tinker_Sber/install/hardware_msg/share/hardware_msg/cmake/hardware_msgConfig-version.cmake
-- Installing: /mnt/c/tinker/Tinker_Sber/install/hardware_msg/share/hardware_msg/package.xml
