[2.369s] Invoking command in '/mnt/c/tinker/Tinker_Sber/Chellenge-Tinker/motor_commander': CMAKE_PREFIX_PATH=/mnt/c/tinker/Tinker_Sber/install/hardware_msg:/mnt/c/tinker/Tinker_Sber/install/tinker_gui:/mnt/c/tinker/Tinker_Sber/install/tinker_description:/mnt/c/tinker/Tinker_Sber/install/motor_control:/opt/ros/jazzy/opt/sdformat_vendor:/opt/ros/jazzy/opt/gz_math_vendor:/opt/ros/jazzy/opt/gz_utils_vendor:/opt/ros/jazzy/opt/gz_tools_vendor:/opt/ros/jazzy/opt/gz_cmake_vendor PYTHONPATH=/mnt/c/tinker/Tinker_Sber/build/motor_commander/prefix_override:/usr/lib/python3/dist-packages/colcon_core/task/python/colcon_distutils_commands:/mnt/c/tinker/Tinker_Sber/install/motor_commander/lib/python3.12/site-packages:/mnt/c/tinker/Tinker_Sber/install/hardware_msg/lib/python3.12/site-packages:/mnt/c/tinker/Tinker_Sber/install/motor_commander/lib/python3.12/site-packages:/opt/ros/jazzy/lib/python3.12/site-packages /usr/bin/python3 -W ignore:setup.py install is deprecated -W ignore:easy_install command is deprecated setup.py egg_info --egg-base ../../build/motor_commander build --build-base /mnt/c/tinker/Tinker_Sber/build/motor_commander/build install --record /mnt/c/tinker/Tinker_Sber/build/motor_commander/install.log --single-version-externally-managed install_data
[3.076s] running egg_info
[3.078s] creating ../../build/motor_commander/motor_commander.egg-info
[3.102s] writing ../../build/motor_commander/motor_commander.egg-info/PKG-INFO
[3.109s] writing dependency_links to ../../build/motor_commander/motor_commander.egg-info/dependency_links.txt
[3.113s] writing entry points to ../../build/motor_commander/motor_commander.egg-info/entry_points.txt
[3.116s] writing requirements to ../../build/motor_commander/motor_commander.egg-info/requires.txt
[3.119s] writing top-level names to ../../build/motor_commander/motor_commander.egg-info/top_level.txt
[3.123s] writing manifest file '../../build/motor_commander/motor_commander.egg-info/SOURCES.txt'
[3.182s] reading manifest file '../../build/motor_commander/motor_commander.egg-info/SOURCES.txt'
[3.213s] writing manifest file '../../build/motor_commander/motor_commander.egg-info/SOURCES.txt'
[3.216s] running build
[3.217s] running build_py
[3.219s] creating /mnt/c/tinker/Tinker_Sber/build/motor_commander/build
[3.220s] creating /mnt/c/tinker/Tinker_Sber/build/motor_commander/build/lib
[3.221s] creating /mnt/c/tinker/Tinker_Sber/build/motor_commander/build/lib/motor_commander
[3.227s] copying motor_commander/motor_commander.py -> /mnt/c/tinker/Tinker_Sber/build/motor_commander/build/lib/motor_commander
[3.241s] copying motor_commander/__init__.py -> /mnt/c/tinker/Tinker_Sber/build/motor_commander/build/lib/motor_commander
[3.249s] running install
[3.257s] running install_lib
[3.291s] creating /mnt/c/tinker/Tinker_Sber/install/motor_commander/lib/python3.12/site-packages/motor_commander
[3.302s] copying /mnt/c/tinker/Tinker_Sber/build/motor_commander/build/lib/motor_commander/motor_commander.py -> /mnt/c/tinker/Tinker_Sber/install/motor_commander/lib/python3.12/site-packages/motor_commander
[3.327s] copying /mnt/c/tinker/Tinker_Sber/build/motor_commander/build/lib/motor_commander/__init__.py -> /mnt/c/tinker/Tinker_Sber/install/motor_commander/lib/python3.12/site-packages/motor_commander
[3.355s] byte-compiling /mnt/c/tinker/Tinker_Sber/install/motor_commander/lib/python3.12/site-packages/motor_commander/motor_commander.py to motor_commander.cpython-312.pyc
[3.385s] byte-compiling /mnt/c/tinker/Tinker_Sber/install/motor_commander/lib/python3.12/site-packages/motor_commander/__init__.py to __init__.cpython-312.pyc
[3.410s] running install_data
[3.416s] creating /mnt/c/tinker/Tinker_Sber/install/motor_commander/share/ament_index
[3.417s] creating /mnt/c/tinker/Tinker_Sber/install/motor_commander/share/ament_index/resource_index
[3.419s] creating /mnt/c/tinker/Tinker_Sber/install/motor_commander/share/ament_index/resource_index/packages
[3.428s] copying resource/motor_commander -> /mnt/c/tinker/Tinker_Sber/install/motor_commander/share/ament_index/resource_index/packages
[3.448s] copying package.xml -> /mnt/c/tinker/Tinker_Sber/install/motor_commander/share/motor_commander
[3.461s] running install_egg_info
[3.502s] Copying ../../build/motor_commander/motor_commander.egg-info to /mnt/c/tinker/Tinker_Sber/install/motor_commander/lib/python3.12/site-packages/motor_commander-0.0.0-py3.12.egg-info
[3.667s] running install_scripts
[3.949s] Installing motor_commander script to /mnt/c/tinker/Tinker_Sber/install/motor_commander/lib/motor_commander
[3.957s] writing list of installed files to '/mnt/c/tinker/Tinker_Sber/build/motor_commander/install.log'
[3.992s] Invoked command in '/mnt/c/tinker/Tinker_Sber/Chellenge-Tinker/motor_commander' returned '0': CMAKE_PREFIX_PATH=/mnt/c/tinker/Tinker_Sber/install/hardware_msg:/mnt/c/tinker/Tinker_Sber/install/tinker_gui:/mnt/c/tinker/Tinker_Sber/install/tinker_description:/mnt/c/tinker/Tinker_Sber/install/motor_control:/opt/ros/jazzy/opt/sdformat_vendor:/opt/ros/jazzy/opt/gz_math_vendor:/opt/ros/jazzy/opt/gz_utils_vendor:/opt/ros/jazzy/opt/gz_tools_vendor:/opt/ros/jazzy/opt/gz_cmake_vendor PYTHONPATH=/mnt/c/tinker/Tinker_Sber/build/motor_commander/prefix_override:/usr/lib/python3/dist-packages/colcon_core/task/python/colcon_distutils_commands:/mnt/c/tinker/Tinker_Sber/install/motor_commander/lib/python3.12/site-packages:/mnt/c/tinker/Tinker_Sber/install/hardware_msg/lib/python3.12/site-packages:/mnt/c/tinker/Tinker_Sber/install/motor_commander/lib/python3.12/site-packages:/opt/ros/jazzy/lib/python3.12/site-packages /usr/bin/python3 -W ignore:setup.py install is deprecated -W ignore:easy_install command is deprecated setup.py egg_info --egg-base ../../build/motor_commander build --build-base /mnt/c/tinker/Tinker_Sber/build/motor_commander/build install --record /mnt/c/tinker/Tinker_Sber/build/motor_commander/install.log --single-version-externally-managed install_data
