[0.019s] Invoking command in '/home/dmitrytorov/tinker_ros2/build/tinker': CMAKE_PREFIX_PATH=${CMAKE_PREFIX_PATH}:/home/dmitrytorov/tinker_ros2/install/tinker_motor_gui:/home/dmitrytorov/turtlebot3_ws/install/turtlebot3_teleop:/home/dmitrytorov/turtlebot3_ws/install/turtlebot3_example:/home/dmitrytorov/ros2_learners/install/robot_math:/home/dmitrytorov/ros2_learners/install/ai_assitance:/home/dmitrytorov/pass_course_part1/install/twist_converter:/home/dmitrytorov/pass_course_part1/install/my_two_wheel_robot:/home/dmitrytorov/pass_course_part1/install/my_path_publisher:/home/dmitrytorov/pass_course_part1/install/my_fake_lidar:/opt/ros/humble /usr/bin/cmake --build /home/dmitrytorov/tinker_ros2/build/tinker -- -j12 -l12
[0.077s] Invoked command in '/home/dmitrytorov/tinker_ros2/build/tinker' returned '0': CMAKE_PREFIX_PATH=${CMAKE_PREFIX_PATH}:/home/dmitrytorov/tinker_ros2/install/tinker_motor_gui:/home/dmitrytorov/turtlebot3_ws/install/turtlebot3_teleop:/home/dmitrytorov/turtlebot3_ws/install/turtlebot3_example:/home/dmitrytorov/ros2_learners/install/robot_math:/home/dmitrytorov/ros2_learners/install/ai_assitance:/home/dmitrytorov/pass_course_part1/install/twist_converter:/home/dmitrytorov/pass_course_part1/install/my_two_wheel_robot:/home/dmitrytorov/pass_course_part1/install/my_path_publisher:/home/dmitrytorov/pass_course_part1/install/my_fake_lidar:/opt/ros/humble /usr/bin/cmake --build /home/dmitrytorov/tinker_ros2/build/tinker -- -j12 -l12
[0.078s] Invoking command in '/home/dmitrytorov/tinker_ros2/build/tinker': CMAKE_PREFIX_PATH=${CMAKE_PREFIX_PATH}:/home/dmitrytorov/tinker_ros2/install/tinker_motor_gui:/home/dmitrytorov/turtlebot3_ws/install/turtlebot3_teleop:/home/dmitrytorov/turtlebot3_ws/install/turtlebot3_example:/home/dmitrytorov/ros2_learners/install/robot_math:/home/dmitrytorov/ros2_learners/install/ai_assitance:/home/dmitrytorov/pass_course_part1/install/twist_converter:/home/dmitrytorov/pass_course_part1/install/my_two_wheel_robot:/home/dmitrytorov/pass_course_part1/install/my_path_publisher:/home/dmitrytorov/pass_course_part1/install/my_fake_lidar:/opt/ros/humble /usr/bin/cmake --install /home/dmitrytorov/tinker_ros2/build/tinker
[0.087s] -- Install configuration: ""
[0.087s] -- Up-to-date: /home/dmitrytorov/tinker_ros2/install/tinker/share/tinker/launch
[0.087s] -- Up-to-date: /home/dmitrytorov/tinker_ros2/install/tinker/share/tinker/launch/description.launch.py
[0.087s] -- Up-to-date: /home/dmitrytorov/tinker_ros2/install/tinker/share/tinker/urdf
[0.087s] -- Up-to-date: /home/dmitrytorov/tinker_ros2/install/tinker/share/tinker/urdf/tinker_1.urdf.xacro
[0.087s] -- Up-to-date: /home/dmitrytorov/tinker_ros2/install/tinker/share/tinker/config
[0.087s] -- Up-to-date: /home/dmitrytorov/tinker_ros2/install/tinker/share/tinker/config/joint_names_tinker_urdf.yaml
[0.087s] -- Up-to-date: /home/dmitrytorov/tinker_ros2/install/tinker/share/tinker/rviz
[0.087s] -- Up-to-date: /home/dmitrytorov/tinker_ros2/install/tinker/share/tinker/meshes
[0.087s] -- Up-to-date: /home/dmitrytorov/tinker_ros2/install/tinker/share/tinker/meshes/link_r_ankle.STL
[0.087s] -- Up-to-date: /home/dmitrytorov/tinker_ros2/install/tinker/share/tinker/meshes/link_l_ankle.STL
[0.088s] -- Up-to-date: /home/dmitrytorov/tinker_ros2/install/tinker/share/tinker/meshes/link_r_knee.STL
[0.088s] -- Up-to-date: /home/dmitrytorov/tinker_ros2/install/tinker/share/tinker/meshes/link_l_pitch.STL
[0.088s] -- Up-to-date: /home/dmitrytorov/tinker_ros2/install/tinker/share/tinker/meshes/base_link.STL
[0.088s] -- Up-to-date: /home/dmitrytorov/tinker_ros2/install/tinker/share/tinker/meshes/link_r_yaw.STL
[0.088s] -- Up-to-date: /home/dmitrytorov/tinker_ros2/install/tinker/share/tinker/meshes/link_l_yaw.STL
[0.089s] -- Up-to-date: /home/dmitrytorov/tinker_ros2/install/tinker/share/tinker/meshes/link_l_roll.STL
[0.089s] -- Up-to-date: /home/dmitrytorov/tinker_ros2/install/tinker/share/tinker/meshes/link_l_knee.STL
[0.089s] -- Up-to-date: /home/dmitrytorov/tinker_ros2/install/tinker/share/tinker/meshes/link_r_roll.STL
[0.089s] -- Up-to-date: /home/dmitrytorov/tinker_ros2/install/tinker/share/tinker/meshes/link_r_pitch.STL
[0.089s] -- Up-to-date: /home/dmitrytorov/tinker_ros2/install/tinker/share/tinker/worlds
[0.089s] -- Up-to-date: /home/dmitrytorov/tinker_ros2/install/tinker/share/ament_index/resource_index/package_run_dependencies/tinker
[0.089s] -- Up-to-date: /home/dmitrytorov/tinker_ros2/install/tinker/share/ament_index/resource_index/parent_prefix_path/tinker
[0.089s] -- Up-to-date: /home/dmitrytorov/tinker_ros2/install/tinker/share/tinker/environment/ament_prefix_path.sh
[0.089s] -- Up-to-date: /home/dmitrytorov/tinker_ros2/install/tinker/share/tinker/environment/ament_prefix_path.dsv
[0.089s] -- Up-to-date: /home/dmitrytorov/tinker_ros2/install/tinker/share/tinker/environment/path.sh
[0.089s] -- Up-to-date: /home/dmitrytorov/tinker_ros2/install/tinker/share/tinker/environment/path.dsv
[0.090s] -- Up-to-date: /home/dmitrytorov/tinker_ros2/install/tinker/share/tinker/local_setup.bash
[0.090s] -- Up-to-date: /home/dmitrytorov/tinker_ros2/install/tinker/share/tinker/local_setup.sh
[0.090s] -- Up-to-date: /home/dmitrytorov/tinker_ros2/install/tinker/share/tinker/local_setup.zsh
[0.090s] -- Up-to-date: /home/dmitrytorov/tinker_ros2/install/tinker/share/tinker/local_setup.dsv
[0.090s] -- Installing: /home/dmitrytorov/tinker_ros2/install/tinker/share/tinker/package.dsv
[0.090s] -- Up-to-date: /home/dmitrytorov/tinker_ros2/install/tinker/share/ament_index/resource_index/packages/tinker
[0.090s] -- Up-to-date: /home/dmitrytorov/tinker_ros2/install/tinker/share/tinker/cmake/tinkerConfig.cmake
[0.090s] -- Up-to-date: /home/dmitrytorov/tinker_ros2/install/tinker/share/tinker/cmake/tinkerConfig-version.cmake
[0.090s] -- Up-to-date: /home/dmitrytorov/tinker_ros2/install/tinker/share/tinker/package.xml
[0.105s] Invoked command in '/home/dmitrytorov/tinker_ros2/build/tinker' returned '0': CMAKE_PREFIX_PATH=${CMAKE_PREFIX_PATH}:/home/dmitrytorov/tinker_ros2/install/tinker_motor_gui:/home/dmitrytorov/turtlebot3_ws/install/turtlebot3_teleop:/home/dmitrytorov/turtlebot3_ws/install/turtlebot3_example:/home/dmitrytorov/ros2_learners/install/robot_math:/home/dmitrytorov/ros2_learners/install/ai_assitance:/home/dmitrytorov/pass_course_part1/install/twist_converter:/home/dmitrytorov/pass_course_part1/install/my_two_wheel_robot:/home/dmitrytorov/pass_course_part1/install/my_path_publisher:/home/dmitrytorov/pass_course_part1/install/my_fake_lidar:/opt/ros/humble /usr/bin/cmake --install /home/dmitrytorov/tinker_ros2/build/tinker
