[0.876s] Invoking command in '/home/dmitrytorov/tinker_ros2/src/tinker_motor_gui': PYTHONPATH=/home/dmitrytorov/tinker_ros2/build/tinker_motor_gui/prefix_override:/usr/lib/python3/dist-packages/colcon_core/task/python/colcon_distutils_commands:/home/dmitrytorov/tinker_ros2/install/tinker_motor_gui/lib/python3.10/site-packages:${PYTHONPATH} /usr/bin/python3 -W ignore:setup.py install is deprecated -W ignore:easy_install command is deprecated setup.py egg_info --egg-base ../../build/tinker_motor_gui build --build-base /home/dmitrytorov/tinker_ros2/build/tinker_motor_gui/build install --record /home/dmitrytorov/tinker_ros2/build/tinker_motor_gui/install.log --single-version-externally-managed install_data
[1.148s] running egg_info
[1.167s] writing ../../build/tinker_motor_gui/tinker_motor_gui.egg-info/PKG-INFO
[1.168s] writing dependency_links to ../../build/tinker_motor_gui/tinker_motor_gui.egg-info/dependency_links.txt
[1.168s] writing entry points to ../../build/tinker_motor_gui/tinker_motor_gui.egg-info/entry_points.txt
[1.168s] writing requirements to ../../build/tinker_motor_gui/tinker_motor_gui.egg-info/requires.txt
[1.168s] writing top-level names to ../../build/tinker_motor_gui/tinker_motor_gui.egg-info/top_level.txt
[1.210s] reading manifest file '../../build/tinker_motor_gui/tinker_motor_gui.egg-info/SOURCES.txt'
[1.211s] writing manifest file '../../build/tinker_motor_gui/tinker_motor_gui.egg-info/SOURCES.txt'
[1.212s] running build
[1.212s] running build_py
[1.212s] copying tinker_motor_gui/publisher_node.py -> /home/dmitrytorov/tinker_ros2/build/tinker_motor_gui/build/lib/tinker_motor_gui
[1.212s] copying tinker_motor_gui/gui_node.py -> /home/dmitrytorov/tinker_ros2/build/tinker_motor_gui/build/lib/tinker_motor_gui
[1.212s] copying tinker_motor_gui/__init__.py -> /home/dmitrytorov/tinker_ros2/build/tinker_motor_gui/build/lib/tinker_motor_gui
[1.213s] running install
[1.217s] running install_lib
[1.237s] running install_data
[1.238s] copying resource/tinker_motor_gui -> /home/dmitrytorov/tinker_ros2/install/tinker_motor_gui/share/ament_index/resource_index/packages
[1.238s] copying package.xml -> /home/dmitrytorov/tinker_ros2/install/tinker_motor_gui/share/tinker_motor_gui
[1.238s] copying msg/MotorParams.msg -> /home/dmitrytorov/tinker_ros2/install/tinker_motor_gui/share/tinker_motor_gui/msg
[1.238s] running install_egg_info
[1.259s] removing '/home/dmitrytorov/tinker_ros2/install/tinker_motor_gui/lib/python3.10/site-packages/tinker_motor_gui-0.0.0-py3.10.egg-info' (and everything under it)
[1.259s] Copying ../../build/tinker_motor_gui/tinker_motor_gui.egg-info to /home/dmitrytorov/tinker_ros2/install/tinker_motor_gui/lib/python3.10/site-packages/tinker_motor_gui-0.0.0-py3.10.egg-info
[1.260s] running install_scripts
[1.414s] Installing gui_node script to /home/dmitrytorov/tinker_ros2/install/tinker_motor_gui/lib/tinker_motor_gui
[1.415s] Installing publisher_node script to /home/dmitrytorov/tinker_ros2/install/tinker_motor_gui/lib/tinker_motor_gui
[1.415s] writing list of installed files to '/home/dmitrytorov/tinker_ros2/build/tinker_motor_gui/install.log'
[1.451s] Invoked command in '/home/dmitrytorov/tinker_ros2/src/tinker_motor_gui' returned '0': PYTHONPATH=/home/dmitrytorov/tinker_ros2/build/tinker_motor_gui/prefix_override:/usr/lib/python3/dist-packages/colcon_core/task/python/colcon_distutils_commands:/home/dmitrytorov/tinker_ros2/install/tinker_motor_gui/lib/python3.10/site-packages:${PYTHONPATH} /usr/bin/python3 -W ignore:setup.py install is deprecated -W ignore:easy_install command is deprecated setup.py egg_info --egg-base ../../build/tinker_motor_gui build --build-base /home/dmitrytorov/tinker_ros2/build/tinker_motor_gui/build install --record /home/dmitrytorov/tinker_ros2/build/tinker_motor_gui/install.log --single-version-externally-managed install_data
