running egg_info
creating ../../build/tinker_motor_gui/tinker_motor_gui.egg-info
writing ../../build/tinker_motor_gui/tinker_motor_gui.egg-info/PKG-INFO
writing dependency_links to ../../build/tinker_motor_gui/tinker_motor_gui.egg-info/dependency_links.txt
writing entry points to ../../build/tinker_motor_gui/tinker_motor_gui.egg-info/entry_points.txt
writing requirements to ../../build/tinker_motor_gui/tinker_motor_gui.egg-info/requires.txt
writing top-level names to ../../build/tinker_motor_gui/tinker_motor_gui.egg-info/top_level.txt
writing manifest file '../../build/tinker_motor_gui/tinker_motor_gui.egg-info/SOURCES.txt'
reading manifest file '../../build/tinker_motor_gui/tinker_motor_gui.egg-info/SOURCES.txt'
writing manifest file '../../build/tinker_motor_gui/tinker_motor_gui.egg-info/SOURCES.txt'
running build
running build_py
creating /home/dmitrytorov/tinker_ros2/build/tinker_motor_gui/build/lib/tinker_motor_gui
copying tinker_motor_gui/publisher_node.py -> /home/dmitrytorov/tinker_ros2/build/tinker_motor_gui/build/lib/tinker_motor_gui
copying tinker_motor_gui/gui_node.py -> /home/dmitrytorov/tinker_ros2/build/tinker_motor_gui/build/lib/tinker_motor_gui
copying tinker_motor_gui/__init__.py -> /home/dmitrytorov/tinker_ros2/build/tinker_motor_gui/build/lib/tinker_motor_gui
running install
running install_lib
creating /home/dmitrytorov/tinker_ros2/install/tinker_motor_gui/lib/python3.10/site-packages/tinker_motor_gui
copying /home/dmitrytorov/tinker_ros2/build/tinker_motor_gui/build/lib/tinker_motor_gui/publisher_node.py -> /home/dmitrytorov/tinker_ros2/install/tinker_motor_gui/lib/python3.10/site-packages/tinker_motor_gui
copying /home/dmitrytorov/tinker_ros2/build/tinker_motor_gui/build/lib/tinker_motor_gui/gui_node.py -> /home/dmitrytorov/tinker_ros2/install/tinker_motor_gui/lib/python3.10/site-packages/tinker_motor_gui
copying /home/dmitrytorov/tinker_ros2/build/tinker_motor_gui/build/lib/tinker_motor_gui/__init__.py -> /home/dmitrytorov/tinker_ros2/install/tinker_motor_gui/lib/python3.10/site-packages/tinker_motor_gui
byte-compiling /home/dmitrytorov/tinker_ros2/install/tinker_motor_gui/lib/python3.10/site-packages/tinker_motor_gui/publisher_node.py to publisher_node.cpython-310.pyc
byte-compiling /home/dmitrytorov/tinker_ros2/install/tinker_motor_gui/lib/python3.10/site-packages/tinker_motor_gui/gui_node.py to gui_node.cpython-310.pyc
byte-compiling /home/dmitrytorov/tinker_ros2/install/tinker_motor_gui/lib/python3.10/site-packages/tinker_motor_gui/__init__.py to __init__.cpython-310.pyc
running install_data
creating /home/dmitrytorov/tinker_ros2/install/tinker_motor_gui/share/ament_index/resource_index/packages
copying resource/tinker_motor_gui -> /home/dmitrytorov/tinker_ros2/install/tinker_motor_gui/share/ament_index/resource_index/packages
copying package.xml -> /home/dmitrytorov/tinker_ros2/install/tinker_motor_gui/share/tinker_motor_gui
creating /home/dmitrytorov/tinker_ros2/install/tinker_motor_gui/share/tinker_motor_gui/msg
copying msg/MotorParams.msg -> /home/dmitrytorov/tinker_ros2/install/tinker_motor_gui/share/tinker_motor_gui/msg
running install_egg_info
Copying ../../build/tinker_motor_gui/tinker_motor_gui.egg-info to /home/dmitrytorov/tinker_ros2/install/tinker_motor_gui/lib/python3.10/site-packages/tinker_motor_gui-0.0.0-py3.10.egg-info
running install_scripts
Installing gui_node script to /home/dmitrytorov/tinker_ros2/install/tinker_motor_gui/lib/tinker_motor_gui
Installing publisher_node script to /home/dmitrytorov/tinker_ros2/install/tinker_motor_gui/lib/tinker_motor_gui
writing list of installed files to '/home/dmitrytorov/tinker_ros2/build/tinker_motor_gui/install.log'
