[0.841s] Invoking command in '/home/dmitrytorov/tinker_ros2/src/tinker_motor_gui': PYTHONPATH=/home/dmitrytorov/tinker_ros2/build/tinker_motor_gui/prefix_override:/usr/lib/python3/dist-packages/colcon_core/task/python/colcon_distutils_commands:/home/dmitrytorov/tinker_ros2/install/tinker_motor_gui/lib/python3.10/site-packages:${PYTHONPATH} /usr/bin/python3 -W ignore:setup.py install is deprecated -W ignore:easy_install command is deprecated setup.py egg_info --egg-base ../../build/tinker_motor_gui build --build-base /home/dmitrytorov/tinker_ros2/build/tinker_motor_gui/build install --record /home/dmitrytorov/tinker_ros2/build/tinker_motor_gui/install.log --single-version-externally-managed install_data
[1.114s] running egg_info
[1.133s] creating ../../build/tinker_motor_gui/tinker_motor_gui.egg-info
[1.133s] writing ../../build/tinker_motor_gui/tinker_motor_gui.egg-info/PKG-INFO
[1.133s] writing dependency_links to ../../build/tinker_motor_gui/tinker_motor_gui.egg-info/dependency_links.txt
[1.134s] writing entry points to ../../build/tinker_motor_gui/tinker_motor_gui.egg-info/entry_points.txt
[1.134s] writing requirements to ../../build/tinker_motor_gui/tinker_motor_gui.egg-info/requires.txt
[1.134s] writing top-level names to ../../build/tinker_motor_gui/tinker_motor_gui.egg-info/top_level.txt
[1.134s] writing manifest file '../../build/tinker_motor_gui/tinker_motor_gui.egg-info/SOURCES.txt'
[1.174s] reading manifest file '../../build/tinker_motor_gui/tinker_motor_gui.egg-info/SOURCES.txt'
[1.175s] writing manifest file '../../build/tinker_motor_gui/tinker_motor_gui.egg-info/SOURCES.txt'
[1.175s] running build
[1.175s] running build_py
[1.175s] creating /home/dmitrytorov/tinker_ros2/build/tinker_motor_gui/build/lib/tinker_motor_gui
[1.175s] copying tinker_motor_gui/publisher_node.py -> /home/dmitrytorov/tinker_ros2/build/tinker_motor_gui/build/lib/tinker_motor_gui
[1.175s] copying tinker_motor_gui/gui_node.py -> /home/dmitrytorov/tinker_ros2/build/tinker_motor_gui/build/lib/tinker_motor_gui
[1.175s] copying tinker_motor_gui/__init__.py -> /home/dmitrytorov/tinker_ros2/build/tinker_motor_gui/build/lib/tinker_motor_gui
[1.175s] running install
[1.180s] running install_lib
[1.199s] creating /home/dmitrytorov/tinker_ros2/install/tinker_motor_gui/lib/python3.10/site-packages/tinker_motor_gui
[1.200s] copying /home/dmitrytorov/tinker_ros2/build/tinker_motor_gui/build/lib/tinker_motor_gui/publisher_node.py -> /home/dmitrytorov/tinker_ros2/install/tinker_motor_gui/lib/python3.10/site-packages/tinker_motor_gui
[1.200s] copying /home/dmitrytorov/tinker_ros2/build/tinker_motor_gui/build/lib/tinker_motor_gui/gui_node.py -> /home/dmitrytorov/tinker_ros2/install/tinker_motor_gui/lib/python3.10/site-packages/tinker_motor_gui
[1.200s] copying /home/dmitrytorov/tinker_ros2/build/tinker_motor_gui/build/lib/tinker_motor_gui/__init__.py -> /home/dmitrytorov/tinker_ros2/install/tinker_motor_gui/lib/python3.10/site-packages/tinker_motor_gui
[1.200s] byte-compiling /home/dmitrytorov/tinker_ros2/install/tinker_motor_gui/lib/python3.10/site-packages/tinker_motor_gui/publisher_node.py to publisher_node.cpython-310.pyc
[1.200s] byte-compiling /home/dmitrytorov/tinker_ros2/install/tinker_motor_gui/lib/python3.10/site-packages/tinker_motor_gui/gui_node.py to gui_node.cpython-310.pyc
[1.201s] byte-compiling /home/dmitrytorov/tinker_ros2/install/tinker_motor_gui/lib/python3.10/site-packages/tinker_motor_gui/__init__.py to __init__.cpython-310.pyc
[1.201s] running install_data
[1.201s] creating /home/dmitrytorov/tinker_ros2/install/tinker_motor_gui/share/ament_index/resource_index/packages
[1.201s] copying resource/tinker_motor_gui -> /home/dmitrytorov/tinker_ros2/install/tinker_motor_gui/share/ament_index/resource_index/packages
[1.202s] copying package.xml -> /home/dmitrytorov/tinker_ros2/install/tinker_motor_gui/share/tinker_motor_gui
[1.202s] creating /home/dmitrytorov/tinker_ros2/install/tinker_motor_gui/share/tinker_motor_gui/msg
[1.202s] copying msg/MotorParams.msg -> /home/dmitrytorov/tinker_ros2/install/tinker_motor_gui/share/tinker_motor_gui/msg
[1.202s] running install_egg_info
[1.223s] Copying ../../build/tinker_motor_gui/tinker_motor_gui.egg-info to /home/dmitrytorov/tinker_ros2/install/tinker_motor_gui/lib/python3.10/site-packages/tinker_motor_gui-0.0.0-py3.10.egg-info
[1.223s] running install_scripts
[1.379s] Installing gui_node script to /home/dmitrytorov/tinker_ros2/install/tinker_motor_gui/lib/tinker_motor_gui
[1.379s] Installing publisher_node script to /home/dmitrytorov/tinker_ros2/install/tinker_motor_gui/lib/tinker_motor_gui
[1.380s] writing list of installed files to '/home/dmitrytorov/tinker_ros2/build/tinker_motor_gui/install.log'
[1.413s] Invoked command in '/home/dmitrytorov/tinker_ros2/src/tinker_motor_gui' returned '0': PYTHONPATH=/home/dmitrytorov/tinker_ros2/build/tinker_motor_gui/prefix_override:/usr/lib/python3/dist-packages/colcon_core/task/python/colcon_distutils_commands:/home/dmitrytorov/tinker_ros2/install/tinker_motor_gui/lib/python3.10/site-packages:${PYTHONPATH} /usr/bin/python3 -W ignore:setup.py install is deprecated -W ignore:easy_install command is deprecated setup.py egg_info --egg-base ../../build/tinker_motor_gui build --build-base /home/dmitrytorov/tinker_ros2/build/tinker_motor_gui/build install --record /home/dmitrytorov/tinker_ros2/build/tinker_motor_gui/install.log --single-version-externally-managed install_data
