[0.071s] Invoking command in '/mnt/c/tinker/Tinker_Sber/build/tinker_description': CMAKE_PREFIX_PATH=${CMAKE_PREFIX_PATH}:/opt/ros/jazzy /usr/bin/cmake /mnt/c/tinker/Tinker_Sber/Chellenge-Tinker/tinker_description -DCMAKE_INSTALL_PREFIX=/mnt/c/tinker/Tinker_Sber/install/tinker_description
[0.392s] -- The C compiler identification is GNU 13.3.0
[1.111s] -- The CXX compiler identification is GNU 13.3.0
[1.732s] -- Detecting C compiler ABI info
[2.328s] -- Detecting C compiler ABI info - done
[2.352s] -- Check for working C compiler: /usr/bin/cc - skipped
[2.355s] -- Detecting C compile features
[2.356s] -- Detecting C compile features - done
[2.459s] -- Detecting CXX compiler ABI info
[3.034s] -- Detecting CXX compiler ABI info - done
[3.062s] -- Check for working CXX compiler: /usr/bin/c++ - skipped
[3.063s] -- Detecting CXX compile features
[3.064s] -- Detecting CXX compile features - done
[3.108s] -- Found ament_cmake: 2.5.3 (/opt/ros/jazzy/share/ament_cmake/cmake)
[3.257s] -- Found Python3: /usr/bin/python3 (found version "3.12.3") found components: Interpreter 
[3.631s] -- Found ament_lint_auto: 0.17.1 (/opt/ros/jazzy/share/ament_lint_auto/cmake)
[4.845s] -- Added test 'flake8' to check Python code syntax and style conventions
[4.846s] -- Configured 'flake8' exclude dirs and/or files: 
[5.026s] -- Added test 'lint_cmake' to check CMake code style
[5.119s] -- Added test 'pep257' to check Python code against some of the docstring style conventions in PEP 257
[5.921s] -- Added test 'xmllint' to check XML markup files
[5.998s] -- Configuring done (5.9s)
[6.207s] -- Generating done (0.2s)
[6.366s] -- Build files have been written to: /mnt/c/tinker/Tinker_Sber/build/tinker_description
[6.371s] Invoked command in '/mnt/c/tinker/Tinker_Sber/build/tinker_description' returned '0': CMAKE_PREFIX_PATH=${CMAKE_PREFIX_PATH}:/opt/ros/jazzy /usr/bin/cmake /mnt/c/tinker/Tinker_Sber/Chellenge-Tinker/tinker_description -DCMAKE_INSTALL_PREFIX=/mnt/c/tinker/Tinker_Sber/install/tinker_description
[6.377s] Invoking command in '/mnt/c/tinker/Tinker_Sber/build/tinker_description': CMAKE_PREFIX_PATH=${CMAKE_PREFIX_PATH}:/opt/ros/jazzy /usr/bin/cmake --build /mnt/c/tinker/Tinker_Sber/build/tinker_description -- -j12 -l12
[6.462s] Invoked command in '/mnt/c/tinker/Tinker_Sber/build/tinker_description' returned '0': CMAKE_PREFIX_PATH=${CMAKE_PREFIX_PATH}:/opt/ros/jazzy /usr/bin/cmake --build /mnt/c/tinker/Tinker_Sber/build/tinker_description -- -j12 -l12
[6.482s] Invoking command in '/mnt/c/tinker/Tinker_Sber/build/tinker_description': CMAKE_PREFIX_PATH=${CMAKE_PREFIX_PATH}:/opt/ros/jazzy /usr/bin/cmake --install /mnt/c/tinker/Tinker_Sber/build/tinker_description
[6.491s] -- Install configuration: ""
[6.495s] -- Installing: /mnt/c/tinker/Tinker_Sber/install/tinker_description/share/tinker_description/launch
[6.518s] -- Installing: /mnt/c/tinker/Tinker_Sber/install/tinker_description/share/tinker_description/launch/display.launch
[6.574s] -- Installing: /mnt/c/tinker/Tinker_Sber/install/tinker_description/share/tinker_description/launch/display.launch.py
[6.622s] -- Installing: /mnt/c/tinker/Tinker_Sber/install/tinker_description/share/tinker_description/urdf
[6.643s] -- Installing: /mnt/c/tinker/Tinker_Sber/install/tinker_description/share/tinker_description/urdf/tinker_urdf.csv
[6.692s] -- Installing: /mnt/c/tinker/Tinker_Sber/install/tinker_description/share/tinker_description/urdf/tinker_urdf.urdf
[6.744s] -- Installing: /mnt/c/tinker/Tinker_Sber/install/tinker_description/share/tinker_description/urdf/tinker_urdf1.urdf
[6.795s] -- Installing: /mnt/c/tinker/Tinker_Sber/install/tinker_description/share/tinker_description/meshes
[6.817s] -- Installing: /mnt/c/tinker/Tinker_Sber/install/tinker_description/share/tinker_description/meshes/base_link.STL
[6.921s] -- Installing: /mnt/c/tinker/Tinker_Sber/install/tinker_description/share/tinker_description/meshes/link_l_ankle.STL
[6.981s] -- Installing: /mnt/c/tinker/Tinker_Sber/install/tinker_description/share/tinker_description/meshes/link_l_knee.STL
[7.039s] -- Installing: /mnt/c/tinker/Tinker_Sber/install/tinker_description/share/tinker_description/meshes/link_l_pitch.STL
[7.098s] -- Installing: /mnt/c/tinker/Tinker_Sber/install/tinker_description/share/tinker_description/meshes/link_l_roll.STL
[7.158s] -- Installing: /mnt/c/tinker/Tinker_Sber/install/tinker_description/share/tinker_description/meshes/link_l_yaw.STL
[7.216s] -- Installing: /mnt/c/tinker/Tinker_Sber/install/tinker_description/share/tinker_description/meshes/link_r_ankle.STL
[7.287s] -- Installing: /mnt/c/tinker/Tinker_Sber/install/tinker_description/share/tinker_description/meshes/link_r_knee.STL
[7.345s] -- Installing: /mnt/c/tinker/Tinker_Sber/install/tinker_description/share/tinker_description/meshes/link_r_pitch.STL
[7.403s] -- Installing: /mnt/c/tinker/Tinker_Sber/install/tinker_description/share/tinker_description/meshes/link_r_roll.STL
[7.465s] -- Installing: /mnt/c/tinker/Tinker_Sber/install/tinker_description/share/tinker_description/meshes/link_r_yaw.STL
[7.541s] -- Installing: /mnt/c/tinker/Tinker_Sber/install/tinker_description/share/ament_index/resource_index/package_run_dependencies/tinker_description
[7.617s] -- Installing: /mnt/c/tinker/Tinker_Sber/install/tinker_description/share/ament_index/resource_index/parent_prefix_path/tinker_description
[7.678s] -- Installing: /mnt/c/tinker/Tinker_Sber/install/tinker_description/share/tinker_description/environment/ament_prefix_path.sh
[7.729s] -- Installing: /mnt/c/tinker/Tinker_Sber/install/tinker_description/share/tinker_description/environment/ament_prefix_path.dsv
[7.792s] -- Installing: /mnt/c/tinker/Tinker_Sber/install/tinker_description/share/tinker_description/environment/path.sh
[7.840s] -- Installing: /mnt/c/tinker/Tinker_Sber/install/tinker_description/share/tinker_description/environment/path.dsv
[7.890s] -- Installing: /mnt/c/tinker/Tinker_Sber/install/tinker_description/share/tinker_description/local_setup.bash
[7.933s] -- Installing: /mnt/c/tinker/Tinker_Sber/install/tinker_description/share/tinker_description/local_setup.sh
[7.977s] -- Installing: /mnt/c/tinker/Tinker_Sber/install/tinker_description/share/tinker_description/local_setup.zsh
[8.018s] -- Installing: /mnt/c/tinker/Tinker_Sber/install/tinker_description/share/tinker_description/local_setup.dsv
[8.058s] -- Installing: /mnt/c/tinker/Tinker_Sber/install/tinker_description/share/tinker_description/package.dsv
[8.114s] -- Installing: /mnt/c/tinker/Tinker_Sber/install/tinker_description/share/ament_index/resource_index/packages/tinker_description
[8.184s] -- Installing: /mnt/c/tinker/Tinker_Sber/install/tinker_description/share/tinker_description/cmake/tinker_descriptionConfig.cmake
[8.227s] -- Installing: /mnt/c/tinker/Tinker_Sber/install/tinker_description/share/tinker_description/cmake/tinker_descriptionConfig-version.cmake
[8.274s] -- Installing: /mnt/c/tinker/Tinker_Sber/install/tinker_description/share/tinker_description/package.xml
[8.311s] Invoked command in '/mnt/c/tinker/Tinker_Sber/build/tinker_description' returned '0': CMAKE_PREFIX_PATH=${CMAKE_PREFIX_PATH}:/opt/ros/jazzy /usr/bin/cmake --install /mnt/c/tinker/Tinker_Sber/build/tinker_description
