[0.196s] DEBUG:colcon:Command line arguments: ['/usr/bin/colcon', 'build', '--packages-select', 'motor_conrol']
[0.196s] DEBUG:colcon:Parsed command line arguments: Namespace(log_base=None, log_level=None, verb_name='build', build_base='build', install_base='install', merge_install=False, symlink_install=False, test_result_base=None, continue_on_error=False, executor='parallel', parallel_workers=12, event_handlers=None, ignore_user_meta=False, metas=['./colcon.meta'], base_paths=['.'], packages_ignore=None, packages_ignore_regex=None, paths=None, packages_up_to=None, packages_up_to_regex=None, packages_above=None, packages_above_and_dependencies=None, packages_above_depth=None, packages_select_by_dep=None, packages_skip_by_dep=None, packages_skip_up_to=None, packages_select_build_failed=False, packages_skip_build_finished=False, packages_select_test_failures=False, packages_skip_test_passed=False, packages_select=['motor_conrol'], packages_skip=None, packages_select_regex=None, packages_skip_regex=None, packages_start=None, packages_end=None, allow_overriding=[], cmake_args=None, cmake_target=None, cmake_target_skip_unavailable=False, cmake_clean_cache=False, cmake_clean_first=False, cmake_force_configure=False, ament_cmake_args=None, catkin_cmake_args=None, catkin_skip_building_tests=False, verb_parser=<colcon_defaults.argument_parser.defaults.DefaultArgumentsDecorator object at 0x7fe0c6beadb0>, verb_extension=<colcon_core.verb.build.BuildVerb object at 0x7fe0c6beaa20>, main=<bound method BuildVerb.main of <colcon_core.verb.build.BuildVerb object at 0x7fe0c6beaa20>>)
[0.231s] Level 1:colcon.colcon_core.package_discovery:discover_packages(colcon_meta) check parameters
[0.232s] Level 1:colcon.colcon_core.package_discovery:discover_packages(recursive) check parameters
[0.232s] Level 1:colcon.colcon_core.package_discovery:discover_packages(ignore) check parameters
[0.232s] Level 1:colcon.colcon_core.package_discovery:discover_packages(path) check parameters
[0.232s] Level 1:colcon.colcon_core.package_discovery:discover_packages(colcon_meta) discover
[0.233s] Level 1:colcon.colcon_core.package_discovery:discover_packages(recursive) discover
[0.233s] INFO:colcon.colcon_core.package_discovery:Crawling recursively for packages in '/mnt/c/tinker/Tinker_Sber'
[0.234s] Level 1:colcon.colcon_core.package_identification:_identify(.) by extensions ['ignore', 'ignore_ament_install']
[0.234s] Level 1:colcon.colcon_core.package_identification:_identify(.) by extension 'ignore'
[0.234s] Level 1:colcon.colcon_core.package_identification:_identify(.) by extension 'ignore_ament_install'
[0.235s] Level 1:colcon.colcon_core.package_identification:_identify(.) by extensions ['colcon_pkg']
[0.235s] Level 1:colcon.colcon_core.package_identification:_identify(.) by extension 'colcon_pkg'
[0.235s] Level 1:colcon.colcon_core.package_identification:_identify(.) by extensions ['colcon_meta']
[0.235s] Level 1:colcon.colcon_core.package_identification:_identify(.) by extension 'colcon_meta'
[0.235s] Level 1:colcon.colcon_core.package_identification:_identify(.) by extensions ['ros']
[0.236s] Level 1:colcon.colcon_core.package_identification:_identify(.) by extension 'ros'
[0.254s] Level 1:colcon.colcon_core.package_identification:_identify(.) by extensions ['cmake', 'python']
[0.254s] Level 1:colcon.colcon_core.package_identification:_identify(.) by extension 'cmake'
[0.254s] Level 1:colcon.colcon_core.package_identification:_identify(.) by extension 'python'
[0.254s] Level 1:colcon.colcon_core.package_identification:_identify(.) by extensions ['python_setup_py']
[0.255s] Level 1:colcon.colcon_core.package_identification:_identify(.) by extension 'python_setup_py'
[0.256s] Level 1:colcon.colcon_core.package_identification:_identify(Chellenge-Tinker) by extensions ['ignore', 'ignore_ament_install']
[0.257s] Level 1:colcon.colcon_core.package_identification:_identify(Chellenge-Tinker) by extension 'ignore'
[0.257s] Level 1:colcon.colcon_core.package_identification:_identify(Chellenge-Tinker) by extension 'ignore_ament_install'
[0.258s] Level 1:colcon.colcon_core.package_identification:_identify(Chellenge-Tinker) by extensions ['colcon_pkg']
[0.258s] Level 1:colcon.colcon_core.package_identification:_identify(Chellenge-Tinker) by extension 'colcon_pkg'
[0.259s] Level 1:colcon.colcon_core.package_identification:_identify(Chellenge-Tinker) by extensions ['colcon_meta']
[0.259s] Level 1:colcon.colcon_core.package_identification:_identify(Chellenge-Tinker) by extension 'colcon_meta'
[0.260s] Level 1:colcon.colcon_core.package_identification:_identify(Chellenge-Tinker) by extensions ['ros']
[0.260s] Level 1:colcon.colcon_core.package_identification:_identify(Chellenge-Tinker) by extension 'ros'
[0.263s] Level 1:colcon.colcon_core.package_identification:_identify(Chellenge-Tinker) by extensions ['cmake', 'python']
[0.263s] Level 1:colcon.colcon_core.package_identification:_identify(Chellenge-Tinker) by extension 'cmake'
[0.263s] Level 1:colcon.colcon_core.package_identification:_identify(Chellenge-Tinker) by extension 'python'
[0.264s] Level 1:colcon.colcon_core.package_identification:_identify(Chellenge-Tinker) by extensions ['python_setup_py']
[0.264s] Level 1:colcon.colcon_core.package_identification:_identify(Chellenge-Tinker) by extension 'python_setup_py'
[0.267s] Level 1:colcon.colcon_core.package_identification:_identify(Chellenge-Tinker/build) by extensions ['ignore', 'ignore_ament_install']
[0.268s] Level 1:colcon.colcon_core.package_identification:_identify(Chellenge-Tinker/build) by extension 'ignore'
[0.269s] Level 1:colcon.colcon_core.package_identification:_identify(Chellenge-Tinker/build) ignored
[0.271s] Level 1:colcon.colcon_core.package_identification:_identify(Chellenge-Tinker/hardware_msg) by extensions ['ignore', 'ignore_ament_install']
[0.271s] Level 1:colcon.colcon_core.package_identification:_identify(Chellenge-Tinker/hardware_msg) by extension 'ignore'
[0.272s] Level 1:colcon.colcon_core.package_identification:_identify(Chellenge-Tinker/hardware_msg) by extension 'ignore_ament_install'
[0.274s] Level 1:colcon.colcon_core.package_identification:_identify(Chellenge-Tinker/hardware_msg) by extensions ['colcon_pkg']
[0.274s] Level 1:colcon.colcon_core.package_identification:_identify(Chellenge-Tinker/hardware_msg) by extension 'colcon_pkg'
[0.275s] Level 1:colcon.colcon_core.package_identification:_identify(Chellenge-Tinker/hardware_msg) by extensions ['colcon_meta']
[0.275s] Level 1:colcon.colcon_core.package_identification:_identify(Chellenge-Tinker/hardware_msg) by extension 'colcon_meta'
[0.276s] Level 1:colcon.colcon_core.package_identification:_identify(Chellenge-Tinker/hardware_msg) by extensions ['ros']
[0.276s] Level 1:colcon.colcon_core.package_identification:_identify(Chellenge-Tinker/hardware_msg) by extension 'ros'
[0.287s] DEBUG:colcon.colcon_core.package_identification:Package 'Chellenge-Tinker/hardware_msg' with type 'ros.ament_cmake' and name 'hardware_msg'
[0.290s] Level 1:colcon.colcon_core.package_identification:_identify(Chellenge-Tinker/install) by extensions ['ignore', 'ignore_ament_install']
[0.290s] Level 1:colcon.colcon_core.package_identification:_identify(Chellenge-Tinker/install) by extension 'ignore'
[0.291s] Level 1:colcon.colcon_core.package_identification:_identify(Chellenge-Tinker/install) ignored
[0.294s] Level 1:colcon.colcon_core.package_identification:_identify(Chellenge-Tinker/log) by extensions ['ignore', 'ignore_ament_install']
[0.294s] Level 1:colcon.colcon_core.package_identification:_identify(Chellenge-Tinker/log) by extension 'ignore'
[0.295s] Level 1:colcon.colcon_core.package_identification:_identify(Chellenge-Tinker/log) ignored
[0.298s] Level 1:colcon.colcon_core.package_identification:_identify(Chellenge-Tinker/motor_commander) by extensions ['ignore', 'ignore_ament_install']
[0.298s] Level 1:colcon.colcon_core.package_identification:_identify(Chellenge-Tinker/motor_commander) by extension 'ignore'
[0.299s] Level 1:colcon.colcon_core.package_identification:_identify(Chellenge-Tinker/motor_commander) by extension 'ignore_ament_install'
[0.300s] Level 1:colcon.colcon_core.package_identification:_identify(Chellenge-Tinker/motor_commander) by extensions ['colcon_pkg']
[0.301s] Level 1:colcon.colcon_core.package_identification:_identify(Chellenge-Tinker/motor_commander) by extension 'colcon_pkg'
[0.301s] Level 1:colcon.colcon_core.package_identification:_identify(Chellenge-Tinker/motor_commander) by extensions ['colcon_meta']
[0.302s] Level 1:colcon.colcon_core.package_identification:_identify(Chellenge-Tinker/motor_commander) by extension 'colcon_meta'
[0.303s] Level 1:colcon.colcon_core.package_identification:_identify(Chellenge-Tinker/motor_commander) by extensions ['ros']
[0.303s] Level 1:colcon.colcon_core.package_identification:_identify(Chellenge-Tinker/motor_commander) by extension 'ros'
[0.312s] DEBUG:colcon.colcon_core.package_identification:Package 'Chellenge-Tinker/motor_commander' with type 'ros.ament_python' and name 'motor_commander'
[0.314s] Level 1:colcon.colcon_core.package_identification:_identify(Chellenge-Tinker/motor_control) by extensions ['ignore', 'ignore_ament_install']
[0.315s] Level 1:colcon.colcon_core.package_identification:_identify(Chellenge-Tinker/motor_control) by extension 'ignore'
[0.315s] Level 1:colcon.colcon_core.package_identification:_identify(Chellenge-Tinker/motor_control) by extension 'ignore_ament_install'
[0.317s] Level 1:colcon.colcon_core.package_identification:_identify(Chellenge-Tinker/motor_control) by extensions ['colcon_pkg']
[0.317s] Level 1:colcon.colcon_core.package_identification:_identify(Chellenge-Tinker/motor_control) by extension 'colcon_pkg'
[0.318s] Level 1:colcon.colcon_core.package_identification:_identify(Chellenge-Tinker/motor_control) by extensions ['colcon_meta']
[0.318s] Level 1:colcon.colcon_core.package_identification:_identify(Chellenge-Tinker/motor_control) by extension 'colcon_meta'
[0.319s] Level 1:colcon.colcon_core.package_identification:_identify(Chellenge-Tinker/motor_control) by extensions ['ros']
[0.319s] Level 1:colcon.colcon_core.package_identification:_identify(Chellenge-Tinker/motor_control) by extension 'ros'
[0.327s] DEBUG:colcon.colcon_core.package_identification:Package 'Chellenge-Tinker/motor_control' with type 'ros.ament_cmake' and name 'motor_control'
[0.330s] Level 1:colcon.colcon_core.package_identification:_identify(Chellenge-Tinker/tinker_description) by extensions ['ignore', 'ignore_ament_install']
[0.330s] Level 1:colcon.colcon_core.package_identification:_identify(Chellenge-Tinker/tinker_description) by extension 'ignore'
[0.331s] Level 1:colcon.colcon_core.package_identification:_identify(Chellenge-Tinker/tinker_description) by extension 'ignore_ament_install'
[0.333s] Level 1:colcon.colcon_core.package_identification:_identify(Chellenge-Tinker/tinker_description) by extensions ['colcon_pkg']
[0.333s] Level 1:colcon.colcon_core.package_identification:_identify(Chellenge-Tinker/tinker_description) by extension 'colcon_pkg'
[0.334s] Level 1:colcon.colcon_core.package_identification:_identify(Chellenge-Tinker/tinker_description) by extensions ['colcon_meta']
[0.334s] Level 1:colcon.colcon_core.package_identification:_identify(Chellenge-Tinker/tinker_description) by extension 'colcon_meta'
[0.335s] Level 1:colcon.colcon_core.package_identification:_identify(Chellenge-Tinker/tinker_description) by extensions ['ros']
[0.335s] Level 1:colcon.colcon_core.package_identification:_identify(Chellenge-Tinker/tinker_description) by extension 'ros'
[0.344s] DEBUG:colcon.colcon_core.package_identification:Package 'Chellenge-Tinker/tinker_description' with type 'ros.ament_cmake' and name 'tinker_description'
[0.346s] Level 1:colcon.colcon_core.package_identification:_identify(build) by extensions ['ignore', 'ignore_ament_install']
[0.346s] Level 1:colcon.colcon_core.package_identification:_identify(build) by extension 'ignore'
[0.347s] Level 1:colcon.colcon_core.package_identification:_identify(build) ignored
[0.348s] Level 1:colcon.colcon_core.package_identification:_identify(install) by extensions ['ignore', 'ignore_ament_install']
[0.349s] Level 1:colcon.colcon_core.package_identification:_identify(install) by extension 'ignore'
[0.349s] Level 1:colcon.colcon_core.package_identification:_identify(install) ignored
[0.352s] Level 1:colcon.colcon_core.package_identification:_identify(log) by extensions ['ignore', 'ignore_ament_install']
[0.352s] Level 1:colcon.colcon_core.package_identification:_identify(log) by extension 'ignore'
[0.353s] Level 1:colcon.colcon_core.package_identification:_identify(log) ignored
[0.353s] Level 1:colcon.colcon_core.package_discovery:discover_packages(recursive) using defaults
[0.353s] Level 1:colcon.colcon_core.package_discovery:discover_packages(ignore) discover
[0.353s] Level 1:colcon.colcon_core.package_discovery:discover_packages(ignore) using defaults
[0.353s] Level 1:colcon.colcon_core.package_discovery:discover_packages(path) discover
[0.354s] Level 1:colcon.colcon_core.package_discovery:discover_packages(path) using defaults
[0.354s] WARNING:colcon.colcon_core.package_selection:ignoring unknown package 'motor_conrol' in --packages-select
[0.379s] INFO:colcon.colcon_core.package_selection:Skipping not selected package 'hardware_msg' in 'Chellenge-Tinker/hardware_msg'
[0.379s] INFO:colcon.colcon_core.package_selection:Skipping not selected package 'tinker_description' in 'Chellenge-Tinker/tinker_description'
[0.379s] INFO:colcon.colcon_core.package_selection:Skipping not selected package 'motor_commander' in 'Chellenge-Tinker/motor_commander'
[0.379s] INFO:colcon.colcon_core.package_selection:Skipping not selected package 'motor_control' in 'Chellenge-Tinker/motor_control'
[0.380s] Level 1:colcon.colcon_core.package_discovery:discover_packages(prefix_path) check parameters
[0.380s] Level 1:colcon.colcon_core.package_discovery:discover_packages(prefix_path) discover
[0.382s] DEBUG:colcon.colcon_installed_package_information.package_discovery:Found 308 installed packages in /opt/ros/jazzy
[0.383s] Level 1:colcon.colcon_core.package_discovery:discover_packages(prefix_path) using defaults
[0.418s] INFO:colcon.colcon_core.executor:Executing jobs using 'parallel' executor
[0.419s] DEBUG:colcon.colcon_parallel_executor.executor.parallel:run_until_complete
[0.419s] DEBUG:colcon.colcon_parallel_executor.executor.parallel:closing loop
[0.419s] DEBUG:colcon.colcon_parallel_executor.executor.parallel:loop closed
[0.419s] DEBUG:colcon.colcon_parallel_executor.executor.parallel:run_until_complete finished with '0'
[0.420s] DEBUG:colcon.colcon_core.event_reactor:joining thread
[0.483s] INFO:colcon.colcon_core.plugin_system:Skipping extension 'colcon_notification.desktop_notification.notify_send': Could not find 'notify-send'
[0.484s] INFO:colcon.colcon_core.plugin_system:Skipping extension 'colcon_notification.desktop_notification.terminal_notifier': Not used on non-Darwin systems
[0.484s] INFO:colcon.colcon_core.plugin_system:Skipping extension 'colcon_notification.desktop_notification.win32': Not used on non-Windows systems
[0.484s] INFO:colcon.colcon_notification.desktop_notification:Sending desktop notification using 'notify2'
[0.485s] DEBUG:colcon.colcon_notification.desktop_notification.notify2:Failed to initialize notify2: org.freedesktop.DBus.Error.ServiceUnknown: The name org.freedesktop.Notifications was not provided by any .service files
[0.485s] DEBUG:colcon.colcon_core.event_reactor:joined thread
[0.487s] INFO:colcon.colcon_core.plugin_system:Skipping extension 'colcon_core.shell.bat': Not used on non-Windows systems
[0.487s] INFO:colcon.colcon_core.shell:Creating prefix script '/mnt/c/tinker/Tinker_Sber/install/local_setup.ps1'
[0.492s] INFO:colcon.colcon_core.shell:Creating prefix util module '/mnt/c/tinker/Tinker_Sber/install/_local_setup_util_ps1.py'
[0.496s] INFO:colcon.colcon_core.shell:Creating prefix chain script '/mnt/c/tinker/Tinker_Sber/install/setup.ps1'
[0.501s] INFO:colcon.colcon_core.shell:Creating prefix script '/mnt/c/tinker/Tinker_Sber/install/local_setup.sh'
[0.504s] INFO:colcon.colcon_core.shell:Creating prefix util module '/mnt/c/tinker/Tinker_Sber/install/_local_setup_util_sh.py'
[0.509s] INFO:colcon.colcon_core.shell:Creating prefix chain script '/mnt/c/tinker/Tinker_Sber/install/setup.sh'
[0.514s] INFO:colcon.colcon_core.shell:Creating prefix script '/mnt/c/tinker/Tinker_Sber/install/local_setup.bash'
[0.518s] INFO:colcon.colcon_core.shell:Creating prefix chain script '/mnt/c/tinker/Tinker_Sber/install/setup.bash'
[0.522s] INFO:colcon.colcon_core.shell:Creating prefix script '/mnt/c/tinker/Tinker_Sber/install/local_setup.zsh'
[0.526s] INFO:colcon.colcon_core.shell:Creating prefix chain script '/mnt/c/tinker/Tinker_Sber/install/setup.zsh'
