gmake: Warning: File 'Makefile' has modification time 2520 s in the future
gmake[2]: Warning: File 'CMakeFiles/hardware_msg__cpp.dir/compiler_depend.make' has modification time 2508 s in the future
gmake[2]: Warning: File 'CMakeFiles/ament_cmake_python_copy_hardware_msg.dir/compiler_depend.make' has modification time 2508 s in the future
gmake[2]: Warning: File 'CMakeFiles/hardware_msg__rosidl_generator_c.dir/flags.make' has modification time 2508 s in the future
gmake[2]: warning:  Clock skew detected.  Your build may be incomplete.
gmake[2]: warning:  Clock skew detected.  Your build may be incomplete.
gmake[2]: Warning: File 'CMakeFiles/hardware_msg__cpp.dir/compiler_depend.make' has modification time 2508 s in the future
gmake[2]: warning:  Clock skew detected.  Your build may be incomplete.
gmake[2]: Warning: File 'CMakeFiles/ament_cmake_python_copy_hardware_msg.dir/compiler_depend.make' has modification time 2508 s in the future
gmake[2]: warning:  Clock skew detected.  Your build may be incomplete.
gmake[2]: Warning: File 'CMakeFiles/hardware_msg__rosidl_typesupport_cpp.dir/flags.make' has modification time 2508 s in the future
gmake[2]: Warning: File 'CMakeFiles/hardware_msg__rosidl_generator_c.dir/flags.make' has modification time 2508 s in the future
gmake[2]: Warning: File 'CMakeFiles/hardware_msg__rosidl_typesupport_fastrtps_cpp.dir/flags.make' has modification time 2508 s in the future
gmake[2]: warning:  Clock skew detected.  Your build may be incomplete.
gmake[2]: Warning: File 'CMakeFiles/hardware_msg__rosidl_typesupport_introspection_cpp.dir/flags.make' has modification time 2508 s in the future
gmake[2]: warning:  Clock skew detected.  Your build may be incomplete.
gmake[2]: Warning: File 'CMakeFiles/hardware_msg__rosidl_typesupport_cpp.dir/flags.make' has modification time 2508 s in the future
gmake[2]: warning:  Clock skew detected.  Your build may be incomplete.
gmake[2]: Warning: File 'CMakeFiles/hardware_msg__rosidl_typesupport_fastrtps_cpp.dir/flags.make' has modification time 2508 s in the future
gmake[2]: warning:  Clock skew detected.  Your build may be incomplete.
gmake[2]: Warning: File 'CMakeFiles/hardware_msg__rosidl_typesupport_introspection_cpp.dir/flags.make' has modification time 2508 s in the future
gmake[2]: warning:  Clock skew detected.  Your build may be incomplete.
gmake[2]: Warning: File 'CMakeFiles/ament_cmake_python_build_hardware_msg_egg.dir/compiler_depend.make' has modification time 2504 s in the future
gmake[2]: warning:  Clock skew detected.  Your build may be incomplete.
gmake[2]: Warning: File 'CMakeFiles/ament_cmake_python_build_hardware_msg_egg.dir/compiler_depend.make' has modification time 2503 s in the future
gmake[2]: warning:  Clock skew detected.  Your build may be incomplete.
gmake[2]: warning:  Clock skew detected.  Your build may be incomplete.
gmake[2]: Warning: File 'CMakeFiles/hardware_msg__rosidl_typesupport_fastrtps_c.dir/flags.make' has modification time 2498 s in the future
gmake[2]: warning:  Clock skew detected.  Your build may be incomplete.
gmake[2]: Warning: File 'CMakeFiles/hardware_msg__rosidl_typesupport_fastrtps_c.dir/flags.make' has modification time 2498 s in the future
gmake[2]: warning:  Clock skew detected.  Your build may be incomplete.
gmake[2]: Warning: File 'CMakeFiles/hardware_msg__rosidl_typesupport_introspection_c.dir/flags.make' has modification time 2492 s in the future
gmake[2]: warning:  Clock skew detected.  Your build may be incomplete.
gmake[2]: Warning: File 'CMakeFiles/hardware_msg__rosidl_typesupport_introspection_c.dir/flags.make' has modification time 2492 s in the future
gmake[2]: warning:  Clock skew detected.  Your build may be incomplete.
gmake[2]: Warning: File 'CMakeFiles/hardware_msg__rosidl_typesupport_c.dir/flags.make' has modification time 2491 s in the future
gmake[2]: warning:  Clock skew detected.  Your build may be incomplete.
gmake[2]: Warning: File 'CMakeFiles/hardware_msg__rosidl_typesupport_c.dir/flags.make' has modification time 2491 s in the future
gmake[2]: warning:  Clock skew detected.  Your build may be incomplete.
gmake[2]: warning:  Clock skew detected.  Your build may be incomplete.
gmake[2]: warning:  Clock skew detected.  Your build may be incomplete.
gmake[2]: Warning: File 'CMakeFiles/hardware_msg.dir/compiler_depend.make' has modification time 2489 s in the future
gmake[2]: warning:  Clock skew detected.  Your build may be incomplete.
gmake[2]: Warning: File 'CMakeFiles/hardware_msg.dir/compiler_depend.make' has modification time 2489 s in the future
gmake[2]: warning:  Clock skew detected.  Your build may be incomplete.
gmake[2]: Warning: File 'hardware_msg__py/CMakeFiles/hardware_msg__py.dir/compiler_depend.make' has modification time 2489 s in the future
gmake[2]: warning:  Clock skew detected.  Your build may be incomplete.
gmake[2]: Warning: File 'hardware_msg__py/CMakeFiles/hardware_msg__py.dir/compiler_depend.make' has modification time 2489 s in the future
gmake[2]: warning:  Clock skew detected.  Your build may be incomplete.
gmake[2]: Warning: File 'CMakeFiles/hardware_msg__rosidl_generator_py.dir/flags.make' has modification time 2489 s in the future
gmake[2]: warning:  Clock skew detected.  Your build may be incomplete.
gmake[2]: Warning: File 'CMakeFiles/hardware_msg__rosidl_generator_py.dir/flags.make' has modification time 2489 s in the future
gmake[2]: warning:  Clock skew detected.  Your build may be incomplete.
gmake[2]: Warning: File 'CMakeFiles/hardware_msg__rosidl_typesupport_fastrtps_c__pyext.dir/flags.make' has modification time 2488 s in the future
gmake[2]: Warning: File 'CMakeFiles/hardware_msg__rosidl_typesupport_introspection_c__pyext.dir/flags.make' has modification time 2488 s in the future
gmake[2]: Warning: File 'CMakeFiles/hardware_msg__rosidl_typesupport_c__pyext.dir/flags.make' has modification time 2488 s in the future
gmake[2]: warning:  Clock skew detected.  Your build may be incomplete.
gmake[2]: warning:  Clock skew detected.  Your build may be incomplete.
gmake[2]: Warning: File 'CMakeFiles/hardware_msg__rosidl_typesupport_fastrtps_c__pyext.dir/flags.make' has modification time 2487 s in the future
gmake[2]: Warning: File 'CMakeFiles/hardware_msg__rosidl_typesupport_c__pyext.dir/flags.make' has modification time 2487 s in the future
gmake[2]: warning:  Clock skew detected.  Your build may be incomplete.
gmake[2]: Warning: File 'CMakeFiles/hardware_msg__rosidl_typesupport_introspection_c__pyext.dir/flags.make' has modification time 2487 s in the future
gmake[2]: warning:  Clock skew detected.  Your build may be incomplete.
gmake[2]: warning:  Clock skew detected.  Your build may be incomplete.
gmake[2]: warning:  Clock skew detected.  Your build may be incomplete.
gmake: warning:  Clock skew detected.  Your build may be incomplete.
