[0.078s] Invoking command in '/home/pi/Tinker_Sber/Chellenge-Tinker/build/hardware_msg': CMAKE_PREFIX_PATH=${CMAKE_PREFIX_PATH}:/opt/ros/humble /usr/bin/cmake --build /home/pi/Tinker_Sber/Chellenge-Tinker/build/hardware_msg -- -j4 -l4
[0.395s] gmake: Warning: File 'Makefile' has modification time 2520 s in the future
[0.601s] -- Found ament_cmake: 1.3.12 (/opt/ros/humble/share/ament_cmake/cmake)
[1.292s] -- Found rclcpp: 16.0.15 (/opt/ros/humble/share/rclcpp/cmake)
[1.493s] -- Found rosidl_generator_c: 3.1.7 (/opt/ros/humble/share/rosidl_generator_c/cmake)
[1.511s] -- Found rosidl_adapter: 3.1.7 (/opt/ros/humble/share/rosidl_adapter/cmake)
[1.551s] -- Found rosidl_generator_cpp: 3.1.7 (/opt/ros/humble/share/rosidl_generator_cpp/cmake)
[1.617s] -- Using all available rosidl_typesupport_c: rosidl_typesupport_fastrtps_c;rosidl_typesupport_introspection_c
[1.688s] -- Using all available rosidl_typesupport_cpp: rosidl_typesupport_fastrtps_cpp;rosidl_typesupport_introspection_cpp
[1.885s] -- Found rmw_implementation_cmake: 6.1.2 (/opt/ros/humble/share/rmw_implementation_cmake/cmake)
[1.898s] -- Found rmw_fastrtps_cpp: 6.2.8 (/opt/ros/humble/share/rmw_fastrtps_cpp/cmake)
[2.437s] -- Using RMW implementation 'rmw_fastrtps_cpp' as default
[2.712s] -- Found rosidl_default_generators: 1.2.0 (/opt/ros/humble/share/rosidl_default_generators/cmake)
[3.968s] -- Found ament_cmake_ros: 0.10.0 (/opt/ros/humble/share/ament_cmake_ros/cmake)
[5.369s] -- Using all available rosidl_typesupport_c: rosidl_typesupport_fastrtps_c;rosidl_typesupport_introspection_c
[5.922s] -- Using all available rosidl_typesupport_cpp: rosidl_typesupport_fastrtps_cpp;rosidl_typesupport_introspection_cpp
[6.028s] -- Found python_cmake_module: 0.10.0 (/opt/ros/humble/share/python_cmake_module/cmake)
[6.139s] -- Using PYTHON_EXECUTABLE: /usr/bin/python3
[6.140s] -- Using PYTHON_INCLUDE_DIRS: /usr/include/python3.10
[6.140s] -- Using PYTHON_LIBRARIES: /usr/lib/aarch64-linux-gnu/libpython3.10.so
[6.258s] -- Configuring done
[6.606s] -- Generating done
[6.661s] -- Build files have been written to: /home/pi/Tinker_Sber/Chellenge-Tinker/build/hardware_msg
[6.748s] gmake[2]: Warning: File 'CMakeFiles/hardware_msg__cpp.dir/compiler_depend.make' has modification time 2508 s in the future
[6.753s] gmake[2]: Warning: File 'CMakeFiles/ament_cmake_python_copy_hardware_msg.dir/compiler_depend.make' has modification time 2508 s in the future
[6.757s] gmake[2]: Warning: File 'CMakeFiles/hardware_msg__rosidl_generator_c.dir/flags.make' has modification time 2508 s in the future
[6.791s] gmake[2]: warning:  Clock skew detected.  Your build may be incomplete.
[6.799s] gmake[2]: warning:  Clock skew detected.  Your build may be incomplete.
[6.802s] gmake[2]: Warning: File 'CMakeFiles/hardware_msg__cpp.dir/compiler_depend.make' has modification time 2508 s in the future
[6.803s] gmake[2]: warning:  Clock skew detected.  Your build may be incomplete.
[6.807s] gmake[2]: Warning: File 'CMakeFiles/ament_cmake_python_copy_hardware_msg.dir/compiler_depend.make' has modification time 2508 s in the future
[6.837s] [35m[1mConsolidate compiler generated dependencies of target hardware_msg__rosidl_generator_c[0m
[6.846s] [  1%] Built target hardware_msg__cpp
[6.855s] gmake[2]: warning:  Clock skew detected.  Your build may be incomplete.
[6.861s] gmake[2]: Warning: File 'CMakeFiles/hardware_msg__rosidl_typesupport_cpp.dir/flags.make' has modification time 2508 s in the future
[6.883s] gmake[2]: Warning: File 'CMakeFiles/hardware_msg__rosidl_generator_c.dir/flags.make' has modification time 2508 s in the future
[6.888s] gmake[2]: Warning: File 'CMakeFiles/hardware_msg__rosidl_typesupport_fastrtps_cpp.dir/flags.make' has modification time 2508 s in the future
[6.914s] gmake[2]: warning:  Clock skew detected.  Your build may be incomplete.
[6.919s] [35m[1mConsolidate compiler generated dependencies of target hardware_msg__rosidl_typesupport_cpp[0m
[6.947s] [  2%] [32mBuilding C object CMakeFiles/hardware_msg__rosidl_generator_c.dir/rosidl_generator_c/hardware_msg/msg/detail/board_parameters__functions.c.o[0m
[6.950s] [  2%] Built target ament_cmake_python_copy_hardware_msg
[6.957s] [35m[1mConsolidate compiler generated dependencies of target hardware_msg__rosidl_typesupport_fastrtps_cpp[0m
[6.962s] gmake[2]: Warning: File 'CMakeFiles/hardware_msg__rosidl_typesupport_introspection_cpp.dir/flags.make' has modification time 2508 s in the future
[6.965s] gmake[2]: warning:  Clock skew detected.  Your build may be incomplete.
[6.980s] gmake[2]: Warning: File 'CMakeFiles/hardware_msg__rosidl_typesupport_cpp.dir/flags.make' has modification time 2508 s in the future
[7.007s] gmake[2]: warning:  Clock skew detected.  Your build may be incomplete.
[7.021s] gmake[2]: Warning: File 'CMakeFiles/hardware_msg__rosidl_typesupport_fastrtps_cpp.dir/flags.make' has modification time 2508 s in the future
[7.022s] [35m[1mConsolidate compiler generated dependencies of target hardware_msg__rosidl_typesupport_introspection_cpp[0m
[7.059s] gmake[2]: warning:  Clock skew detected.  Your build may be incomplete.
[7.072s] gmake[2]: Warning: File 'CMakeFiles/hardware_msg__rosidl_typesupport_introspection_cpp.dir/flags.make' has modification time 2508 s in the future
[7.114s] [  3%] [32mBuilding CXX object CMakeFiles/hardware_msg__rosidl_typesupport_cpp.dir/rosidl_typesupport_cpp/hardware_msg/msg/board_parameters__type_support.cpp.o[0m
[7.129s] [  5%] [32mBuilding CXX object CMakeFiles/hardware_msg__rosidl_typesupport_fastrtps_cpp.dir/rosidl_typesupport_fastrtps_cpp/hardware_msg/msg/detail/dds_fastrtps/board_parameters__type_support.cpp.o[0m
[7.150s] [  6%] [32mBuilding CXX object CMakeFiles/hardware_msg__rosidl_typesupport_introspection_cpp.dir/rosidl_typesupport_introspection_cpp/hardware_msg/msg/detail/board_parameters__type_support.cpp.o[0m
[8.009s] [  7%] [32mBuilding C object CMakeFiles/hardware_msg__rosidl_generator_c.dir/rosidl_generator_c/hardware_msg/msg/detail/imu_parameters__functions.c.o[0m
[8.280s] [  8%] [32mBuilding C object CMakeFiles/hardware_msg__rosidl_generator_c.dir/rosidl_generator_c/hardware_msg/msg/detail/motor_parameters__functions.c.o[0m
[8.591s] [ 10%] [32mBuilding C object CMakeFiles/hardware_msg__rosidl_generator_c.dir/rosidl_generator_c/hardware_msg/msg/detail/motors_states__functions.c.o[0m
[8.920s] [ 11%] [32mBuilding C object CMakeFiles/hardware_msg__rosidl_generator_c.dir/rosidl_generator_c/hardware_msg/msg/detail/imu__functions.c.o[0m
[9.300s] [ 12%] [32mBuilding C object CMakeFiles/hardware_msg__rosidl_generator_c.dir/rosidl_generator_c/hardware_msg/msg/detail/motor_data__functions.c.o[0m
[9.527s] [ 13%] [32mBuilding CXX object CMakeFiles/hardware_msg__rosidl_typesupport_cpp.dir/rosidl_typesupport_cpp/hardware_msg/msg/imu_parameters__type_support.cpp.o[0m
[9.624s] [ 15%] [32mBuilding C object CMakeFiles/hardware_msg__rosidl_generator_c.dir/rosidl_generator_c/hardware_msg/msg/detail/motors_commands__functions.c.o[0m
[9.905s] gmake[2]: warning:  Clock skew detected.  Your build may be incomplete.
[9.968s] [ 17%] Built target hardware_msg__rosidl_generator_c
[10.023s] [ 18%] [32mBuilding CXX object CMakeFiles/hardware_msg__rosidl_typesupport_cpp.dir/rosidl_typesupport_cpp/hardware_msg/msg/motor_parameters__type_support.cpp.o[0m
[10.103s] [ 20%] [32mBuilding CXX object CMakeFiles/hardware_msg__rosidl_typesupport_introspection_cpp.dir/rosidl_typesupport_introspection_cpp/hardware_msg/msg/detail/imu_parameters__type_support.cpp.o[0m
[10.206s] [ 21%] [32mBuilding CXX object CMakeFiles/hardware_msg__rosidl_typesupport_fastrtps_cpp.dir/rosidl_typesupport_fastrtps_cpp/hardware_msg/msg/detail/dds_fastrtps/imu_parameters__type_support.cpp.o[0m
[11.197s] gmake[2]: Warning: File 'CMakeFiles/ament_cmake_python_build_hardware_msg_egg.dir/compiler_depend.make' has modification time 2504 s in the future
[11.251s] gmake[2]: warning:  Clock skew detected.  Your build may be incomplete.
[11.261s] gmake[2]: Warning: File 'CMakeFiles/ament_cmake_python_build_hardware_msg_egg.dir/compiler_depend.make' has modification time 2503 s in the future
[11.658s] [ 22%] [32mBuilding CXX object CMakeFiles/hardware_msg__rosidl_typesupport_cpp.dir/rosidl_typesupport_cpp/hardware_msg/msg/motors_states__type_support.cpp.o[0m
[12.638s] [ 24%] [32mBuilding CXX object CMakeFiles/hardware_msg__rosidl_typesupport_introspection_cpp.dir/rosidl_typesupport_introspection_cpp/hardware_msg/msg/detail/motor_parameters__type_support.cpp.o[0m
[13.006s] [ 25%] [32mBuilding CXX object CMakeFiles/hardware_msg__rosidl_typesupport_fastrtps_cpp.dir/rosidl_typesupport_fastrtps_cpp/hardware_msg/msg/detail/dds_fastrtps/motor_parameters__type_support.cpp.o[0m
[13.232s] running egg_info
[13.236s] writing hardware_msg.egg-info/PKG-INFO
[13.237s] writing dependency_links to hardware_msg.egg-info/dependency_links.txt
[13.239s] writing top-level names to hardware_msg.egg-info/top_level.txt
[13.257s] reading manifest file 'hardware_msg.egg-info/SOURCES.txt'
[13.261s] writing manifest file 'hardware_msg.egg-info/SOURCES.txt'
[13.373s] [ 26%] [32mBuilding CXX object CMakeFiles/hardware_msg__rosidl_typesupport_cpp.dir/rosidl_typesupport_cpp/hardware_msg/msg/imu__type_support.cpp.o[0m
[13.399s] gmake[2]: warning:  Clock skew detected.  Your build may be incomplete.
[13.441s] [ 26%] Built target ament_cmake_python_build_hardware_msg_egg
[13.485s] [ 27%] [32mBuilding CXX object CMakeFiles/hardware_msg__rosidl_typesupport_cpp.dir/rosidl_typesupport_cpp/hardware_msg/msg/motor_data__type_support.cpp.o[0m
[15.030s] [ 29%] [32mBuilding CXX object CMakeFiles/hardware_msg__rosidl_typesupport_introspection_cpp.dir/rosidl_typesupport_introspection_cpp/hardware_msg/msg/detail/motors_states__type_support.cpp.o[0m
[15.042s] [ 30%] [32mBuilding CXX object CMakeFiles/hardware_msg__rosidl_typesupport_cpp.dir/rosidl_typesupport_cpp/hardware_msg/msg/motors_commands__type_support.cpp.o[0m
[15.265s] [ 31%] [32mBuilding CXX object CMakeFiles/hardware_msg__rosidl_typesupport_introspection_cpp.dir/rosidl_typesupport_introspection_cpp/hardware_msg/msg/detail/imu__type_support.cpp.o[0m
[15.647s] [ 32%] [32mBuilding CXX object CMakeFiles/hardware_msg__rosidl_typesupport_fastrtps_cpp.dir/rosidl_typesupport_fastrtps_cpp/hardware_msg/msg/detail/dds_fastrtps/motors_states__type_support.cpp.o[0m
[16.599s] gmake[2]: warning:  Clock skew detected.  Your build may be incomplete.
[16.651s] [ 35%] Built target hardware_msg__rosidl_typesupport_cpp
[16.664s] gmake[2]: Warning: File 'CMakeFiles/hardware_msg__rosidl_typesupport_fastrtps_c.dir/flags.make' has modification time 2498 s in the future
[16.725s] [35m[1mConsolidate compiler generated dependencies of target hardware_msg__rosidl_typesupport_fastrtps_c[0m
[16.768s] gmake[2]: warning:  Clock skew detected.  Your build may be incomplete.
[16.787s] gmake[2]: Warning: File 'CMakeFiles/hardware_msg__rosidl_typesupport_fastrtps_c.dir/flags.make' has modification time 2498 s in the future
[16.843s] [ 36%] [32mBuilding CXX object CMakeFiles/hardware_msg__rosidl_typesupport_fastrtps_c.dir/rosidl_typesupport_fastrtps_c/hardware_msg/msg/detail/board_parameters__type_support_c.cpp.o[0m
[17.494s] [ 37%] [32mBuilding CXX object CMakeFiles/hardware_msg__rosidl_typesupport_fastrtps_c.dir/rosidl_typesupport_fastrtps_c/hardware_msg/msg/detail/imu_parameters__type_support_c.cpp.o[0m
[17.775s] [ 39%] [32mBuilding CXX object CMakeFiles/hardware_msg__rosidl_typesupport_introspection_cpp.dir/rosidl_typesupport_introspection_cpp/hardware_msg/msg/detail/motor_data__type_support.cpp.o[0m
[18.225s] [ 40%] [32mBuilding CXX object CMakeFiles/hardware_msg__rosidl_typesupport_fastrtps_cpp.dir/rosidl_typesupport_fastrtps_cpp/hardware_msg/msg/detail/dds_fastrtps/imu__type_support.cpp.o[0m
[19.063s] [ 41%] [32mBuilding CXX object CMakeFiles/hardware_msg__rosidl_typesupport_fastrtps_cpp.dir/rosidl_typesupport_fastrtps_cpp/hardware_msg/msg/detail/dds_fastrtps/motor_data__type_support.cpp.o[0m
[19.588s] [ 43%] [32mBuilding CXX object CMakeFiles/hardware_msg__rosidl_typesupport_fastrtps_c.dir/rosidl_typesupport_fastrtps_c/hardware_msg/msg/detail/motor_parameters__type_support_c.cpp.o[0m
[20.230s] [ 44%] [32mBuilding CXX object CMakeFiles/hardware_msg__rosidl_typesupport_introspection_cpp.dir/rosidl_typesupport_introspection_cpp/hardware_msg/msg/detail/motors_commands__type_support.cpp.o[0m
[20.755s] [ 45%] [32mBuilding CXX object CMakeFiles/hardware_msg__rosidl_typesupport_fastrtps_cpp.dir/rosidl_typesupport_fastrtps_cpp/hardware_msg/msg/detail/dds_fastrtps/motors_commands__type_support.cpp.o[0m
[21.622s] [ 46%] [32mBuilding CXX object CMakeFiles/hardware_msg__rosidl_typesupport_fastrtps_c.dir/rosidl_typesupport_fastrtps_c/hardware_msg/msg/detail/motors_states__type_support_c.cpp.o[0m
[21.688s] [ 48%] [32mBuilding CXX object CMakeFiles/hardware_msg__rosidl_typesupport_fastrtps_c.dir/rosidl_typesupport_fastrtps_c/hardware_msg/msg/detail/imu__type_support_c.cpp.o[0m
[22.779s] gmake[2]: warning:  Clock skew detected.  Your build may be incomplete.
[22.845s] [ 50%] Built target hardware_msg__rosidl_typesupport_introspection_cpp
[22.860s] gmake[2]: Warning: File 'CMakeFiles/hardware_msg__rosidl_typesupport_introspection_c.dir/flags.make' has modification time 2492 s in the future
[22.922s] [35m[1mConsolidate compiler generated dependencies of target hardware_msg__rosidl_typesupport_introspection_c[0m
[22.968s] gmake[2]: warning:  Clock skew detected.  Your build may be incomplete.
[22.982s] gmake[2]: Warning: File 'CMakeFiles/hardware_msg__rosidl_typesupport_introspection_c.dir/flags.make' has modification time 2492 s in the future
[23.036s] [ 51%] [32mBuilding C object CMakeFiles/hardware_msg__rosidl_typesupport_introspection_c.dir/rosidl_typesupport_introspection_c/hardware_msg/msg/detail/board_parameters__type_support.c.o[0m
[23.354s] [ 53%] [32mBuilding C object CMakeFiles/hardware_msg__rosidl_typesupport_introspection_c.dir/rosidl_typesupport_introspection_c/hardware_msg/msg/detail/imu_parameters__type_support.c.o[0m
[23.378s] gmake[2]: warning:  Clock skew detected.  Your build may be incomplete.
[23.431s] [ 55%] Built target hardware_msg__rosidl_typesupport_fastrtps_cpp
[23.443s] gmake[2]: Warning: File 'CMakeFiles/hardware_msg__rosidl_typesupport_c.dir/flags.make' has modification time 2491 s in the future
[23.494s] [35m[1mConsolidate compiler generated dependencies of target hardware_msg__rosidl_typesupport_c[0m
[23.507s] gmake[2]: warning:  Clock skew detected.  Your build may be incomplete.
[23.522s] gmake[2]: Warning: File 'CMakeFiles/hardware_msg__rosidl_typesupport_c.dir/flags.make' has modification time 2491 s in the future
[23.563s] [ 56%] [32mBuilding CXX object CMakeFiles/hardware_msg__rosidl_typesupport_c.dir/rosidl_typesupport_c/hardware_msg/msg/board_parameters__type_support.cpp.o[0m
[23.617s] [ 58%] [32mBuilding C object CMakeFiles/hardware_msg__rosidl_typesupport_introspection_c.dir/rosidl_typesupport_introspection_c/hardware_msg/msg/detail/motor_parameters__type_support.c.o[0m
[23.790s] [ 59%] [32mBuilding CXX object CMakeFiles/hardware_msg__rosidl_typesupport_c.dir/rosidl_typesupport_c/hardware_msg/msg/imu_parameters__type_support.cpp.o[0m
[23.817s] [ 60%] [32mBuilding CXX object CMakeFiles/hardware_msg__rosidl_typesupport_fastrtps_c.dir/rosidl_typesupport_fastrtps_c/hardware_msg/msg/detail/motor_data__type_support_c.cpp.o[0m
[23.831s] [ 62%] [32mBuilding CXX object CMakeFiles/hardware_msg__rosidl_typesupport_fastrtps_c.dir/rosidl_typesupport_fastrtps_c/hardware_msg/msg/detail/motors_commands__type_support_c.cpp.o[0m
[23.853s] [ 63%] [32mBuilding C object CMakeFiles/hardware_msg__rosidl_typesupport_introspection_c.dir/rosidl_typesupport_introspection_c/hardware_msg/msg/detail/motors_states__type_support.c.o[0m
[23.951s] [ 64%] [32mBuilding CXX object CMakeFiles/hardware_msg__rosidl_typesupport_c.dir/rosidl_typesupport_c/hardware_msg/msg/motor_parameters__type_support.cpp.o[0m
[24.044s] [ 65%] [32mBuilding C object CMakeFiles/hardware_msg__rosidl_typesupport_introspection_c.dir/rosidl_typesupport_introspection_c/hardware_msg/msg/detail/imu__type_support.c.o[0m
[24.122s] [ 67%] [32mBuilding CXX object CMakeFiles/hardware_msg__rosidl_typesupport_c.dir/rosidl_typesupport_c/hardware_msg/msg/motors_states__type_support.cpp.o[0m
[24.237s] [ 68%] [32mBuilding C object CMakeFiles/hardware_msg__rosidl_typesupport_introspection_c.dir/rosidl_typesupport_introspection_c/hardware_msg/msg/detail/motor_data__type_support.c.o[0m
[24.360s] [ 69%] [32mBuilding CXX object CMakeFiles/hardware_msg__rosidl_typesupport_c.dir/rosidl_typesupport_c/hardware_msg/msg/imu__type_support.cpp.o[0m
[24.466s] [ 70%] [32mBuilding C object CMakeFiles/hardware_msg__rosidl_typesupport_introspection_c.dir/rosidl_typesupport_introspection_c/hardware_msg/msg/detail/motors_commands__type_support.c.o[0m
[24.542s] [ 72%] [32mBuilding CXX object CMakeFiles/hardware_msg__rosidl_typesupport_c.dir/rosidl_typesupport_c/hardware_msg/msg/motor_data__type_support.cpp.o[0m
[24.633s] gmake[2]: warning:  Clock skew detected.  Your build may be incomplete.
[24.681s] [ 74%] Built target hardware_msg__rosidl_typesupport_introspection_c
[24.739s] [ 75%] [32mBuilding CXX object CMakeFiles/hardware_msg__rosidl_typesupport_c.dir/rosidl_typesupport_c/hardware_msg/msg/motors_commands__type_support.cpp.o[0m
[24.884s] gmake[2]: warning:  Clock skew detected.  Your build may be incomplete.
[24.933s] [ 78%] Built target hardware_msg__rosidl_typesupport_c
[25.654s] gmake[2]: warning:  Clock skew detected.  Your build may be incomplete.
[25.689s] [ 81%] Built target hardware_msg__rosidl_typesupport_fastrtps_c
[25.699s] gmake[2]: Warning: File 'CMakeFiles/hardware_msg.dir/compiler_depend.make' has modification time 2489 s in the future
[25.736s] gmake[2]: warning:  Clock skew detected.  Your build may be incomplete.
[25.742s] gmake[2]: Warning: File 'CMakeFiles/hardware_msg.dir/compiler_depend.make' has modification time 2489 s in the future
[25.743s] gmake[2]: warning:  Clock skew detected.  Your build may be incomplete.
[25.773s] [ 81%] Built target hardware_msg
[25.783s] gmake[2]: Warning: File 'hardware_msg__py/CMakeFiles/hardware_msg__py.dir/compiler_depend.make' has modification time 2489 s in the future
[25.823s] gmake[2]: warning:  Clock skew detected.  Your build may be incomplete.
[25.830s] gmake[2]: Warning: File 'hardware_msg__py/CMakeFiles/hardware_msg__py.dir/compiler_depend.make' has modification time 2489 s in the future
[25.831s] gmake[2]: warning:  Clock skew detected.  Your build may be incomplete.
[25.864s] [ 82%] Built target hardware_msg__py
[25.874s] gmake[2]: Warning: File 'CMakeFiles/hardware_msg__rosidl_generator_py.dir/flags.make' has modification time 2489 s in the future
[25.918s] [35m[1mConsolidate compiler generated dependencies of target hardware_msg__rosidl_generator_py[0m
[25.963s] gmake[2]: warning:  Clock skew detected.  Your build may be incomplete.
[25.976s] gmake[2]: Warning: File 'CMakeFiles/hardware_msg__rosidl_generator_py.dir/flags.make' has modification time 2489 s in the future
[26.029s] [ 83%] [32mBuilding C object CMakeFiles/hardware_msg__rosidl_generator_py.dir/rosidl_generator_py/hardware_msg/msg/_board_parameters_s.c.o[0m
[26.032s] [ 86%] [32mBuilding C object CMakeFiles/hardware_msg__rosidl_generator_py.dir/rosidl_generator_py/hardware_msg/msg/_imu_parameters_s.c.o[0m
[26.033s] [ 86%] [32mBuilding C object CMakeFiles/hardware_msg__rosidl_generator_py.dir/rosidl_generator_py/hardware_msg/msg/_motor_parameters_s.c.o[0m
[26.036s] [ 87%] [32mBuilding C object CMakeFiles/hardware_msg__rosidl_generator_py.dir/rosidl_generator_py/hardware_msg/msg/_motors_states_s.c.o[0m
[26.689s] [ 88%] [32mBuilding C object CMakeFiles/hardware_msg__rosidl_generator_py.dir/rosidl_generator_py/hardware_msg/msg/_imu_s.c.o[0m
[26.694s] [ 89%] [32mBuilding C object CMakeFiles/hardware_msg__rosidl_generator_py.dir/rosidl_generator_py/hardware_msg/msg/_motor_data_s.c.o[0m
[26.699s] [ 91%] [32mBuilding C object CMakeFiles/hardware_msg__rosidl_generator_py.dir/rosidl_generator_py/hardware_msg/msg/_motors_commands_s.c.o[0m
[27.164s] gmake[2]: warning:  Clock skew detected.  Your build may be incomplete.
[27.200s] [ 92%] Built target hardware_msg__rosidl_generator_py
[27.210s] gmake[2]: Warning: File 'CMakeFiles/hardware_msg__rosidl_typesupport_fastrtps_c__pyext.dir/flags.make' has modification time 2488 s in the future
[27.212s] gmake[2]: Warning: File 'CMakeFiles/hardware_msg__rosidl_typesupport_introspection_c__pyext.dir/flags.make' has modification time 2488 s in the future
[27.214s] gmake[2]: Warning: File 'CMakeFiles/hardware_msg__rosidl_typesupport_c__pyext.dir/flags.make' has modification time 2488 s in the future
[27.247s] [35m[1mConsolidate compiler generated dependencies of target hardware_msg__rosidl_typesupport_fastrtps_c__pyext[0m
[27.251s] [35m[1mConsolidate compiler generated dependencies of target hardware_msg__rosidl_typesupport_c__pyext[0m
[27.261s] [35m[1mConsolidate compiler generated dependencies of target hardware_msg__rosidl_typesupport_introspection_c__pyext[0m
[27.264s] gmake[2]: warning:  Clock skew detected.  Your build may be incomplete.
[27.269s] gmake[2]: warning:  Clock skew detected.  Your build may be incomplete.
[27.274s] gmake[2]: Warning: File 'CMakeFiles/hardware_msg__rosidl_typesupport_fastrtps_c__pyext.dir/flags.make' has modification time 2487 s in the future
[27.277s] gmake[2]: Warning: File 'CMakeFiles/hardware_msg__rosidl_typesupport_c__pyext.dir/flags.make' has modification time 2487 s in the future
[27.284s] gmake[2]: warning:  Clock skew detected.  Your build may be incomplete.
[27.297s] gmake[2]: Warning: File 'CMakeFiles/hardware_msg__rosidl_typesupport_introspection_c__pyext.dir/flags.make' has modification time 2487 s in the future
[27.313s] [ 93%] [32mBuilding C object CMakeFiles/hardware_msg__rosidl_typesupport_fastrtps_c__pyext.dir/rosidl_generator_py/hardware_msg/_hardware_msg_s.ep.rosidl_typesupport_fastrtps_c.c.o[0m
[27.322s] [ 94%] [32mBuilding C object CMakeFiles/hardware_msg__rosidl_typesupport_c__pyext.dir/rosidl_generator_py/hardware_msg/_hardware_msg_s.ep.rosidl_typesupport_c.c.o[0m
[27.337s] [ 96%] [32mBuilding C object CMakeFiles/hardware_msg__rosidl_typesupport_introspection_c__pyext.dir/rosidl_generator_py/hardware_msg/_hardware_msg_s.ep.rosidl_typesupport_introspection_c.c.o[0m
[27.878s] gmake[2]: warning:  Clock skew detected.  Your build may be incomplete.
[27.883s] gmake[2]: warning:  Clock skew detected.  Your build may be incomplete.
[27.884s] gmake[2]: warning:  Clock skew detected.  Your build may be incomplete.
[27.917s] [ 98%] Built target hardware_msg__rosidl_typesupport_fastrtps_c__pyext
[27.918s] [ 98%] Built target hardware_msg__rosidl_typesupport_introspection_c__pyext
[27.920s] [100%] Built target hardware_msg__rosidl_typesupport_c__pyext
[27.962s] gmake: warning:  Clock skew detected.  Your build may be incomplete.
[27.968s] Invoked command in '/home/pi/Tinker_Sber/Chellenge-Tinker/build/hardware_msg' returned '0': CMAKE_PREFIX_PATH=${CMAKE_PREFIX_PATH}:/opt/ros/humble /usr/bin/cmake --build /home/pi/Tinker_Sber/Chellenge-Tinker/build/hardware_msg -- -j4 -l4
[27.980s] Invoking command in '/home/pi/Tinker_Sber/Chellenge-Tinker/build/hardware_msg': CMAKE_PREFIX_PATH=${CMAKE_PREFIX_PATH}:/opt/ros/humble /usr/bin/cmake --install /home/pi/Tinker_Sber/Chellenge-Tinker/build/hardware_msg
[28.009s] -- Install configuration: ""
[28.009s] -- Up-to-date: /home/pi/Tinker_Sber/Chellenge-Tinker/install/hardware_msg/share/ament_index/resource_index/rosidl_interfaces/hardware_msg
[28.010s] -- Up-to-date: /home/pi/Tinker_Sber/Chellenge-Tinker/install/hardware_msg/include/hardware_msg/hardware_msg
[28.010s] -- Up-to-date: /home/pi/Tinker_Sber/Chellenge-Tinker/install/hardware_msg/include/hardware_msg/hardware_msg/msg
[28.011s] -- Up-to-date: /home/pi/Tinker_Sber/Chellenge-Tinker/install/hardware_msg/include/hardware_msg/hardware_msg/msg/motor_parameters.h
[28.012s] -- Up-to-date: /home/pi/Tinker_Sber/Chellenge-Tinker/install/hardware_msg/include/hardware_msg/hardware_msg/msg/motor_data.h
[28.012s] -- Up-to-date: /home/pi/Tinker_Sber/Chellenge-Tinker/install/hardware_msg/include/hardware_msg/hardware_msg/msg/imu.h
[28.013s] -- Up-to-date: /home/pi/Tinker_Sber/Chellenge-Tinker/install/hardware_msg/include/hardware_msg/hardware_msg/msg/imu_parameters.h
[28.013s] -- Up-to-date: /home/pi/Tinker_Sber/Chellenge-Tinker/install/hardware_msg/include/hardware_msg/hardware_msg/msg/board_parameters.h
[28.014s] -- Up-to-date: /home/pi/Tinker_Sber/Chellenge-Tinker/install/hardware_msg/include/hardware_msg/hardware_msg/msg/rosidl_generator_c__visibility_control.h
[28.014s] -- Up-to-date: /home/pi/Tinker_Sber/Chellenge-Tinker/install/hardware_msg/include/hardware_msg/hardware_msg/msg/motors_states.h
[28.015s] -- Up-to-date: /home/pi/Tinker_Sber/Chellenge-Tinker/install/hardware_msg/include/hardware_msg/hardware_msg/msg/detail
[28.015s] -- Up-to-date: /home/pi/Tinker_Sber/Chellenge-Tinker/install/hardware_msg/include/hardware_msg/hardware_msg/msg/detail/motor_data__functions.h
[28.016s] -- Up-to-date: /home/pi/Tinker_Sber/Chellenge-Tinker/install/hardware_msg/include/hardware_msg/hardware_msg/msg/detail/board_parameters__functions.c
[28.016s] -- Up-to-date: /home/pi/Tinker_Sber/Chellenge-Tinker/install/hardware_msg/include/hardware_msg/hardware_msg/msg/detail/board_parameters__type_support.h
[28.017s] -- Up-to-date: /home/pi/Tinker_Sber/Chellenge-Tinker/install/hardware_msg/include/hardware_msg/hardware_msg/msg/detail/motors_states__functions.h
[28.017s] -- Up-to-date: /home/pi/Tinker_Sber/Chellenge-Tinker/install/hardware_msg/include/hardware_msg/hardware_msg/msg/detail/motor_data__type_support.h
[28.018s] -- Up-to-date: /home/pi/Tinker_Sber/Chellenge-Tinker/install/hardware_msg/include/hardware_msg/hardware_msg/msg/detail/motors_commands__type_support.h
[28.018s] -- Up-to-date: /home/pi/Tinker_Sber/Chellenge-Tinker/install/hardware_msg/include/hardware_msg/hardware_msg/msg/detail/imu_parameters__struct.h
[28.018s] -- Up-to-date: /home/pi/Tinker_Sber/Chellenge-Tinker/install/hardware_msg/include/hardware_msg/hardware_msg/msg/detail/motor_parameters__functions.h
[28.019s] -- Up-to-date: /home/pi/Tinker_Sber/Chellenge-Tinker/install/hardware_msg/include/hardware_msg/hardware_msg/msg/detail/imu_parameters__functions.c
[28.019s] -- Up-to-date: /home/pi/Tinker_Sber/Chellenge-Tinker/install/hardware_msg/include/hardware_msg/hardware_msg/msg/detail/motors_states__functions.c
[28.020s] -- Up-to-date: /home/pi/Tinker_Sber/Chellenge-Tinker/install/hardware_msg/include/hardware_msg/hardware_msg/msg/detail/motors_commands__functions.h
[28.020s] -- Up-to-date: /home/pi/Tinker_Sber/Chellenge-Tinker/install/hardware_msg/include/hardware_msg/hardware_msg/msg/detail/imu__type_support.h
[28.021s] -- Up-to-date: /home/pi/Tinker_Sber/Chellenge-Tinker/install/hardware_msg/include/hardware_msg/hardware_msg/msg/detail/board_parameters__struct.h
[28.021s] -- Up-to-date: /home/pi/Tinker_Sber/Chellenge-Tinker/install/hardware_msg/include/hardware_msg/hardware_msg/msg/detail/motors_commands__struct.h
[28.022s] -- Up-to-date: /home/pi/Tinker_Sber/Chellenge-Tinker/install/hardware_msg/include/hardware_msg/hardware_msg/msg/detail/motors_states__struct.h
[28.022s] -- Up-to-date: /home/pi/Tinker_Sber/Chellenge-Tinker/install/hardware_msg/include/hardware_msg/hardware_msg/msg/detail/motor_parameters__type_support.h
[28.022s] -- Up-to-date: /home/pi/Tinker_Sber/Chellenge-Tinker/install/hardware_msg/include/hardware_msg/hardware_msg/msg/detail/imu_parameters__type_support.h
[28.023s] -- Up-to-date: /home/pi/Tinker_Sber/Chellenge-Tinker/install/hardware_msg/include/hardware_msg/hardware_msg/msg/detail/imu__struct.h
[28.023s] -- Up-to-date: /home/pi/Tinker_Sber/Chellenge-Tinker/install/hardware_msg/include/hardware_msg/hardware_msg/msg/detail/motor_parameters__functions.c
[28.024s] -- Up-to-date: /home/pi/Tinker_Sber/Chellenge-Tinker/install/hardware_msg/include/hardware_msg/hardware_msg/msg/detail/motor_parameters__struct.h
[28.024s] -- Up-to-date: /home/pi/Tinker_Sber/Chellenge-Tinker/install/hardware_msg/include/hardware_msg/hardware_msg/msg/detail/motors_commands__functions.c
[28.025s] -- Up-to-date: /home/pi/Tinker_Sber/Chellenge-Tinker/install/hardware_msg/include/hardware_msg/hardware_msg/msg/detail/imu__functions.h
[28.025s] -- Up-to-date: /home/pi/Tinker_Sber/Chellenge-Tinker/install/hardware_msg/include/hardware_msg/hardware_msg/msg/detail/board_parameters__functions.h
[28.025s] -- Up-to-date: /home/pi/Tinker_Sber/Chellenge-Tinker/install/hardware_msg/include/hardware_msg/hardware_msg/msg/detail/imu__functions.c
[28.026s] -- Up-to-date: /home/pi/Tinker_Sber/Chellenge-Tinker/install/hardware_msg/include/hardware_msg/hardware_msg/msg/detail/motors_states__type_support.h
[28.026s] -- Up-to-date: /home/pi/Tinker_Sber/Chellenge-Tinker/install/hardware_msg/include/hardware_msg/hardware_msg/msg/detail/imu_parameters__functions.h
[28.026s] -- Up-to-date: /home/pi/Tinker_Sber/Chellenge-Tinker/install/hardware_msg/include/hardware_msg/hardware_msg/msg/detail/motor_data__struct.h
[28.027s] -- Up-to-date: /home/pi/Tinker_Sber/Chellenge-Tinker/install/hardware_msg/include/hardware_msg/hardware_msg/msg/detail/motor_data__functions.c
[28.027s] -- Up-to-date: /home/pi/Tinker_Sber/Chellenge-Tinker/install/hardware_msg/include/hardware_msg/hardware_msg/msg/motors_commands.h
[28.028s] -- Up-to-date: /home/pi/Tinker_Sber/Chellenge-Tinker/install/hardware_msg/share/hardware_msg/environment/library_path.sh
[28.028s] -- Installing: /home/pi/Tinker_Sber/Chellenge-Tinker/install/hardware_msg/share/hardware_msg/environment/library_path.dsv
[28.029s] -- Up-to-date: /home/pi/Tinker_Sber/Chellenge-Tinker/install/hardware_msg/lib/libhardware_msg__rosidl_generator_c.so
[28.029s] -- Up-to-date: /home/pi/Tinker_Sber/Chellenge-Tinker/install/hardware_msg/include/hardware_msg/hardware_msg
[28.029s] -- Up-to-date: /home/pi/Tinker_Sber/Chellenge-Tinker/install/hardware_msg/include/hardware_msg/hardware_msg/msg
[28.030s] -- Up-to-date: /home/pi/Tinker_Sber/Chellenge-Tinker/install/hardware_msg/include/hardware_msg/hardware_msg/msg/rosidl_typesupport_fastrtps_c__visibility_control.h
[28.030s] -- Up-to-date: /home/pi/Tinker_Sber/Chellenge-Tinker/install/hardware_msg/include/hardware_msg/hardware_msg/msg/detail
[28.031s] -- Up-to-date: /home/pi/Tinker_Sber/Chellenge-Tinker/install/hardware_msg/include/hardware_msg/hardware_msg/msg/detail/motors_states__rosidl_typesupport_fastrtps_c.h
[28.031s] -- Up-to-date: /home/pi/Tinker_Sber/Chellenge-Tinker/install/hardware_msg/include/hardware_msg/hardware_msg/msg/detail/motors_commands__rosidl_typesupport_fastrtps_c.h
[28.031s] -- Up-to-date: /home/pi/Tinker_Sber/Chellenge-Tinker/install/hardware_msg/include/hardware_msg/hardware_msg/msg/detail/imu_parameters__rosidl_typesupport_fastrtps_c.h
[28.032s] -- Up-to-date: /home/pi/Tinker_Sber/Chellenge-Tinker/install/hardware_msg/include/hardware_msg/hardware_msg/msg/detail/motor_data__rosidl_typesupport_fastrtps_c.h
[28.032s] -- Up-to-date: /home/pi/Tinker_Sber/Chellenge-Tinker/install/hardware_msg/include/hardware_msg/hardware_msg/msg/detail/imu__rosidl_typesupport_fastrtps_c.h
[28.032s] -- Up-to-date: /home/pi/Tinker_Sber/Chellenge-Tinker/install/hardware_msg/include/hardware_msg/hardware_msg/msg/detail/board_parameters__rosidl_typesupport_fastrtps_c.h
[28.033s] -- Up-to-date: /home/pi/Tinker_Sber/Chellenge-Tinker/install/hardware_msg/include/hardware_msg/hardware_msg/msg/detail/motor_parameters__rosidl_typesupport_fastrtps_c.h
[28.033s] -- Up-to-date: /home/pi/Tinker_Sber/Chellenge-Tinker/install/hardware_msg/lib/libhardware_msg__rosidl_typesupport_fastrtps_c.so
[28.034s] -- Up-to-date: /home/pi/Tinker_Sber/Chellenge-Tinker/install/hardware_msg/include/hardware_msg/hardware_msg
[28.035s] -- Up-to-date: /home/pi/Tinker_Sber/Chellenge-Tinker/install/hardware_msg/include/hardware_msg/hardware_msg/msg
[28.036s] -- Up-to-date: /home/pi/Tinker_Sber/Chellenge-Tinker/install/hardware_msg/include/hardware_msg/hardware_msg/msg/motors_commands.hpp
[28.036s] -- Up-to-date: /home/pi/Tinker_Sber/Chellenge-Tinker/install/hardware_msg/include/hardware_msg/hardware_msg/msg/imu_parameters.hpp
[28.037s] -- Up-to-date: /home/pi/Tinker_Sber/Chellenge-Tinker/install/hardware_msg/include/hardware_msg/hardware_msg/msg/motor_data.hpp
[28.037s] -- Up-to-date: /home/pi/Tinker_Sber/Chellenge-Tinker/install/hardware_msg/include/hardware_msg/hardware_msg/msg/imu.hpp
[28.038s] -- Up-to-date: /home/pi/Tinker_Sber/Chellenge-Tinker/install/hardware_msg/include/hardware_msg/hardware_msg/msg/board_parameters.hpp
[28.038s] -- Up-to-date: /home/pi/Tinker_Sber/Chellenge-Tinker/install/hardware_msg/include/hardware_msg/hardware_msg/msg/motor_parameters.hpp
[28.038s] -- Up-to-date: /home/pi/Tinker_Sber/Chellenge-Tinker/install/hardware_msg/include/hardware_msg/hardware_msg/msg/detail
[28.039s] -- Up-to-date: /home/pi/Tinker_Sber/Chellenge-Tinker/install/hardware_msg/include/hardware_msg/hardware_msg/msg/detail/motor_parameters__type_support.hpp
[28.039s] -- Up-to-date: /home/pi/Tinker_Sber/Chellenge-Tinker/install/hardware_msg/include/hardware_msg/hardware_msg/msg/detail/motors_commands__struct.hpp
[28.040s] -- Up-to-date: /home/pi/Tinker_Sber/Chellenge-Tinker/install/hardware_msg/include/hardware_msg/hardware_msg/msg/detail/motors_commands__type_support.hpp
[28.040s] -- Up-to-date: /home/pi/Tinker_Sber/Chellenge-Tinker/install/hardware_msg/include/hardware_msg/hardware_msg/msg/detail/motors_states__type_support.hpp
[28.041s] -- Up-to-date: /home/pi/Tinker_Sber/Chellenge-Tinker/install/hardware_msg/include/hardware_msg/hardware_msg/msg/detail/board_parameters__type_support.hpp
[28.041s] -- Up-to-date: /home/pi/Tinker_Sber/Chellenge-Tinker/install/hardware_msg/include/hardware_msg/hardware_msg/msg/detail/board_parameters__traits.hpp
[28.042s] -- Up-to-date: /home/pi/Tinker_Sber/Chellenge-Tinker/install/hardware_msg/include/hardware_msg/hardware_msg/msg/detail/motor_data__traits.hpp
[28.042s] -- Up-to-date: /home/pi/Tinker_Sber/Chellenge-Tinker/install/hardware_msg/include/hardware_msg/hardware_msg/msg/detail/motors_states__builder.hpp
[28.043s] -- Up-to-date: /home/pi/Tinker_Sber/Chellenge-Tinker/install/hardware_msg/include/hardware_msg/hardware_msg/msg/detail/board_parameters__builder.hpp
[28.043s] -- Up-to-date: /home/pi/Tinker_Sber/Chellenge-Tinker/install/hardware_msg/include/hardware_msg/hardware_msg/msg/detail/motors_states__traits.hpp
[28.044s] -- Up-to-date: /home/pi/Tinker_Sber/Chellenge-Tinker/install/hardware_msg/include/hardware_msg/hardware_msg/msg/detail/motor_data__type_support.hpp
[28.044s] -- Up-to-date: /home/pi/Tinker_Sber/Chellenge-Tinker/install/hardware_msg/include/hardware_msg/hardware_msg/msg/detail/imu__type_support.hpp
[28.045s] -- Up-to-date: /home/pi/Tinker_Sber/Chellenge-Tinker/install/hardware_msg/include/hardware_msg/hardware_msg/msg/detail/motors_commands__builder.hpp
[28.045s] -- Up-to-date: /home/pi/Tinker_Sber/Chellenge-Tinker/install/hardware_msg/include/hardware_msg/hardware_msg/msg/detail/imu__builder.hpp
[28.046s] -- Up-to-date: /home/pi/Tinker_Sber/Chellenge-Tinker/install/hardware_msg/include/hardware_msg/hardware_msg/msg/detail/imu__struct.hpp
[28.046s] -- Up-to-date: /home/pi/Tinker_Sber/Chellenge-Tinker/install/hardware_msg/include/hardware_msg/hardware_msg/msg/detail/motor_parameters__builder.hpp
[28.047s] -- Up-to-date: /home/pi/Tinker_Sber/Chellenge-Tinker/install/hardware_msg/include/hardware_msg/hardware_msg/msg/detail/imu_parameters__traits.hpp
[28.047s] -- Up-to-date: /home/pi/Tinker_Sber/Chellenge-Tinker/install/hardware_msg/include/hardware_msg/hardware_msg/msg/detail/imu__traits.hpp
[28.048s] -- Up-to-date: /home/pi/Tinker_Sber/Chellenge-Tinker/install/hardware_msg/include/hardware_msg/hardware_msg/msg/detail/motor_data__builder.hpp
[28.048s] -- Up-to-date: /home/pi/Tinker_Sber/Chellenge-Tinker/install/hardware_msg/include/hardware_msg/hardware_msg/msg/detail/motors_states__struct.hpp
[28.048s] -- Up-to-date: /home/pi/Tinker_Sber/Chellenge-Tinker/install/hardware_msg/include/hardware_msg/hardware_msg/msg/detail/imu_parameters__type_support.hpp
[28.049s] -- Up-to-date: /home/pi/Tinker_Sber/Chellenge-Tinker/install/hardware_msg/include/hardware_msg/hardware_msg/msg/detail/motor_data__struct.hpp
[28.049s] -- Up-to-date: /home/pi/Tinker_Sber/Chellenge-Tinker/install/hardware_msg/include/hardware_msg/hardware_msg/msg/detail/imu_parameters__struct.hpp
[28.050s] -- Up-to-date: /home/pi/Tinker_Sber/Chellenge-Tinker/install/hardware_msg/include/hardware_msg/hardware_msg/msg/detail/board_parameters__struct.hpp
[28.050s] -- Up-to-date: /home/pi/Tinker_Sber/Chellenge-Tinker/install/hardware_msg/include/hardware_msg/hardware_msg/msg/detail/motor_parameters__struct.hpp
[28.051s] -- Up-to-date: /home/pi/Tinker_Sber/Chellenge-Tinker/install/hardware_msg/include/hardware_msg/hardware_msg/msg/detail/motors_commands__traits.hpp
[28.051s] -- Up-to-date: /home/pi/Tinker_Sber/Chellenge-Tinker/install/hardware_msg/include/hardware_msg/hardware_msg/msg/detail/imu_parameters__builder.hpp
[28.051s] -- Up-to-date: /home/pi/Tinker_Sber/Chellenge-Tinker/install/hardware_msg/include/hardware_msg/hardware_msg/msg/detail/motor_parameters__traits.hpp
[28.052s] -- Up-to-date: /home/pi/Tinker_Sber/Chellenge-Tinker/install/hardware_msg/include/hardware_msg/hardware_msg/msg/rosidl_generator_cpp__visibility_control.hpp
[28.052s] -- Up-to-date: /home/pi/Tinker_Sber/Chellenge-Tinker/install/hardware_msg/include/hardware_msg/hardware_msg/msg/motors_states.hpp
[28.053s] -- Up-to-date: /home/pi/Tinker_Sber/Chellenge-Tinker/install/hardware_msg/include/hardware_msg/hardware_msg
[28.053s] -- Up-to-date: /home/pi/Tinker_Sber/Chellenge-Tinker/install/hardware_msg/include/hardware_msg/hardware_msg/msg
[28.053s] -- Up-to-date: /home/pi/Tinker_Sber/Chellenge-Tinker/install/hardware_msg/include/hardware_msg/hardware_msg/msg/rosidl_typesupport_fastrtps_cpp__visibility_control.h
[28.054s] -- Up-to-date: /home/pi/Tinker_Sber/Chellenge-Tinker/install/hardware_msg/include/hardware_msg/hardware_msg/msg/detail
[28.054s] -- Up-to-date: /home/pi/Tinker_Sber/Chellenge-Tinker/install/hardware_msg/include/hardware_msg/hardware_msg/msg/detail/dds_fastrtps
[28.054s] -- Up-to-date: /home/pi/Tinker_Sber/Chellenge-Tinker/install/hardware_msg/include/hardware_msg/hardware_msg/msg/detail/imu__rosidl_typesupport_fastrtps_cpp.hpp
[28.055s] -- Up-to-date: /home/pi/Tinker_Sber/Chellenge-Tinker/install/hardware_msg/include/hardware_msg/hardware_msg/msg/detail/motors_commands__rosidl_typesupport_fastrtps_cpp.hpp
[28.055s] -- Up-to-date: /home/pi/Tinker_Sber/Chellenge-Tinker/install/hardware_msg/include/hardware_msg/hardware_msg/msg/detail/board_parameters__rosidl_typesupport_fastrtps_cpp.hpp
[28.056s] -- Up-to-date: /home/pi/Tinker_Sber/Chellenge-Tinker/install/hardware_msg/include/hardware_msg/hardware_msg/msg/detail/motor_data__rosidl_typesupport_fastrtps_cpp.hpp
[28.056s] -- Up-to-date: /home/pi/Tinker_Sber/Chellenge-Tinker/install/hardware_msg/include/hardware_msg/hardware_msg/msg/detail/imu_parameters__rosidl_typesupport_fastrtps_cpp.hpp
[28.057s] -- Up-to-date: /home/pi/Tinker_Sber/Chellenge-Tinker/install/hardware_msg/include/hardware_msg/hardware_msg/msg/detail/motor_parameters__rosidl_typesupport_fastrtps_cpp.hpp
[28.057s] -- Up-to-date: /home/pi/Tinker_Sber/Chellenge-Tinker/install/hardware_msg/include/hardware_msg/hardware_msg/msg/detail/motors_states__rosidl_typesupport_fastrtps_cpp.hpp
[28.057s] -- Up-to-date: /home/pi/Tinker_Sber/Chellenge-Tinker/install/hardware_msg/lib/libhardware_msg__rosidl_typesupport_fastrtps_cpp.so
[28.058s] -- Up-to-date: /home/pi/Tinker_Sber/Chellenge-Tinker/install/hardware_msg/include/hardware_msg/hardware_msg
[28.058s] -- Up-to-date: /home/pi/Tinker_Sber/Chellenge-Tinker/install/hardware_msg/include/hardware_msg/hardware_msg/msg
[28.059s] -- Up-to-date: /home/pi/Tinker_Sber/Chellenge-Tinker/install/hardware_msg/include/hardware_msg/hardware_msg/msg/detail
[28.059s] -- Up-to-date: /home/pi/Tinker_Sber/Chellenge-Tinker/install/hardware_msg/include/hardware_msg/hardware_msg/msg/detail/imu__type_support.c
[28.060s] -- Up-to-date: /home/pi/Tinker_Sber/Chellenge-Tinker/install/hardware_msg/include/hardware_msg/hardware_msg/msg/detail/motors_states__type_support.c
[28.060s] -- Up-to-date: /home/pi/Tinker_Sber/Chellenge-Tinker/install/hardware_msg/include/hardware_msg/hardware_msg/msg/detail/motor_data__rosidl_typesupport_introspection_c.h
[28.061s] -- Up-to-date: /home/pi/Tinker_Sber/Chellenge-Tinker/install/hardware_msg/include/hardware_msg/hardware_msg/msg/detail/board_parameters__type_support.c
[28.061s] -- Up-to-date: /home/pi/Tinker_Sber/Chellenge-Tinker/install/hardware_msg/include/hardware_msg/hardware_msg/msg/detail/motor_parameters__rosidl_typesupport_introspection_c.h
[28.062s] -- Up-to-date: /home/pi/Tinker_Sber/Chellenge-Tinker/install/hardware_msg/include/hardware_msg/hardware_msg/msg/detail/imu__rosidl_typesupport_introspection_c.h
[28.062s] -- Up-to-date: /home/pi/Tinker_Sber/Chellenge-Tinker/install/hardware_msg/include/hardware_msg/hardware_msg/msg/detail/imu_parameters__type_support.c
[28.063s] -- Up-to-date: /home/pi/Tinker_Sber/Chellenge-Tinker/install/hardware_msg/include/hardware_msg/hardware_msg/msg/detail/board_parameters__rosidl_typesupport_introspection_c.h
[28.063s] -- Up-to-date: /home/pi/Tinker_Sber/Chellenge-Tinker/install/hardware_msg/include/hardware_msg/hardware_msg/msg/detail/motors_commands__type_support.c
[28.063s] -- Up-to-date: /home/pi/Tinker_Sber/Chellenge-Tinker/install/hardware_msg/include/hardware_msg/hardware_msg/msg/detail/motor_parameters__type_support.c
[28.064s] -- Up-to-date: /home/pi/Tinker_Sber/Chellenge-Tinker/install/hardware_msg/include/hardware_msg/hardware_msg/msg/detail/motors_states__rosidl_typesupport_introspection_c.h
[28.064s] -- Up-to-date: /home/pi/Tinker_Sber/Chellenge-Tinker/install/hardware_msg/include/hardware_msg/hardware_msg/msg/detail/motor_data__type_support.c
[28.064s] -- Up-to-date: /home/pi/Tinker_Sber/Chellenge-Tinker/install/hardware_msg/include/hardware_msg/hardware_msg/msg/detail/imu_parameters__rosidl_typesupport_introspection_c.h
[28.065s] -- Up-to-date: /home/pi/Tinker_Sber/Chellenge-Tinker/install/hardware_msg/include/hardware_msg/hardware_msg/msg/detail/motors_commands__rosidl_typesupport_introspection_c.h
[28.065s] -- Up-to-date: /home/pi/Tinker_Sber/Chellenge-Tinker/install/hardware_msg/include/hardware_msg/hardware_msg/msg/rosidl_typesupport_introspection_c__visibility_control.h
[28.066s] -- Up-to-date: /home/pi/Tinker_Sber/Chellenge-Tinker/install/hardware_msg/lib/libhardware_msg__rosidl_typesupport_introspection_c.so
[28.066s] -- Up-to-date: /home/pi/Tinker_Sber/Chellenge-Tinker/install/hardware_msg/lib/libhardware_msg__rosidl_typesupport_c.so
[28.066s] -- Up-to-date: /home/pi/Tinker_Sber/Chellenge-Tinker/install/hardware_msg/include/hardware_msg/hardware_msg
[28.067s] -- Up-to-date: /home/pi/Tinker_Sber/Chellenge-Tinker/install/hardware_msg/include/hardware_msg/hardware_msg/msg
[28.067s] -- Up-to-date: /home/pi/Tinker_Sber/Chellenge-Tinker/install/hardware_msg/include/hardware_msg/hardware_msg/msg/detail
[28.068s] -- Up-to-date: /home/pi/Tinker_Sber/Chellenge-Tinker/install/hardware_msg/include/hardware_msg/hardware_msg/msg/detail/imu_parameters__rosidl_typesupport_introspection_cpp.hpp
[28.068s] -- Up-to-date: /home/pi/Tinker_Sber/Chellenge-Tinker/install/hardware_msg/include/hardware_msg/hardware_msg/msg/detail/motors_states__rosidl_typesupport_introspection_cpp.hpp
[28.069s] -- Up-to-date: /home/pi/Tinker_Sber/Chellenge-Tinker/install/hardware_msg/include/hardware_msg/hardware_msg/msg/detail/board_parameters__rosidl_typesupport_introspection_cpp.hpp
[28.069s] -- Up-to-date: /home/pi/Tinker_Sber/Chellenge-Tinker/install/hardware_msg/include/hardware_msg/hardware_msg/msg/detail/motors_states__type_support.cpp
[28.070s] -- Up-to-date: /home/pi/Tinker_Sber/Chellenge-Tinker/install/hardware_msg/include/hardware_msg/hardware_msg/msg/detail/motors_commands__rosidl_typesupport_introspection_cpp.hpp
[28.070s] -- Up-to-date: /home/pi/Tinker_Sber/Chellenge-Tinker/install/hardware_msg/include/hardware_msg/hardware_msg/msg/detail/motors_commands__type_support.cpp
[28.070s] -- Up-to-date: /home/pi/Tinker_Sber/Chellenge-Tinker/install/hardware_msg/include/hardware_msg/hardware_msg/msg/detail/motor_data__rosidl_typesupport_introspection_cpp.hpp
[28.071s] -- Up-to-date: /home/pi/Tinker_Sber/Chellenge-Tinker/install/hardware_msg/include/hardware_msg/hardware_msg/msg/detail/imu__type_support.cpp
[28.071s] -- Up-to-date: /home/pi/Tinker_Sber/Chellenge-Tinker/install/hardware_msg/include/hardware_msg/hardware_msg/msg/detail/imu_parameters__type_support.cpp
[28.072s] -- Up-to-date: /home/pi/Tinker_Sber/Chellenge-Tinker/install/hardware_msg/include/hardware_msg/hardware_msg/msg/detail/motor_data__type_support.cpp
[28.072s] -- Up-to-date: /home/pi/Tinker_Sber/Chellenge-Tinker/install/hardware_msg/include/hardware_msg/hardware_msg/msg/detail/board_parameters__type_support.cpp
[28.073s] -- Up-to-date: /home/pi/Tinker_Sber/Chellenge-Tinker/install/hardware_msg/include/hardware_msg/hardware_msg/msg/detail/motor_parameters__rosidl_typesupport_introspection_cpp.hpp
[28.073s] -- Up-to-date: /home/pi/Tinker_Sber/Chellenge-Tinker/install/hardware_msg/include/hardware_msg/hardware_msg/msg/detail/imu__rosidl_typesupport_introspection_cpp.hpp
[28.073s] -- Up-to-date: /home/pi/Tinker_Sber/Chellenge-Tinker/install/hardware_msg/include/hardware_msg/hardware_msg/msg/detail/motor_parameters__type_support.cpp
[28.074s] -- Up-to-date: /home/pi/Tinker_Sber/Chellenge-Tinker/install/hardware_msg/lib/libhardware_msg__rosidl_typesupport_introspection_cpp.so
[28.076s] -- Up-to-date: /home/pi/Tinker_Sber/Chellenge-Tinker/install/hardware_msg/lib/libhardware_msg__rosidl_typesupport_cpp.so
[28.077s] -- Up-to-date: /home/pi/Tinker_Sber/Chellenge-Tinker/install/hardware_msg/share/hardware_msg/environment/pythonpath.sh
[28.078s] -- Installing: /home/pi/Tinker_Sber/Chellenge-Tinker/install/hardware_msg/share/hardware_msg/environment/pythonpath.dsv
[28.079s] -- Up-to-date: /home/pi/Tinker_Sber/Chellenge-Tinker/install/hardware_msg/local/lib/python3.10/dist-packages/hardware_msg-0.0.0-py3.10.egg-info
[28.080s] -- Installing: /home/pi/Tinker_Sber/Chellenge-Tinker/install/hardware_msg/local/lib/python3.10/dist-packages/hardware_msg-0.0.0-py3.10.egg-info/PKG-INFO
[28.081s] -- Installing: /home/pi/Tinker_Sber/Chellenge-Tinker/install/hardware_msg/local/lib/python3.10/dist-packages/hardware_msg-0.0.0-py3.10.egg-info/top_level.txt
[28.082s] -- Installing: /home/pi/Tinker_Sber/Chellenge-Tinker/install/hardware_msg/local/lib/python3.10/dist-packages/hardware_msg-0.0.0-py3.10.egg-info/SOURCES.txt
[28.084s] -- Installing: /home/pi/Tinker_Sber/Chellenge-Tinker/install/hardware_msg/local/lib/python3.10/dist-packages/hardware_msg-0.0.0-py3.10.egg-info/dependency_links.txt
[28.085s] -- Up-to-date: /home/pi/Tinker_Sber/Chellenge-Tinker/install/hardware_msg/local/lib/python3.10/dist-packages/hardware_msg
[28.086s] -- Up-to-date: /home/pi/Tinker_Sber/Chellenge-Tinker/install/hardware_msg/local/lib/python3.10/dist-packages/hardware_msg/libhardware_msg__rosidl_generator_py.so
[28.086s] -- Installing: /home/pi/Tinker_Sber/Chellenge-Tinker/install/hardware_msg/local/lib/python3.10/dist-packages/hardware_msg/__init__.py
[28.087s] -- Up-to-date: /home/pi/Tinker_Sber/Chellenge-Tinker/install/hardware_msg/local/lib/python3.10/dist-packages/hardware_msg/hardware_msg_s__rosidl_typesupport_introspection_c.cpython-310-aarch64-linux-gnu.so
[28.088s] -- Up-to-date: /home/pi/Tinker_Sber/Chellenge-Tinker/install/hardware_msg/local/lib/python3.10/dist-packages/hardware_msg/hardware_msg_s__rosidl_typesupport_c.cpython-310-aarch64-linux-gnu.so
[28.088s] -- Up-to-date: /home/pi/Tinker_Sber/Chellenge-Tinker/install/hardware_msg/local/lib/python3.10/dist-packages/hardware_msg/hardware_msg_s__rosidl_typesupport_fastrtps_c.cpython-310-aarch64-linux-gnu.so
[28.089s] -- Up-to-date: /home/pi/Tinker_Sber/Chellenge-Tinker/install/hardware_msg/local/lib/python3.10/dist-packages/hardware_msg/msg
[28.090s] -- Up-to-date: /home/pi/Tinker_Sber/Chellenge-Tinker/install/hardware_msg/local/lib/python3.10/dist-packages/hardware_msg/msg/_motors_states_s.c
[28.090s] -- Up-to-date: /home/pi/Tinker_Sber/Chellenge-Tinker/install/hardware_msg/local/lib/python3.10/dist-packages/hardware_msg/msg/__init__.py
[28.091s] -- Up-to-date: /home/pi/Tinker_Sber/Chellenge-Tinker/install/hardware_msg/local/lib/python3.10/dist-packages/hardware_msg/msg/_imu_parameters_s.c
[28.092s] -- Up-to-date: /home/pi/Tinker_Sber/Chellenge-Tinker/install/hardware_msg/local/lib/python3.10/dist-packages/hardware_msg/msg/_board_parameters_s.c
[28.093s] -- Up-to-date: /home/pi/Tinker_Sber/Chellenge-Tinker/install/hardware_msg/local/lib/python3.10/dist-packages/hardware_msg/msg/_board_parameters.py
[28.093s] -- Up-to-date: /home/pi/Tinker_Sber/Chellenge-Tinker/install/hardware_msg/local/lib/python3.10/dist-packages/hardware_msg/msg/_motor_data.py
[28.094s] -- Up-to-date: /home/pi/Tinker_Sber/Chellenge-Tinker/install/hardware_msg/local/lib/python3.10/dist-packages/hardware_msg/msg/_motor_parameters_s.c
[28.094s] -- Up-to-date: /home/pi/Tinker_Sber/Chellenge-Tinker/install/hardware_msg/local/lib/python3.10/dist-packages/hardware_msg/msg/_motors_states.py
[28.095s] -- Up-to-date: /home/pi/Tinker_Sber/Chellenge-Tinker/install/hardware_msg/local/lib/python3.10/dist-packages/hardware_msg/msg/_imu.py
[28.095s] -- Up-to-date: /home/pi/Tinker_Sber/Chellenge-Tinker/install/hardware_msg/local/lib/python3.10/dist-packages/hardware_msg/msg/_motors_commands_s.c
[28.096s] -- Up-to-date: /home/pi/Tinker_Sber/Chellenge-Tinker/install/hardware_msg/local/lib/python3.10/dist-packages/hardware_msg/msg/_motor_data_s.c
[28.096s] -- Up-to-date: /home/pi/Tinker_Sber/Chellenge-Tinker/install/hardware_msg/local/lib/python3.10/dist-packages/hardware_msg/msg/_motors_commands.py
[28.096s] -- Up-to-date: /home/pi/Tinker_Sber/Chellenge-Tinker/install/hardware_msg/local/lib/python3.10/dist-packages/hardware_msg/msg/_motor_parameters.py
[28.097s] -- Up-to-date: /home/pi/Tinker_Sber/Chellenge-Tinker/install/hardware_msg/local/lib/python3.10/dist-packages/hardware_msg/msg/_imu_s.c
[28.097s] -- Up-to-date: /home/pi/Tinker_Sber/Chellenge-Tinker/install/hardware_msg/local/lib/python3.10/dist-packages/hardware_msg/msg/_imu_parameters.py
[28.097s] -- Up-to-date: /home/pi/Tinker_Sber/Chellenge-Tinker/install/hardware_msg/local/lib/python3.10/dist-packages/hardware_msg/_hardware_msg_s.ep.rosidl_typesupport_fastrtps_c.c
[28.098s] -- Up-to-date: /home/pi/Tinker_Sber/Chellenge-Tinker/install/hardware_msg/local/lib/python3.10/dist-packages/hardware_msg/_hardware_msg_s.ep.rosidl_typesupport_introspection_c.c
[28.098s] -- Up-to-date: /home/pi/Tinker_Sber/Chellenge-Tinker/install/hardware_msg/local/lib/python3.10/dist-packages/hardware_msg/_hardware_msg_s.ep.rosidl_typesupport_c.c
[28.265s] Listing '/home/pi/Tinker_Sber/Chellenge-Tinker/install/hardware_msg/local/lib/python3.10/dist-packages/hardware_msg'...
[28.266s] Compiling '/home/pi/Tinker_Sber/Chellenge-Tinker/install/hardware_msg/local/lib/python3.10/dist-packages/hardware_msg/__init__.py'...
[28.268s] Listing '/home/pi/Tinker_Sber/Chellenge-Tinker/install/hardware_msg/local/lib/python3.10/dist-packages/hardware_msg/msg'...
[28.293s] -- Up-to-date: /home/pi/Tinker_Sber/Chellenge-Tinker/install/hardware_msg/local/lib/python3.10/dist-packages/hardware_msg/hardware_msg_s__rosidl_typesupport_fastrtps_c.cpython-310-aarch64-linux-gnu.so
[28.298s] -- Up-to-date: /home/pi/Tinker_Sber/Chellenge-Tinker/install/hardware_msg/local/lib/python3.10/dist-packages/hardware_msg/hardware_msg_s__rosidl_typesupport_introspection_c.cpython-310-aarch64-linux-gnu.so
[28.301s] -- Up-to-date: /home/pi/Tinker_Sber/Chellenge-Tinker/install/hardware_msg/local/lib/python3.10/dist-packages/hardware_msg/hardware_msg_s__rosidl_typesupport_c.cpython-310-aarch64-linux-gnu.so
[28.303s] -- Up-to-date: /home/pi/Tinker_Sber/Chellenge-Tinker/install/hardware_msg/lib/libhardware_msg__rosidl_generator_py.so
[28.305s] -- Up-to-date: /home/pi/Tinker_Sber/Chellenge-Tinker/install/hardware_msg/share/hardware_msg/msg/BoardParameters.idl
[28.305s] -- Up-to-date: /home/pi/Tinker_Sber/Chellenge-Tinker/install/hardware_msg/share/hardware_msg/msg/ImuParameters.idl
[28.306s] -- Up-to-date: /home/pi/Tinker_Sber/Chellenge-Tinker/install/hardware_msg/share/hardware_msg/msg/MotorParameters.idl
[28.306s] -- Up-to-date: /home/pi/Tinker_Sber/Chellenge-Tinker/install/hardware_msg/share/hardware_msg/msg/MotorsStates.idl
[28.307s] -- Up-to-date: /home/pi/Tinker_Sber/Chellenge-Tinker/install/hardware_msg/share/hardware_msg/msg/Imu.idl
[28.307s] -- Up-to-date: /home/pi/Tinker_Sber/Chellenge-Tinker/install/hardware_msg/share/hardware_msg/msg/MotorData.idl
[28.308s] -- Up-to-date: /home/pi/Tinker_Sber/Chellenge-Tinker/install/hardware_msg/share/hardware_msg/msg/MotorsCommands.idl
[28.309s] -- Up-to-date: /home/pi/Tinker_Sber/Chellenge-Tinker/install/hardware_msg/share/hardware_msg/msg/BoardParameters.msg
[28.309s] -- Up-to-date: /home/pi/Tinker_Sber/Chellenge-Tinker/install/hardware_msg/share/hardware_msg/msg/ImuParameters.msg
[28.310s] -- Up-to-date: /home/pi/Tinker_Sber/Chellenge-Tinker/install/hardware_msg/share/hardware_msg/msg/MotorParameters.msg
[28.310s] -- Up-to-date: /home/pi/Tinker_Sber/Chellenge-Tinker/install/hardware_msg/share/hardware_msg/msg/MotorsStates.msg
[28.311s] -- Up-to-date: /home/pi/Tinker_Sber/Chellenge-Tinker/install/hardware_msg/share/hardware_msg/msg/Imu.msg
[28.311s] -- Up-to-date: /home/pi/Tinker_Sber/Chellenge-Tinker/install/hardware_msg/share/hardware_msg/msg/MotorData.msg
[28.312s] -- Up-to-date: /home/pi/Tinker_Sber/Chellenge-Tinker/install/hardware_msg/share/hardware_msg/msg/MotorsCommands.msg
[28.312s] -- Up-to-date: /home/pi/Tinker_Sber/Chellenge-Tinker/install/hardware_msg/share/ament_index/resource_index/package_run_dependencies/hardware_msg
[28.312s] -- Installing: /home/pi/Tinker_Sber/Chellenge-Tinker/install/hardware_msg/share/ament_index/resource_index/parent_prefix_path/hardware_msg
[28.314s] -- Up-to-date: /home/pi/Tinker_Sber/Chellenge-Tinker/install/hardware_msg/share/hardware_msg/environment/ament_prefix_path.sh
[28.314s] -- Installing: /home/pi/Tinker_Sber/Chellenge-Tinker/install/hardware_msg/share/hardware_msg/environment/ament_prefix_path.dsv
[28.319s] -- Up-to-date: /home/pi/Tinker_Sber/Chellenge-Tinker/install/hardware_msg/share/hardware_msg/environment/path.sh
[28.320s] -- Installing: /home/pi/Tinker_Sber/Chellenge-Tinker/install/hardware_msg/share/hardware_msg/environment/path.dsv
[28.321s] -- Up-to-date: /home/pi/Tinker_Sber/Chellenge-Tinker/install/hardware_msg/share/hardware_msg/local_setup.bash
[28.321s] -- Up-to-date: /home/pi/Tinker_Sber/Chellenge-Tinker/install/hardware_msg/share/hardware_msg/local_setup.sh
[28.322s] -- Up-to-date: /home/pi/Tinker_Sber/Chellenge-Tinker/install/hardware_msg/share/hardware_msg/local_setup.zsh
[28.323s] -- Installing: /home/pi/Tinker_Sber/Chellenge-Tinker/install/hardware_msg/share/hardware_msg/local_setup.dsv
[28.323s] -- Installing: /home/pi/Tinker_Sber/Chellenge-Tinker/install/hardware_msg/share/hardware_msg/package.dsv
[28.325s] -- Up-to-date: /home/pi/Tinker_Sber/Chellenge-Tinker/install/hardware_msg/share/ament_index/resource_index/packages/hardware_msg
[28.327s] -- Up-to-date: /home/pi/Tinker_Sber/Chellenge-Tinker/install/hardware_msg/share/hardware_msg/cmake/export_hardware_msg__rosidl_generator_cExport.cmake
[28.328s] -- Up-to-date: /home/pi/Tinker_Sber/Chellenge-Tinker/install/hardware_msg/share/hardware_msg/cmake/export_hardware_msg__rosidl_generator_cExport-noconfig.cmake
[28.330s] -- Up-to-date: /home/pi/Tinker_Sber/Chellenge-Tinker/install/hardware_msg/share/hardware_msg/cmake/export_hardware_msg__rosidl_typesupport_fastrtps_cExport.cmake
[28.331s] -- Up-to-date: /home/pi/Tinker_Sber/Chellenge-Tinker/install/hardware_msg/share/hardware_msg/cmake/export_hardware_msg__rosidl_typesupport_fastrtps_cExport-noconfig.cmake
[28.333s] -- Up-to-date: /home/pi/Tinker_Sber/Chellenge-Tinker/install/hardware_msg/share/hardware_msg/cmake/export_hardware_msg__rosidl_generator_cppExport.cmake
[28.335s] -- Up-to-date: /home/pi/Tinker_Sber/Chellenge-Tinker/install/hardware_msg/share/hardware_msg/cmake/export_hardware_msg__rosidl_typesupport_fastrtps_cppExport.cmake
[28.336s] -- Up-to-date: /home/pi/Tinker_Sber/Chellenge-Tinker/install/hardware_msg/share/hardware_msg/cmake/export_hardware_msg__rosidl_typesupport_fastrtps_cppExport-noconfig.cmake
[28.338s] -- Up-to-date: /home/pi/Tinker_Sber/Chellenge-Tinker/install/hardware_msg/share/hardware_msg/cmake/hardware_msg__rosidl_typesupport_introspection_cExport.cmake
[28.339s] -- Up-to-date: /home/pi/Tinker_Sber/Chellenge-Tinker/install/hardware_msg/share/hardware_msg/cmake/hardware_msg__rosidl_typesupport_introspection_cExport-noconfig.cmake
[28.341s] -- Up-to-date: /home/pi/Tinker_Sber/Chellenge-Tinker/install/hardware_msg/share/hardware_msg/cmake/hardware_msg__rosidl_typesupport_cExport.cmake
[28.343s] -- Up-to-date: /home/pi/Tinker_Sber/Chellenge-Tinker/install/hardware_msg/share/hardware_msg/cmake/hardware_msg__rosidl_typesupport_cExport-noconfig.cmake
[28.345s] -- Up-to-date: /home/pi/Tinker_Sber/Chellenge-Tinker/install/hardware_msg/share/hardware_msg/cmake/hardware_msg__rosidl_typesupport_introspection_cppExport.cmake
[28.345s] -- Up-to-date: /home/pi/Tinker_Sber/Chellenge-Tinker/install/hardware_msg/share/hardware_msg/cmake/hardware_msg__rosidl_typesupport_introspection_cppExport-noconfig.cmake
[28.347s] -- Up-to-date: /home/pi/Tinker_Sber/Chellenge-Tinker/install/hardware_msg/share/hardware_msg/cmake/hardware_msg__rosidl_typesupport_cppExport.cmake
[28.348s] -- Up-to-date: /home/pi/Tinker_Sber/Chellenge-Tinker/install/hardware_msg/share/hardware_msg/cmake/hardware_msg__rosidl_typesupport_cppExport-noconfig.cmake
[28.349s] -- Up-to-date: /home/pi/Tinker_Sber/Chellenge-Tinker/install/hardware_msg/share/hardware_msg/cmake/export_hardware_msg__rosidl_generator_pyExport.cmake
[28.351s] -- Up-to-date: /home/pi/Tinker_Sber/Chellenge-Tinker/install/hardware_msg/share/hardware_msg/cmake/export_hardware_msg__rosidl_generator_pyExport-noconfig.cmake
[28.353s] -- Up-to-date: /home/pi/Tinker_Sber/Chellenge-Tinker/install/hardware_msg/share/hardware_msg/cmake/rosidl_cmake-extras.cmake
[28.354s] -- Up-to-date: /home/pi/Tinker_Sber/Chellenge-Tinker/install/hardware_msg/share/hardware_msg/cmake/ament_cmake_export_include_directories-extras.cmake
[28.356s] -- Up-to-date: /home/pi/Tinker_Sber/Chellenge-Tinker/install/hardware_msg/share/hardware_msg/cmake/ament_cmake_export_libraries-extras.cmake
[28.357s] -- Up-to-date: /home/pi/Tinker_Sber/Chellenge-Tinker/install/hardware_msg/share/hardware_msg/cmake/ament_cmake_export_targets-extras.cmake
[28.357s] -- Up-to-date: /home/pi/Tinker_Sber/Chellenge-Tinker/install/hardware_msg/share/hardware_msg/cmake/rosidl_cmake_export_typesupport_targets-extras.cmake
[28.358s] -- Up-to-date: /home/pi/Tinker_Sber/Chellenge-Tinker/install/hardware_msg/share/hardware_msg/cmake/ament_cmake_export_dependencies-extras.cmake
[28.359s] -- Up-to-date: /home/pi/Tinker_Sber/Chellenge-Tinker/install/hardware_msg/share/hardware_msg/cmake/rosidl_cmake_export_typesupport_libraries-extras.cmake
[28.360s] -- Up-to-date: /home/pi/Tinker_Sber/Chellenge-Tinker/install/hardware_msg/share/hardware_msg/cmake/hardware_msgConfig.cmake
[28.361s] -- Up-to-date: /home/pi/Tinker_Sber/Chellenge-Tinker/install/hardware_msg/share/hardware_msg/cmake/hardware_msgConfig-version.cmake
[28.362s] -- Up-to-date: /home/pi/Tinker_Sber/Chellenge-Tinker/install/hardware_msg/share/hardware_msg/package.xml
[28.367s] Invoked command in '/home/pi/Tinker_Sber/Chellenge-Tinker/build/hardware_msg' returned '0': CMAKE_PREFIX_PATH=${CMAKE_PREFIX_PATH}:/opt/ros/humble /usr/bin/cmake --install /home/pi/Tinker_Sber/Chellenge-Tinker/build/hardware_msg
