[0.019s] Invoking command in '/home/dmitrytorov/tinker_ros2/build/Tinker': CMAKE_PREFIX_PATH=${CMAKE_PREFIX_PATH}:/home/dmitrytorov/Tinker_ros2/install/tinker_motor_gui:/home/dmitrytorov/turtlebot3_ws/install/turtlebot3_teleop:/home/dmitrytorov/turtlebot3_ws/install/turtlebot3_example:/home/dmitrytorov/ros2_learners/install/robot_math:/home/dmitrytorov/ros2_learners/install/ai_assitance:/home/dmitrytorov/pass_course_part1/install/twist_converter:/home/dmitrytorov/pass_course_part1/install/my_two_wheel_robot:/home/dmitrytorov/pass_course_part1/install/my_path_publisher:/home/dmitrytorov/pass_course_part1/install/my_fake_lidar:/opt/ros/humble /usr/bin/cmake /home/dmitrytorov/tinker_ros2/src/tinker -DCMAKE_INSTALL_PREFIX=/home/dmitrytorov/tinker_ros2/install/Tinker
[0.078s] -- The C compiler identification is GNU 11.4.0
[0.135s] -- The CXX compiler identification is GNU 11.4.0
[0.142s] -- Detecting C compiler ABI info
[0.220s] -- Detecting C compiler ABI info - done
[0.226s] -- Check for working C compiler: /usr/bin/cc - skipped
[0.227s] -- Detecting C compile features
[0.227s] -- Detecting C compile features - done
[0.229s] -- Detecting CXX compiler ABI info
[0.319s] -- Detecting CXX compiler ABI info - done
[0.326s] -- Check for working CXX compiler: /usr/bin/c++ - skipped
[0.326s] -- Detecting CXX compile features
[0.326s] -- Detecting CXX compile features - done
[0.332s] -- Found ament_cmake: 1.3.12 (/opt/ros/humble/share/ament_cmake/cmake)
[0.697s] -- Found Python3: /usr/bin/python3 (found version "3.10.12") found components: Interpreter 
[0.831s] -- Found ament_lint_auto: 0.12.14 (/opt/ros/humble/share/ament_lint_auto/cmake)
[0.883s] WARNING: Package name "Tinker" does not follow the naming conventions. It should start with a lower case letter and only contain lower case letters, digits, underscores, and dashes.
[0.931s] -- Added test 'flake8' to check Python code syntax and style conventions
[0.932s] -- Added test 'lint_cmake' to check CMake code style
[0.933s] -- Added test 'pep257' to check Python code against some of the docstring style conventions in PEP 257
[0.935s] -- Added test 'xmllint' to check XML markup files
[0.937s] -- Configuring done
[0.940s] -- Generating done
[0.942s] -- Build files have been written to: /home/dmitrytorov/tinker_ros2/build/Tinker
[0.946s] Invoked command in '/home/dmitrytorov/tinker_ros2/build/Tinker' returned '0': CMAKE_PREFIX_PATH=${CMAKE_PREFIX_PATH}:/home/dmitrytorov/Tinker_ros2/install/tinker_motor_gui:/home/dmitrytorov/turtlebot3_ws/install/turtlebot3_teleop:/home/dmitrytorov/turtlebot3_ws/install/turtlebot3_example:/home/dmitrytorov/ros2_learners/install/robot_math:/home/dmitrytorov/ros2_learners/install/ai_assitance:/home/dmitrytorov/pass_course_part1/install/twist_converter:/home/dmitrytorov/pass_course_part1/install/my_two_wheel_robot:/home/dmitrytorov/pass_course_part1/install/my_path_publisher:/home/dmitrytorov/pass_course_part1/install/my_fake_lidar:/opt/ros/humble /usr/bin/cmake /home/dmitrytorov/tinker_ros2/src/tinker -DCMAKE_INSTALL_PREFIX=/home/dmitrytorov/tinker_ros2/install/Tinker
[0.949s] Invoking command in '/home/dmitrytorov/tinker_ros2/build/Tinker': CMAKE_PREFIX_PATH=${CMAKE_PREFIX_PATH}:/home/dmitrytorov/Tinker_ros2/install/tinker_motor_gui:/home/dmitrytorov/turtlebot3_ws/install/turtlebot3_teleop:/home/dmitrytorov/turtlebot3_ws/install/turtlebot3_example:/home/dmitrytorov/ros2_learners/install/robot_math:/home/dmitrytorov/ros2_learners/install/ai_assitance:/home/dmitrytorov/pass_course_part1/install/twist_converter:/home/dmitrytorov/pass_course_part1/install/my_two_wheel_robot:/home/dmitrytorov/pass_course_part1/install/my_path_publisher:/home/dmitrytorov/pass_course_part1/install/my_fake_lidar:/opt/ros/humble /usr/bin/cmake --build /home/dmitrytorov/tinker_ros2/build/Tinker -- -j12 -l12
[0.994s] Invoked command in '/home/dmitrytorov/tinker_ros2/build/Tinker' returned '0': CMAKE_PREFIX_PATH=${CMAKE_PREFIX_PATH}:/home/dmitrytorov/Tinker_ros2/install/tinker_motor_gui:/home/dmitrytorov/turtlebot3_ws/install/turtlebot3_teleop:/home/dmitrytorov/turtlebot3_ws/install/turtlebot3_example:/home/dmitrytorov/ros2_learners/install/robot_math:/home/dmitrytorov/ros2_learners/install/ai_assitance:/home/dmitrytorov/pass_course_part1/install/twist_converter:/home/dmitrytorov/pass_course_part1/install/my_two_wheel_robot:/home/dmitrytorov/pass_course_part1/install/my_path_publisher:/home/dmitrytorov/pass_course_part1/install/my_fake_lidar:/opt/ros/humble /usr/bin/cmake --build /home/dmitrytorov/tinker_ros2/build/Tinker -- -j12 -l12
[1.006s] Invoking command in '/home/dmitrytorov/tinker_ros2/build/Tinker': CMAKE_PREFIX_PATH=${CMAKE_PREFIX_PATH}:/home/dmitrytorov/Tinker_ros2/install/tinker_motor_gui:/home/dmitrytorov/turtlebot3_ws/install/turtlebot3_teleop:/home/dmitrytorov/turtlebot3_ws/install/turtlebot3_example:/home/dmitrytorov/ros2_learners/install/robot_math:/home/dmitrytorov/ros2_learners/install/ai_assitance:/home/dmitrytorov/pass_course_part1/install/twist_converter:/home/dmitrytorov/pass_course_part1/install/my_two_wheel_robot:/home/dmitrytorov/pass_course_part1/install/my_path_publisher:/home/dmitrytorov/pass_course_part1/install/my_fake_lidar:/opt/ros/humble /usr/bin/cmake --install /home/dmitrytorov/tinker_ros2/build/Tinker
[1.014s] -- Install configuration: ""
[1.014s] -- Installing: /home/dmitrytorov/tinker_ros2/install/Tinker/share/Tinker/launch
[1.014s] -- Installing: /home/dmitrytorov/tinker_ros2/install/Tinker/share/Tinker/launch/description.launch.py
[1.014s] -- Installing: /home/dmitrytorov/tinker_ros2/install/Tinker/share/Tinker/urdf
[1.014s] -- Installing: /home/dmitrytorov/tinker_ros2/install/Tinker/share/Tinker/urdf/tinker_1.urdf.xacro
[1.014s] -- Installing: /home/dmitrytorov/tinker_ros2/install/Tinker/share/Tinker/config
[1.014s] -- Installing: /home/dmitrytorov/tinker_ros2/install/Tinker/share/Tinker/config/joint_names_tinker_urdf.yaml
[1.015s] -- Installing: /home/dmitrytorov/tinker_ros2/install/Tinker/share/Tinker/rviz
[1.015s] -- Installing: /home/dmitrytorov/tinker_ros2/install/Tinker/share/Tinker/meshes
[1.015s] -- Installing: /home/dmitrytorov/tinker_ros2/install/Tinker/share/Tinker/meshes/link_r_ankle.STL
[1.015s] -- Installing: /home/dmitrytorov/tinker_ros2/install/Tinker/share/Tinker/meshes/link_l_ankle.STL
[1.015s] -- Installing: /home/dmitrytorov/tinker_ros2/install/Tinker/share/Tinker/meshes/link_r_knee.STL
[1.016s] -- Installing: /home/dmitrytorov/tinker_ros2/install/Tinker/share/Tinker/meshes/link_l_pitch.STL
[1.016s] -- Installing: /home/dmitrytorov/tinker_ros2/install/Tinker/share/Tinker/meshes/base_link.STL
[1.019s] -- Installing: /home/dmitrytorov/tinker_ros2/install/Tinker/share/Tinker/meshes/link_r_yaw.STL
[1.019s] -- Installing: /home/dmitrytorov/tinker_ros2/install/Tinker/share/Tinker/meshes/link_l_yaw.STL
[1.019s] -- Installing: /home/dmitrytorov/tinker_ros2/install/Tinker/share/Tinker/meshes/link_l_roll.STL
[1.019s] -- Installing: /home/dmitrytorov/tinker_ros2/install/Tinker/share/Tinker/meshes/link_l_knee.STL
[1.020s] -- Installing: /home/dmitrytorov/tinker_ros2/install/Tinker/share/Tinker/meshes/link_r_roll.STL
[1.020s] -- Installing: /home/dmitrytorov/tinker_ros2/install/Tinker/share/Tinker/meshes/link_r_pitch.STL
[1.020s] -- Installing: /home/dmitrytorov/tinker_ros2/install/Tinker/share/Tinker/worlds
[1.021s] -- Installing: /home/dmitrytorov/tinker_ros2/install/Tinker/share/ament_index/resource_index/package_run_dependencies/Tinker
[1.021s] -- Installing: /home/dmitrytorov/tinker_ros2/install/Tinker/share/ament_index/resource_index/parent_prefix_path/Tinker
[1.021s] -- Installing: /home/dmitrytorov/tinker_ros2/install/Tinker/share/Tinker/environment/ament_prefix_path.sh
[1.021s] -- Installing: /home/dmitrytorov/tinker_ros2/install/Tinker/share/Tinker/environment/ament_prefix_path.dsv
[1.022s] -- Installing: /home/dmitrytorov/tinker_ros2/install/Tinker/share/Tinker/environment/path.sh
[1.022s] -- Installing: /home/dmitrytorov/tinker_ros2/install/Tinker/share/Tinker/environment/path.dsv
[1.022s] -- Installing: /home/dmitrytorov/tinker_ros2/install/Tinker/share/Tinker/local_setup.bash
[1.022s] -- Installing: /home/dmitrytorov/tinker_ros2/install/Tinker/share/Tinker/local_setup.sh
[1.022s] -- Installing: /home/dmitrytorov/tinker_ros2/install/Tinker/share/Tinker/local_setup.zsh
[1.022s] -- Installing: /home/dmitrytorov/tinker_ros2/install/Tinker/share/Tinker/local_setup.dsv
[1.023s] -- Installing: /home/dmitrytorov/tinker_ros2/install/Tinker/share/Tinker/package.dsv
[1.023s] -- Installing: /home/dmitrytorov/tinker_ros2/install/Tinker/share/ament_index/resource_index/packages/Tinker
[1.023s] -- Installing: /home/dmitrytorov/tinker_ros2/install/Tinker/share/Tinker/cmake/TinkerConfig.cmake
[1.023s] -- Installing: /home/dmitrytorov/tinker_ros2/install/Tinker/share/Tinker/cmake/TinkerConfig-version.cmake
[1.024s] -- Installing: /home/dmitrytorov/tinker_ros2/install/Tinker/share/Tinker/package.xml
[1.026s] Invoked command in '/home/dmitrytorov/tinker_ros2/build/Tinker' returned '0': CMAKE_PREFIX_PATH=${CMAKE_PREFIX_PATH}:/home/dmitrytorov/Tinker_ros2/install/tinker_motor_gui:/home/dmitrytorov/turtlebot3_ws/install/turtlebot3_teleop:/home/dmitrytorov/turtlebot3_ws/install/turtlebot3_example:/home/dmitrytorov/ros2_learners/install/robot_math:/home/dmitrytorov/ros2_learners/install/ai_assitance:/home/dmitrytorov/pass_course_part1/install/twist_converter:/home/dmitrytorov/pass_course_part1/install/my_two_wheel_robot:/home/dmitrytorov/pass_course_part1/install/my_path_publisher:/home/dmitrytorov/pass_course_part1/install/my_fake_lidar:/opt/ros/humble /usr/bin/cmake --install /home/dmitrytorov/tinker_ros2/build/Tinker
