[0.014s] Invoking command in '/home/dmitrytorov/tinker_ros2/build/tinker_gui': CMAKE_PREFIX_PATH=${CMAKE_PREFIX_PATH}:/home/dmitrytorov/tinker_ros2/install/tinker_motor_gui:/home/dmitrytorov/turtlebot3_ws/install/turtlebot3_teleop:/home/dmitrytorov/turtlebot3_ws/install/turtlebot3_example:/home/dmitrytorov/ros2_learners/install/robot_math:/home/dmitrytorov/ros2_learners/install/ai_assitance:/home/dmitrytorov/pass_course_part1/install/twist_converter:/home/dmitrytorov/pass_course_part1/install/my_two_wheel_robot:/home/dmitrytorov/pass_course_part1/install/my_path_publisher:/home/dmitrytorov/pass_course_part1/install/my_fake_lidar:/opt/ros/humble /usr/bin/cmake /home/dmitrytorov/tinker_ros2/src/tinker_gui -DCMAKE_INSTALL_PREFIX=/home/dmitrytorov/tinker_ros2/install/tinker_gui
[0.073s] -- The C compiler identification is GNU 11.4.0
[0.134s] -- The CXX compiler identification is GNU 11.4.0
[0.142s] -- Detecting C compiler ABI info
[0.221s] -- Detecting C compiler ABI info - done
[0.227s] -- Check for working C compiler: /usr/bin/cc - skipped
[0.228s] -- Detecting C compile features
[0.228s] -- Detecting C compile features - done
[0.230s] -- Detecting CXX compiler ABI info
[0.316s] -- Detecting CXX compiler ABI info - done
[0.324s] -- Check for working CXX compiler: /usr/bin/c++ - skipped
[0.324s] -- Detecting CXX compile features
[0.325s] -- Detecting CXX compile features - done
[0.331s] -- Found ament_cmake: 1.3.12 (/opt/ros/humble/share/ament_cmake/cmake)
[0.701s] -- Found Python3: /usr/bin/python3 (found version "3.10.12") found components: Interpreter 
[0.839s] -- Found ament_lint_auto: 0.12.14 (/opt/ros/humble/share/ament_lint_auto/cmake)
[0.940s] -- Added test 'flake8' to check Python code syntax and style conventions
[0.941s] -- Added test 'lint_cmake' to check CMake code style
[0.942s] -- Added test 'pep257' to check Python code against some of the docstring style conventions in PEP 257
[0.944s] -- Added test 'xmllint' to check XML markup files
[0.946s] -- Configuring done
[0.949s] -- Generating done
[0.951s] -- Build files have been written to: /home/dmitrytorov/tinker_ros2/build/tinker_gui
[0.955s] Invoked command in '/home/dmitrytorov/tinker_ros2/build/tinker_gui' returned '0': CMAKE_PREFIX_PATH=${CMAKE_PREFIX_PATH}:/home/dmitrytorov/tinker_ros2/install/tinker_motor_gui:/home/dmitrytorov/turtlebot3_ws/install/turtlebot3_teleop:/home/dmitrytorov/turtlebot3_ws/install/turtlebot3_example:/home/dmitrytorov/ros2_learners/install/robot_math:/home/dmitrytorov/ros2_learners/install/ai_assitance:/home/dmitrytorov/pass_course_part1/install/twist_converter:/home/dmitrytorov/pass_course_part1/install/my_two_wheel_robot:/home/dmitrytorov/pass_course_part1/install/my_path_publisher:/home/dmitrytorov/pass_course_part1/install/my_fake_lidar:/opt/ros/humble /usr/bin/cmake /home/dmitrytorov/tinker_ros2/src/tinker_gui -DCMAKE_INSTALL_PREFIX=/home/dmitrytorov/tinker_ros2/install/tinker_gui
[0.957s] Invoking command in '/home/dmitrytorov/tinker_ros2/build/tinker_gui': CMAKE_PREFIX_PATH=${CMAKE_PREFIX_PATH}:/home/dmitrytorov/tinker_ros2/install/tinker_motor_gui:/home/dmitrytorov/turtlebot3_ws/install/turtlebot3_teleop:/home/dmitrytorov/turtlebot3_ws/install/turtlebot3_example:/home/dmitrytorov/ros2_learners/install/robot_math:/home/dmitrytorov/ros2_learners/install/ai_assitance:/home/dmitrytorov/pass_course_part1/install/twist_converter:/home/dmitrytorov/pass_course_part1/install/my_two_wheel_robot:/home/dmitrytorov/pass_course_part1/install/my_path_publisher:/home/dmitrytorov/pass_course_part1/install/my_fake_lidar:/opt/ros/humble /usr/bin/cmake --build /home/dmitrytorov/tinker_ros2/build/tinker_gui -- -j12 -l12
[1.002s] Invoked command in '/home/dmitrytorov/tinker_ros2/build/tinker_gui' returned '0': CMAKE_PREFIX_PATH=${CMAKE_PREFIX_PATH}:/home/dmitrytorov/tinker_ros2/install/tinker_motor_gui:/home/dmitrytorov/turtlebot3_ws/install/turtlebot3_teleop:/home/dmitrytorov/turtlebot3_ws/install/turtlebot3_example:/home/dmitrytorov/ros2_learners/install/robot_math:/home/dmitrytorov/ros2_learners/install/ai_assitance:/home/dmitrytorov/pass_course_part1/install/twist_converter:/home/dmitrytorov/pass_course_part1/install/my_two_wheel_robot:/home/dmitrytorov/pass_course_part1/install/my_path_publisher:/home/dmitrytorov/pass_course_part1/install/my_fake_lidar:/opt/ros/humble /usr/bin/cmake --build /home/dmitrytorov/tinker_ros2/build/tinker_gui -- -j12 -l12
[1.003s] Invoking command in '/home/dmitrytorov/tinker_ros2/build/tinker_gui': CMAKE_PREFIX_PATH=${CMAKE_PREFIX_PATH}:/home/dmitrytorov/tinker_ros2/install/tinker_motor_gui:/home/dmitrytorov/turtlebot3_ws/install/turtlebot3_teleop:/home/dmitrytorov/turtlebot3_ws/install/turtlebot3_example:/home/dmitrytorov/ros2_learners/install/robot_math:/home/dmitrytorov/ros2_learners/install/ai_assitance:/home/dmitrytorov/pass_course_part1/install/twist_converter:/home/dmitrytorov/pass_course_part1/install/my_two_wheel_robot:/home/dmitrytorov/pass_course_part1/install/my_path_publisher:/home/dmitrytorov/pass_course_part1/install/my_fake_lidar:/opt/ros/humble /usr/bin/cmake --install /home/dmitrytorov/tinker_ros2/build/tinker_gui
[1.012s] -- Install configuration: ""
[1.012s] -- Installing: /home/dmitrytorov/tinker_ros2/install/tinker_gui/share/ament_index/resource_index/package_run_dependencies/tinker_gui
[1.012s] -- Installing: /home/dmitrytorov/tinker_ros2/install/tinker_gui/share/ament_index/resource_index/parent_prefix_path/tinker_gui
[1.013s] -- Installing: /home/dmitrytorov/tinker_ros2/install/tinker_gui/share/tinker_gui/environment/ament_prefix_path.sh
[1.013s] -- Installing: /home/dmitrytorov/tinker_ros2/install/tinker_gui/share/tinker_gui/environment/ament_prefix_path.dsv
[1.013s] -- Installing: /home/dmitrytorov/tinker_ros2/install/tinker_gui/share/tinker_gui/environment/path.sh
[1.013s] -- Installing: /home/dmitrytorov/tinker_ros2/install/tinker_gui/share/tinker_gui/environment/path.dsv
[1.013s] -- Installing: /home/dmitrytorov/tinker_ros2/install/tinker_gui/share/tinker_gui/local_setup.bash
[1.014s] -- Installing: /home/dmitrytorov/tinker_ros2/install/tinker_gui/share/tinker_gui/local_setup.sh
[1.014s] -- Installing: /home/dmitrytorov/tinker_ros2/install/tinker_gui/share/tinker_gui/local_setup.zsh
[1.014s] -- Installing: /home/dmitrytorov/tinker_ros2/install/tinker_gui/share/tinker_gui/local_setup.dsv
[1.014s] -- Installing: /home/dmitrytorov/tinker_ros2/install/tinker_gui/share/tinker_gui/package.dsv
[1.014s] -- Installing: /home/dmitrytorov/tinker_ros2/install/tinker_gui/share/ament_index/resource_index/packages/tinker_gui
[1.014s] -- Installing: /home/dmitrytorov/tinker_ros2/install/tinker_gui/share/tinker_gui/cmake/tinker_guiConfig.cmake
[1.015s] -- Installing: /home/dmitrytorov/tinker_ros2/install/tinker_gui/share/tinker_gui/cmake/tinker_guiConfig-version.cmake
[1.015s] -- Installing: /home/dmitrytorov/tinker_ros2/install/tinker_gui/share/tinker_gui/package.xml
[1.017s] Invoked command in '/home/dmitrytorov/tinker_ros2/build/tinker_gui' returned '0': CMAKE_PREFIX_PATH=${CMAKE_PREFIX_PATH}:/home/dmitrytorov/tinker_ros2/install/tinker_motor_gui:/home/dmitrytorov/turtlebot3_ws/install/turtlebot3_teleop:/home/dmitrytorov/turtlebot3_ws/install/turtlebot3_example:/home/dmitrytorov/ros2_learners/install/robot_math:/home/dmitrytorov/ros2_learners/install/ai_assitance:/home/dmitrytorov/pass_course_part1/install/twist_converter:/home/dmitrytorov/pass_course_part1/install/my_two_wheel_robot:/home/dmitrytorov/pass_course_part1/install/my_path_publisher:/home/dmitrytorov/pass_course_part1/install/my_fake_lidar:/opt/ros/humble /usr/bin/cmake --install /home/dmitrytorov/tinker_ros2/build/tinker_gui
