[0.439s] DEBUG:colcon:Command line arguments: ['/usr/bin/colcon', 'build']
[0.439s] DEBUG:colcon:Parsed command line arguments: Namespace(log_base=None, log_level=None, verb_name='build', build_base='build', install_base='install', merge_install=False, symlink_install=False, test_result_base=None, continue_on_error=False, executor='parallel', parallel_workers=4, event_handlers=None, ignore_user_meta=False, metas=['./colcon.meta'], base_paths=['.'], packages_ignore=None, packages_ignore_regex=None, paths=None, packages_up_to=None, packages_up_to_regex=None, packages_above=None, packages_above_and_dependencies=None, packages_above_depth=None, packages_select_by_dep=None, packages_skip_by_dep=None, packages_skip_up_to=None, packages_select_build_failed=False, packages_skip_build_finished=False, packages_select_test_failures=False, packages_skip_test_passed=False, packages_select=None, packages_skip=None, packages_select_regex=None, packages_skip_regex=None, packages_start=None, packages_end=None, allow_overriding=[], cmake_args=None, cmake_target=None, cmake_target_skip_unavailable=False, cmake_clean_cache=False, cmake_clean_first=False, cmake_force_configure=False, ament_cmake_args=None, catkin_cmake_args=None, catkin_skip_building_tests=False, mixin_files=None, mixin=None, verb_parser=<colcon_mixin.mixin.mixin_argument.MixinArgumentDecorator object at 0xffff9fa34100>, verb_extension=<colcon_core.verb.build.BuildVerb object at 0xffff9f9fbc10>, main=<bound method BuildVerb.main of <colcon_core.verb.build.BuildVerb object at 0xffff9f9fbc10>>, mixin_verb=('build',))
[1.126s] Level 1:colcon.colcon_core.package_discovery:discover_packages(colcon_meta) check parameters
[1.126s] Level 1:colcon.colcon_core.package_discovery:discover_packages(recursive) check parameters
[1.126s] Level 1:colcon.colcon_core.package_discovery:discover_packages(ignore) check parameters
[1.127s] Level 1:colcon.colcon_core.package_discovery:discover_packages(path) check parameters
[1.127s] Level 1:colcon.colcon_core.package_discovery:discover_packages(colcon_meta) discover
[1.127s] Level 1:colcon.colcon_core.package_discovery:discover_packages(recursive) discover
[1.127s] INFO:colcon.colcon_core.package_discovery:Crawling recursively for packages in '/home/pi/Tinker_Sber/Chellenge-Tinker'
[1.128s] Level 1:colcon.colcon_core.package_identification:_identify(.) by extensions ['ignore', 'ignore_ament_install']
[1.129s] Level 1:colcon.colcon_core.package_identification:_identify(.) by extension 'ignore'
[1.129s] Level 1:colcon.colcon_core.package_identification:_identify(.) by extension 'ignore_ament_install'
[1.129s] Level 1:colcon.colcon_core.package_identification:_identify(.) by extensions ['colcon_pkg']
[1.129s] Level 1:colcon.colcon_core.package_identification:_identify(.) by extension 'colcon_pkg'
[1.130s] Level 1:colcon.colcon_core.package_identification:_identify(.) by extensions ['colcon_meta']
[1.130s] Level 1:colcon.colcon_core.package_identification:_identify(.) by extension 'colcon_meta'
[1.130s] Level 1:colcon.colcon_core.package_identification:_identify(.) by extensions ['ros']
[1.130s] Level 1:colcon.colcon_core.package_identification:_identify(.) by extension 'ros'
[1.178s] Level 1:colcon.colcon_core.package_identification:_identify(.) by extensions ['cmake', 'python']
[1.178s] Level 1:colcon.colcon_core.package_identification:_identify(.) by extension 'cmake'
[1.178s] Level 1:colcon.colcon_core.package_identification:_identify(.) by extension 'python'
[1.178s] Level 1:colcon.colcon_core.package_identification:_identify(.) by extensions ['python_setup_py']
[1.179s] Level 1:colcon.colcon_core.package_identification:_identify(.) by extension 'python_setup_py'
[1.179s] Level 1:colcon.colcon_core.package_identification:_identify(build) by extensions ['ignore', 'ignore_ament_install']
[1.180s] Level 1:colcon.colcon_core.package_identification:_identify(build) by extension 'ignore'
[1.180s] Level 1:colcon.colcon_core.package_identification:_identify(build) ignored
[1.180s] Level 1:colcon.colcon_core.package_identification:_identify(hardware_msg) by extensions ['ignore', 'ignore_ament_install']
[1.181s] Level 1:colcon.colcon_core.package_identification:_identify(hardware_msg) by extension 'ignore'
[1.181s] Level 1:colcon.colcon_core.package_identification:_identify(hardware_msg) by extension 'ignore_ament_install'
[1.181s] Level 1:colcon.colcon_core.package_identification:_identify(hardware_msg) by extensions ['colcon_pkg']
[1.181s] Level 1:colcon.colcon_core.package_identification:_identify(hardware_msg) by extension 'colcon_pkg'
[1.182s] Level 1:colcon.colcon_core.package_identification:_identify(hardware_msg) by extensions ['colcon_meta']
[1.182s] Level 1:colcon.colcon_core.package_identification:_identify(hardware_msg) by extension 'colcon_meta'
[1.182s] Level 1:colcon.colcon_core.package_identification:_identify(hardware_msg) by extensions ['ros']
[1.182s] Level 1:colcon.colcon_core.package_identification:_identify(hardware_msg) by extension 'ros'
[1.191s] DEBUG:colcon.colcon_core.package_identification:Package 'hardware_msg' with type 'ros.ament_cmake' and name 'hardware_msg'
[1.192s] Level 1:colcon.colcon_core.package_identification:_identify(install) by extensions ['ignore', 'ignore_ament_install']
[1.192s] Level 1:colcon.colcon_core.package_identification:_identify(install) by extension 'ignore'
[1.192s] Level 1:colcon.colcon_core.package_identification:_identify(install) ignored
[1.193s] Level 1:colcon.colcon_core.package_identification:_identify(log) by extensions ['ignore', 'ignore_ament_install']
[1.193s] Level 1:colcon.colcon_core.package_identification:_identify(log) by extension 'ignore'
[1.193s] Level 1:colcon.colcon_core.package_identification:_identify(log) ignored
[1.194s] Level 1:colcon.colcon_core.package_identification:_identify(motor_commander) by extensions ['ignore', 'ignore_ament_install']
[1.194s] Level 1:colcon.colcon_core.package_identification:_identify(motor_commander) by extension 'ignore'
[1.194s] Level 1:colcon.colcon_core.package_identification:_identify(motor_commander) by extension 'ignore_ament_install'
[1.194s] Level 1:colcon.colcon_core.package_identification:_identify(motor_commander) by extensions ['colcon_pkg']
[1.195s] Level 1:colcon.colcon_core.package_identification:_identify(motor_commander) by extension 'colcon_pkg'
[1.195s] Level 1:colcon.colcon_core.package_identification:_identify(motor_commander) by extensions ['colcon_meta']
[1.195s] Level 1:colcon.colcon_core.package_identification:_identify(motor_commander) by extension 'colcon_meta'
[1.195s] Level 1:colcon.colcon_core.package_identification:_identify(motor_commander) by extensions ['ros']
[1.195s] Level 1:colcon.colcon_core.package_identification:_identify(motor_commander) by extension 'ros'
[1.197s] DEBUG:colcon.colcon_core.package_identification:Package 'motor_commander' with type 'ros.ament_cmake' and name 'motor_commander'
[1.198s] Level 1:colcon.colcon_core.package_identification:_identify(motor_control) by extensions ['ignore', 'ignore_ament_install']
[1.198s] Level 1:colcon.colcon_core.package_identification:_identify(motor_control) by extension 'ignore'
[1.199s] Level 1:colcon.colcon_core.package_identification:_identify(motor_control) by extension 'ignore_ament_install'
[1.199s] Level 1:colcon.colcon_core.package_identification:_identify(motor_control) by extensions ['colcon_pkg']
[1.199s] Level 1:colcon.colcon_core.package_identification:_identify(motor_control) by extension 'colcon_pkg'
[1.199s] Level 1:colcon.colcon_core.package_identification:_identify(motor_control) by extensions ['colcon_meta']
[1.199s] Level 1:colcon.colcon_core.package_identification:_identify(motor_control) by extension 'colcon_meta'
[1.200s] Level 1:colcon.colcon_core.package_identification:_identify(motor_control) by extensions ['ros']
[1.200s] Level 1:colcon.colcon_core.package_identification:_identify(motor_control) by extension 'ros'
[1.203s] DEBUG:colcon.colcon_core.package_identification:Package 'motor_control' with type 'ros.ament_cmake' and name 'motor_control'
[1.204s] Level 1:colcon.colcon_core.package_identification:_identify(tinker_description) by extensions ['ignore', 'ignore_ament_install']
[1.205s] Level 1:colcon.colcon_core.package_identification:_identify(tinker_description) by extension 'ignore'
[1.205s] Level 1:colcon.colcon_core.package_identification:_identify(tinker_description) by extension 'ignore_ament_install'
[1.205s] Level 1:colcon.colcon_core.package_identification:_identify(tinker_description) by extensions ['colcon_pkg']
[1.205s] Level 1:colcon.colcon_core.package_identification:_identify(tinker_description) by extension 'colcon_pkg'
[1.205s] Level 1:colcon.colcon_core.package_identification:_identify(tinker_description) by extensions ['colcon_meta']
[1.206s] Level 1:colcon.colcon_core.package_identification:_identify(tinker_description) by extension 'colcon_meta'
[1.206s] Level 1:colcon.colcon_core.package_identification:_identify(tinker_description) by extensions ['ros']
[1.206s] Level 1:colcon.colcon_core.package_identification:_identify(tinker_description) by extension 'ros'
[1.208s] DEBUG:colcon.colcon_core.package_identification:Package 'tinker_description' with type 'ros.ament_cmake' and name 'tinker_description'
[1.208s] Level 1:colcon.colcon_core.package_discovery:discover_packages(recursive) using defaults
[1.208s] Level 1:colcon.colcon_core.package_discovery:discover_packages(ignore) discover
[1.208s] Level 1:colcon.colcon_core.package_discovery:discover_packages(ignore) using defaults
[1.209s] Level 1:colcon.colcon_core.package_discovery:discover_packages(path) discover
[1.209s] Level 1:colcon.colcon_core.package_discovery:discover_packages(path) using defaults
[1.285s] Level 1:colcon.colcon_core.package_discovery:discover_packages(prefix_path) check parameters
[1.286s] Level 1:colcon.colcon_core.package_discovery:discover_packages(prefix_path) discover
[1.294s] DEBUG:colcon.colcon_installed_package_information.package_discovery:Found 3 installed packages in /home/pi/Tinker_Sber/Chellenge-Tinker/install
[1.301s] DEBUG:colcon.colcon_installed_package_information.package_discovery:Found 182 installed packages in /opt/ros/humble
[1.305s] Level 1:colcon.colcon_core.package_discovery:discover_packages(prefix_path) using defaults
[1.455s] Level 5:colcon.colcon_core.verb:set package 'hardware_msg' build argument 'cmake_args' from command line to 'None'
[1.455s] Level 5:colcon.colcon_core.verb:set package 'hardware_msg' build argument 'cmake_target' from command line to 'None'
[1.456s] Level 5:colcon.colcon_core.verb:set package 'hardware_msg' build argument 'cmake_target_skip_unavailable' from command line to 'False'
[1.456s] Level 5:colcon.colcon_core.verb:set package 'hardware_msg' build argument 'cmake_clean_cache' from command line to 'False'
[1.456s] Level 5:colcon.colcon_core.verb:set package 'hardware_msg' build argument 'cmake_clean_first' from command line to 'False'
[1.456s] Level 5:colcon.colcon_core.verb:set package 'hardware_msg' build argument 'cmake_force_configure' from command line to 'False'
[1.456s] Level 5:colcon.colcon_core.verb:set package 'hardware_msg' build argument 'ament_cmake_args' from command line to 'None'
[1.456s] Level 5:colcon.colcon_core.verb:set package 'hardware_msg' build argument 'catkin_cmake_args' from command line to 'None'
[1.456s] Level 5:colcon.colcon_core.verb:set package 'hardware_msg' build argument 'catkin_skip_building_tests' from command line to 'False'
[1.456s] DEBUG:colcon.colcon_core.verb:Building package 'hardware_msg' with the following arguments: {'ament_cmake_args': None, 'build_base': '/home/pi/Tinker_Sber/Chellenge-Tinker/build/hardware_msg', 'catkin_cmake_args': None, 'catkin_skip_building_tests': False, 'cmake_args': None, 'cmake_clean_cache': False, 'cmake_clean_first': False, 'cmake_force_configure': False, 'cmake_target': None, 'cmake_target_skip_unavailable': False, 'install_base': '/home/pi/Tinker_Sber/Chellenge-Tinker/install/hardware_msg', 'merge_install': False, 'path': '/home/pi/Tinker_Sber/Chellenge-Tinker/hardware_msg', 'symlink_install': False, 'test_result_base': None}
[1.458s] Level 5:colcon.colcon_core.verb:set package 'tinker_description' build argument 'cmake_args' from command line to 'None'
[1.458s] Level 5:colcon.colcon_core.verb:set package 'tinker_description' build argument 'cmake_target' from command line to 'None'
[1.458s] Level 5:colcon.colcon_core.verb:set package 'tinker_description' build argument 'cmake_target_skip_unavailable' from command line to 'False'
[1.458s] Level 5:colcon.colcon_core.verb:set package 'tinker_description' build argument 'cmake_clean_cache' from command line to 'False'
[1.459s] Level 5:colcon.colcon_core.verb:set package 'tinker_description' build argument 'cmake_clean_first' from command line to 'False'
[1.459s] Level 5:colcon.colcon_core.verb:set package 'tinker_description' build argument 'cmake_force_configure' from command line to 'False'
[1.459s] Level 5:colcon.colcon_core.verb:set package 'tinker_description' build argument 'ament_cmake_args' from command line to 'None'
[1.459s] Level 5:colcon.colcon_core.verb:set package 'tinker_description' build argument 'catkin_cmake_args' from command line to 'None'
[1.459s] Level 5:colcon.colcon_core.verb:set package 'tinker_description' build argument 'catkin_skip_building_tests' from command line to 'False'
[1.459s] DEBUG:colcon.colcon_core.verb:Building package 'tinker_description' with the following arguments: {'ament_cmake_args': None, 'build_base': '/home/pi/Tinker_Sber/Chellenge-Tinker/build/tinker_description', 'catkin_cmake_args': None, 'catkin_skip_building_tests': False, 'cmake_args': None, 'cmake_clean_cache': False, 'cmake_clean_first': False, 'cmake_force_configure': False, 'cmake_target': None, 'cmake_target_skip_unavailable': False, 'install_base': '/home/pi/Tinker_Sber/Chellenge-Tinker/install/tinker_description', 'merge_install': False, 'path': '/home/pi/Tinker_Sber/Chellenge-Tinker/tinker_description', 'symlink_install': False, 'test_result_base': None}
[1.461s] Level 5:colcon.colcon_core.verb:set package 'motor_commander' build argument 'cmake_args' from command line to 'None'
[1.461s] Level 5:colcon.colcon_core.verb:set package 'motor_commander' build argument 'cmake_target' from command line to 'None'
[1.461s] Level 5:colcon.colcon_core.verb:set package 'motor_commander' build argument 'cmake_target_skip_unavailable' from command line to 'False'
[1.461s] Level 5:colcon.colcon_core.verb:set package 'motor_commander' build argument 'cmake_clean_cache' from command line to 'False'
[1.461s] Level 5:colcon.colcon_core.verb:set package 'motor_commander' build argument 'cmake_clean_first' from command line to 'False'
[1.461s] Level 5:colcon.colcon_core.verb:set package 'motor_commander' build argument 'cmake_force_configure' from command line to 'False'
[1.461s] Level 5:colcon.colcon_core.verb:set package 'motor_commander' build argument 'ament_cmake_args' from command line to 'None'
[1.461s] Level 5:colcon.colcon_core.verb:set package 'motor_commander' build argument 'catkin_cmake_args' from command line to 'None'
[1.462s] Level 5:colcon.colcon_core.verb:set package 'motor_commander' build argument 'catkin_skip_building_tests' from command line to 'False'
[1.462s] DEBUG:colcon.colcon_core.verb:Building package 'motor_commander' with the following arguments: {'ament_cmake_args': None, 'build_base': '/home/pi/Tinker_Sber/Chellenge-Tinker/build/motor_commander', 'catkin_cmake_args': None, 'catkin_skip_building_tests': False, 'cmake_args': None, 'cmake_clean_cache': False, 'cmake_clean_first': False, 'cmake_force_configure': False, 'cmake_target': None, 'cmake_target_skip_unavailable': False, 'install_base': '/home/pi/Tinker_Sber/Chellenge-Tinker/install/motor_commander', 'merge_install': False, 'path': '/home/pi/Tinker_Sber/Chellenge-Tinker/motor_commander', 'symlink_install': False, 'test_result_base': None}
[1.463s] Level 5:colcon.colcon_core.verb:set package 'motor_control' build argument 'cmake_args' from command line to 'None'
[1.463s] Level 5:colcon.colcon_core.verb:set package 'motor_control' build argument 'cmake_target' from command line to 'None'
[1.463s] Level 5:colcon.colcon_core.verb:set package 'motor_control' build argument 'cmake_target_skip_unavailable' from command line to 'False'
[1.464s] Level 5:colcon.colcon_core.verb:set package 'motor_control' build argument 'cmake_clean_cache' from command line to 'False'
[1.464s] Level 5:colcon.colcon_core.verb:set package 'motor_control' build argument 'cmake_clean_first' from command line to 'False'
[1.464s] Level 5:colcon.colcon_core.verb:set package 'motor_control' build argument 'cmake_force_configure' from command line to 'False'
[1.464s] Level 5:colcon.colcon_core.verb:set package 'motor_control' build argument 'ament_cmake_args' from command line to 'None'
[1.464s] Level 5:colcon.colcon_core.verb:set package 'motor_control' build argument 'catkin_cmake_args' from command line to 'None'
[1.464s] Level 5:colcon.colcon_core.verb:set package 'motor_control' build argument 'catkin_skip_building_tests' from command line to 'False'
[1.464s] DEBUG:colcon.colcon_core.verb:Building package 'motor_control' with the following arguments: {'ament_cmake_args': None, 'build_base': '/home/pi/Tinker_Sber/Chellenge-Tinker/build/motor_control', 'catkin_cmake_args': None, 'catkin_skip_building_tests': False, 'cmake_args': None, 'cmake_clean_cache': False, 'cmake_clean_first': False, 'cmake_force_configure': False, 'cmake_target': None, 'cmake_target_skip_unavailable': False, 'install_base': '/home/pi/Tinker_Sber/Chellenge-Tinker/install/motor_control', 'merge_install': False, 'path': '/home/pi/Tinker_Sber/Chellenge-Tinker/motor_control', 'symlink_install': False, 'test_result_base': None}
[1.465s] INFO:colcon.colcon_core.executor:Executing jobs using 'parallel' executor
[1.468s] DEBUG:colcon.colcon_parallel_executor.executor.parallel:run_until_complete
[1.469s] INFO:colcon.colcon_ros.task.ament_cmake.build:Building ROS package in '/home/pi/Tinker_Sber/Chellenge-Tinker/hardware_msg' with build type 'ament_cmake'
[1.470s] INFO:colcon.colcon_cmake.task.cmake.build:Building CMake package in '/home/pi/Tinker_Sber/Chellenge-Tinker/hardware_msg'
[1.479s] INFO:colcon.colcon_core.plugin_system:Skipping extension 'colcon_core.shell.bat': Not used on non-Windows systems
[1.480s] INFO:colcon.colcon_core.shell:Skip shell extension 'powershell' for command environment: Not usable outside of PowerShell
[1.480s] DEBUG:colcon.colcon_core.shell:Skip shell extension 'dsv' for command environment
[1.497s] INFO:colcon.colcon_ros.task.ament_cmake.build:Building ROS package in '/home/pi/Tinker_Sber/Chellenge-Tinker/tinker_description' with build type 'ament_cmake'
[1.498s] INFO:colcon.colcon_cmake.task.cmake.build:Building CMake package in '/home/pi/Tinker_Sber/Chellenge-Tinker/tinker_description'
[1.499s] INFO:colcon.colcon_core.shell:Skip shell extension 'powershell' for command environment: Not usable outside of PowerShell
[1.499s] DEBUG:colcon.colcon_core.shell:Skip shell extension 'dsv' for command environment
[1.540s] DEBUG:colcon.colcon_core.event_handler.log_command:Invoking command in '/home/pi/Tinker_Sber/Chellenge-Tinker/build/hardware_msg': CMAKE_PREFIX_PATH=${CMAKE_PREFIX_PATH}:/opt/ros/humble /usr/bin/cmake --build /home/pi/Tinker_Sber/Chellenge-Tinker/build/hardware_msg -- -j4 -l4
[1.562s] DEBUG:colcon.colcon_core.event_handler.log_command:Invoking command in '/home/pi/Tinker_Sber/Chellenge-Tinker/build/tinker_description': CMAKE_PREFIX_PATH=${CMAKE_PREFIX_PATH}:/opt/ros/humble /usr/bin/cmake --build /home/pi/Tinker_Sber/Chellenge-Tinker/build/tinker_description -- -j4 -l4
[1.707s] DEBUG:colcon.colcon_core.event_handler.log_command:Invoked command in '/home/pi/Tinker_Sber/Chellenge-Tinker/build/tinker_description' returned '0': CMAKE_PREFIX_PATH=${CMAKE_PREFIX_PATH}:/opt/ros/humble /usr/bin/cmake --build /home/pi/Tinker_Sber/Chellenge-Tinker/build/tinker_description -- -j4 -l4
[1.754s] DEBUG:colcon.colcon_core.event_handler.log_command:Invoking command in '/home/pi/Tinker_Sber/Chellenge-Tinker/build/tinker_description': CMAKE_PREFIX_PATH=${CMAKE_PREFIX_PATH}:/opt/ros/humble /usr/bin/cmake --install /home/pi/Tinker_Sber/Chellenge-Tinker/build/tinker_description
[1.808s] Level 1:colcon.colcon_core.environment:create_environment_scripts_only(tinker_description)
[1.824s] DEBUG:colcon.colcon_core.event_handler.log_command:Invoked command in '/home/pi/Tinker_Sber/Chellenge-Tinker/build/tinker_description' returned '0': CMAKE_PREFIX_PATH=${CMAKE_PREFIX_PATH}:/opt/ros/humble /usr/bin/cmake --install /home/pi/Tinker_Sber/Chellenge-Tinker/build/tinker_description
[1.834s] Level 1:colcon.colcon_core.environment:checking '/home/pi/Tinker_Sber/Chellenge-Tinker/install/tinker_description' for CMake module files
[1.837s] Level 1:colcon.colcon_core.environment:checking '/home/pi/Tinker_Sber/Chellenge-Tinker/install/tinker_description' for CMake config files
[1.840s] Level 1:colcon.colcon_core.shell:create_environment_hook('tinker_description', 'cmake_prefix_path')
[1.841s] INFO:colcon.colcon_core.shell:Creating environment hook '/home/pi/Tinker_Sber/Chellenge-Tinker/install/tinker_description/share/tinker_description/hook/cmake_prefix_path.ps1'
[1.845s] INFO:colcon.colcon_core.shell:Creating environment descriptor '/home/pi/Tinker_Sber/Chellenge-Tinker/install/tinker_description/share/tinker_description/hook/cmake_prefix_path.dsv'
[1.848s] INFO:colcon.colcon_core.shell:Creating environment hook '/home/pi/Tinker_Sber/Chellenge-Tinker/install/tinker_description/share/tinker_description/hook/cmake_prefix_path.sh'
[1.853s] Level 1:colcon.colcon_core.environment:checking '/home/pi/Tinker_Sber/Chellenge-Tinker/install/tinker_description/bin'
[1.853s] Level 1:colcon.colcon_core.environment:checking '/home/pi/Tinker_Sber/Chellenge-Tinker/install/tinker_description/lib/pkgconfig/tinker_description.pc'
[1.854s] Level 1:colcon.colcon_core.environment:checking '/home/pi/Tinker_Sber/Chellenge-Tinker/install/tinker_description/lib/python3.10/site-packages'
[1.856s] Level 1:colcon.colcon_core.environment:checking '/home/pi/Tinker_Sber/Chellenge-Tinker/install/tinker_description/bin'
[1.857s] INFO:colcon.colcon_core.shell:Creating package script '/home/pi/Tinker_Sber/Chellenge-Tinker/install/tinker_description/share/tinker_description/package.ps1'
[1.861s] INFO:colcon.colcon_core.shell:Creating package descriptor '/home/pi/Tinker_Sber/Chellenge-Tinker/install/tinker_description/share/tinker_description/package.dsv'
[1.864s] INFO:colcon.colcon_core.shell:Creating package script '/home/pi/Tinker_Sber/Chellenge-Tinker/install/tinker_description/share/tinker_description/package.sh'
[1.868s] INFO:colcon.colcon_core.shell:Creating package script '/home/pi/Tinker_Sber/Chellenge-Tinker/install/tinker_description/share/tinker_description/package.bash'
[1.872s] INFO:colcon.colcon_core.shell:Creating package script '/home/pi/Tinker_Sber/Chellenge-Tinker/install/tinker_description/share/tinker_description/package.zsh'
[1.876s] Level 1:colcon.colcon_core.environment:create_file_with_runtime_dependencies(/home/pi/Tinker_Sber/Chellenge-Tinker/install/tinker_description/share/colcon-core/packages/tinker_description)
[1.879s] Level 1:colcon.colcon_core.environment:create_environment_scripts_only(tinker_description)
[1.880s] Level 1:colcon.colcon_core.environment:checking '/home/pi/Tinker_Sber/Chellenge-Tinker/install/tinker_description' for CMake module files
[1.883s] Level 1:colcon.colcon_core.environment:checking '/home/pi/Tinker_Sber/Chellenge-Tinker/install/tinker_description' for CMake config files
[1.885s] Level 1:colcon.colcon_core.shell:create_environment_hook('tinker_description', 'cmake_prefix_path')
[1.886s] INFO:colcon.colcon_core.shell:Creating environment hook '/home/pi/Tinker_Sber/Chellenge-Tinker/install/tinker_description/share/tinker_description/hook/cmake_prefix_path.ps1'
[1.889s] INFO:colcon.colcon_core.shell:Creating environment descriptor '/home/pi/Tinker_Sber/Chellenge-Tinker/install/tinker_description/share/tinker_description/hook/cmake_prefix_path.dsv'
[1.891s] INFO:colcon.colcon_core.shell:Creating environment hook '/home/pi/Tinker_Sber/Chellenge-Tinker/install/tinker_description/share/tinker_description/hook/cmake_prefix_path.sh'
[1.894s] Level 1:colcon.colcon_core.environment:checking '/home/pi/Tinker_Sber/Chellenge-Tinker/install/tinker_description/bin'
[1.894s] Level 1:colcon.colcon_core.environment:checking '/home/pi/Tinker_Sber/Chellenge-Tinker/install/tinker_description/lib/pkgconfig/tinker_description.pc'
[1.896s] Level 1:colcon.colcon_core.environment:checking '/home/pi/Tinker_Sber/Chellenge-Tinker/install/tinker_description/lib/python3.10/site-packages'
[1.897s] Level 1:colcon.colcon_core.environment:checking '/home/pi/Tinker_Sber/Chellenge-Tinker/install/tinker_description/bin'
[1.899s] INFO:colcon.colcon_core.shell:Creating package script '/home/pi/Tinker_Sber/Chellenge-Tinker/install/tinker_description/share/tinker_description/package.ps1'
[1.901s] INFO:colcon.colcon_core.shell:Creating package descriptor '/home/pi/Tinker_Sber/Chellenge-Tinker/install/tinker_description/share/tinker_description/package.dsv'
[1.905s] INFO:colcon.colcon_core.shell:Creating package script '/home/pi/Tinker_Sber/Chellenge-Tinker/install/tinker_description/share/tinker_description/package.sh'
[1.908s] INFO:colcon.colcon_core.shell:Creating package script '/home/pi/Tinker_Sber/Chellenge-Tinker/install/tinker_description/share/tinker_description/package.bash'
[1.911s] INFO:colcon.colcon_core.shell:Creating package script '/home/pi/Tinker_Sber/Chellenge-Tinker/install/tinker_description/share/tinker_description/package.zsh'
[1.913s] Level 1:colcon.colcon_core.environment:create_file_with_runtime_dependencies(/home/pi/Tinker_Sber/Chellenge-Tinker/install/tinker_description/share/colcon-core/packages/tinker_description)
[26.986s] DEBUG:colcon.colcon_core.event_handler.log_command:Invoked command in '/home/pi/Tinker_Sber/Chellenge-Tinker/build/hardware_msg' returned '0': CMAKE_PREFIX_PATH=${CMAKE_PREFIX_PATH}:/opt/ros/humble /usr/bin/cmake --build /home/pi/Tinker_Sber/Chellenge-Tinker/build/hardware_msg -- -j4 -l4
[26.996s] DEBUG:colcon.colcon_core.event_handler.log_command:Invoking command in '/home/pi/Tinker_Sber/Chellenge-Tinker/build/hardware_msg': CMAKE_PREFIX_PATH=${CMAKE_PREFIX_PATH}:/opt/ros/humble /usr/bin/cmake --install /home/pi/Tinker_Sber/Chellenge-Tinker/build/hardware_msg
[27.347s] Level 1:colcon.colcon_core.environment:create_environment_scripts_only(hardware_msg)
[27.348s] Level 1:colcon.colcon_core.environment:checking '/home/pi/Tinker_Sber/Chellenge-Tinker/install/hardware_msg' for CMake module files
[27.349s] DEBUG:colcon.colcon_core.event_handler.log_command:Invoked command in '/home/pi/Tinker_Sber/Chellenge-Tinker/build/hardware_msg' returned '0': CMAKE_PREFIX_PATH=${CMAKE_PREFIX_PATH}:/opt/ros/humble /usr/bin/cmake --install /home/pi/Tinker_Sber/Chellenge-Tinker/build/hardware_msg
[27.353s] Level 1:colcon.colcon_core.environment:checking '/home/pi/Tinker_Sber/Chellenge-Tinker/install/hardware_msg' for CMake config files
[27.357s] Level 1:colcon.colcon_core.shell:create_environment_hook('hardware_msg', 'cmake_prefix_path')
[27.357s] INFO:colcon.colcon_core.shell:Creating environment hook '/home/pi/Tinker_Sber/Chellenge-Tinker/install/hardware_msg/share/hardware_msg/hook/cmake_prefix_path.ps1'
[27.360s] INFO:colcon.colcon_core.shell:Creating environment descriptor '/home/pi/Tinker_Sber/Chellenge-Tinker/install/hardware_msg/share/hardware_msg/hook/cmake_prefix_path.dsv'
[27.362s] INFO:colcon.colcon_core.shell:Creating environment hook '/home/pi/Tinker_Sber/Chellenge-Tinker/install/hardware_msg/share/hardware_msg/hook/cmake_prefix_path.sh'
[27.364s] Level 1:colcon.colcon_core.environment:checking '/home/pi/Tinker_Sber/Chellenge-Tinker/install/hardware_msg/lib'
[27.365s] Level 1:colcon.colcon_core.shell:create_environment_hook('hardware_msg', 'ld_library_path_lib')
[27.366s] INFO:colcon.colcon_core.shell:Creating environment hook '/home/pi/Tinker_Sber/Chellenge-Tinker/install/hardware_msg/share/hardware_msg/hook/ld_library_path_lib.ps1'
[27.368s] INFO:colcon.colcon_core.shell:Creating environment descriptor '/home/pi/Tinker_Sber/Chellenge-Tinker/install/hardware_msg/share/hardware_msg/hook/ld_library_path_lib.dsv'
[27.370s] INFO:colcon.colcon_core.shell:Creating environment hook '/home/pi/Tinker_Sber/Chellenge-Tinker/install/hardware_msg/share/hardware_msg/hook/ld_library_path_lib.sh'
[27.373s] Level 1:colcon.colcon_core.environment:checking '/home/pi/Tinker_Sber/Chellenge-Tinker/install/hardware_msg/bin'
[27.373s] Level 1:colcon.colcon_core.environment:checking '/home/pi/Tinker_Sber/Chellenge-Tinker/install/hardware_msg/lib/pkgconfig/hardware_msg.pc'
[27.374s] Level 1:colcon.colcon_core.environment:checking '/home/pi/Tinker_Sber/Chellenge-Tinker/install/hardware_msg/lib/python3.10/site-packages'
[27.376s] Level 1:colcon.colcon_core.environment:checking '/home/pi/Tinker_Sber/Chellenge-Tinker/install/hardware_msg/bin'
[27.378s] INFO:colcon.colcon_core.shell:Creating package script '/home/pi/Tinker_Sber/Chellenge-Tinker/install/hardware_msg/share/hardware_msg/package.ps1'
[27.381s] INFO:colcon.colcon_core.shell:Creating package descriptor '/home/pi/Tinker_Sber/Chellenge-Tinker/install/hardware_msg/share/hardware_msg/package.dsv'
[27.383s] INFO:colcon.colcon_core.shell:Creating package script '/home/pi/Tinker_Sber/Chellenge-Tinker/install/hardware_msg/share/hardware_msg/package.sh'
[27.386s] INFO:colcon.colcon_core.shell:Creating package script '/home/pi/Tinker_Sber/Chellenge-Tinker/install/hardware_msg/share/hardware_msg/package.bash'
[27.389s] INFO:colcon.colcon_core.shell:Creating package script '/home/pi/Tinker_Sber/Chellenge-Tinker/install/hardware_msg/share/hardware_msg/package.zsh'
[27.391s] Level 1:colcon.colcon_core.environment:create_file_with_runtime_dependencies(/home/pi/Tinker_Sber/Chellenge-Tinker/install/hardware_msg/share/colcon-core/packages/hardware_msg)
[27.395s] Level 1:colcon.colcon_core.environment:create_environment_scripts_only(hardware_msg)
[27.396s] Level 1:colcon.colcon_core.environment:checking '/home/pi/Tinker_Sber/Chellenge-Tinker/install/hardware_msg' for CMake module files
[27.402s] Level 1:colcon.colcon_core.environment:checking '/home/pi/Tinker_Sber/Chellenge-Tinker/install/hardware_msg' for CMake config files
[27.406s] Level 1:colcon.colcon_core.shell:create_environment_hook('hardware_msg', 'cmake_prefix_path')
[27.407s] INFO:colcon.colcon_core.shell:Creating environment hook '/home/pi/Tinker_Sber/Chellenge-Tinker/install/hardware_msg/share/hardware_msg/hook/cmake_prefix_path.ps1'
[27.410s] INFO:colcon.colcon_core.shell:Creating environment descriptor '/home/pi/Tinker_Sber/Chellenge-Tinker/install/hardware_msg/share/hardware_msg/hook/cmake_prefix_path.dsv'
[27.412s] INFO:colcon.colcon_core.shell:Creating environment hook '/home/pi/Tinker_Sber/Chellenge-Tinker/install/hardware_msg/share/hardware_msg/hook/cmake_prefix_path.sh'
[27.415s] Level 1:colcon.colcon_core.environment:checking '/home/pi/Tinker_Sber/Chellenge-Tinker/install/hardware_msg/lib'
[27.416s] Level 1:colcon.colcon_core.shell:create_environment_hook('hardware_msg', 'ld_library_path_lib')
[27.417s] INFO:colcon.colcon_core.shell:Creating environment hook '/home/pi/Tinker_Sber/Chellenge-Tinker/install/hardware_msg/share/hardware_msg/hook/ld_library_path_lib.ps1'
[27.420s] INFO:colcon.colcon_core.shell:Creating environment descriptor '/home/pi/Tinker_Sber/Chellenge-Tinker/install/hardware_msg/share/hardware_msg/hook/ld_library_path_lib.dsv'
[27.422s] INFO:colcon.colcon_core.shell:Creating environment hook '/home/pi/Tinker_Sber/Chellenge-Tinker/install/hardware_msg/share/hardware_msg/hook/ld_library_path_lib.sh'
[27.425s] Level 1:colcon.colcon_core.environment:checking '/home/pi/Tinker_Sber/Chellenge-Tinker/install/hardware_msg/bin'
[27.425s] Level 1:colcon.colcon_core.environment:checking '/home/pi/Tinker_Sber/Chellenge-Tinker/install/hardware_msg/lib/pkgconfig/hardware_msg.pc'
[27.426s] Level 1:colcon.colcon_core.environment:checking '/home/pi/Tinker_Sber/Chellenge-Tinker/install/hardware_msg/lib/python3.10/site-packages'
[27.428s] Level 1:colcon.colcon_core.environment:checking '/home/pi/Tinker_Sber/Chellenge-Tinker/install/hardware_msg/bin'
[27.430s] INFO:colcon.colcon_core.shell:Creating package script '/home/pi/Tinker_Sber/Chellenge-Tinker/install/hardware_msg/share/hardware_msg/package.ps1'
[27.433s] INFO:colcon.colcon_core.shell:Creating package descriptor '/home/pi/Tinker_Sber/Chellenge-Tinker/install/hardware_msg/share/hardware_msg/package.dsv'
[27.436s] INFO:colcon.colcon_core.shell:Creating package script '/home/pi/Tinker_Sber/Chellenge-Tinker/install/hardware_msg/share/hardware_msg/package.sh'
[27.439s] INFO:colcon.colcon_core.shell:Creating package script '/home/pi/Tinker_Sber/Chellenge-Tinker/install/hardware_msg/share/hardware_msg/package.bash'
[27.442s] INFO:colcon.colcon_core.shell:Creating package script '/home/pi/Tinker_Sber/Chellenge-Tinker/install/hardware_msg/share/hardware_msg/package.zsh'
[27.445s] Level 1:colcon.colcon_core.environment:create_file_with_runtime_dependencies(/home/pi/Tinker_Sber/Chellenge-Tinker/install/hardware_msg/share/colcon-core/packages/hardware_msg)
[27.447s] INFO:colcon.colcon_ros.task.ament_cmake.build:Building ROS package in '/home/pi/Tinker_Sber/Chellenge-Tinker/motor_commander' with build type 'ament_cmake'
[27.448s] INFO:colcon.colcon_cmake.task.cmake.build:Building CMake package in '/home/pi/Tinker_Sber/Chellenge-Tinker/motor_commander'
[27.449s] INFO:colcon.colcon_core.shell:Skip shell extension 'powershell' for command environment: Not usable outside of PowerShell
[27.449s] DEBUG:colcon.colcon_core.shell:Skip shell extension 'dsv' for command environment
[27.470s] INFO:colcon.colcon_ros.task.ament_cmake.build:Building ROS package in '/home/pi/Tinker_Sber/Chellenge-Tinker/motor_control' with build type 'ament_cmake'
[27.471s] INFO:colcon.colcon_cmake.task.cmake.build:Building CMake package in '/home/pi/Tinker_Sber/Chellenge-Tinker/motor_control'
[27.472s] INFO:colcon.colcon_core.shell:Skip shell extension 'powershell' for command environment: Not usable outside of PowerShell
[27.473s] DEBUG:colcon.colcon_core.shell:Skip shell extension 'dsv' for command environment
[27.512s] DEBUG:colcon.colcon_core.event_handler.log_command:Invoking command in '/home/pi/Tinker_Sber/Chellenge-Tinker/build/motor_commander': CMAKE_PREFIX_PATH=/home/pi/Tinker_Sber/Chellenge-Tinker/install/hardware_msg:/home/pi/Tinker_Sber/Chellenge-Tinker/install/tinker_description:/home/pi/Tinker_Sber/Chellenge-Tinker/install/motor_control:/opt/ros/humble /usr/bin/cmake /home/pi/Tinker_Sber/Chellenge-Tinker/motor_commander -DCMAKE_INSTALL_PREFIX=/home/pi/Tinker_Sber/Chellenge-Tinker/install/motor_commander
[27.532s] DEBUG:colcon.colcon_core.event_handler.log_command:Invoking command in '/home/pi/Tinker_Sber/Chellenge-Tinker/build/motor_control': CMAKE_PREFIX_PATH=/home/pi/Tinker_Sber/Chellenge-Tinker/install/hardware_msg:/home/pi/Tinker_Sber/Chellenge-Tinker/install/tinker_description:/home/pi/Tinker_Sber/Chellenge-Tinker/install/motor_control:/opt/ros/humble /usr/bin/cmake --build /home/pi/Tinker_Sber/Chellenge-Tinker/build/motor_control -- -j4 -l4
[31.058s] DEBUG:colcon.colcon_core.event_handler.log_command:Invoked command in '/home/pi/Tinker_Sber/Chellenge-Tinker/build/motor_commander' returned '0': CMAKE_PREFIX_PATH=/home/pi/Tinker_Sber/Chellenge-Tinker/install/hardware_msg:/home/pi/Tinker_Sber/Chellenge-Tinker/install/tinker_description:/home/pi/Tinker_Sber/Chellenge-Tinker/install/motor_control:/opt/ros/humble /usr/bin/cmake /home/pi/Tinker_Sber/Chellenge-Tinker/motor_commander -DCMAKE_INSTALL_PREFIX=/home/pi/Tinker_Sber/Chellenge-Tinker/install/motor_commander
[31.060s] DEBUG:colcon.colcon_core.event_handler.log_command:Invoking command in '/home/pi/Tinker_Sber/Chellenge-Tinker/build/motor_commander': CMAKE_PREFIX_PATH=/home/pi/Tinker_Sber/Chellenge-Tinker/install/hardware_msg:/home/pi/Tinker_Sber/Chellenge-Tinker/install/tinker_description:/home/pi/Tinker_Sber/Chellenge-Tinker/install/motor_control:/opt/ros/humble /usr/bin/cmake --build /home/pi/Tinker_Sber/Chellenge-Tinker/build/motor_commander -- -j4 -l4
[31.216s] DEBUG:colcon.colcon_core.event_handler.log_command:Invoked command in '/home/pi/Tinker_Sber/Chellenge-Tinker/build/motor_commander' returned '0': CMAKE_PREFIX_PATH=/home/pi/Tinker_Sber/Chellenge-Tinker/install/hardware_msg:/home/pi/Tinker_Sber/Chellenge-Tinker/install/tinker_description:/home/pi/Tinker_Sber/Chellenge-Tinker/install/motor_control:/opt/ros/humble /usr/bin/cmake --build /home/pi/Tinker_Sber/Chellenge-Tinker/build/motor_commander -- -j4 -l4
[31.217s] DEBUG:colcon.colcon_core.event_handler.log_command:Invoking command in '/home/pi/Tinker_Sber/Chellenge-Tinker/build/motor_commander': CMAKE_PREFIX_PATH=/home/pi/Tinker_Sber/Chellenge-Tinker/install/hardware_msg:/home/pi/Tinker_Sber/Chellenge-Tinker/install/tinker_description:/home/pi/Tinker_Sber/Chellenge-Tinker/install/motor_control:/opt/ros/humble /usr/bin/cmake --install /home/pi/Tinker_Sber/Chellenge-Tinker/build/motor_commander
[31.274s] Level 1:colcon.colcon_core.environment:create_environment_scripts_only(motor_commander)
[31.275s] Level 1:colcon.colcon_core.environment:checking '/home/pi/Tinker_Sber/Chellenge-Tinker/install/motor_commander' for CMake module files
[31.277s] Level 1:colcon.colcon_core.environment:checking '/home/pi/Tinker_Sber/Chellenge-Tinker/install/motor_commander' for CMake config files
[31.278s] Level 1:colcon.colcon_core.shell:create_environment_hook('motor_commander', 'cmake_prefix_path')
[31.279s] INFO:colcon.colcon_core.shell:Creating environment hook '/home/pi/Tinker_Sber/Chellenge-Tinker/install/motor_commander/share/motor_commander/hook/cmake_prefix_path.ps1'
[31.281s] INFO:colcon.colcon_core.shell:Creating environment descriptor '/home/pi/Tinker_Sber/Chellenge-Tinker/install/motor_commander/share/motor_commander/hook/cmake_prefix_path.dsv'
[31.283s] INFO:colcon.colcon_core.shell:Creating environment hook '/home/pi/Tinker_Sber/Chellenge-Tinker/install/motor_commander/share/motor_commander/hook/cmake_prefix_path.sh'
[31.286s] DEBUG:colcon.colcon_core.event_handler.log_command:Invoked command in '/home/pi/Tinker_Sber/Chellenge-Tinker/build/motor_commander' returned '0': CMAKE_PREFIX_PATH=/home/pi/Tinker_Sber/Chellenge-Tinker/install/hardware_msg:/home/pi/Tinker_Sber/Chellenge-Tinker/install/tinker_description:/home/pi/Tinker_Sber/Chellenge-Tinker/install/motor_control:/opt/ros/humble /usr/bin/cmake --install /home/pi/Tinker_Sber/Chellenge-Tinker/build/motor_commander
[31.288s] Level 1:colcon.colcon_core.environment:checking '/home/pi/Tinker_Sber/Chellenge-Tinker/install/motor_commander/bin'
[31.288s] Level 1:colcon.colcon_core.environment:checking '/home/pi/Tinker_Sber/Chellenge-Tinker/install/motor_commander/lib/pkgconfig/motor_commander.pc'
[31.290s] Level 1:colcon.colcon_core.environment:checking '/home/pi/Tinker_Sber/Chellenge-Tinker/install/motor_commander/lib/python3.10/site-packages'
[31.292s] Level 1:colcon.colcon_core.environment:checking '/home/pi/Tinker_Sber/Chellenge-Tinker/install/motor_commander/bin'
[31.293s] INFO:colcon.colcon_core.shell:Creating package script '/home/pi/Tinker_Sber/Chellenge-Tinker/install/motor_commander/share/motor_commander/package.ps1'
[31.296s] INFO:colcon.colcon_core.shell:Creating package descriptor '/home/pi/Tinker_Sber/Chellenge-Tinker/install/motor_commander/share/motor_commander/package.dsv'
[31.298s] INFO:colcon.colcon_core.shell:Creating package script '/home/pi/Tinker_Sber/Chellenge-Tinker/install/motor_commander/share/motor_commander/package.sh'
[31.302s] INFO:colcon.colcon_core.shell:Creating package script '/home/pi/Tinker_Sber/Chellenge-Tinker/install/motor_commander/share/motor_commander/package.bash'
[31.306s] INFO:colcon.colcon_core.shell:Creating package script '/home/pi/Tinker_Sber/Chellenge-Tinker/install/motor_commander/share/motor_commander/package.zsh'
[31.308s] Level 1:colcon.colcon_core.environment:create_file_with_runtime_dependencies(/home/pi/Tinker_Sber/Chellenge-Tinker/install/motor_commander/share/colcon-core/packages/motor_commander)
[31.311s] Level 1:colcon.colcon_core.environment:create_environment_scripts_only(motor_commander)
[31.313s] Level 1:colcon.colcon_core.environment:checking '/home/pi/Tinker_Sber/Chellenge-Tinker/install/motor_commander' for CMake module files
[31.316s] Level 1:colcon.colcon_core.environment:checking '/home/pi/Tinker_Sber/Chellenge-Tinker/install/motor_commander' for CMake config files
[31.318s] Level 1:colcon.colcon_core.shell:create_environment_hook('motor_commander', 'cmake_prefix_path')
[31.320s] INFO:colcon.colcon_core.shell:Creating environment hook '/home/pi/Tinker_Sber/Chellenge-Tinker/install/motor_commander/share/motor_commander/hook/cmake_prefix_path.ps1'
[31.324s] INFO:colcon.colcon_core.shell:Creating environment descriptor '/home/pi/Tinker_Sber/Chellenge-Tinker/install/motor_commander/share/motor_commander/hook/cmake_prefix_path.dsv'
[31.327s] INFO:colcon.colcon_core.shell:Creating environment hook '/home/pi/Tinker_Sber/Chellenge-Tinker/install/motor_commander/share/motor_commander/hook/cmake_prefix_path.sh'
[31.330s] Level 1:colcon.colcon_core.environment:checking '/home/pi/Tinker_Sber/Chellenge-Tinker/install/motor_commander/bin'
[31.331s] Level 1:colcon.colcon_core.environment:checking '/home/pi/Tinker_Sber/Chellenge-Tinker/install/motor_commander/lib/pkgconfig/motor_commander.pc'
[31.333s] Level 1:colcon.colcon_core.environment:checking '/home/pi/Tinker_Sber/Chellenge-Tinker/install/motor_commander/lib/python3.10/site-packages'
[31.335s] Level 1:colcon.colcon_core.environment:checking '/home/pi/Tinker_Sber/Chellenge-Tinker/install/motor_commander/bin'
[31.337s] INFO:colcon.colcon_core.shell:Creating package script '/home/pi/Tinker_Sber/Chellenge-Tinker/install/motor_commander/share/motor_commander/package.ps1'
[31.342s] INFO:colcon.colcon_core.shell:Creating package descriptor '/home/pi/Tinker_Sber/Chellenge-Tinker/install/motor_commander/share/motor_commander/package.dsv'
[31.345s] INFO:colcon.colcon_core.shell:Creating package script '/home/pi/Tinker_Sber/Chellenge-Tinker/install/motor_commander/share/motor_commander/package.sh'
[31.347s] INFO:colcon.colcon_core.shell:Creating package script '/home/pi/Tinker_Sber/Chellenge-Tinker/install/motor_commander/share/motor_commander/package.bash'
[31.350s] INFO:colcon.colcon_core.shell:Creating package script '/home/pi/Tinker_Sber/Chellenge-Tinker/install/motor_commander/share/motor_commander/package.zsh'
[31.353s] Level 1:colcon.colcon_core.environment:create_file_with_runtime_dependencies(/home/pi/Tinker_Sber/Chellenge-Tinker/install/motor_commander/share/colcon-core/packages/motor_commander)
[102.269s] DEBUG:colcon.colcon_core.event_handler.log_command:Invoked command in '/home/pi/Tinker_Sber/Chellenge-Tinker/build/motor_control' returned '0': CMAKE_PREFIX_PATH=/home/pi/Tinker_Sber/Chellenge-Tinker/install/hardware_msg:/home/pi/Tinker_Sber/Chellenge-Tinker/install/tinker_description:/home/pi/Tinker_Sber/Chellenge-Tinker/install/motor_control:/opt/ros/humble /usr/bin/cmake --build /home/pi/Tinker_Sber/Chellenge-Tinker/build/motor_control -- -j4 -l4
[102.280s] DEBUG:colcon.colcon_core.event_handler.log_command:Invoking command in '/home/pi/Tinker_Sber/Chellenge-Tinker/build/motor_control': CMAKE_PREFIX_PATH=/home/pi/Tinker_Sber/Chellenge-Tinker/install/hardware_msg:/home/pi/Tinker_Sber/Chellenge-Tinker/install/tinker_description:/home/pi/Tinker_Sber/Chellenge-Tinker/install/motor_control:/opt/ros/humble /usr/bin/cmake --install /home/pi/Tinker_Sber/Chellenge-Tinker/build/motor_control
[102.409s] Level 1:colcon.colcon_core.environment:create_environment_scripts_only(motor_control)
[102.410s] Level 1:colcon.colcon_core.environment:checking '/home/pi/Tinker_Sber/Chellenge-Tinker/install/motor_control' for CMake module files
[102.412s] DEBUG:colcon.colcon_core.event_handler.log_command:Invoked command in '/home/pi/Tinker_Sber/Chellenge-Tinker/build/motor_control' returned '0': CMAKE_PREFIX_PATH=/home/pi/Tinker_Sber/Chellenge-Tinker/install/hardware_msg:/home/pi/Tinker_Sber/Chellenge-Tinker/install/tinker_description:/home/pi/Tinker_Sber/Chellenge-Tinker/install/motor_control:/opt/ros/humble /usr/bin/cmake --install /home/pi/Tinker_Sber/Chellenge-Tinker/build/motor_control
[102.414s] Level 1:colcon.colcon_core.environment:checking '/home/pi/Tinker_Sber/Chellenge-Tinker/install/motor_control' for CMake config files
[102.415s] Level 1:colcon.colcon_core.shell:create_environment_hook('motor_control', 'cmake_prefix_path')
[102.416s] INFO:colcon.colcon_core.shell:Creating environment hook '/home/pi/Tinker_Sber/Chellenge-Tinker/install/motor_control/share/motor_control/hook/cmake_prefix_path.ps1'
[102.419s] INFO:colcon.colcon_core.shell:Creating environment descriptor '/home/pi/Tinker_Sber/Chellenge-Tinker/install/motor_control/share/motor_control/hook/cmake_prefix_path.dsv'
[102.421s] INFO:colcon.colcon_core.shell:Creating environment hook '/home/pi/Tinker_Sber/Chellenge-Tinker/install/motor_control/share/motor_control/hook/cmake_prefix_path.sh'
[102.424s] Level 1:colcon.colcon_core.environment:checking '/home/pi/Tinker_Sber/Chellenge-Tinker/install/motor_control/lib'
[102.425s] Level 1:colcon.colcon_core.environment:checking '/home/pi/Tinker_Sber/Chellenge-Tinker/install/motor_control/bin'
[102.425s] Level 1:colcon.colcon_core.environment:checking '/home/pi/Tinker_Sber/Chellenge-Tinker/install/motor_control/lib/pkgconfig/motor_control.pc'
[102.426s] Level 1:colcon.colcon_core.environment:checking '/home/pi/Tinker_Sber/Chellenge-Tinker/install/motor_control/lib/python3.10/site-packages'
[102.428s] Level 1:colcon.colcon_core.environment:checking '/home/pi/Tinker_Sber/Chellenge-Tinker/install/motor_control/bin'
[102.429s] INFO:colcon.colcon_core.shell:Creating package script '/home/pi/Tinker_Sber/Chellenge-Tinker/install/motor_control/share/motor_control/package.ps1'
[102.431s] INFO:colcon.colcon_core.shell:Creating package descriptor '/home/pi/Tinker_Sber/Chellenge-Tinker/install/motor_control/share/motor_control/package.dsv'
[102.433s] INFO:colcon.colcon_core.shell:Creating package script '/home/pi/Tinker_Sber/Chellenge-Tinker/install/motor_control/share/motor_control/package.sh'
[102.435s] INFO:colcon.colcon_core.shell:Creating package script '/home/pi/Tinker_Sber/Chellenge-Tinker/install/motor_control/share/motor_control/package.bash'
[102.437s] INFO:colcon.colcon_core.shell:Creating package script '/home/pi/Tinker_Sber/Chellenge-Tinker/install/motor_control/share/motor_control/package.zsh'
[102.440s] Level 1:colcon.colcon_core.environment:create_file_with_runtime_dependencies(/home/pi/Tinker_Sber/Chellenge-Tinker/install/motor_control/share/colcon-core/packages/motor_control)
[102.442s] Level 1:colcon.colcon_core.environment:create_environment_scripts_only(motor_control)
[102.443s] Level 1:colcon.colcon_core.environment:checking '/home/pi/Tinker_Sber/Chellenge-Tinker/install/motor_control' for CMake module files
[102.447s] Level 1:colcon.colcon_core.environment:checking '/home/pi/Tinker_Sber/Chellenge-Tinker/install/motor_control' for CMake config files
[102.449s] Level 1:colcon.colcon_core.shell:create_environment_hook('motor_control', 'cmake_prefix_path')
[102.450s] INFO:colcon.colcon_core.shell:Creating environment hook '/home/pi/Tinker_Sber/Chellenge-Tinker/install/motor_control/share/motor_control/hook/cmake_prefix_path.ps1'
[102.452s] INFO:colcon.colcon_core.shell:Creating environment descriptor '/home/pi/Tinker_Sber/Chellenge-Tinker/install/motor_control/share/motor_control/hook/cmake_prefix_path.dsv'
[102.454s] INFO:colcon.colcon_core.shell:Creating environment hook '/home/pi/Tinker_Sber/Chellenge-Tinker/install/motor_control/share/motor_control/hook/cmake_prefix_path.sh'
[102.457s] Level 1:colcon.colcon_core.environment:checking '/home/pi/Tinker_Sber/Chellenge-Tinker/install/motor_control/lib'
[102.458s] Level 1:colcon.colcon_core.environment:checking '/home/pi/Tinker_Sber/Chellenge-Tinker/install/motor_control/bin'
[102.458s] Level 1:colcon.colcon_core.environment:checking '/home/pi/Tinker_Sber/Chellenge-Tinker/install/motor_control/lib/pkgconfig/motor_control.pc'
[102.459s] Level 1:colcon.colcon_core.environment:checking '/home/pi/Tinker_Sber/Chellenge-Tinker/install/motor_control/lib/python3.10/site-packages'
[102.461s] Level 1:colcon.colcon_core.environment:checking '/home/pi/Tinker_Sber/Chellenge-Tinker/install/motor_control/bin'
[102.462s] INFO:colcon.colcon_core.shell:Creating package script '/home/pi/Tinker_Sber/Chellenge-Tinker/install/motor_control/share/motor_control/package.ps1'
[102.465s] INFO:colcon.colcon_core.shell:Creating package descriptor '/home/pi/Tinker_Sber/Chellenge-Tinker/install/motor_control/share/motor_control/package.dsv'
[102.468s] INFO:colcon.colcon_core.shell:Creating package script '/home/pi/Tinker_Sber/Chellenge-Tinker/install/motor_control/share/motor_control/package.sh'
[102.470s] INFO:colcon.colcon_core.shell:Creating package script '/home/pi/Tinker_Sber/Chellenge-Tinker/install/motor_control/share/motor_control/package.bash'
[102.472s] INFO:colcon.colcon_core.shell:Creating package script '/home/pi/Tinker_Sber/Chellenge-Tinker/install/motor_control/share/motor_control/package.zsh'
[102.474s] Level 1:colcon.colcon_core.environment:create_file_with_runtime_dependencies(/home/pi/Tinker_Sber/Chellenge-Tinker/install/motor_control/share/colcon-core/packages/motor_control)
[102.476s] DEBUG:colcon.colcon_parallel_executor.executor.parallel:closing loop
[102.477s] DEBUG:colcon.colcon_parallel_executor.executor.parallel:loop closed
[102.478s] DEBUG:colcon.colcon_parallel_executor.executor.parallel:run_until_complete finished with '0'
[102.479s] DEBUG:colcon.colcon_core.event_reactor:joining thread
[102.508s] INFO:colcon.colcon_core.plugin_system:Skipping extension 'colcon_notification.desktop_notification.notify_send': Could not find 'notify-send'
[102.509s] INFO:colcon.colcon_core.plugin_system:Skipping extension 'colcon_notification.desktop_notification.terminal_notifier': Not used on non-Darwin systems
[102.510s] INFO:colcon.colcon_core.plugin_system:Skipping extension 'colcon_notification.desktop_notification.win32': Not used on non-Windows systems
[102.511s] INFO:colcon.colcon_notification.desktop_notification:Sending desktop notification using 'notify2'
[102.514s] DEBUG:colcon.colcon_notification.desktop_notification.notify2:Failed to initialize notify2: org.freedesktop.DBus.Error.ServiceUnknown: The name org.freedesktop.Notifications was not provided by any .service files
[102.515s] DEBUG:colcon.colcon_core.event_reactor:joined thread
[102.516s] INFO:colcon.colcon_core.shell:Creating prefix script '/home/pi/Tinker_Sber/Chellenge-Tinker/install/local_setup.ps1'
[102.521s] INFO:colcon.colcon_core.shell:Creating prefix util module '/home/pi/Tinker_Sber/Chellenge-Tinker/install/_local_setup_util_ps1.py'
[102.528s] INFO:colcon.colcon_core.shell:Creating prefix chain script '/home/pi/Tinker_Sber/Chellenge-Tinker/install/setup.ps1'
[102.533s] INFO:colcon.colcon_core.shell:Creating prefix script '/home/pi/Tinker_Sber/Chellenge-Tinker/install/local_setup.sh'
[102.536s] INFO:colcon.colcon_core.shell:Creating prefix util module '/home/pi/Tinker_Sber/Chellenge-Tinker/install/_local_setup_util_sh.py'
[102.539s] INFO:colcon.colcon_core.shell:Creating prefix chain script '/home/pi/Tinker_Sber/Chellenge-Tinker/install/setup.sh'
[102.546s] INFO:colcon.colcon_core.shell:Creating prefix script '/home/pi/Tinker_Sber/Chellenge-Tinker/install/local_setup.bash'
[102.550s] INFO:colcon.colcon_core.shell:Creating prefix chain script '/home/pi/Tinker_Sber/Chellenge-Tinker/install/setup.bash'
[102.555s] INFO:colcon.colcon_core.shell:Creating prefix script '/home/pi/Tinker_Sber/Chellenge-Tinker/install/local_setup.zsh'
[102.558s] INFO:colcon.colcon_core.shell:Creating prefix chain script '/home/pi/Tinker_Sber/Chellenge-Tinker/install/setup.zsh'
