gmake[2]: Warning: File 'CMakeFiles/hardware_msg__cpp.dir/compiler_depend.make' has modification time 1390 s in the future
gmake[2]: Warning: File 'CMakeFiles/hardware_msg__rosidl_generator_c.dir/flags.make' has modification time 1390 s in the future
gmake[2]: Warning: File 'CMakeFiles/ament_cmake_python_copy_hardware_msg.dir/compiler_depend.make' has modification time 1390 s in the future
gmake[2]: warning:  Clock skew detected.  Your build may be incomplete.
gmake[2]: warning:  Clock skew detected.  Your build may be incomplete.
gmake[2]: Warning: File 'CMakeFiles/hardware_msg__cpp.dir/compiler_depend.make' has modification time 1390 s in the future
gmake[2]: warning:  Clock skew detected.  Your build may be incomplete.
gmake[2]: Warning: File 'CMakeFiles/ament_cmake_python_copy_hardware_msg.dir/compiler_depend.make' has modification time 1390 s in the future
gmake[2]: warning:  Clock skew detected.  Your build may be incomplete.
gmake[2]: Warning: File 'CMakeFiles/hardware_msg__rosidl_generator_c.dir/flags.make' has modification time 1390 s in the future
gmake[2]: Warning: File 'CMakeFiles/hardware_msg__rosidl_typesupport_cpp.dir/flags.make' has modification time 1390 s in the future
gmake[2]: warning:  Clock skew detected.  Your build may be incomplete.
gmake[2]: warning:  Clock skew detected.  Your build may be incomplete.
gmake[2]: Warning: File 'CMakeFiles/hardware_msg__rosidl_typesupport_cpp.dir/flags.make' has modification time 1390 s in the future
gmake[2]: Warning: File 'CMakeFiles/hardware_msg__rosidl_typesupport_fastrtps_cpp.dir/flags.make' has modification time 1389 s in the future
gmake[2]: warning:  Clock skew detected.  Your build may be incomplete.
gmake[2]: Warning: File 'CMakeFiles/hardware_msg__rosidl_typesupport_fastrtps_cpp.dir/flags.make' has modification time 1389 s in the future
gmake[2]: warning:  Clock skew detected.  Your build may be incomplete.
gmake[2]: Warning: File 'CMakeFiles/hardware_msg__rosidl_typesupport_introspection_cpp.dir/flags.make' has modification time 1388 s in the future
gmake[2]: warning:  Clock skew detected.  Your build may be incomplete.
gmake[2]: Warning: File 'CMakeFiles/hardware_msg__rosidl_typesupport_introspection_cpp.dir/flags.make' has modification time 1388 s in the future
gmake[2]: warning:  Clock skew detected.  Your build may be incomplete.
gmake[2]: Warning: File 'CMakeFiles/ament_cmake_python_build_hardware_msg_egg.dir/compiler_depend.make' has modification time 1381 s in the future
gmake[2]: warning:  Clock skew detected.  Your build may be incomplete.
gmake[2]: Warning: File 'CMakeFiles/ament_cmake_python_build_hardware_msg_egg.dir/compiler_depend.make' has modification time 1381 s in the future
gmake[2]: warning:  Clock skew detected.  Your build may be incomplete.
gmake[2]: Warning: File 'CMakeFiles/hardware_msg__rosidl_typesupport_fastrtps_c.dir/flags.make' has modification time 1379 s in the future
gmake[2]: warning:  Clock skew detected.  Your build may be incomplete.
gmake[2]: Warning: File 'CMakeFiles/hardware_msg__rosidl_typesupport_fastrtps_c.dir/flags.make' has modification time 1378 s in the future
gmake[2]: warning:  Clock skew detected.  Your build may be incomplete.
gmake[2]: Warning: File 'CMakeFiles/hardware_msg__rosidl_typesupport_introspection_c.dir/flags.make' has modification time 1378 s in the future
gmake[2]: warning:  Clock skew detected.  Your build may be incomplete.
gmake[2]: Warning: File 'CMakeFiles/hardware_msg__rosidl_typesupport_introspection_c.dir/flags.make' has modification time 1378 s in the future
gmake[2]: Warning: File 'CMakeFiles/hardware_msg__rosidl_typesupport_c.dir/flags.make' has modification time 1376 s in the future
gmake[2]: warning:  Clock skew detected.  Your build may be incomplete.
gmake[2]: warning:  Clock skew detected.  Your build may be incomplete.
gmake[2]: Warning: File 'CMakeFiles/hardware_msg__rosidl_typesupport_c.dir/flags.make' has modification time 1376 s in the future
gmake[2]: warning:  Clock skew detected.  Your build may be incomplete.
gmake[2]: warning:  Clock skew detected.  Your build may be incomplete.
gmake[2]: warning:  Clock skew detected.  Your build may be incomplete.
gmake[2]: Warning: File 'CMakeFiles/hardware_msg.dir/compiler_depend.make' has modification time 1372 s in the future
gmake[2]: warning:  Clock skew detected.  Your build may be incomplete.
gmake[2]: Warning: File 'CMakeFiles/hardware_msg.dir/compiler_depend.make' has modification time 1372 s in the future
gmake[2]: warning:  Clock skew detected.  Your build may be incomplete.
gmake[2]: Warning: File 'hardware_msg__py/CMakeFiles/hardware_msg__py.dir/compiler_depend.make' has modification time 1372 s in the future
gmake[2]: warning:  Clock skew detected.  Your build may be incomplete.
gmake[2]: Warning: File 'hardware_msg__py/CMakeFiles/hardware_msg__py.dir/compiler_depend.make' has modification time 1372 s in the future
gmake[2]: warning:  Clock skew detected.  Your build may be incomplete.
gmake[2]: Warning: File 'CMakeFiles/hardware_msg__rosidl_generator_py.dir/flags.make' has modification time 1372 s in the future
gmake[2]: warning:  Clock skew detected.  Your build may be incomplete.
gmake[2]: Warning: File 'CMakeFiles/hardware_msg__rosidl_generator_py.dir/flags.make' has modification time 1372 s in the future
gmake[2]: warning:  Clock skew detected.  Your build may be incomplete.
gmake[2]: Warning: File 'CMakeFiles/hardware_msg__rosidl_typesupport_fastrtps_c__pyext.dir/flags.make' has modification time 1371 s in the future
gmake[2]: Warning: File 'CMakeFiles/hardware_msg__rosidl_typesupport_introspection_c__pyext.dir/flags.make' has modification time 1371 s in the future
gmake[2]: Warning: File 'CMakeFiles/hardware_msg__rosidl_typesupport_c__pyext.dir/flags.make' has modification time 1371 s in the future
gmake[2]: warning:  Clock skew detected.  Your build may be incomplete.
gmake[2]: warning:  Clock skew detected.  Your build may be incomplete.
gmake[2]: Warning: File 'CMakeFiles/hardware_msg__rosidl_typesupport_fastrtps_c__pyext.dir/flags.make' has modification time 1371 s in the future
gmake[2]: warning:  Clock skew detected.  Your build may be incomplete.
gmake[2]: Warning: File 'CMakeFiles/hardware_msg__rosidl_typesupport_c__pyext.dir/flags.make' has modification time 1371 s in the future
gmake[2]: Warning: File 'CMakeFiles/hardware_msg__rosidl_typesupport_introspection_c__pyext.dir/flags.make' has modification time 1371 s in the future
gmake[2]: warning:  Clock skew detected.  Your build may be incomplete.
gmake[2]: warning:  Clock skew detected.  Your build may be incomplete.
gmake[2]: warning:  Clock skew detected.  Your build may be incomplete.
