-- Found ament_cmake: 1.3.12 (/opt/ros/humble/share/ament_cmake/cmake)
-- Found rclcpp: 16.0.15 (/opt/ros/humble/share/rclcpp/cmake)
-- Found rosidl_generator_c: 3.1.7 (/opt/ros/humble/share/rosidl_generator_c/cmake)
-- Found rosidl_adapter: 3.1.7 (/opt/ros/humble/share/rosidl_adapter/cmake)
-- Found rosidl_generator_cpp: 3.1.7 (/opt/ros/humble/share/rosidl_generator_cpp/cmake)
-- Using all available rosidl_typesupport_c: rosidl_typesupport_fastrtps_c;rosidl_typesupport_introspection_c
-- Using all available rosidl_typesupport_cpp: rosidl_typesupport_fastrtps_cpp;rosidl_typesupport_introspection_cpp
-- Found rmw_implementation_cmake: 6.1.2 (/opt/ros/humble/share/rmw_implementation_cmake/cmake)
-- Found rmw_fastrtps_cpp: 6.2.8 (/opt/ros/humble/share/rmw_fastrtps_cpp/cmake)
-- Using RMW implementation 'rmw_fastrtps_cpp' as default
-- Found rosidl_default_generators: 1.2.0 (/opt/ros/humble/share/rosidl_default_generators/cmake)
-- Found ament_cmake_ros: 0.10.0 (/opt/ros/humble/share/ament_cmake_ros/cmake)
-- Using all available rosidl_typesupport_c: rosidl_typesupport_fastrtps_c;rosidl_typesupport_introspection_c
-- Using all available rosidl_typesupport_cpp: rosidl_typesupport_fastrtps_cpp;rosidl_typesupport_introspection_cpp
-- Found python_cmake_module: 0.10.0 (/opt/ros/humble/share/python_cmake_module/cmake)
-- Using PYTHON_EXECUTABLE: /usr/bin/python3
-- Using PYTHON_INCLUDE_DIRS: /usr/include/python3.10
-- Using PYTHON_LIBRARIES: /usr/lib/aarch64-linux-gnu/libpython3.10.so
-- Configuring done
-- Generating done
-- Build files have been written to: /home/pi/Tinker_Sber/Chellenge-Tinker/build/hardware_msg
gmake[2]: Warning: File 'CMakeFiles/hardware_msg__cpp.dir/compiler_depend.make' has modification time 1390 s in the future
gmake[2]: Warning: File 'CMakeFiles/hardware_msg__rosidl_generator_c.dir/flags.make' has modification time 1390 s in the future
gmake[2]: Warning: File 'CMakeFiles/ament_cmake_python_copy_hardware_msg.dir/compiler_depend.make' has modification time 1390 s in the future
gmake[2]: warning:  Clock skew detected.  Your build may be incomplete.
gmake[2]: warning:  Clock skew detected.  Your build may be incomplete.
[35m[1mConsolidate compiler generated dependencies of target hardware_msg__rosidl_generator_c[0m
gmake[2]: Warning: File 'CMakeFiles/hardware_msg__cpp.dir/compiler_depend.make' has modification time 1390 s in the future
gmake[2]: warning:  Clock skew detected.  Your build may be incomplete.
gmake[2]: Warning: File 'CMakeFiles/ament_cmake_python_copy_hardware_msg.dir/compiler_depend.make' has modification time 1390 s in the future
gmake[2]: warning:  Clock skew detected.  Your build may be incomplete.
gmake[2]: Warning: File 'CMakeFiles/hardware_msg__rosidl_generator_c.dir/flags.make' has modification time 1390 s in the future
[  1%] Built target hardware_msg__cpp
gmake[2]: Warning: File 'CMakeFiles/hardware_msg__rosidl_typesupport_cpp.dir/flags.make' has modification time 1390 s in the future
[  2%] [32mBuilding C object CMakeFiles/hardware_msg__rosidl_generator_c.dir/rosidl_generator_c/hardware_msg/msg/detail/board_parameters__functions.c.o[0m
gmake[2]: warning:  Clock skew detected.  Your build may be incomplete.
[  3%] [32mBuilding C object CMakeFiles/hardware_msg__rosidl_generator_c.dir/rosidl_generator_c/hardware_msg/msg/detail/imu_parameters__functions.c.o[0m
[35m[1mConsolidate compiler generated dependencies of target hardware_msg__rosidl_typesupport_cpp[0m
[  3%] Built target ament_cmake_python_copy_hardware_msg
gmake[2]: warning:  Clock skew detected.  Your build may be incomplete.
gmake[2]: Warning: File 'CMakeFiles/hardware_msg__rosidl_typesupport_cpp.dir/flags.make' has modification time 1390 s in the future
[  5%] [32mBuilding C object CMakeFiles/hardware_msg__rosidl_generator_c.dir/rosidl_generator_c/hardware_msg/msg/detail/motor_parameters__functions.c.o[0m
[  6%] [32mBuilding CXX object CMakeFiles/hardware_msg__rosidl_typesupport_cpp.dir/rosidl_typesupport_cpp/hardware_msg/msg/board_parameters__type_support.cpp.o[0m
[  7%] [32mBuilding C object CMakeFiles/hardware_msg__rosidl_generator_c.dir/rosidl_generator_c/hardware_msg/msg/detail/motors_states__functions.c.o[0m
[  8%] [32mBuilding C object CMakeFiles/hardware_msg__rosidl_generator_c.dir/rosidl_generator_c/hardware_msg/msg/detail/imu__functions.c.o[0m
gmake[2]: Warning: File 'CMakeFiles/hardware_msg__rosidl_typesupport_fastrtps_cpp.dir/flags.make' has modification time 1389 s in the future
[35m[1mConsolidate compiler generated dependencies of target hardware_msg__rosidl_typesupport_fastrtps_cpp[0m
gmake[2]: warning:  Clock skew detected.  Your build may be incomplete.
gmake[2]: Warning: File 'CMakeFiles/hardware_msg__rosidl_typesupport_fastrtps_cpp.dir/flags.make' has modification time 1389 s in the future
[ 10%] [32mBuilding CXX object CMakeFiles/hardware_msg__rosidl_typesupport_fastrtps_cpp.dir/rosidl_typesupport_fastrtps_cpp/hardware_msg/msg/detail/dds_fastrtps/board_parameters__type_support.cpp.o[0m
[ 11%] [32mBuilding CXX object CMakeFiles/hardware_msg__rosidl_typesupport_fastrtps_cpp.dir/rosidl_typesupport_fastrtps_cpp/hardware_msg/msg/detail/dds_fastrtps/imu_parameters__type_support.cpp.o[0m
[ 12%] [32mBuilding C object CMakeFiles/hardware_msg__rosidl_generator_c.dir/rosidl_generator_c/hardware_msg/msg/detail/motor_data__functions.c.o[0m
[ 13%] [32mBuilding C object CMakeFiles/hardware_msg__rosidl_generator_c.dir/rosidl_generator_c/hardware_msg/msg/detail/motors_commands__functions.c.o[0m
gmake[2]: warning:  Clock skew detected.  Your build may be incomplete.
[ 16%] Built target hardware_msg__rosidl_generator_c
gmake[2]: Warning: File 'CMakeFiles/hardware_msg__rosidl_typesupport_introspection_cpp.dir/flags.make' has modification time 1388 s in the future
[35m[1mConsolidate compiler generated dependencies of target hardware_msg__rosidl_typesupport_introspection_cpp[0m
gmake[2]: warning:  Clock skew detected.  Your build may be incomplete.
gmake[2]: Warning: File 'CMakeFiles/hardware_msg__rosidl_typesupport_introspection_cpp.dir/flags.make' has modification time 1388 s in the future
[ 17%] [32mBuilding CXX object CMakeFiles/hardware_msg__rosidl_typesupport_introspection_cpp.dir/rosidl_typesupport_introspection_cpp/hardware_msg/msg/detail/board_parameters__type_support.cpp.o[0m
[ 18%] [32mBuilding CXX object CMakeFiles/hardware_msg__rosidl_typesupport_cpp.dir/rosidl_typesupport_cpp/hardware_msg/msg/imu_parameters__type_support.cpp.o[0m
[ 20%] [32mBuilding CXX object CMakeFiles/hardware_msg__rosidl_typesupport_fastrtps_cpp.dir/rosidl_typesupport_fastrtps_cpp/hardware_msg/msg/detail/dds_fastrtps/motor_parameters__type_support.cpp.o[0m
[ 21%] [32mBuilding CXX object CMakeFiles/hardware_msg__rosidl_typesupport_cpp.dir/rosidl_typesupport_cpp/hardware_msg/msg/motor_parameters__type_support.cpp.o[0m
[ 22%] [32mBuilding CXX object CMakeFiles/hardware_msg__rosidl_typesupport_fastrtps_cpp.dir/rosidl_typesupport_fastrtps_cpp/hardware_msg/msg/detail/dds_fastrtps/motors_states__type_support.cpp.o[0m
[ 24%] [32mBuilding CXX object CMakeFiles/hardware_msg__rosidl_typesupport_introspection_cpp.dir/rosidl_typesupport_introspection_cpp/hardware_msg/msg/detail/imu_parameters__type_support.cpp.o[0m
[ 25%] [32mBuilding CXX object CMakeFiles/hardware_msg__rosidl_typesupport_cpp.dir/rosidl_typesupport_cpp/hardware_msg/msg/motors_states__type_support.cpp.o[0m
[ 26%] [32mBuilding CXX object CMakeFiles/hardware_msg__rosidl_typesupport_cpp.dir/rosidl_typesupport_cpp/hardware_msg/msg/imu__type_support.cpp.o[0m
[ 27%] [32mBuilding CXX object CMakeFiles/hardware_msg__rosidl_typesupport_fastrtps_cpp.dir/rosidl_typesupport_fastrtps_cpp/hardware_msg/msg/detail/dds_fastrtps/imu__type_support.cpp.o[0m
[ 29%] [32mBuilding CXX object CMakeFiles/hardware_msg__rosidl_typesupport_introspection_cpp.dir/rosidl_typesupport_introspection_cpp/hardware_msg/msg/detail/motor_parameters__type_support.cpp.o[0m
[ 30%] [32mBuilding CXX object CMakeFiles/hardware_msg__rosidl_typesupport_cpp.dir/rosidl_typesupport_cpp/hardware_msg/msg/motor_data__type_support.cpp.o[0m
[ 31%] [32mBuilding CXX object CMakeFiles/hardware_msg__rosidl_typesupport_cpp.dir/rosidl_typesupport_cpp/hardware_msg/msg/motors_commands__type_support.cpp.o[0m
[ 32%] [32mBuilding CXX object CMakeFiles/hardware_msg__rosidl_typesupport_fastrtps_cpp.dir/rosidl_typesupport_fastrtps_cpp/hardware_msg/msg/detail/dds_fastrtps/motor_data__type_support.cpp.o[0m
[ 34%] [32mBuilding CXX object CMakeFiles/hardware_msg__rosidl_typesupport_fastrtps_cpp.dir/rosidl_typesupport_fastrtps_cpp/hardware_msg/msg/detail/dds_fastrtps/motors_commands__type_support.cpp.o[0m
[ 35%] [32mBuilding CXX object CMakeFiles/hardware_msg__rosidl_typesupport_introspection_cpp.dir/rosidl_typesupport_introspection_cpp/hardware_msg/msg/detail/motors_states__type_support.cpp.o[0m
gmake[2]: warning:  Clock skew detected.  Your build may be incomplete.
[ 37%] Built target hardware_msg__rosidl_typesupport_cpp
gmake[2]: Warning: File 'CMakeFiles/ament_cmake_python_build_hardware_msg_egg.dir/compiler_depend.make' has modification time 1381 s in the future
gmake[2]: warning:  Clock skew detected.  Your build may be incomplete.
gmake[2]: Warning: File 'CMakeFiles/ament_cmake_python_build_hardware_msg_egg.dir/compiler_depend.make' has modification time 1381 s in the future
[ 39%] [32mBuilding CXX object CMakeFiles/hardware_msg__rosidl_typesupport_introspection_cpp.dir/rosidl_typesupport_introspection_cpp/hardware_msg/msg/detail/imu__type_support.cpp.o[0m
gmake[2]: warning:  Clock skew detected.  Your build may be incomplete.
[ 41%] Built target hardware_msg__rosidl_typesupport_fastrtps_cpp
[ 43%] [32mBuilding CXX object CMakeFiles/hardware_msg__rosidl_typesupport_introspection_cpp.dir/rosidl_typesupport_introspection_cpp/hardware_msg/msg/detail/motor_data__type_support.cpp.o[0m
gmake[2]: Warning: File 'CMakeFiles/hardware_msg__rosidl_typesupport_fastrtps_c.dir/flags.make' has modification time 1379 s in the future
running egg_info
writing hardware_msg.egg-info/PKG-INFO
writing dependency_links to hardware_msg.egg-info/dependency_links.txt
writing top-level names to hardware_msg.egg-info/top_level.txt
reading manifest file 'hardware_msg.egg-info/SOURCES.txt'
writing manifest file 'hardware_msg.egg-info/SOURCES.txt'
[35m[1mConsolidate compiler generated dependencies of target hardware_msg__rosidl_typesupport_fastrtps_c[0m
gmake[2]: warning:  Clock skew detected.  Your build may be incomplete.
gmake[2]: Warning: File 'CMakeFiles/hardware_msg__rosidl_typesupport_fastrtps_c.dir/flags.make' has modification time 1378 s in the future
gmake[2]: warning:  Clock skew detected.  Your build may be incomplete.
[ 43%] Built target ament_cmake_python_build_hardware_msg_egg
[ 44%] [32mBuilding CXX object CMakeFiles/hardware_msg__rosidl_typesupport_fastrtps_c.dir/rosidl_typesupport_fastrtps_c/hardware_msg/msg/detail/board_parameters__type_support_c.cpp.o[0m
gmake[2]: Warning: File 'CMakeFiles/hardware_msg__rosidl_typesupport_introspection_c.dir/flags.make' has modification time 1378 s in the future
[35m[1mConsolidate compiler generated dependencies of target hardware_msg__rosidl_typesupport_introspection_c[0m
gmake[2]: warning:  Clock skew detected.  Your build may be incomplete.
gmake[2]: Warning: File 'CMakeFiles/hardware_msg__rosidl_typesupport_introspection_c.dir/flags.make' has modification time 1378 s in the future
[ 45%] [32mBuilding C object CMakeFiles/hardware_msg__rosidl_typesupport_introspection_c.dir/rosidl_typesupport_introspection_c/hardware_msg/msg/detail/board_parameters__type_support.c.o[0m
[ 46%] [32mBuilding C object CMakeFiles/hardware_msg__rosidl_typesupport_introspection_c.dir/rosidl_typesupport_introspection_c/hardware_msg/msg/detail/imu_parameters__type_support.c.o[0m
[ 48%] [32mBuilding C object CMakeFiles/hardware_msg__rosidl_typesupport_introspection_c.dir/rosidl_typesupport_introspection_c/hardware_msg/msg/detail/motor_parameters__type_support.c.o[0m
[ 49%] [32mBuilding C object CMakeFiles/hardware_msg__rosidl_typesupport_introspection_c.dir/rosidl_typesupport_introspection_c/hardware_msg/msg/detail/motors_states__type_support.c.o[0m
[ 50%] [32mBuilding C object CMakeFiles/hardware_msg__rosidl_typesupport_introspection_c.dir/rosidl_typesupport_introspection_c/hardware_msg/msg/detail/imu__type_support.c.o[0m
[ 51%] [32mBuilding C object CMakeFiles/hardware_msg__rosidl_typesupport_introspection_c.dir/rosidl_typesupport_introspection_c/hardware_msg/msg/detail/motor_data__type_support.c.o[0m
[ 53%] [32mBuilding C object CMakeFiles/hardware_msg__rosidl_typesupport_introspection_c.dir/rosidl_typesupport_introspection_c/hardware_msg/msg/detail/motors_commands__type_support.c.o[0m
gmake[2]: Warning: File 'CMakeFiles/hardware_msg__rosidl_typesupport_c.dir/flags.make' has modification time 1376 s in the future
[ 54%] [32mBuilding CXX object CMakeFiles/hardware_msg__rosidl_typesupport_introspection_cpp.dir/rosidl_typesupport_introspection_cpp/hardware_msg/msg/detail/motors_commands__type_support.cpp.o[0m
gmake[2]: warning:  Clock skew detected.  Your build may be incomplete.
[35m[1mConsolidate compiler generated dependencies of target hardware_msg__rosidl_typesupport_c[0m
[ 56%] Built target hardware_msg__rosidl_typesupport_introspection_c
gmake[2]: warning:  Clock skew detected.  Your build may be incomplete.
gmake[2]: Warning: File 'CMakeFiles/hardware_msg__rosidl_typesupport_c.dir/flags.make' has modification time 1376 s in the future
[ 58%] [32mBuilding CXX object CMakeFiles/hardware_msg__rosidl_typesupport_fastrtps_c.dir/rosidl_typesupport_fastrtps_c/hardware_msg/msg/detail/imu_parameters__type_support_c.cpp.o[0m
[ 59%] [32mBuilding CXX object CMakeFiles/hardware_msg__rosidl_typesupport_c.dir/rosidl_typesupport_c/hardware_msg/msg/board_parameters__type_support.cpp.o[0m
[ 60%] [32mBuilding CXX object CMakeFiles/hardware_msg__rosidl_typesupport_c.dir/rosidl_typesupport_c/hardware_msg/msg/imu_parameters__type_support.cpp.o[0m
[ 62%] [32mBuilding CXX object CMakeFiles/hardware_msg__rosidl_typesupport_fastrtps_c.dir/rosidl_typesupport_fastrtps_c/hardware_msg/msg/detail/motor_parameters__type_support_c.cpp.o[0m
[ 63%] [32mBuilding CXX object CMakeFiles/hardware_msg__rosidl_typesupport_c.dir/rosidl_typesupport_c/hardware_msg/msg/motor_parameters__type_support.cpp.o[0m
[ 64%] [32mBuilding CXX object CMakeFiles/hardware_msg__rosidl_typesupport_c.dir/rosidl_typesupport_c/hardware_msg/msg/motors_states__type_support.cpp.o[0m
[ 65%] [32mBuilding CXX object CMakeFiles/hardware_msg__rosidl_typesupport_c.dir/rosidl_typesupport_c/hardware_msg/msg/imu__type_support.cpp.o[0m
[ 67%] [32mBuilding CXX object CMakeFiles/hardware_msg__rosidl_typesupport_c.dir/rosidl_typesupport_c/hardware_msg/msg/motor_data__type_support.cpp.o[0m
[ 68%] [32mBuilding CXX object CMakeFiles/hardware_msg__rosidl_typesupport_c.dir/rosidl_typesupport_c/hardware_msg/msg/motors_commands__type_support.cpp.o[0m
gmake[2]: warning:  Clock skew detected.  Your build may be incomplete.
[ 70%] Built target hardware_msg__rosidl_typesupport_c
[ 72%] [32mBuilding CXX object CMakeFiles/hardware_msg__rosidl_typesupport_fastrtps_c.dir/rosidl_typesupport_fastrtps_c/hardware_msg/msg/detail/motors_states__type_support_c.cpp.o[0m
[ 73%] [32mBuilding CXX object CMakeFiles/hardware_msg__rosidl_typesupport_fastrtps_c.dir/rosidl_typesupport_fastrtps_c/hardware_msg/msg/detail/imu__type_support_c.cpp.o[0m
gmake[2]: warning:  Clock skew detected.  Your build may be incomplete.
[ 75%] Built target hardware_msg__rosidl_typesupport_introspection_cpp
[ 77%] [32mBuilding CXX object CMakeFiles/hardware_msg__rosidl_typesupport_fastrtps_c.dir/rosidl_typesupport_fastrtps_c/hardware_msg/msg/detail/motor_data__type_support_c.cpp.o[0m
[ 78%] [32mBuilding CXX object CMakeFiles/hardware_msg__rosidl_typesupport_fastrtps_c.dir/rosidl_typesupport_fastrtps_c/hardware_msg/msg/detail/motors_commands__type_support_c.cpp.o[0m
gmake[2]: warning:  Clock skew detected.  Your build may be incomplete.
[ 81%] Built target hardware_msg__rosidl_typesupport_fastrtps_c
gmake[2]: Warning: File 'CMakeFiles/hardware_msg.dir/compiler_depend.make' has modification time 1372 s in the future
gmake[2]: warning:  Clock skew detected.  Your build may be incomplete.
gmake[2]: Warning: File 'CMakeFiles/hardware_msg.dir/compiler_depend.make' has modification time 1372 s in the future
gmake[2]: warning:  Clock skew detected.  Your build may be incomplete.
[ 81%] Built target hardware_msg
gmake[2]: Warning: File 'hardware_msg__py/CMakeFiles/hardware_msg__py.dir/compiler_depend.make' has modification time 1372 s in the future
gmake[2]: warning:  Clock skew detected.  Your build may be incomplete.
gmake[2]: Warning: File 'hardware_msg__py/CMakeFiles/hardware_msg__py.dir/compiler_depend.make' has modification time 1372 s in the future
gmake[2]: warning:  Clock skew detected.  Your build may be incomplete.
[ 82%] Built target hardware_msg__py
gmake[2]: Warning: File 'CMakeFiles/hardware_msg__rosidl_generator_py.dir/flags.make' has modification time 1372 s in the future
[35m[1mConsolidate compiler generated dependencies of target hardware_msg__rosidl_generator_py[0m
gmake[2]: warning:  Clock skew detected.  Your build may be incomplete.
gmake[2]: Warning: File 'CMakeFiles/hardware_msg__rosidl_generator_py.dir/flags.make' has modification time 1372 s in the future
[ 83%] [32mBuilding C object CMakeFiles/hardware_msg__rosidl_generator_py.dir/rosidl_generator_py/hardware_msg/msg/_board_parameters_s.c.o[0m
[ 86%] [32mBuilding C object CMakeFiles/hardware_msg__rosidl_generator_py.dir/rosidl_generator_py/hardware_msg/msg/_motor_parameters_s.c.o[0m
[ 86%] [32mBuilding C object CMakeFiles/hardware_msg__rosidl_generator_py.dir/rosidl_generator_py/hardware_msg/msg/_imu_parameters_s.c.o[0m
[ 87%] [32mBuilding C object CMakeFiles/hardware_msg__rosidl_generator_py.dir/rosidl_generator_py/hardware_msg/msg/_motors_states_s.c.o[0m
[ 88%] [32mBuilding C object CMakeFiles/hardware_msg__rosidl_generator_py.dir/rosidl_generator_py/hardware_msg/msg/_imu_s.c.o[0m
[ 89%] [32mBuilding C object CMakeFiles/hardware_msg__rosidl_generator_py.dir/rosidl_generator_py/hardware_msg/msg/_motor_data_s.c.o[0m
[ 91%] [32mBuilding C object CMakeFiles/hardware_msg__rosidl_generator_py.dir/rosidl_generator_py/hardware_msg/msg/_motors_commands_s.c.o[0m
gmake[2]: warning:  Clock skew detected.  Your build may be incomplete.
[ 92%] Built target hardware_msg__rosidl_generator_py
gmake[2]: Warning: File 'CMakeFiles/hardware_msg__rosidl_typesupport_fastrtps_c__pyext.dir/flags.make' has modification time 1371 s in the future
gmake[2]: Warning: File 'CMakeFiles/hardware_msg__rosidl_typesupport_introspection_c__pyext.dir/flags.make' has modification time 1371 s in the future
gmake[2]: Warning: File 'CMakeFiles/hardware_msg__rosidl_typesupport_c__pyext.dir/flags.make' has modification time 1371 s in the future
[35m[1mConsolidate compiler generated dependencies of target hardware_msg__rosidl_typesupport_fastrtps_c__pyext[0m
[35m[1mConsolidate compiler generated dependencies of target hardware_msg__rosidl_typesupport_c__pyext[0m
[35m[1mConsolidate compiler generated dependencies of target hardware_msg__rosidl_typesupport_introspection_c__pyext[0m
gmake[2]: warning:  Clock skew detected.  Your build may be incomplete.
gmake[2]: warning:  Clock skew detected.  Your build may be incomplete.
gmake[2]: Warning: File 'CMakeFiles/hardware_msg__rosidl_typesupport_fastrtps_c__pyext.dir/flags.make' has modification time 1371 s in the future
gmake[2]: warning:  Clock skew detected.  Your build may be incomplete.
gmake[2]: Warning: File 'CMakeFiles/hardware_msg__rosidl_typesupport_c__pyext.dir/flags.make' has modification time 1371 s in the future
gmake[2]: Warning: File 'CMakeFiles/hardware_msg__rosidl_typesupport_introspection_c__pyext.dir/flags.make' has modification time 1371 s in the future
[ 93%] [32mBuilding C object CMakeFiles/hardware_msg__rosidl_typesupport_fastrtps_c__pyext.dir/rosidl_generator_py/hardware_msg/_hardware_msg_s.ep.rosidl_typesupport_fastrtps_c.c.o[0m
[ 94%] [32mBuilding C object CMakeFiles/hardware_msg__rosidl_typesupport_c__pyext.dir/rosidl_generator_py/hardware_msg/_hardware_msg_s.ep.rosidl_typesupport_c.c.o[0m
[ 96%] [32mBuilding C object CMakeFiles/hardware_msg__rosidl_typesupport_introspection_c__pyext.dir/rosidl_generator_py/hardware_msg/_hardware_msg_s.ep.rosidl_typesupport_introspection_c.c.o[0m
gmake[2]: warning:  Clock skew detected.  Your build may be incomplete.
gmake[2]: warning:  Clock skew detected.  Your build may be incomplete.
gmake[2]: warning:  Clock skew detected.  Your build may be incomplete.
[ 97%] Built target hardware_msg__rosidl_typesupport_introspection_c__pyext
[ 98%] Built target hardware_msg__rosidl_typesupport_c__pyext
[100%] Built target hardware_msg__rosidl_typesupport_fastrtps_c__pyext
-- Install configuration: ""
-- Up-to-date: /home/pi/Tinker_Sber/Chellenge-Tinker/install/hardware_msg/share/ament_index/resource_index/rosidl_interfaces/hardware_msg
-- Up-to-date: /home/pi/Tinker_Sber/Chellenge-Tinker/install/hardware_msg/include/hardware_msg/hardware_msg
-- Up-to-date: /home/pi/Tinker_Sber/Chellenge-Tinker/install/hardware_msg/include/hardware_msg/hardware_msg/msg
-- Up-to-date: /home/pi/Tinker_Sber/Chellenge-Tinker/install/hardware_msg/include/hardware_msg/hardware_msg/msg/motor_parameters.h
-- Up-to-date: /home/pi/Tinker_Sber/Chellenge-Tinker/install/hardware_msg/include/hardware_msg/hardware_msg/msg/motor_data.h
-- Up-to-date: /home/pi/Tinker_Sber/Chellenge-Tinker/install/hardware_msg/include/hardware_msg/hardware_msg/msg/imu.h
-- Up-to-date: /home/pi/Tinker_Sber/Chellenge-Tinker/install/hardware_msg/include/hardware_msg/hardware_msg/msg/imu_parameters.h
-- Up-to-date: /home/pi/Tinker_Sber/Chellenge-Tinker/install/hardware_msg/include/hardware_msg/hardware_msg/msg/board_parameters.h
-- Up-to-date: /home/pi/Tinker_Sber/Chellenge-Tinker/install/hardware_msg/include/hardware_msg/hardware_msg/msg/rosidl_generator_c__visibility_control.h
-- Up-to-date: /home/pi/Tinker_Sber/Chellenge-Tinker/install/hardware_msg/include/hardware_msg/hardware_msg/msg/motors_states.h
-- Up-to-date: /home/pi/Tinker_Sber/Chellenge-Tinker/install/hardware_msg/include/hardware_msg/hardware_msg/msg/detail
-- Up-to-date: /home/pi/Tinker_Sber/Chellenge-Tinker/install/hardware_msg/include/hardware_msg/hardware_msg/msg/detail/motor_data__functions.h
-- Up-to-date: /home/pi/Tinker_Sber/Chellenge-Tinker/install/hardware_msg/include/hardware_msg/hardware_msg/msg/detail/board_parameters__functions.c
-- Up-to-date: /home/pi/Tinker_Sber/Chellenge-Tinker/install/hardware_msg/include/hardware_msg/hardware_msg/msg/detail/board_parameters__type_support.h
-- Up-to-date: /home/pi/Tinker_Sber/Chellenge-Tinker/install/hardware_msg/include/hardware_msg/hardware_msg/msg/detail/motors_states__functions.h
-- Up-to-date: /home/pi/Tinker_Sber/Chellenge-Tinker/install/hardware_msg/include/hardware_msg/hardware_msg/msg/detail/motor_data__type_support.h
-- Up-to-date: /home/pi/Tinker_Sber/Chellenge-Tinker/install/hardware_msg/include/hardware_msg/hardware_msg/msg/detail/motors_commands__type_support.h
-- Up-to-date: /home/pi/Tinker_Sber/Chellenge-Tinker/install/hardware_msg/include/hardware_msg/hardware_msg/msg/detail/imu_parameters__struct.h
-- Up-to-date: /home/pi/Tinker_Sber/Chellenge-Tinker/install/hardware_msg/include/hardware_msg/hardware_msg/msg/detail/motor_parameters__functions.h
-- Up-to-date: /home/pi/Tinker_Sber/Chellenge-Tinker/install/hardware_msg/include/hardware_msg/hardware_msg/msg/detail/imu_parameters__functions.c
-- Up-to-date: /home/pi/Tinker_Sber/Chellenge-Tinker/install/hardware_msg/include/hardware_msg/hardware_msg/msg/detail/motors_states__functions.c
-- Up-to-date: /home/pi/Tinker_Sber/Chellenge-Tinker/install/hardware_msg/include/hardware_msg/hardware_msg/msg/detail/motors_commands__functions.h
-- Up-to-date: /home/pi/Tinker_Sber/Chellenge-Tinker/install/hardware_msg/include/hardware_msg/hardware_msg/msg/detail/imu__type_support.h
-- Up-to-date: /home/pi/Tinker_Sber/Chellenge-Tinker/install/hardware_msg/include/hardware_msg/hardware_msg/msg/detail/board_parameters__struct.h
-- Up-to-date: /home/pi/Tinker_Sber/Chellenge-Tinker/install/hardware_msg/include/hardware_msg/hardware_msg/msg/detail/motors_commands__struct.h
-- Up-to-date: /home/pi/Tinker_Sber/Chellenge-Tinker/install/hardware_msg/include/hardware_msg/hardware_msg/msg/detail/motors_states__struct.h
-- Up-to-date: /home/pi/Tinker_Sber/Chellenge-Tinker/install/hardware_msg/include/hardware_msg/hardware_msg/msg/detail/motor_parameters__type_support.h
-- Up-to-date: /home/pi/Tinker_Sber/Chellenge-Tinker/install/hardware_msg/include/hardware_msg/hardware_msg/msg/detail/imu_parameters__type_support.h
-- Up-to-date: /home/pi/Tinker_Sber/Chellenge-Tinker/install/hardware_msg/include/hardware_msg/hardware_msg/msg/detail/imu__struct.h
-- Up-to-date: /home/pi/Tinker_Sber/Chellenge-Tinker/install/hardware_msg/include/hardware_msg/hardware_msg/msg/detail/motor_parameters__functions.c
-- Up-to-date: /home/pi/Tinker_Sber/Chellenge-Tinker/install/hardware_msg/include/hardware_msg/hardware_msg/msg/detail/motor_parameters__struct.h
-- Up-to-date: /home/pi/Tinker_Sber/Chellenge-Tinker/install/hardware_msg/include/hardware_msg/hardware_msg/msg/detail/motors_commands__functions.c
-- Up-to-date: /home/pi/Tinker_Sber/Chellenge-Tinker/install/hardware_msg/include/hardware_msg/hardware_msg/msg/detail/imu__functions.h
-- Up-to-date: /home/pi/Tinker_Sber/Chellenge-Tinker/install/hardware_msg/include/hardware_msg/hardware_msg/msg/detail/board_parameters__functions.h
-- Up-to-date: /home/pi/Tinker_Sber/Chellenge-Tinker/install/hardware_msg/include/hardware_msg/hardware_msg/msg/detail/imu__functions.c
-- Up-to-date: /home/pi/Tinker_Sber/Chellenge-Tinker/install/hardware_msg/include/hardware_msg/hardware_msg/msg/detail/motors_states__type_support.h
-- Up-to-date: /home/pi/Tinker_Sber/Chellenge-Tinker/install/hardware_msg/include/hardware_msg/hardware_msg/msg/detail/imu_parameters__functions.h
-- Up-to-date: /home/pi/Tinker_Sber/Chellenge-Tinker/install/hardware_msg/include/hardware_msg/hardware_msg/msg/detail/motor_data__struct.h
-- Up-to-date: /home/pi/Tinker_Sber/Chellenge-Tinker/install/hardware_msg/include/hardware_msg/hardware_msg/msg/detail/motor_data__functions.c
-- Up-to-date: /home/pi/Tinker_Sber/Chellenge-Tinker/install/hardware_msg/include/hardware_msg/hardware_msg/msg/motors_commands.h
-- Up-to-date: /home/pi/Tinker_Sber/Chellenge-Tinker/install/hardware_msg/share/hardware_msg/environment/library_path.sh
-- Installing: /home/pi/Tinker_Sber/Chellenge-Tinker/install/hardware_msg/share/hardware_msg/environment/library_path.dsv
-- Up-to-date: /home/pi/Tinker_Sber/Chellenge-Tinker/install/hardware_msg/lib/libhardware_msg__rosidl_generator_c.so
-- Up-to-date: /home/pi/Tinker_Sber/Chellenge-Tinker/install/hardware_msg/include/hardware_msg/hardware_msg
-- Up-to-date: /home/pi/Tinker_Sber/Chellenge-Tinker/install/hardware_msg/include/hardware_msg/hardware_msg/msg
-- Up-to-date: /home/pi/Tinker_Sber/Chellenge-Tinker/install/hardware_msg/include/hardware_msg/hardware_msg/msg/rosidl_typesupport_fastrtps_c__visibility_control.h
-- Up-to-date: /home/pi/Tinker_Sber/Chellenge-Tinker/install/hardware_msg/include/hardware_msg/hardware_msg/msg/detail
-- Up-to-date: /home/pi/Tinker_Sber/Chellenge-Tinker/install/hardware_msg/include/hardware_msg/hardware_msg/msg/detail/motors_states__rosidl_typesupport_fastrtps_c.h
-- Up-to-date: /home/pi/Tinker_Sber/Chellenge-Tinker/install/hardware_msg/include/hardware_msg/hardware_msg/msg/detail/motors_commands__rosidl_typesupport_fastrtps_c.h
-- Up-to-date: /home/pi/Tinker_Sber/Chellenge-Tinker/install/hardware_msg/include/hardware_msg/hardware_msg/msg/detail/imu_parameters__rosidl_typesupport_fastrtps_c.h
-- Up-to-date: /home/pi/Tinker_Sber/Chellenge-Tinker/install/hardware_msg/include/hardware_msg/hardware_msg/msg/detail/motor_data__rosidl_typesupport_fastrtps_c.h
-- Up-to-date: /home/pi/Tinker_Sber/Chellenge-Tinker/install/hardware_msg/include/hardware_msg/hardware_msg/msg/detail/imu__rosidl_typesupport_fastrtps_c.h
-- Up-to-date: /home/pi/Tinker_Sber/Chellenge-Tinker/install/hardware_msg/include/hardware_msg/hardware_msg/msg/detail/board_parameters__rosidl_typesupport_fastrtps_c.h
-- Up-to-date: /home/pi/Tinker_Sber/Chellenge-Tinker/install/hardware_msg/include/hardware_msg/hardware_msg/msg/detail/motor_parameters__rosidl_typesupport_fastrtps_c.h
-- Up-to-date: /home/pi/Tinker_Sber/Chellenge-Tinker/install/hardware_msg/lib/libhardware_msg__rosidl_typesupport_fastrtps_c.so
-- Up-to-date: /home/pi/Tinker_Sber/Chellenge-Tinker/install/hardware_msg/include/hardware_msg/hardware_msg
-- Up-to-date: /home/pi/Tinker_Sber/Chellenge-Tinker/install/hardware_msg/include/hardware_msg/hardware_msg/msg
-- Up-to-date: /home/pi/Tinker_Sber/Chellenge-Tinker/install/hardware_msg/include/hardware_msg/hardware_msg/msg/motors_commands.hpp
-- Up-to-date: /home/pi/Tinker_Sber/Chellenge-Tinker/install/hardware_msg/include/hardware_msg/hardware_msg/msg/imu_parameters.hpp
-- Up-to-date: /home/pi/Tinker_Sber/Chellenge-Tinker/install/hardware_msg/include/hardware_msg/hardware_msg/msg/motor_data.hpp
-- Up-to-date: /home/pi/Tinker_Sber/Chellenge-Tinker/install/hardware_msg/include/hardware_msg/hardware_msg/msg/imu.hpp
-- Up-to-date: /home/pi/Tinker_Sber/Chellenge-Tinker/install/hardware_msg/include/hardware_msg/hardware_msg/msg/board_parameters.hpp
-- Up-to-date: /home/pi/Tinker_Sber/Chellenge-Tinker/install/hardware_msg/include/hardware_msg/hardware_msg/msg/motor_parameters.hpp
-- Up-to-date: /home/pi/Tinker_Sber/Chellenge-Tinker/install/hardware_msg/include/hardware_msg/hardware_msg/msg/detail
-- Up-to-date: /home/pi/Tinker_Sber/Chellenge-Tinker/install/hardware_msg/include/hardware_msg/hardware_msg/msg/detail/motor_parameters__type_support.hpp
-- Up-to-date: /home/pi/Tinker_Sber/Chellenge-Tinker/install/hardware_msg/include/hardware_msg/hardware_msg/msg/detail/motors_commands__struct.hpp
-- Up-to-date: /home/pi/Tinker_Sber/Chellenge-Tinker/install/hardware_msg/include/hardware_msg/hardware_msg/msg/detail/motors_commands__type_support.hpp
-- Up-to-date: /home/pi/Tinker_Sber/Chellenge-Tinker/install/hardware_msg/include/hardware_msg/hardware_msg/msg/detail/motors_states__type_support.hpp
-- Up-to-date: /home/pi/Tinker_Sber/Chellenge-Tinker/install/hardware_msg/include/hardware_msg/hardware_msg/msg/detail/board_parameters__type_support.hpp
-- Up-to-date: /home/pi/Tinker_Sber/Chellenge-Tinker/install/hardware_msg/include/hardware_msg/hardware_msg/msg/detail/board_parameters__traits.hpp
-- Up-to-date: /home/pi/Tinker_Sber/Chellenge-Tinker/install/hardware_msg/include/hardware_msg/hardware_msg/msg/detail/motor_data__traits.hpp
-- Up-to-date: /home/pi/Tinker_Sber/Chellenge-Tinker/install/hardware_msg/include/hardware_msg/hardware_msg/msg/detail/motors_states__builder.hpp
-- Up-to-date: /home/pi/Tinker_Sber/Chellenge-Tinker/install/hardware_msg/include/hardware_msg/hardware_msg/msg/detail/board_parameters__builder.hpp
-- Up-to-date: /home/pi/Tinker_Sber/Chellenge-Tinker/install/hardware_msg/include/hardware_msg/hardware_msg/msg/detail/motors_states__traits.hpp
-- Up-to-date: /home/pi/Tinker_Sber/Chellenge-Tinker/install/hardware_msg/include/hardware_msg/hardware_msg/msg/detail/motor_data__type_support.hpp
-- Up-to-date: /home/pi/Tinker_Sber/Chellenge-Tinker/install/hardware_msg/include/hardware_msg/hardware_msg/msg/detail/imu__type_support.hpp
-- Up-to-date: /home/pi/Tinker_Sber/Chellenge-Tinker/install/hardware_msg/include/hardware_msg/hardware_msg/msg/detail/motors_commands__builder.hpp
-- Up-to-date: /home/pi/Tinker_Sber/Chellenge-Tinker/install/hardware_msg/include/hardware_msg/hardware_msg/msg/detail/imu__builder.hpp
-- Up-to-date: /home/pi/Tinker_Sber/Chellenge-Tinker/install/hardware_msg/include/hardware_msg/hardware_msg/msg/detail/imu__struct.hpp
-- Up-to-date: /home/pi/Tinker_Sber/Chellenge-Tinker/install/hardware_msg/include/hardware_msg/hardware_msg/msg/detail/motor_parameters__builder.hpp
-- Up-to-date: /home/pi/Tinker_Sber/Chellenge-Tinker/install/hardware_msg/include/hardware_msg/hardware_msg/msg/detail/imu_parameters__traits.hpp
-- Up-to-date: /home/pi/Tinker_Sber/Chellenge-Tinker/install/hardware_msg/include/hardware_msg/hardware_msg/msg/detail/imu__traits.hpp
-- Up-to-date: /home/pi/Tinker_Sber/Chellenge-Tinker/install/hardware_msg/include/hardware_msg/hardware_msg/msg/detail/motor_data__builder.hpp
-- Up-to-date: /home/pi/Tinker_Sber/Chellenge-Tinker/install/hardware_msg/include/hardware_msg/hardware_msg/msg/detail/motors_states__struct.hpp
-- Up-to-date: /home/pi/Tinker_Sber/Chellenge-Tinker/install/hardware_msg/include/hardware_msg/hardware_msg/msg/detail/imu_parameters__type_support.hpp
-- Up-to-date: /home/pi/Tinker_Sber/Chellenge-Tinker/install/hardware_msg/include/hardware_msg/hardware_msg/msg/detail/motor_data__struct.hpp
-- Up-to-date: /home/pi/Tinker_Sber/Chellenge-Tinker/install/hardware_msg/include/hardware_msg/hardware_msg/msg/detail/imu_parameters__struct.hpp
-- Up-to-date: /home/pi/Tinker_Sber/Chellenge-Tinker/install/hardware_msg/include/hardware_msg/hardware_msg/msg/detail/board_parameters__struct.hpp
-- Up-to-date: /home/pi/Tinker_Sber/Chellenge-Tinker/install/hardware_msg/include/hardware_msg/hardware_msg/msg/detail/motor_parameters__struct.hpp
-- Up-to-date: /home/pi/Tinker_Sber/Chellenge-Tinker/install/hardware_msg/include/hardware_msg/hardware_msg/msg/detail/motors_commands__traits.hpp
-- Up-to-date: /home/pi/Tinker_Sber/Chellenge-Tinker/install/hardware_msg/include/hardware_msg/hardware_msg/msg/detail/imu_parameters__builder.hpp
-- Up-to-date: /home/pi/Tinker_Sber/Chellenge-Tinker/install/hardware_msg/include/hardware_msg/hardware_msg/msg/detail/motor_parameters__traits.hpp
-- Up-to-date: /home/pi/Tinker_Sber/Chellenge-Tinker/install/hardware_msg/include/hardware_msg/hardware_msg/msg/rosidl_generator_cpp__visibility_control.hpp
-- Up-to-date: /home/pi/Tinker_Sber/Chellenge-Tinker/install/hardware_msg/include/hardware_msg/hardware_msg/msg/motors_states.hpp
-- Up-to-date: /home/pi/Tinker_Sber/Chellenge-Tinker/install/hardware_msg/include/hardware_msg/hardware_msg
-- Up-to-date: /home/pi/Tinker_Sber/Chellenge-Tinker/install/hardware_msg/include/hardware_msg/hardware_msg/msg
-- Up-to-date: /home/pi/Tinker_Sber/Chellenge-Tinker/install/hardware_msg/include/hardware_msg/hardware_msg/msg/rosidl_typesupport_fastrtps_cpp__visibility_control.h
-- Up-to-date: /home/pi/Tinker_Sber/Chellenge-Tinker/install/hardware_msg/include/hardware_msg/hardware_msg/msg/detail
-- Up-to-date: /home/pi/Tinker_Sber/Chellenge-Tinker/install/hardware_msg/include/hardware_msg/hardware_msg/msg/detail/dds_fastrtps
-- Up-to-date: /home/pi/Tinker_Sber/Chellenge-Tinker/install/hardware_msg/include/hardware_msg/hardware_msg/msg/detail/imu__rosidl_typesupport_fastrtps_cpp.hpp
-- Up-to-date: /home/pi/Tinker_Sber/Chellenge-Tinker/install/hardware_msg/include/hardware_msg/hardware_msg/msg/detail/motors_commands__rosidl_typesupport_fastrtps_cpp.hpp
-- Up-to-date: /home/pi/Tinker_Sber/Chellenge-Tinker/install/hardware_msg/include/hardware_msg/hardware_msg/msg/detail/board_parameters__rosidl_typesupport_fastrtps_cpp.hpp
-- Up-to-date: /home/pi/Tinker_Sber/Chellenge-Tinker/install/hardware_msg/include/hardware_msg/hardware_msg/msg/detail/motor_data__rosidl_typesupport_fastrtps_cpp.hpp
-- Up-to-date: /home/pi/Tinker_Sber/Chellenge-Tinker/install/hardware_msg/include/hardware_msg/hardware_msg/msg/detail/imu_parameters__rosidl_typesupport_fastrtps_cpp.hpp
-- Up-to-date: /home/pi/Tinker_Sber/Chellenge-Tinker/install/hardware_msg/include/hardware_msg/hardware_msg/msg/detail/motor_parameters__rosidl_typesupport_fastrtps_cpp.hpp
-- Up-to-date: /home/pi/Tinker_Sber/Chellenge-Tinker/install/hardware_msg/include/hardware_msg/hardware_msg/msg/detail/motors_states__rosidl_typesupport_fastrtps_cpp.hpp
-- Up-to-date: /home/pi/Tinker_Sber/Chellenge-Tinker/install/hardware_msg/lib/libhardware_msg__rosidl_typesupport_fastrtps_cpp.so
-- Up-to-date: /home/pi/Tinker_Sber/Chellenge-Tinker/install/hardware_msg/include/hardware_msg/hardware_msg
-- Up-to-date: /home/pi/Tinker_Sber/Chellenge-Tinker/install/hardware_msg/include/hardware_msg/hardware_msg/msg
-- Up-to-date: /home/pi/Tinker_Sber/Chellenge-Tinker/install/hardware_msg/include/hardware_msg/hardware_msg/msg/detail
-- Up-to-date: /home/pi/Tinker_Sber/Chellenge-Tinker/install/hardware_msg/include/hardware_msg/hardware_msg/msg/detail/imu__type_support.c
-- Up-to-date: /home/pi/Tinker_Sber/Chellenge-Tinker/install/hardware_msg/include/hardware_msg/hardware_msg/msg/detail/motors_states__type_support.c
-- Up-to-date: /home/pi/Tinker_Sber/Chellenge-Tinker/install/hardware_msg/include/hardware_msg/hardware_msg/msg/detail/motor_data__rosidl_typesupport_introspection_c.h
-- Up-to-date: /home/pi/Tinker_Sber/Chellenge-Tinker/install/hardware_msg/include/hardware_msg/hardware_msg/msg/detail/board_parameters__type_support.c
-- Up-to-date: /home/pi/Tinker_Sber/Chellenge-Tinker/install/hardware_msg/include/hardware_msg/hardware_msg/msg/detail/motor_parameters__rosidl_typesupport_introspection_c.h
-- Up-to-date: /home/pi/Tinker_Sber/Chellenge-Tinker/install/hardware_msg/include/hardware_msg/hardware_msg/msg/detail/imu__rosidl_typesupport_introspection_c.h
-- Up-to-date: /home/pi/Tinker_Sber/Chellenge-Tinker/install/hardware_msg/include/hardware_msg/hardware_msg/msg/detail/imu_parameters__type_support.c
-- Up-to-date: /home/pi/Tinker_Sber/Chellenge-Tinker/install/hardware_msg/include/hardware_msg/hardware_msg/msg/detail/board_parameters__rosidl_typesupport_introspection_c.h
-- Up-to-date: /home/pi/Tinker_Sber/Chellenge-Tinker/install/hardware_msg/include/hardware_msg/hardware_msg/msg/detail/motors_commands__type_support.c
-- Up-to-date: /home/pi/Tinker_Sber/Chellenge-Tinker/install/hardware_msg/include/hardware_msg/hardware_msg/msg/detail/motor_parameters__type_support.c
-- Up-to-date: /home/pi/Tinker_Sber/Chellenge-Tinker/install/hardware_msg/include/hardware_msg/hardware_msg/msg/detail/motors_states__rosidl_typesupport_introspection_c.h
-- Up-to-date: /home/pi/Tinker_Sber/Chellenge-Tinker/install/hardware_msg/include/hardware_msg/hardware_msg/msg/detail/motor_data__type_support.c
-- Up-to-date: /home/pi/Tinker_Sber/Chellenge-Tinker/install/hardware_msg/include/hardware_msg/hardware_msg/msg/detail/imu_parameters__rosidl_typesupport_introspection_c.h
-- Up-to-date: /home/pi/Tinker_Sber/Chellenge-Tinker/install/hardware_msg/include/hardware_msg/hardware_msg/msg/detail/motors_commands__rosidl_typesupport_introspection_c.h
-- Up-to-date: /home/pi/Tinker_Sber/Chellenge-Tinker/install/hardware_msg/include/hardware_msg/hardware_msg/msg/rosidl_typesupport_introspection_c__visibility_control.h
-- Up-to-date: /home/pi/Tinker_Sber/Chellenge-Tinker/install/hardware_msg/lib/libhardware_msg__rosidl_typesupport_introspection_c.so
-- Up-to-date: /home/pi/Tinker_Sber/Chellenge-Tinker/install/hardware_msg/lib/libhardware_msg__rosidl_typesupport_c.so
-- Up-to-date: /home/pi/Tinker_Sber/Chellenge-Tinker/install/hardware_msg/include/hardware_msg/hardware_msg
-- Up-to-date: /home/pi/Tinker_Sber/Chellenge-Tinker/install/hardware_msg/include/hardware_msg/hardware_msg/msg
-- Up-to-date: /home/pi/Tinker_Sber/Chellenge-Tinker/install/hardware_msg/include/hardware_msg/hardware_msg/msg/detail
-- Up-to-date: /home/pi/Tinker_Sber/Chellenge-Tinker/install/hardware_msg/include/hardware_msg/hardware_msg/msg/detail/imu_parameters__rosidl_typesupport_introspection_cpp.hpp
-- Up-to-date: /home/pi/Tinker_Sber/Chellenge-Tinker/install/hardware_msg/include/hardware_msg/hardware_msg/msg/detail/motors_states__rosidl_typesupport_introspection_cpp.hpp
-- Up-to-date: /home/pi/Tinker_Sber/Chellenge-Tinker/install/hardware_msg/include/hardware_msg/hardware_msg/msg/detail/board_parameters__rosidl_typesupport_introspection_cpp.hpp
-- Up-to-date: /home/pi/Tinker_Sber/Chellenge-Tinker/install/hardware_msg/include/hardware_msg/hardware_msg/msg/detail/motors_states__type_support.cpp
-- Up-to-date: /home/pi/Tinker_Sber/Chellenge-Tinker/install/hardware_msg/include/hardware_msg/hardware_msg/msg/detail/motors_commands__rosidl_typesupport_introspection_cpp.hpp
-- Up-to-date: /home/pi/Tinker_Sber/Chellenge-Tinker/install/hardware_msg/include/hardware_msg/hardware_msg/msg/detail/motors_commands__type_support.cpp
-- Up-to-date: /home/pi/Tinker_Sber/Chellenge-Tinker/install/hardware_msg/include/hardware_msg/hardware_msg/msg/detail/motor_data__rosidl_typesupport_introspection_cpp.hpp
-- Up-to-date: /home/pi/Tinker_Sber/Chellenge-Tinker/install/hardware_msg/include/hardware_msg/hardware_msg/msg/detail/imu__type_support.cpp
-- Up-to-date: /home/pi/Tinker_Sber/Chellenge-Tinker/install/hardware_msg/include/hardware_msg/hardware_msg/msg/detail/imu_parameters__type_support.cpp
-- Up-to-date: /home/pi/Tinker_Sber/Chellenge-Tinker/install/hardware_msg/include/hardware_msg/hardware_msg/msg/detail/motor_data__type_support.cpp
-- Up-to-date: /home/pi/Tinker_Sber/Chellenge-Tinker/install/hardware_msg/include/hardware_msg/hardware_msg/msg/detail/board_parameters__type_support.cpp
-- Up-to-date: /home/pi/Tinker_Sber/Chellenge-Tinker/install/hardware_msg/include/hardware_msg/hardware_msg/msg/detail/motor_parameters__rosidl_typesupport_introspection_cpp.hpp
-- Up-to-date: /home/pi/Tinker_Sber/Chellenge-Tinker/install/hardware_msg/include/hardware_msg/hardware_msg/msg/detail/imu__rosidl_typesupport_introspection_cpp.hpp
-- Up-to-date: /home/pi/Tinker_Sber/Chellenge-Tinker/install/hardware_msg/include/hardware_msg/hardware_msg/msg/detail/motor_parameters__type_support.cpp
-- Up-to-date: /home/pi/Tinker_Sber/Chellenge-Tinker/install/hardware_msg/lib/libhardware_msg__rosidl_typesupport_introspection_cpp.so
-- Up-to-date: /home/pi/Tinker_Sber/Chellenge-Tinker/install/hardware_msg/lib/libhardware_msg__rosidl_typesupport_cpp.so
-- Up-to-date: /home/pi/Tinker_Sber/Chellenge-Tinker/install/hardware_msg/share/hardware_msg/environment/pythonpath.sh
-- Installing: /home/pi/Tinker_Sber/Chellenge-Tinker/install/hardware_msg/share/hardware_msg/environment/pythonpath.dsv
-- Up-to-date: /home/pi/Tinker_Sber/Chellenge-Tinker/install/hardware_msg/local/lib/python3.10/dist-packages/hardware_msg-0.0.0-py3.10.egg-info
-- Installing: /home/pi/Tinker_Sber/Chellenge-Tinker/install/hardware_msg/local/lib/python3.10/dist-packages/hardware_msg-0.0.0-py3.10.egg-info/PKG-INFO
-- Installing: /home/pi/Tinker_Sber/Chellenge-Tinker/install/hardware_msg/local/lib/python3.10/dist-packages/hardware_msg-0.0.0-py3.10.egg-info/top_level.txt
-- Installing: /home/pi/Tinker_Sber/Chellenge-Tinker/install/hardware_msg/local/lib/python3.10/dist-packages/hardware_msg-0.0.0-py3.10.egg-info/SOURCES.txt
-- Installing: /home/pi/Tinker_Sber/Chellenge-Tinker/install/hardware_msg/local/lib/python3.10/dist-packages/hardware_msg-0.0.0-py3.10.egg-info/dependency_links.txt
-- Up-to-date: /home/pi/Tinker_Sber/Chellenge-Tinker/install/hardware_msg/local/lib/python3.10/dist-packages/hardware_msg
-- Up-to-date: /home/pi/Tinker_Sber/Chellenge-Tinker/install/hardware_msg/local/lib/python3.10/dist-packages/hardware_msg/libhardware_msg__rosidl_generator_py.so
-- Installing: /home/pi/Tinker_Sber/Chellenge-Tinker/install/hardware_msg/local/lib/python3.10/dist-packages/hardware_msg/__init__.py
-- Up-to-date: /home/pi/Tinker_Sber/Chellenge-Tinker/install/hardware_msg/local/lib/python3.10/dist-packages/hardware_msg/hardware_msg_s__rosidl_typesupport_introspection_c.cpython-310-aarch64-linux-gnu.so
-- Up-to-date: /home/pi/Tinker_Sber/Chellenge-Tinker/install/hardware_msg/local/lib/python3.10/dist-packages/hardware_msg/hardware_msg_s__rosidl_typesupport_c.cpython-310-aarch64-linux-gnu.so
-- Up-to-date: /home/pi/Tinker_Sber/Chellenge-Tinker/install/hardware_msg/local/lib/python3.10/dist-packages/hardware_msg/hardware_msg_s__rosidl_typesupport_fastrtps_c.cpython-310-aarch64-linux-gnu.so
-- Up-to-date: /home/pi/Tinker_Sber/Chellenge-Tinker/install/hardware_msg/local/lib/python3.10/dist-packages/hardware_msg/msg
-- Up-to-date: /home/pi/Tinker_Sber/Chellenge-Tinker/install/hardware_msg/local/lib/python3.10/dist-packages/hardware_msg/msg/_motors_states_s.c
-- Up-to-date: /home/pi/Tinker_Sber/Chellenge-Tinker/install/hardware_msg/local/lib/python3.10/dist-packages/hardware_msg/msg/__init__.py
-- Up-to-date: /home/pi/Tinker_Sber/Chellenge-Tinker/install/hardware_msg/local/lib/python3.10/dist-packages/hardware_msg/msg/_imu_parameters_s.c
-- Up-to-date: /home/pi/Tinker_Sber/Chellenge-Tinker/install/hardware_msg/local/lib/python3.10/dist-packages/hardware_msg/msg/_board_parameters_s.c
-- Up-to-date: /home/pi/Tinker_Sber/Chellenge-Tinker/install/hardware_msg/local/lib/python3.10/dist-packages/hardware_msg/msg/_board_parameters.py
-- Up-to-date: /home/pi/Tinker_Sber/Chellenge-Tinker/install/hardware_msg/local/lib/python3.10/dist-packages/hardware_msg/msg/_motor_data.py
-- Up-to-date: /home/pi/Tinker_Sber/Chellenge-Tinker/install/hardware_msg/local/lib/python3.10/dist-packages/hardware_msg/msg/_motor_parameters_s.c
-- Up-to-date: /home/pi/Tinker_Sber/Chellenge-Tinker/install/hardware_msg/local/lib/python3.10/dist-packages/hardware_msg/msg/_motors_states.py
-- Up-to-date: /home/pi/Tinker_Sber/Chellenge-Tinker/install/hardware_msg/local/lib/python3.10/dist-packages/hardware_msg/msg/_imu.py
-- Up-to-date: /home/pi/Tinker_Sber/Chellenge-Tinker/install/hardware_msg/local/lib/python3.10/dist-packages/hardware_msg/msg/_motors_commands_s.c
-- Up-to-date: /home/pi/Tinker_Sber/Chellenge-Tinker/install/hardware_msg/local/lib/python3.10/dist-packages/hardware_msg/msg/_motor_data_s.c
-- Up-to-date: /home/pi/Tinker_Sber/Chellenge-Tinker/install/hardware_msg/local/lib/python3.10/dist-packages/hardware_msg/msg/_motors_commands.py
-- Up-to-date: /home/pi/Tinker_Sber/Chellenge-Tinker/install/hardware_msg/local/lib/python3.10/dist-packages/hardware_msg/msg/_motor_parameters.py
-- Up-to-date: /home/pi/Tinker_Sber/Chellenge-Tinker/install/hardware_msg/local/lib/python3.10/dist-packages/hardware_msg/msg/_imu_s.c
-- Up-to-date: /home/pi/Tinker_Sber/Chellenge-Tinker/install/hardware_msg/local/lib/python3.10/dist-packages/hardware_msg/msg/_imu_parameters.py
-- Up-to-date: /home/pi/Tinker_Sber/Chellenge-Tinker/install/hardware_msg/local/lib/python3.10/dist-packages/hardware_msg/_hardware_msg_s.ep.rosidl_typesupport_fastrtps_c.c
-- Up-to-date: /home/pi/Tinker_Sber/Chellenge-Tinker/install/hardware_msg/local/lib/python3.10/dist-packages/hardware_msg/_hardware_msg_s.ep.rosidl_typesupport_introspection_c.c
-- Up-to-date: /home/pi/Tinker_Sber/Chellenge-Tinker/install/hardware_msg/local/lib/python3.10/dist-packages/hardware_msg/_hardware_msg_s.ep.rosidl_typesupport_c.c
Listing '/home/pi/Tinker_Sber/Chellenge-Tinker/install/hardware_msg/local/lib/python3.10/dist-packages/hardware_msg'...
Compiling '/home/pi/Tinker_Sber/Chellenge-Tinker/install/hardware_msg/local/lib/python3.10/dist-packages/hardware_msg/__init__.py'...
Listing '/home/pi/Tinker_Sber/Chellenge-Tinker/install/hardware_msg/local/lib/python3.10/dist-packages/hardware_msg/msg'...
-- Up-to-date: /home/pi/Tinker_Sber/Chellenge-Tinker/install/hardware_msg/local/lib/python3.10/dist-packages/hardware_msg/hardware_msg_s__rosidl_typesupport_fastrtps_c.cpython-310-aarch64-linux-gnu.so
-- Up-to-date: /home/pi/Tinker_Sber/Chellenge-Tinker/install/hardware_msg/local/lib/python3.10/dist-packages/hardware_msg/hardware_msg_s__rosidl_typesupport_introspection_c.cpython-310-aarch64-linux-gnu.so
-- Up-to-date: /home/pi/Tinker_Sber/Chellenge-Tinker/install/hardware_msg/local/lib/python3.10/dist-packages/hardware_msg/hardware_msg_s__rosidl_typesupport_c.cpython-310-aarch64-linux-gnu.so
-- Up-to-date: /home/pi/Tinker_Sber/Chellenge-Tinker/install/hardware_msg/lib/libhardware_msg__rosidl_generator_py.so
-- Up-to-date: /home/pi/Tinker_Sber/Chellenge-Tinker/install/hardware_msg/share/hardware_msg/msg/BoardParameters.idl
-- Up-to-date: /home/pi/Tinker_Sber/Chellenge-Tinker/install/hardware_msg/share/hardware_msg/msg/ImuParameters.idl
-- Up-to-date: /home/pi/Tinker_Sber/Chellenge-Tinker/install/hardware_msg/share/hardware_msg/msg/MotorParameters.idl
-- Up-to-date: /home/pi/Tinker_Sber/Chellenge-Tinker/install/hardware_msg/share/hardware_msg/msg/MotorsStates.idl
-- Up-to-date: /home/pi/Tinker_Sber/Chellenge-Tinker/install/hardware_msg/share/hardware_msg/msg/Imu.idl
-- Up-to-date: /home/pi/Tinker_Sber/Chellenge-Tinker/install/hardware_msg/share/hardware_msg/msg/MotorData.idl
-- Up-to-date: /home/pi/Tinker_Sber/Chellenge-Tinker/install/hardware_msg/share/hardware_msg/msg/MotorsCommands.idl
-- Up-to-date: /home/pi/Tinker_Sber/Chellenge-Tinker/install/hardware_msg/share/hardware_msg/msg/BoardParameters.msg
-- Up-to-date: /home/pi/Tinker_Sber/Chellenge-Tinker/install/hardware_msg/share/hardware_msg/msg/ImuParameters.msg
-- Up-to-date: /home/pi/Tinker_Sber/Chellenge-Tinker/install/hardware_msg/share/hardware_msg/msg/MotorParameters.msg
-- Up-to-date: /home/pi/Tinker_Sber/Chellenge-Tinker/install/hardware_msg/share/hardware_msg/msg/MotorsStates.msg
-- Up-to-date: /home/pi/Tinker_Sber/Chellenge-Tinker/install/hardware_msg/share/hardware_msg/msg/Imu.msg
-- Up-to-date: /home/pi/Tinker_Sber/Chellenge-Tinker/install/hardware_msg/share/hardware_msg/msg/MotorData.msg
-- Up-to-date: /home/pi/Tinker_Sber/Chellenge-Tinker/install/hardware_msg/share/hardware_msg/msg/MotorsCommands.msg
-- Up-to-date: /home/pi/Tinker_Sber/Chellenge-Tinker/install/hardware_msg/share/ament_index/resource_index/package_run_dependencies/hardware_msg
-- Up-to-date: /home/pi/Tinker_Sber/Chellenge-Tinker/install/hardware_msg/share/ament_index/resource_index/parent_prefix_path/hardware_msg
-- Up-to-date: /home/pi/Tinker_Sber/Chellenge-Tinker/install/hardware_msg/share/hardware_msg/environment/ament_prefix_path.sh
-- Installing: /home/pi/Tinker_Sber/Chellenge-Tinker/install/hardware_msg/share/hardware_msg/environment/ament_prefix_path.dsv
-- Up-to-date: /home/pi/Tinker_Sber/Chellenge-Tinker/install/hardware_msg/share/hardware_msg/environment/path.sh
-- Installing: /home/pi/Tinker_Sber/Chellenge-Tinker/install/hardware_msg/share/hardware_msg/environment/path.dsv
-- Up-to-date: /home/pi/Tinker_Sber/Chellenge-Tinker/install/hardware_msg/share/hardware_msg/local_setup.bash
-- Up-to-date: /home/pi/Tinker_Sber/Chellenge-Tinker/install/hardware_msg/share/hardware_msg/local_setup.sh
-- Up-to-date: /home/pi/Tinker_Sber/Chellenge-Tinker/install/hardware_msg/share/hardware_msg/local_setup.zsh
-- Installing: /home/pi/Tinker_Sber/Chellenge-Tinker/install/hardware_msg/share/hardware_msg/local_setup.dsv
-- Installing: /home/pi/Tinker_Sber/Chellenge-Tinker/install/hardware_msg/share/hardware_msg/package.dsv
-- Up-to-date: /home/pi/Tinker_Sber/Chellenge-Tinker/install/hardware_msg/share/ament_index/resource_index/packages/hardware_msg
-- Up-to-date: /home/pi/Tinker_Sber/Chellenge-Tinker/install/hardware_msg/share/hardware_msg/cmake/export_hardware_msg__rosidl_generator_cExport.cmake
-- Up-to-date: /home/pi/Tinker_Sber/Chellenge-Tinker/install/hardware_msg/share/hardware_msg/cmake/export_hardware_msg__rosidl_generator_cExport-noconfig.cmake
-- Up-to-date: /home/pi/Tinker_Sber/Chellenge-Tinker/install/hardware_msg/share/hardware_msg/cmake/export_hardware_msg__rosidl_typesupport_fastrtps_cExport.cmake
-- Up-to-date: /home/pi/Tinker_Sber/Chellenge-Tinker/install/hardware_msg/share/hardware_msg/cmake/export_hardware_msg__rosidl_typesupport_fastrtps_cExport-noconfig.cmake
-- Up-to-date: /home/pi/Tinker_Sber/Chellenge-Tinker/install/hardware_msg/share/hardware_msg/cmake/export_hardware_msg__rosidl_generator_cppExport.cmake
-- Up-to-date: /home/pi/Tinker_Sber/Chellenge-Tinker/install/hardware_msg/share/hardware_msg/cmake/export_hardware_msg__rosidl_typesupport_fastrtps_cppExport.cmake
-- Up-to-date: /home/pi/Tinker_Sber/Chellenge-Tinker/install/hardware_msg/share/hardware_msg/cmake/export_hardware_msg__rosidl_typesupport_fastrtps_cppExport-noconfig.cmake
-- Up-to-date: /home/pi/Tinker_Sber/Chellenge-Tinker/install/hardware_msg/share/hardware_msg/cmake/hardware_msg__rosidl_typesupport_introspection_cExport.cmake
-- Up-to-date: /home/pi/Tinker_Sber/Chellenge-Tinker/install/hardware_msg/share/hardware_msg/cmake/hardware_msg__rosidl_typesupport_introspection_cExport-noconfig.cmake
-- Up-to-date: /home/pi/Tinker_Sber/Chellenge-Tinker/install/hardware_msg/share/hardware_msg/cmake/hardware_msg__rosidl_typesupport_cExport.cmake
-- Up-to-date: /home/pi/Tinker_Sber/Chellenge-Tinker/install/hardware_msg/share/hardware_msg/cmake/hardware_msg__rosidl_typesupport_cExport-noconfig.cmake
-- Up-to-date: /home/pi/Tinker_Sber/Chellenge-Tinker/install/hardware_msg/share/hardware_msg/cmake/hardware_msg__rosidl_typesupport_introspection_cppExport.cmake
-- Up-to-date: /home/pi/Tinker_Sber/Chellenge-Tinker/install/hardware_msg/share/hardware_msg/cmake/hardware_msg__rosidl_typesupport_introspection_cppExport-noconfig.cmake
-- Up-to-date: /home/pi/Tinker_Sber/Chellenge-Tinker/install/hardware_msg/share/hardware_msg/cmake/hardware_msg__rosidl_typesupport_cppExport.cmake
-- Up-to-date: /home/pi/Tinker_Sber/Chellenge-Tinker/install/hardware_msg/share/hardware_msg/cmake/hardware_msg__rosidl_typesupport_cppExport-noconfig.cmake
-- Up-to-date: /home/pi/Tinker_Sber/Chellenge-Tinker/install/hardware_msg/share/hardware_msg/cmake/export_hardware_msg__rosidl_generator_pyExport.cmake
-- Up-to-date: /home/pi/Tinker_Sber/Chellenge-Tinker/install/hardware_msg/share/hardware_msg/cmake/export_hardware_msg__rosidl_generator_pyExport-noconfig.cmake
-- Up-to-date: /home/pi/Tinker_Sber/Chellenge-Tinker/install/hardware_msg/share/hardware_msg/cmake/rosidl_cmake-extras.cmake
-- Up-to-date: /home/pi/Tinker_Sber/Chellenge-Tinker/install/hardware_msg/share/hardware_msg/cmake/ament_cmake_export_include_directories-extras.cmake
-- Up-to-date: /home/pi/Tinker_Sber/Chellenge-Tinker/install/hardware_msg/share/hardware_msg/cmake/ament_cmake_export_libraries-extras.cmake
-- Up-to-date: /home/pi/Tinker_Sber/Chellenge-Tinker/install/hardware_msg/share/hardware_msg/cmake/ament_cmake_export_targets-extras.cmake
-- Up-to-date: /home/pi/Tinker_Sber/Chellenge-Tinker/install/hardware_msg/share/hardware_msg/cmake/rosidl_cmake_export_typesupport_targets-extras.cmake
-- Up-to-date: /home/pi/Tinker_Sber/Chellenge-Tinker/install/hardware_msg/share/hardware_msg/cmake/ament_cmake_export_dependencies-extras.cmake
-- Up-to-date: /home/pi/Tinker_Sber/Chellenge-Tinker/install/hardware_msg/share/hardware_msg/cmake/rosidl_cmake_export_typesupport_libraries-extras.cmake
-- Up-to-date: /home/pi/Tinker_Sber/Chellenge-Tinker/install/hardware_msg/share/hardware_msg/cmake/hardware_msgConfig.cmake
-- Up-to-date: /home/pi/Tinker_Sber/Chellenge-Tinker/install/hardware_msg/share/hardware_msg/cmake/hardware_msgConfig-version.cmake
-- Up-to-date: /home/pi/Tinker_Sber/Chellenge-Tinker/install/hardware_msg/share/hardware_msg/package.xml
