[0.068s] Invoking command in '/home/pi/Tinker_Sber/Chellenge-Tinker/build/hardware_msg': CMAKE_PREFIX_PATH=${CMAKE_PREFIX_PATH}:/opt/ros/humble /usr/bin/cmake --build /home/pi/Tinker_Sber/Chellenge-Tinker/build/hardware_msg -- -j4 -l4
[0.183s] -- Found ament_cmake: 1.3.12 (/opt/ros/humble/share/ament_cmake/cmake)
[0.779s] -- Found rclcpp: 16.0.15 (/opt/ros/humble/share/rclcpp/cmake)
[0.911s] -- Found rosidl_generator_c: 3.1.7 (/opt/ros/humble/share/rosidl_generator_c/cmake)
[0.921s] -- Found rosidl_adapter: 3.1.7 (/opt/ros/humble/share/rosidl_adapter/cmake)
[0.946s] -- Found rosidl_generator_cpp: 3.1.7 (/opt/ros/humble/share/rosidl_generator_cpp/cmake)
[0.985s] -- Using all available rosidl_typesupport_c: rosidl_typesupport_fastrtps_c;rosidl_typesupport_introspection_c
[1.035s] -- Using all available rosidl_typesupport_cpp: rosidl_typesupport_fastrtps_cpp;rosidl_typesupport_introspection_cpp
[1.159s] -- Found rmw_implementation_cmake: 6.1.2 (/opt/ros/humble/share/rmw_implementation_cmake/cmake)
[1.166s] -- Found rmw_fastrtps_cpp: 6.2.8 (/opt/ros/humble/share/rmw_fastrtps_cpp/cmake)
[1.645s] -- Using RMW implementation 'rmw_fastrtps_cpp' as default
[1.830s] -- Found rosidl_default_generators: 1.2.0 (/opt/ros/humble/share/rosidl_default_generators/cmake)
[3.060s] -- Found ament_cmake_ros: 0.10.0 (/opt/ros/humble/share/ament_cmake_ros/cmake)
[4.405s] -- Using all available rosidl_typesupport_c: rosidl_typesupport_fastrtps_c;rosidl_typesupport_introspection_c
[4.932s] -- Using all available rosidl_typesupport_cpp: rosidl_typesupport_fastrtps_cpp;rosidl_typesupport_introspection_cpp
[5.034s] -- Found python_cmake_module: 0.10.0 (/opt/ros/humble/share/python_cmake_module/cmake)
[5.134s] -- Using PYTHON_EXECUTABLE: /usr/bin/python3
[5.135s] -- Using PYTHON_INCLUDE_DIRS: /usr/include/python3.10
[5.136s] -- Using PYTHON_LIBRARIES: /usr/lib/aarch64-linux-gnu/libpython3.10.so
[5.211s] -- Configuring done
[5.427s] -- Generating done
[5.482s] -- Build files have been written to: /home/pi/Tinker_Sber/Chellenge-Tinker/build/hardware_msg
[5.560s] gmake[2]: Warning: File 'CMakeFiles/hardware_msg__cpp.dir/compiler_depend.make' has modification time 1390 s in the future
[5.564s] gmake[2]: Warning: File 'CMakeFiles/hardware_msg__rosidl_generator_c.dir/flags.make' has modification time 1390 s in the future
[5.565s] gmake[2]: Warning: File 'CMakeFiles/ament_cmake_python_copy_hardware_msg.dir/compiler_depend.make' has modification time 1390 s in the future
[5.601s] gmake[2]: warning:  Clock skew detected.  Your build may be incomplete.
[5.607s] gmake[2]: warning:  Clock skew detected.  Your build may be incomplete.
[5.610s] [35m[1mConsolidate compiler generated dependencies of target hardware_msg__rosidl_generator_c[0m
[5.611s] gmake[2]: Warning: File 'CMakeFiles/hardware_msg__cpp.dir/compiler_depend.make' has modification time 1390 s in the future
[5.614s] gmake[2]: warning:  Clock skew detected.  Your build may be incomplete.
[5.614s] gmake[2]: Warning: File 'CMakeFiles/ament_cmake_python_copy_hardware_msg.dir/compiler_depend.make' has modification time 1390 s in the future
[5.626s] gmake[2]: warning:  Clock skew detected.  Your build may be incomplete.
[5.638s] gmake[2]: Warning: File 'CMakeFiles/hardware_msg__rosidl_generator_c.dir/flags.make' has modification time 1390 s in the future
[5.643s] [  1%] Built target hardware_msg__cpp
[5.654s] gmake[2]: Warning: File 'CMakeFiles/hardware_msg__rosidl_typesupport_cpp.dir/flags.make' has modification time 1390 s in the future
[5.674s] [  2%] [32mBuilding C object CMakeFiles/hardware_msg__rosidl_generator_c.dir/rosidl_generator_c/hardware_msg/msg/detail/board_parameters__functions.c.o[0m
[5.677s] gmake[2]: warning:  Clock skew detected.  Your build may be incomplete.
[5.691s] [  3%] [32mBuilding C object CMakeFiles/hardware_msg__rosidl_generator_c.dir/rosidl_generator_c/hardware_msg/msg/detail/imu_parameters__functions.c.o[0m
[5.715s] [35m[1mConsolidate compiler generated dependencies of target hardware_msg__rosidl_typesupport_cpp[0m
[5.725s] [  3%] Built target ament_cmake_python_copy_hardware_msg
[5.758s] gmake[2]: warning:  Clock skew detected.  Your build may be incomplete.
[5.771s] gmake[2]: Warning: File 'CMakeFiles/hardware_msg__rosidl_typesupport_cpp.dir/flags.make' has modification time 1390 s in the future
[5.793s] [  5%] [32mBuilding C object CMakeFiles/hardware_msg__rosidl_generator_c.dir/rosidl_generator_c/hardware_msg/msg/detail/motor_parameters__functions.c.o[0m
[5.815s] [  6%] [32mBuilding CXX object CMakeFiles/hardware_msg__rosidl_typesupport_cpp.dir/rosidl_typesupport_cpp/hardware_msg/msg/board_parameters__type_support.cpp.o[0m
[5.936s] [  7%] [32mBuilding C object CMakeFiles/hardware_msg__rosidl_generator_c.dir/rosidl_generator_c/hardware_msg/msg/detail/motors_states__functions.c.o[0m
[5.980s] [  8%] [32mBuilding C object CMakeFiles/hardware_msg__rosidl_generator_c.dir/rosidl_generator_c/hardware_msg/msg/detail/imu__functions.c.o[0m
[6.033s] gmake[2]: Warning: File 'CMakeFiles/hardware_msg__rosidl_typesupport_fastrtps_cpp.dir/flags.make' has modification time 1389 s in the future
[6.076s] [35m[1mConsolidate compiler generated dependencies of target hardware_msg__rosidl_typesupport_fastrtps_cpp[0m
[6.120s] gmake[2]: warning:  Clock skew detected.  Your build may be incomplete.
[6.137s] gmake[2]: Warning: File 'CMakeFiles/hardware_msg__rosidl_typesupport_fastrtps_cpp.dir/flags.make' has modification time 1389 s in the future
[6.196s] [ 10%] [32mBuilding CXX object CMakeFiles/hardware_msg__rosidl_typesupport_fastrtps_cpp.dir/rosidl_typesupport_fastrtps_cpp/hardware_msg/msg/detail/dds_fastrtps/board_parameters__type_support.cpp.o[0m
[6.219s] [ 11%] [32mBuilding CXX object CMakeFiles/hardware_msg__rosidl_typesupport_fastrtps_cpp.dir/rosidl_typesupport_fastrtps_cpp/hardware_msg/msg/detail/dds_fastrtps/imu_parameters__type_support.cpp.o[0m
[6.264s] [ 12%] [32mBuilding C object CMakeFiles/hardware_msg__rosidl_generator_c.dir/rosidl_generator_c/hardware_msg/msg/detail/motor_data__functions.c.o[0m
[6.651s] [ 13%] [32mBuilding C object CMakeFiles/hardware_msg__rosidl_generator_c.dir/rosidl_generator_c/hardware_msg/msg/detail/motors_commands__functions.c.o[0m
[6.895s] gmake[2]: warning:  Clock skew detected.  Your build may be incomplete.
[6.965s] [ 16%] Built target hardware_msg__rosidl_generator_c
[6.986s] gmake[2]: Warning: File 'CMakeFiles/hardware_msg__rosidl_typesupport_introspection_cpp.dir/flags.make' has modification time 1388 s in the future
[7.084s] [35m[1mConsolidate compiler generated dependencies of target hardware_msg__rosidl_typesupport_introspection_cpp[0m
[7.207s] gmake[2]: warning:  Clock skew detected.  Your build may be incomplete.
[7.226s] gmake[2]: Warning: File 'CMakeFiles/hardware_msg__rosidl_typesupport_introspection_cpp.dir/flags.make' has modification time 1388 s in the future
[7.304s] [ 17%] [32mBuilding CXX object CMakeFiles/hardware_msg__rosidl_typesupport_introspection_cpp.dir/rosidl_typesupport_introspection_cpp/hardware_msg/msg/detail/board_parameters__type_support.cpp.o[0m
[7.390s] [ 18%] [32mBuilding CXX object CMakeFiles/hardware_msg__rosidl_typesupport_cpp.dir/rosidl_typesupport_cpp/hardware_msg/msg/imu_parameters__type_support.cpp.o[0m
[8.799s] [ 20%] [32mBuilding CXX object CMakeFiles/hardware_msg__rosidl_typesupport_fastrtps_cpp.dir/rosidl_typesupport_fastrtps_cpp/hardware_msg/msg/detail/dds_fastrtps/motor_parameters__type_support.cpp.o[0m
[8.824s] [ 21%] [32mBuilding CXX object CMakeFiles/hardware_msg__rosidl_typesupport_cpp.dir/rosidl_typesupport_cpp/hardware_msg/msg/motor_parameters__type_support.cpp.o[0m
[9.082s] [ 22%] [32mBuilding CXX object CMakeFiles/hardware_msg__rosidl_typesupport_fastrtps_cpp.dir/rosidl_typesupport_fastrtps_cpp/hardware_msg/msg/detail/dds_fastrtps/motors_states__type_support.cpp.o[0m
[9.718s] [ 24%] [32mBuilding CXX object CMakeFiles/hardware_msg__rosidl_typesupport_introspection_cpp.dir/rosidl_typesupport_introspection_cpp/hardware_msg/msg/detail/imu_parameters__type_support.cpp.o[0m
[10.431s] [ 25%] [32mBuilding CXX object CMakeFiles/hardware_msg__rosidl_typesupport_cpp.dir/rosidl_typesupport_cpp/hardware_msg/msg/motors_states__type_support.cpp.o[0m
[11.337s] [ 26%] [32mBuilding CXX object CMakeFiles/hardware_msg__rosidl_typesupport_cpp.dir/rosidl_typesupport_cpp/hardware_msg/msg/imu__type_support.cpp.o[0m
[11.530s] [ 27%] [32mBuilding CXX object CMakeFiles/hardware_msg__rosidl_typesupport_fastrtps_cpp.dir/rosidl_typesupport_fastrtps_cpp/hardware_msg/msg/detail/dds_fastrtps/imu__type_support.cpp.o[0m
[12.122s] [ 29%] [32mBuilding CXX object CMakeFiles/hardware_msg__rosidl_typesupport_introspection_cpp.dir/rosidl_typesupport_introspection_cpp/hardware_msg/msg/detail/motor_parameters__type_support.cpp.o[0m
[12.189s] [ 30%] [32mBuilding CXX object CMakeFiles/hardware_msg__rosidl_typesupport_cpp.dir/rosidl_typesupport_cpp/hardware_msg/msg/motor_data__type_support.cpp.o[0m
[13.045s] [ 31%] [32mBuilding CXX object CMakeFiles/hardware_msg__rosidl_typesupport_cpp.dir/rosidl_typesupport_cpp/hardware_msg/msg/motors_commands__type_support.cpp.o[0m
[13.987s] [ 32%] [32mBuilding CXX object CMakeFiles/hardware_msg__rosidl_typesupport_fastrtps_cpp.dir/rosidl_typesupport_fastrtps_cpp/hardware_msg/msg/detail/dds_fastrtps/motor_data__type_support.cpp.o[0m
[14.024s] [ 34%] [32mBuilding CXX object CMakeFiles/hardware_msg__rosidl_typesupport_fastrtps_cpp.dir/rosidl_typesupport_fastrtps_cpp/hardware_msg/msg/detail/dds_fastrtps/motors_commands__type_support.cpp.o[0m
[14.438s] [ 35%] [32mBuilding CXX object CMakeFiles/hardware_msg__rosidl_typesupport_introspection_cpp.dir/rosidl_typesupport_introspection_cpp/hardware_msg/msg/detail/motors_states__type_support.cpp.o[0m
[14.707s] gmake[2]: warning:  Clock skew detected.  Your build may be incomplete.
[14.752s] [ 37%] Built target hardware_msg__rosidl_typesupport_cpp
[14.765s] gmake[2]: Warning: File 'CMakeFiles/ament_cmake_python_build_hardware_msg_egg.dir/compiler_depend.make' has modification time 1381 s in the future
[14.812s] gmake[2]: warning:  Clock skew detected.  Your build may be incomplete.
[14.835s] gmake[2]: Warning: File 'CMakeFiles/ament_cmake_python_build_hardware_msg_egg.dir/compiler_depend.make' has modification time 1381 s in the future
[16.472s] [ 39%] [32mBuilding CXX object CMakeFiles/hardware_msg__rosidl_typesupport_introspection_cpp.dir/rosidl_typesupport_introspection_cpp/hardware_msg/msg/detail/imu__type_support.cpp.o[0m
[16.486s] gmake[2]: warning:  Clock skew detected.  Your build may be incomplete.
[16.543s] [ 41%] Built target hardware_msg__rosidl_typesupport_fastrtps_cpp
[16.589s] [ 43%] [32mBuilding CXX object CMakeFiles/hardware_msg__rosidl_typesupport_introspection_cpp.dir/rosidl_typesupport_introspection_cpp/hardware_msg/msg/detail/motor_data__type_support.cpp.o[0m
[16.862s] gmake[2]: Warning: File 'CMakeFiles/hardware_msg__rosidl_typesupport_fastrtps_c.dir/flags.make' has modification time 1379 s in the future
[16.866s] running egg_info
[16.870s] writing hardware_msg.egg-info/PKG-INFO
[16.874s] writing dependency_links to hardware_msg.egg-info/dependency_links.txt
[16.877s] writing top-level names to hardware_msg.egg-info/top_level.txt
[16.891s] reading manifest file 'hardware_msg.egg-info/SOURCES.txt'
[16.895s] writing manifest file 'hardware_msg.egg-info/SOURCES.txt'
[16.916s] [35m[1mConsolidate compiler generated dependencies of target hardware_msg__rosidl_typesupport_fastrtps_c[0m
[16.966s] gmake[2]: warning:  Clock skew detected.  Your build may be incomplete.
[16.988s] gmake[2]: Warning: File 'CMakeFiles/hardware_msg__rosidl_typesupport_fastrtps_c.dir/flags.make' has modification time 1378 s in the future
[17.026s] gmake[2]: warning:  Clock skew detected.  Your build may be incomplete.
[17.071s] [ 43%] Built target ament_cmake_python_build_hardware_msg_egg
[17.084s] [ 44%] [32mBuilding CXX object CMakeFiles/hardware_msg__rosidl_typesupport_fastrtps_c.dir/rosidl_typesupport_fastrtps_c/hardware_msg/msg/detail/board_parameters__type_support_c.cpp.o[0m
[17.091s] gmake[2]: Warning: File 'CMakeFiles/hardware_msg__rosidl_typesupport_introspection_c.dir/flags.make' has modification time 1378 s in the future
[17.146s] [35m[1mConsolidate compiler generated dependencies of target hardware_msg__rosidl_typesupport_introspection_c[0m
[17.183s] gmake[2]: warning:  Clock skew detected.  Your build may be incomplete.
[17.205s] gmake[2]: Warning: File 'CMakeFiles/hardware_msg__rosidl_typesupport_introspection_c.dir/flags.make' has modification time 1378 s in the future
[17.247s] [ 45%] [32mBuilding C object CMakeFiles/hardware_msg__rosidl_typesupport_introspection_c.dir/rosidl_typesupport_introspection_c/hardware_msg/msg/detail/board_parameters__type_support.c.o[0m
[17.454s] [ 46%] [32mBuilding C object CMakeFiles/hardware_msg__rosidl_typesupport_introspection_c.dir/rosidl_typesupport_introspection_c/hardware_msg/msg/detail/imu_parameters__type_support.c.o[0m
[17.695s] [ 48%] [32mBuilding C object CMakeFiles/hardware_msg__rosidl_typesupport_introspection_c.dir/rosidl_typesupport_introspection_c/hardware_msg/msg/detail/motor_parameters__type_support.c.o[0m
[17.944s] [ 49%] [32mBuilding C object CMakeFiles/hardware_msg__rosidl_typesupport_introspection_c.dir/rosidl_typesupport_introspection_c/hardware_msg/msg/detail/motors_states__type_support.c.o[0m
[18.196s] [ 50%] [32mBuilding C object CMakeFiles/hardware_msg__rosidl_typesupport_introspection_c.dir/rosidl_typesupport_introspection_c/hardware_msg/msg/detail/imu__type_support.c.o[0m
[18.513s] [ 51%] [32mBuilding C object CMakeFiles/hardware_msg__rosidl_typesupport_introspection_c.dir/rosidl_typesupport_introspection_c/hardware_msg/msg/detail/motor_data__type_support.c.o[0m
[18.740s] [ 53%] [32mBuilding C object CMakeFiles/hardware_msg__rosidl_typesupport_introspection_c.dir/rosidl_typesupport_introspection_c/hardware_msg/msg/detail/motors_commands__type_support.c.o[0m
[18.908s] gmake[2]: Warning: File 'CMakeFiles/hardware_msg__rosidl_typesupport_c.dir/flags.make' has modification time 1376 s in the future
[18.913s] [ 54%] [32mBuilding CXX object CMakeFiles/hardware_msg__rosidl_typesupport_introspection_cpp.dir/rosidl_typesupport_introspection_cpp/hardware_msg/msg/detail/motors_commands__type_support.cpp.o[0m
[18.921s] gmake[2]: warning:  Clock skew detected.  Your build may be incomplete.
[18.953s] [35m[1mConsolidate compiler generated dependencies of target hardware_msg__rosidl_typesupport_c[0m
[18.964s] [ 56%] Built target hardware_msg__rosidl_typesupport_introspection_c
[18.977s] gmake[2]: warning:  Clock skew detected.  Your build may be incomplete.
[18.986s] gmake[2]: Warning: File 'CMakeFiles/hardware_msg__rosidl_typesupport_c.dir/flags.make' has modification time 1376 s in the future
[19.011s] [ 58%] [32mBuilding CXX object CMakeFiles/hardware_msg__rosidl_typesupport_fastrtps_c.dir/rosidl_typesupport_fastrtps_c/hardware_msg/msg/detail/imu_parameters__type_support_c.cpp.o[0m
[19.024s] [ 59%] [32mBuilding CXX object CMakeFiles/hardware_msg__rosidl_typesupport_c.dir/rosidl_typesupport_c/hardware_msg/msg/board_parameters__type_support.cpp.o[0m
[19.204s] [ 60%] [32mBuilding CXX object CMakeFiles/hardware_msg__rosidl_typesupport_c.dir/rosidl_typesupport_c/hardware_msg/msg/imu_parameters__type_support.cpp.o[0m
[19.250s] [ 62%] [32mBuilding CXX object CMakeFiles/hardware_msg__rosidl_typesupport_fastrtps_c.dir/rosidl_typesupport_fastrtps_c/hardware_msg/msg/detail/motor_parameters__type_support_c.cpp.o[0m
[19.395s] [ 63%] [32mBuilding CXX object CMakeFiles/hardware_msg__rosidl_typesupport_c.dir/rosidl_typesupport_c/hardware_msg/msg/motor_parameters__type_support.cpp.o[0m
[19.560s] [ 64%] [32mBuilding CXX object CMakeFiles/hardware_msg__rosidl_typesupport_c.dir/rosidl_typesupport_c/hardware_msg/msg/motors_states__type_support.cpp.o[0m
[19.735s] [ 65%] [32mBuilding CXX object CMakeFiles/hardware_msg__rosidl_typesupport_c.dir/rosidl_typesupport_c/hardware_msg/msg/imu__type_support.cpp.o[0m
[19.929s] [ 67%] [32mBuilding CXX object CMakeFiles/hardware_msg__rosidl_typesupport_c.dir/rosidl_typesupport_c/hardware_msg/msg/motor_data__type_support.cpp.o[0m
[20.109s] [ 68%] [32mBuilding CXX object CMakeFiles/hardware_msg__rosidl_typesupport_c.dir/rosidl_typesupport_c/hardware_msg/msg/motors_commands__type_support.cpp.o[0m
[20.253s] gmake[2]: warning:  Clock skew detected.  Your build may be incomplete.
[20.304s] [ 70%] Built target hardware_msg__rosidl_typesupport_c
[20.356s] [ 72%] [32mBuilding CXX object CMakeFiles/hardware_msg__rosidl_typesupport_fastrtps_c.dir/rosidl_typesupport_fastrtps_c/hardware_msg/msg/detail/motors_states__type_support_c.cpp.o[0m
[21.116s] [ 73%] [32mBuilding CXX object CMakeFiles/hardware_msg__rosidl_typesupport_fastrtps_c.dir/rosidl_typesupport_fastrtps_c/hardware_msg/msg/detail/imu__type_support_c.cpp.o[0m
[21.123s] gmake[2]: warning:  Clock skew detected.  Your build may be incomplete.
[21.170s] [ 75%] Built target hardware_msg__rosidl_typesupport_introspection_cpp
[21.212s] [ 77%] [32mBuilding CXX object CMakeFiles/hardware_msg__rosidl_typesupport_fastrtps_c.dir/rosidl_typesupport_fastrtps_c/hardware_msg/msg/detail/motor_data__type_support_c.cpp.o[0m
[21.442s] [ 78%] [32mBuilding CXX object CMakeFiles/hardware_msg__rosidl_typesupport_fastrtps_c.dir/rosidl_typesupport_fastrtps_c/hardware_msg/msg/detail/motors_commands__type_support_c.cpp.o[0m
[23.341s] gmake[2]: warning:  Clock skew detected.  Your build may be incomplete.
[23.377s] [ 81%] Built target hardware_msg__rosidl_typesupport_fastrtps_c
[23.387s] gmake[2]: Warning: File 'CMakeFiles/hardware_msg.dir/compiler_depend.make' has modification time 1372 s in the future
[23.427s] gmake[2]: warning:  Clock skew detected.  Your build may be incomplete.
[23.436s] gmake[2]: Warning: File 'CMakeFiles/hardware_msg.dir/compiler_depend.make' has modification time 1372 s in the future
[23.436s] gmake[2]: warning:  Clock skew detected.  Your build may be incomplete.
[23.467s] [ 81%] Built target hardware_msg
[23.477s] gmake[2]: Warning: File 'hardware_msg__py/CMakeFiles/hardware_msg__py.dir/compiler_depend.make' has modification time 1372 s in the future
[23.516s] gmake[2]: warning:  Clock skew detected.  Your build may be incomplete.
[23.523s] gmake[2]: Warning: File 'hardware_msg__py/CMakeFiles/hardware_msg__py.dir/compiler_depend.make' has modification time 1372 s in the future
[23.524s] gmake[2]: warning:  Clock skew detected.  Your build may be incomplete.
[23.558s] [ 82%] Built target hardware_msg__py
[23.568s] gmake[2]: Warning: File 'CMakeFiles/hardware_msg__rosidl_generator_py.dir/flags.make' has modification time 1372 s in the future
[23.606s] [35m[1mConsolidate compiler generated dependencies of target hardware_msg__rosidl_generator_py[0m
[23.648s] gmake[2]: warning:  Clock skew detected.  Your build may be incomplete.
[23.662s] gmake[2]: Warning: File 'CMakeFiles/hardware_msg__rosidl_generator_py.dir/flags.make' has modification time 1372 s in the future
[23.707s] [ 83%] [32mBuilding C object CMakeFiles/hardware_msg__rosidl_generator_py.dir/rosidl_generator_py/hardware_msg/msg/_board_parameters_s.c.o[0m
[23.711s] [ 86%] [32mBuilding C object CMakeFiles/hardware_msg__rosidl_generator_py.dir/rosidl_generator_py/hardware_msg/msg/_motor_parameters_s.c.o[0m
[23.712s] [ 86%] [32mBuilding C object CMakeFiles/hardware_msg__rosidl_generator_py.dir/rosidl_generator_py/hardware_msg/msg/_imu_parameters_s.c.o[0m
[23.720s] [ 87%] [32mBuilding C object CMakeFiles/hardware_msg__rosidl_generator_py.dir/rosidl_generator_py/hardware_msg/msg/_motors_states_s.c.o[0m
[24.235s] [ 88%] [32mBuilding C object CMakeFiles/hardware_msg__rosidl_generator_py.dir/rosidl_generator_py/hardware_msg/msg/_imu_s.c.o[0m
[24.240s] [ 89%] [32mBuilding C object CMakeFiles/hardware_msg__rosidl_generator_py.dir/rosidl_generator_py/hardware_msg/msg/_motor_data_s.c.o[0m
[24.243s] [ 91%] [32mBuilding C object CMakeFiles/hardware_msg__rosidl_generator_py.dir/rosidl_generator_py/hardware_msg/msg/_motors_commands_s.c.o[0m
[24.694s] gmake[2]: warning:  Clock skew detected.  Your build may be incomplete.
[24.730s] [ 92%] Built target hardware_msg__rosidl_generator_py
[24.740s] gmake[2]: Warning: File 'CMakeFiles/hardware_msg__rosidl_typesupport_fastrtps_c__pyext.dir/flags.make' has modification time 1371 s in the future
[24.742s] gmake[2]: Warning: File 'CMakeFiles/hardware_msg__rosidl_typesupport_introspection_c__pyext.dir/flags.make' has modification time 1371 s in the future
[24.745s] gmake[2]: Warning: File 'CMakeFiles/hardware_msg__rosidl_typesupport_c__pyext.dir/flags.make' has modification time 1371 s in the future
[24.777s] [35m[1mConsolidate compiler generated dependencies of target hardware_msg__rosidl_typesupport_fastrtps_c__pyext[0m
[24.785s] [35m[1mConsolidate compiler generated dependencies of target hardware_msg__rosidl_typesupport_c__pyext[0m
[24.792s] [35m[1mConsolidate compiler generated dependencies of target hardware_msg__rosidl_typesupport_introspection_c__pyext[0m
[24.799s] gmake[2]: warning:  Clock skew detected.  Your build may be incomplete.
[24.804s] gmake[2]: warning:  Clock skew detected.  Your build may be incomplete.
[24.809s] gmake[2]: Warning: File 'CMakeFiles/hardware_msg__rosidl_typesupport_fastrtps_c__pyext.dir/flags.make' has modification time 1371 s in the future
[24.816s] gmake[2]: warning:  Clock skew detected.  Your build may be incomplete.
[24.823s] gmake[2]: Warning: File 'CMakeFiles/hardware_msg__rosidl_typesupport_c__pyext.dir/flags.make' has modification time 1371 s in the future
[24.826s] gmake[2]: Warning: File 'CMakeFiles/hardware_msg__rosidl_typesupport_introspection_c__pyext.dir/flags.make' has modification time 1371 s in the future
[24.850s] [ 93%] [32mBuilding C object CMakeFiles/hardware_msg__rosidl_typesupport_fastrtps_c__pyext.dir/rosidl_generator_py/hardware_msg/_hardware_msg_s.ep.rosidl_typesupport_fastrtps_c.c.o[0m
[24.865s] [ 94%] [32mBuilding C object CMakeFiles/hardware_msg__rosidl_typesupport_c__pyext.dir/rosidl_generator_py/hardware_msg/_hardware_msg_s.ep.rosidl_typesupport_c.c.o[0m
[24.872s] [ 96%] [32mBuilding C object CMakeFiles/hardware_msg__rosidl_typesupport_introspection_c__pyext.dir/rosidl_generator_py/hardware_msg/_hardware_msg_s.ep.rosidl_typesupport_introspection_c.c.o[0m
[25.401s] gmake[2]: warning:  Clock skew detected.  Your build may be incomplete.
[25.407s] gmake[2]: warning:  Clock skew detected.  Your build may be incomplete.
[25.427s] gmake[2]: warning:  Clock skew detected.  Your build may be incomplete.
[25.441s] [ 97%] Built target hardware_msg__rosidl_typesupport_introspection_c__pyext
[25.445s] [ 98%] Built target hardware_msg__rosidl_typesupport_c__pyext
[25.465s] [100%] Built target hardware_msg__rosidl_typesupport_fastrtps_c__pyext
[25.515s] Invoked command in '/home/pi/Tinker_Sber/Chellenge-Tinker/build/hardware_msg' returned '0': CMAKE_PREFIX_PATH=${CMAKE_PREFIX_PATH}:/opt/ros/humble /usr/bin/cmake --build /home/pi/Tinker_Sber/Chellenge-Tinker/build/hardware_msg -- -j4 -l4
[25.524s] Invoking command in '/home/pi/Tinker_Sber/Chellenge-Tinker/build/hardware_msg': CMAKE_PREFIX_PATH=${CMAKE_PREFIX_PATH}:/opt/ros/humble /usr/bin/cmake --install /home/pi/Tinker_Sber/Chellenge-Tinker/build/hardware_msg
[25.554s] -- Install configuration: ""
[25.554s] -- Up-to-date: /home/pi/Tinker_Sber/Chellenge-Tinker/install/hardware_msg/share/ament_index/resource_index/rosidl_interfaces/hardware_msg
[25.555s] -- Up-to-date: /home/pi/Tinker_Sber/Chellenge-Tinker/install/hardware_msg/include/hardware_msg/hardware_msg
[25.555s] -- Up-to-date: /home/pi/Tinker_Sber/Chellenge-Tinker/install/hardware_msg/include/hardware_msg/hardware_msg/msg
[25.555s] -- Up-to-date: /home/pi/Tinker_Sber/Chellenge-Tinker/install/hardware_msg/include/hardware_msg/hardware_msg/msg/motor_parameters.h
[25.556s] -- Up-to-date: /home/pi/Tinker_Sber/Chellenge-Tinker/install/hardware_msg/include/hardware_msg/hardware_msg/msg/motor_data.h
[25.556s] -- Up-to-date: /home/pi/Tinker_Sber/Chellenge-Tinker/install/hardware_msg/include/hardware_msg/hardware_msg/msg/imu.h
[25.557s] -- Up-to-date: /home/pi/Tinker_Sber/Chellenge-Tinker/install/hardware_msg/include/hardware_msg/hardware_msg/msg/imu_parameters.h
[25.557s] -- Up-to-date: /home/pi/Tinker_Sber/Chellenge-Tinker/install/hardware_msg/include/hardware_msg/hardware_msg/msg/board_parameters.h
[25.558s] -- Up-to-date: /home/pi/Tinker_Sber/Chellenge-Tinker/install/hardware_msg/include/hardware_msg/hardware_msg/msg/rosidl_generator_c__visibility_control.h
[25.558s] -- Up-to-date: /home/pi/Tinker_Sber/Chellenge-Tinker/install/hardware_msg/include/hardware_msg/hardware_msg/msg/motors_states.h
[25.558s] -- Up-to-date: /home/pi/Tinker_Sber/Chellenge-Tinker/install/hardware_msg/include/hardware_msg/hardware_msg/msg/detail
[25.559s] -- Up-to-date: /home/pi/Tinker_Sber/Chellenge-Tinker/install/hardware_msg/include/hardware_msg/hardware_msg/msg/detail/motor_data__functions.h
[25.559s] -- Up-to-date: /home/pi/Tinker_Sber/Chellenge-Tinker/install/hardware_msg/include/hardware_msg/hardware_msg/msg/detail/board_parameters__functions.c
[25.560s] -- Up-to-date: /home/pi/Tinker_Sber/Chellenge-Tinker/install/hardware_msg/include/hardware_msg/hardware_msg/msg/detail/board_parameters__type_support.h
[25.560s] -- Up-to-date: /home/pi/Tinker_Sber/Chellenge-Tinker/install/hardware_msg/include/hardware_msg/hardware_msg/msg/detail/motors_states__functions.h
[25.561s] -- Up-to-date: /home/pi/Tinker_Sber/Chellenge-Tinker/install/hardware_msg/include/hardware_msg/hardware_msg/msg/detail/motor_data__type_support.h
[25.561s] -- Up-to-date: /home/pi/Tinker_Sber/Chellenge-Tinker/install/hardware_msg/include/hardware_msg/hardware_msg/msg/detail/motors_commands__type_support.h
[25.561s] -- Up-to-date: /home/pi/Tinker_Sber/Chellenge-Tinker/install/hardware_msg/include/hardware_msg/hardware_msg/msg/detail/imu_parameters__struct.h
[25.562s] -- Up-to-date: /home/pi/Tinker_Sber/Chellenge-Tinker/install/hardware_msg/include/hardware_msg/hardware_msg/msg/detail/motor_parameters__functions.h
[25.562s] -- Up-to-date: /home/pi/Tinker_Sber/Chellenge-Tinker/install/hardware_msg/include/hardware_msg/hardware_msg/msg/detail/imu_parameters__functions.c
[25.563s] -- Up-to-date: /home/pi/Tinker_Sber/Chellenge-Tinker/install/hardware_msg/include/hardware_msg/hardware_msg/msg/detail/motors_states__functions.c
[25.563s] -- Up-to-date: /home/pi/Tinker_Sber/Chellenge-Tinker/install/hardware_msg/include/hardware_msg/hardware_msg/msg/detail/motors_commands__functions.h
[25.564s] -- Up-to-date: /home/pi/Tinker_Sber/Chellenge-Tinker/install/hardware_msg/include/hardware_msg/hardware_msg/msg/detail/imu__type_support.h
[25.564s] -- Up-to-date: /home/pi/Tinker_Sber/Chellenge-Tinker/install/hardware_msg/include/hardware_msg/hardware_msg/msg/detail/board_parameters__struct.h
[25.564s] -- Up-to-date: /home/pi/Tinker_Sber/Chellenge-Tinker/install/hardware_msg/include/hardware_msg/hardware_msg/msg/detail/motors_commands__struct.h
[25.565s] -- Up-to-date: /home/pi/Tinker_Sber/Chellenge-Tinker/install/hardware_msg/include/hardware_msg/hardware_msg/msg/detail/motors_states__struct.h
[25.565s] -- Up-to-date: /home/pi/Tinker_Sber/Chellenge-Tinker/install/hardware_msg/include/hardware_msg/hardware_msg/msg/detail/motor_parameters__type_support.h
[25.566s] -- Up-to-date: /home/pi/Tinker_Sber/Chellenge-Tinker/install/hardware_msg/include/hardware_msg/hardware_msg/msg/detail/imu_parameters__type_support.h
[25.566s] -- Up-to-date: /home/pi/Tinker_Sber/Chellenge-Tinker/install/hardware_msg/include/hardware_msg/hardware_msg/msg/detail/imu__struct.h
[25.567s] -- Up-to-date: /home/pi/Tinker_Sber/Chellenge-Tinker/install/hardware_msg/include/hardware_msg/hardware_msg/msg/detail/motor_parameters__functions.c
[25.567s] -- Up-to-date: /home/pi/Tinker_Sber/Chellenge-Tinker/install/hardware_msg/include/hardware_msg/hardware_msg/msg/detail/motor_parameters__struct.h
[25.567s] -- Up-to-date: /home/pi/Tinker_Sber/Chellenge-Tinker/install/hardware_msg/include/hardware_msg/hardware_msg/msg/detail/motors_commands__functions.c
[25.568s] -- Up-to-date: /home/pi/Tinker_Sber/Chellenge-Tinker/install/hardware_msg/include/hardware_msg/hardware_msg/msg/detail/imu__functions.h
[25.568s] -- Up-to-date: /home/pi/Tinker_Sber/Chellenge-Tinker/install/hardware_msg/include/hardware_msg/hardware_msg/msg/detail/board_parameters__functions.h
[25.569s] -- Up-to-date: /home/pi/Tinker_Sber/Chellenge-Tinker/install/hardware_msg/include/hardware_msg/hardware_msg/msg/detail/imu__functions.c
[25.569s] -- Up-to-date: /home/pi/Tinker_Sber/Chellenge-Tinker/install/hardware_msg/include/hardware_msg/hardware_msg/msg/detail/motors_states__type_support.h
[25.569s] -- Up-to-date: /home/pi/Tinker_Sber/Chellenge-Tinker/install/hardware_msg/include/hardware_msg/hardware_msg/msg/detail/imu_parameters__functions.h
[25.570s] -- Up-to-date: /home/pi/Tinker_Sber/Chellenge-Tinker/install/hardware_msg/include/hardware_msg/hardware_msg/msg/detail/motor_data__struct.h
[25.570s] -- Up-to-date: /home/pi/Tinker_Sber/Chellenge-Tinker/install/hardware_msg/include/hardware_msg/hardware_msg/msg/detail/motor_data__functions.c
[25.571s] -- Up-to-date: /home/pi/Tinker_Sber/Chellenge-Tinker/install/hardware_msg/include/hardware_msg/hardware_msg/msg/motors_commands.h
[25.571s] -- Up-to-date: /home/pi/Tinker_Sber/Chellenge-Tinker/install/hardware_msg/share/hardware_msg/environment/library_path.sh
[25.571s] -- Installing: /home/pi/Tinker_Sber/Chellenge-Tinker/install/hardware_msg/share/hardware_msg/environment/library_path.dsv
[25.572s] -- Up-to-date: /home/pi/Tinker_Sber/Chellenge-Tinker/install/hardware_msg/lib/libhardware_msg__rosidl_generator_c.so
[25.572s] -- Up-to-date: /home/pi/Tinker_Sber/Chellenge-Tinker/install/hardware_msg/include/hardware_msg/hardware_msg
[25.573s] -- Up-to-date: /home/pi/Tinker_Sber/Chellenge-Tinker/install/hardware_msg/include/hardware_msg/hardware_msg/msg
[25.573s] -- Up-to-date: /home/pi/Tinker_Sber/Chellenge-Tinker/install/hardware_msg/include/hardware_msg/hardware_msg/msg/rosidl_typesupport_fastrtps_c__visibility_control.h
[25.573s] -- Up-to-date: /home/pi/Tinker_Sber/Chellenge-Tinker/install/hardware_msg/include/hardware_msg/hardware_msg/msg/detail
[25.574s] -- Up-to-date: /home/pi/Tinker_Sber/Chellenge-Tinker/install/hardware_msg/include/hardware_msg/hardware_msg/msg/detail/motors_states__rosidl_typesupport_fastrtps_c.h
[25.574s] -- Up-to-date: /home/pi/Tinker_Sber/Chellenge-Tinker/install/hardware_msg/include/hardware_msg/hardware_msg/msg/detail/motors_commands__rosidl_typesupport_fastrtps_c.h
[25.575s] -- Up-to-date: /home/pi/Tinker_Sber/Chellenge-Tinker/install/hardware_msg/include/hardware_msg/hardware_msg/msg/detail/imu_parameters__rosidl_typesupport_fastrtps_c.h
[25.575s] -- Up-to-date: /home/pi/Tinker_Sber/Chellenge-Tinker/install/hardware_msg/include/hardware_msg/hardware_msg/msg/detail/motor_data__rosidl_typesupport_fastrtps_c.h
[25.575s] -- Up-to-date: /home/pi/Tinker_Sber/Chellenge-Tinker/install/hardware_msg/include/hardware_msg/hardware_msg/msg/detail/imu__rosidl_typesupport_fastrtps_c.h
[25.576s] -- Up-to-date: /home/pi/Tinker_Sber/Chellenge-Tinker/install/hardware_msg/include/hardware_msg/hardware_msg/msg/detail/board_parameters__rosidl_typesupport_fastrtps_c.h
[25.576s] -- Up-to-date: /home/pi/Tinker_Sber/Chellenge-Tinker/install/hardware_msg/include/hardware_msg/hardware_msg/msg/detail/motor_parameters__rosidl_typesupport_fastrtps_c.h
[25.577s] -- Up-to-date: /home/pi/Tinker_Sber/Chellenge-Tinker/install/hardware_msg/lib/libhardware_msg__rosidl_typesupport_fastrtps_c.so
[25.579s] -- Up-to-date: /home/pi/Tinker_Sber/Chellenge-Tinker/install/hardware_msg/include/hardware_msg/hardware_msg
[25.579s] -- Up-to-date: /home/pi/Tinker_Sber/Chellenge-Tinker/install/hardware_msg/include/hardware_msg/hardware_msg/msg
[25.580s] -- Up-to-date: /home/pi/Tinker_Sber/Chellenge-Tinker/install/hardware_msg/include/hardware_msg/hardware_msg/msg/motors_commands.hpp
[25.580s] -- Up-to-date: /home/pi/Tinker_Sber/Chellenge-Tinker/install/hardware_msg/include/hardware_msg/hardware_msg/msg/imu_parameters.hpp
[25.581s] -- Up-to-date: /home/pi/Tinker_Sber/Chellenge-Tinker/install/hardware_msg/include/hardware_msg/hardware_msg/msg/motor_data.hpp
[25.581s] -- Up-to-date: /home/pi/Tinker_Sber/Chellenge-Tinker/install/hardware_msg/include/hardware_msg/hardware_msg/msg/imu.hpp
[25.581s] -- Up-to-date: /home/pi/Tinker_Sber/Chellenge-Tinker/install/hardware_msg/include/hardware_msg/hardware_msg/msg/board_parameters.hpp
[25.582s] -- Up-to-date: /home/pi/Tinker_Sber/Chellenge-Tinker/install/hardware_msg/include/hardware_msg/hardware_msg/msg/motor_parameters.hpp
[25.582s] -- Up-to-date: /home/pi/Tinker_Sber/Chellenge-Tinker/install/hardware_msg/include/hardware_msg/hardware_msg/msg/detail
[25.583s] -- Up-to-date: /home/pi/Tinker_Sber/Chellenge-Tinker/install/hardware_msg/include/hardware_msg/hardware_msg/msg/detail/motor_parameters__type_support.hpp
[25.583s] -- Up-to-date: /home/pi/Tinker_Sber/Chellenge-Tinker/install/hardware_msg/include/hardware_msg/hardware_msg/msg/detail/motors_commands__struct.hpp
[25.584s] -- Up-to-date: /home/pi/Tinker_Sber/Chellenge-Tinker/install/hardware_msg/include/hardware_msg/hardware_msg/msg/detail/motors_commands__type_support.hpp
[25.584s] -- Up-to-date: /home/pi/Tinker_Sber/Chellenge-Tinker/install/hardware_msg/include/hardware_msg/hardware_msg/msg/detail/motors_states__type_support.hpp
[25.584s] -- Up-to-date: /home/pi/Tinker_Sber/Chellenge-Tinker/install/hardware_msg/include/hardware_msg/hardware_msg/msg/detail/board_parameters__type_support.hpp
[25.585s] -- Up-to-date: /home/pi/Tinker_Sber/Chellenge-Tinker/install/hardware_msg/include/hardware_msg/hardware_msg/msg/detail/board_parameters__traits.hpp
[25.585s] -- Up-to-date: /home/pi/Tinker_Sber/Chellenge-Tinker/install/hardware_msg/include/hardware_msg/hardware_msg/msg/detail/motor_data__traits.hpp
[25.586s] -- Up-to-date: /home/pi/Tinker_Sber/Chellenge-Tinker/install/hardware_msg/include/hardware_msg/hardware_msg/msg/detail/motors_states__builder.hpp
[25.586s] -- Up-to-date: /home/pi/Tinker_Sber/Chellenge-Tinker/install/hardware_msg/include/hardware_msg/hardware_msg/msg/detail/board_parameters__builder.hpp
[25.586s] -- Up-to-date: /home/pi/Tinker_Sber/Chellenge-Tinker/install/hardware_msg/include/hardware_msg/hardware_msg/msg/detail/motors_states__traits.hpp
[25.587s] -- Up-to-date: /home/pi/Tinker_Sber/Chellenge-Tinker/install/hardware_msg/include/hardware_msg/hardware_msg/msg/detail/motor_data__type_support.hpp
[25.587s] -- Up-to-date: /home/pi/Tinker_Sber/Chellenge-Tinker/install/hardware_msg/include/hardware_msg/hardware_msg/msg/detail/imu__type_support.hpp
[25.588s] -- Up-to-date: /home/pi/Tinker_Sber/Chellenge-Tinker/install/hardware_msg/include/hardware_msg/hardware_msg/msg/detail/motors_commands__builder.hpp
[25.588s] -- Up-to-date: /home/pi/Tinker_Sber/Chellenge-Tinker/install/hardware_msg/include/hardware_msg/hardware_msg/msg/detail/imu__builder.hpp
[25.588s] -- Up-to-date: /home/pi/Tinker_Sber/Chellenge-Tinker/install/hardware_msg/include/hardware_msg/hardware_msg/msg/detail/imu__struct.hpp
[25.589s] -- Up-to-date: /home/pi/Tinker_Sber/Chellenge-Tinker/install/hardware_msg/include/hardware_msg/hardware_msg/msg/detail/motor_parameters__builder.hpp
[25.589s] -- Up-to-date: /home/pi/Tinker_Sber/Chellenge-Tinker/install/hardware_msg/include/hardware_msg/hardware_msg/msg/detail/imu_parameters__traits.hpp
[25.590s] -- Up-to-date: /home/pi/Tinker_Sber/Chellenge-Tinker/install/hardware_msg/include/hardware_msg/hardware_msg/msg/detail/imu__traits.hpp
[25.590s] -- Up-to-date: /home/pi/Tinker_Sber/Chellenge-Tinker/install/hardware_msg/include/hardware_msg/hardware_msg/msg/detail/motor_data__builder.hpp
[25.591s] -- Up-to-date: /home/pi/Tinker_Sber/Chellenge-Tinker/install/hardware_msg/include/hardware_msg/hardware_msg/msg/detail/motors_states__struct.hpp
[25.591s] -- Up-to-date: /home/pi/Tinker_Sber/Chellenge-Tinker/install/hardware_msg/include/hardware_msg/hardware_msg/msg/detail/imu_parameters__type_support.hpp
[25.592s] -- Up-to-date: /home/pi/Tinker_Sber/Chellenge-Tinker/install/hardware_msg/include/hardware_msg/hardware_msg/msg/detail/motor_data__struct.hpp
[25.592s] -- Up-to-date: /home/pi/Tinker_Sber/Chellenge-Tinker/install/hardware_msg/include/hardware_msg/hardware_msg/msg/detail/imu_parameters__struct.hpp
[25.592s] -- Up-to-date: /home/pi/Tinker_Sber/Chellenge-Tinker/install/hardware_msg/include/hardware_msg/hardware_msg/msg/detail/board_parameters__struct.hpp
[25.593s] -- Up-to-date: /home/pi/Tinker_Sber/Chellenge-Tinker/install/hardware_msg/include/hardware_msg/hardware_msg/msg/detail/motor_parameters__struct.hpp
[25.593s] -- Up-to-date: /home/pi/Tinker_Sber/Chellenge-Tinker/install/hardware_msg/include/hardware_msg/hardware_msg/msg/detail/motors_commands__traits.hpp
[25.594s] -- Up-to-date: /home/pi/Tinker_Sber/Chellenge-Tinker/install/hardware_msg/include/hardware_msg/hardware_msg/msg/detail/imu_parameters__builder.hpp
[25.594s] -- Up-to-date: /home/pi/Tinker_Sber/Chellenge-Tinker/install/hardware_msg/include/hardware_msg/hardware_msg/msg/detail/motor_parameters__traits.hpp
[25.594s] -- Up-to-date: /home/pi/Tinker_Sber/Chellenge-Tinker/install/hardware_msg/include/hardware_msg/hardware_msg/msg/rosidl_generator_cpp__visibility_control.hpp
[25.595s] -- Up-to-date: /home/pi/Tinker_Sber/Chellenge-Tinker/install/hardware_msg/include/hardware_msg/hardware_msg/msg/motors_states.hpp
[25.595s] -- Up-to-date: /home/pi/Tinker_Sber/Chellenge-Tinker/install/hardware_msg/include/hardware_msg/hardware_msg
[25.596s] -- Up-to-date: /home/pi/Tinker_Sber/Chellenge-Tinker/install/hardware_msg/include/hardware_msg/hardware_msg/msg
[25.596s] -- Up-to-date: /home/pi/Tinker_Sber/Chellenge-Tinker/install/hardware_msg/include/hardware_msg/hardware_msg/msg/rosidl_typesupport_fastrtps_cpp__visibility_control.h
[25.596s] -- Up-to-date: /home/pi/Tinker_Sber/Chellenge-Tinker/install/hardware_msg/include/hardware_msg/hardware_msg/msg/detail
[25.597s] -- Up-to-date: /home/pi/Tinker_Sber/Chellenge-Tinker/install/hardware_msg/include/hardware_msg/hardware_msg/msg/detail/dds_fastrtps
[25.597s] -- Up-to-date: /home/pi/Tinker_Sber/Chellenge-Tinker/install/hardware_msg/include/hardware_msg/hardware_msg/msg/detail/imu__rosidl_typesupport_fastrtps_cpp.hpp
[25.597s] -- Up-to-date: /home/pi/Tinker_Sber/Chellenge-Tinker/install/hardware_msg/include/hardware_msg/hardware_msg/msg/detail/motors_commands__rosidl_typesupport_fastrtps_cpp.hpp
[25.598s] -- Up-to-date: /home/pi/Tinker_Sber/Chellenge-Tinker/install/hardware_msg/include/hardware_msg/hardware_msg/msg/detail/board_parameters__rosidl_typesupport_fastrtps_cpp.hpp
[25.598s] -- Up-to-date: /home/pi/Tinker_Sber/Chellenge-Tinker/install/hardware_msg/include/hardware_msg/hardware_msg/msg/detail/motor_data__rosidl_typesupport_fastrtps_cpp.hpp
[25.599s] -- Up-to-date: /home/pi/Tinker_Sber/Chellenge-Tinker/install/hardware_msg/include/hardware_msg/hardware_msg/msg/detail/imu_parameters__rosidl_typesupport_fastrtps_cpp.hpp
[25.599s] -- Up-to-date: /home/pi/Tinker_Sber/Chellenge-Tinker/install/hardware_msg/include/hardware_msg/hardware_msg/msg/detail/motor_parameters__rosidl_typesupport_fastrtps_cpp.hpp
[25.599s] -- Up-to-date: /home/pi/Tinker_Sber/Chellenge-Tinker/install/hardware_msg/include/hardware_msg/hardware_msg/msg/detail/motors_states__rosidl_typesupport_fastrtps_cpp.hpp
[25.600s] -- Up-to-date: /home/pi/Tinker_Sber/Chellenge-Tinker/install/hardware_msg/lib/libhardware_msg__rosidl_typesupport_fastrtps_cpp.so
[25.600s] -- Up-to-date: /home/pi/Tinker_Sber/Chellenge-Tinker/install/hardware_msg/include/hardware_msg/hardware_msg
[25.601s] -- Up-to-date: /home/pi/Tinker_Sber/Chellenge-Tinker/install/hardware_msg/include/hardware_msg/hardware_msg/msg
[25.601s] -- Up-to-date: /home/pi/Tinker_Sber/Chellenge-Tinker/install/hardware_msg/include/hardware_msg/hardware_msg/msg/detail
[25.601s] -- Up-to-date: /home/pi/Tinker_Sber/Chellenge-Tinker/install/hardware_msg/include/hardware_msg/hardware_msg/msg/detail/imu__type_support.c
[25.602s] -- Up-to-date: /home/pi/Tinker_Sber/Chellenge-Tinker/install/hardware_msg/include/hardware_msg/hardware_msg/msg/detail/motors_states__type_support.c
[25.602s] -- Up-to-date: /home/pi/Tinker_Sber/Chellenge-Tinker/install/hardware_msg/include/hardware_msg/hardware_msg/msg/detail/motor_data__rosidl_typesupport_introspection_c.h
[25.603s] -- Up-to-date: /home/pi/Tinker_Sber/Chellenge-Tinker/install/hardware_msg/include/hardware_msg/hardware_msg/msg/detail/board_parameters__type_support.c
[25.603s] -- Up-to-date: /home/pi/Tinker_Sber/Chellenge-Tinker/install/hardware_msg/include/hardware_msg/hardware_msg/msg/detail/motor_parameters__rosidl_typesupport_introspection_c.h
[25.604s] -- Up-to-date: /home/pi/Tinker_Sber/Chellenge-Tinker/install/hardware_msg/include/hardware_msg/hardware_msg/msg/detail/imu__rosidl_typesupport_introspection_c.h
[25.604s] -- Up-to-date: /home/pi/Tinker_Sber/Chellenge-Tinker/install/hardware_msg/include/hardware_msg/hardware_msg/msg/detail/imu_parameters__type_support.c
[25.604s] -- Up-to-date: /home/pi/Tinker_Sber/Chellenge-Tinker/install/hardware_msg/include/hardware_msg/hardware_msg/msg/detail/board_parameters__rosidl_typesupport_introspection_c.h
[25.605s] -- Up-to-date: /home/pi/Tinker_Sber/Chellenge-Tinker/install/hardware_msg/include/hardware_msg/hardware_msg/msg/detail/motors_commands__type_support.c
[25.605s] -- Up-to-date: /home/pi/Tinker_Sber/Chellenge-Tinker/install/hardware_msg/include/hardware_msg/hardware_msg/msg/detail/motor_parameters__type_support.c
[25.605s] -- Up-to-date: /home/pi/Tinker_Sber/Chellenge-Tinker/install/hardware_msg/include/hardware_msg/hardware_msg/msg/detail/motors_states__rosidl_typesupport_introspection_c.h
[25.606s] -- Up-to-date: /home/pi/Tinker_Sber/Chellenge-Tinker/install/hardware_msg/include/hardware_msg/hardware_msg/msg/detail/motor_data__type_support.c
[25.606s] -- Up-to-date: /home/pi/Tinker_Sber/Chellenge-Tinker/install/hardware_msg/include/hardware_msg/hardware_msg/msg/detail/imu_parameters__rosidl_typesupport_introspection_c.h
[25.607s] -- Up-to-date: /home/pi/Tinker_Sber/Chellenge-Tinker/install/hardware_msg/include/hardware_msg/hardware_msg/msg/detail/motors_commands__rosidl_typesupport_introspection_c.h
[25.607s] -- Up-to-date: /home/pi/Tinker_Sber/Chellenge-Tinker/install/hardware_msg/include/hardware_msg/hardware_msg/msg/rosidl_typesupport_introspection_c__visibility_control.h
[25.607s] -- Up-to-date: /home/pi/Tinker_Sber/Chellenge-Tinker/install/hardware_msg/lib/libhardware_msg__rosidl_typesupport_introspection_c.so
[25.608s] -- Up-to-date: /home/pi/Tinker_Sber/Chellenge-Tinker/install/hardware_msg/lib/libhardware_msg__rosidl_typesupport_c.so
[25.609s] -- Up-to-date: /home/pi/Tinker_Sber/Chellenge-Tinker/install/hardware_msg/include/hardware_msg/hardware_msg
[25.610s] -- Up-to-date: /home/pi/Tinker_Sber/Chellenge-Tinker/install/hardware_msg/include/hardware_msg/hardware_msg/msg
[25.610s] -- Up-to-date: /home/pi/Tinker_Sber/Chellenge-Tinker/install/hardware_msg/include/hardware_msg/hardware_msg/msg/detail
[25.611s] -- Up-to-date: /home/pi/Tinker_Sber/Chellenge-Tinker/install/hardware_msg/include/hardware_msg/hardware_msg/msg/detail/imu_parameters__rosidl_typesupport_introspection_cpp.hpp
[25.611s] -- Up-to-date: /home/pi/Tinker_Sber/Chellenge-Tinker/install/hardware_msg/include/hardware_msg/hardware_msg/msg/detail/motors_states__rosidl_typesupport_introspection_cpp.hpp
[25.612s] -- Up-to-date: /home/pi/Tinker_Sber/Chellenge-Tinker/install/hardware_msg/include/hardware_msg/hardware_msg/msg/detail/board_parameters__rosidl_typesupport_introspection_cpp.hpp
[25.613s] -- Up-to-date: /home/pi/Tinker_Sber/Chellenge-Tinker/install/hardware_msg/include/hardware_msg/hardware_msg/msg/detail/motors_states__type_support.cpp
[25.613s] -- Up-to-date: /home/pi/Tinker_Sber/Chellenge-Tinker/install/hardware_msg/include/hardware_msg/hardware_msg/msg/detail/motors_commands__rosidl_typesupport_introspection_cpp.hpp
[25.614s] -- Up-to-date: /home/pi/Tinker_Sber/Chellenge-Tinker/install/hardware_msg/include/hardware_msg/hardware_msg/msg/detail/motors_commands__type_support.cpp
[25.615s] -- Up-to-date: /home/pi/Tinker_Sber/Chellenge-Tinker/install/hardware_msg/include/hardware_msg/hardware_msg/msg/detail/motor_data__rosidl_typesupport_introspection_cpp.hpp
[25.615s] -- Up-to-date: /home/pi/Tinker_Sber/Chellenge-Tinker/install/hardware_msg/include/hardware_msg/hardware_msg/msg/detail/imu__type_support.cpp
[25.616s] -- Up-to-date: /home/pi/Tinker_Sber/Chellenge-Tinker/install/hardware_msg/include/hardware_msg/hardware_msg/msg/detail/imu_parameters__type_support.cpp
[25.616s] -- Up-to-date: /home/pi/Tinker_Sber/Chellenge-Tinker/install/hardware_msg/include/hardware_msg/hardware_msg/msg/detail/motor_data__type_support.cpp
[25.616s] -- Up-to-date: /home/pi/Tinker_Sber/Chellenge-Tinker/install/hardware_msg/include/hardware_msg/hardware_msg/msg/detail/board_parameters__type_support.cpp
[25.617s] -- Up-to-date: /home/pi/Tinker_Sber/Chellenge-Tinker/install/hardware_msg/include/hardware_msg/hardware_msg/msg/detail/motor_parameters__rosidl_typesupport_introspection_cpp.hpp
[25.617s] -- Up-to-date: /home/pi/Tinker_Sber/Chellenge-Tinker/install/hardware_msg/include/hardware_msg/hardware_msg/msg/detail/imu__rosidl_typesupport_introspection_cpp.hpp
[25.618s] -- Up-to-date: /home/pi/Tinker_Sber/Chellenge-Tinker/install/hardware_msg/include/hardware_msg/hardware_msg/msg/detail/motor_parameters__type_support.cpp
[25.618s] -- Up-to-date: /home/pi/Tinker_Sber/Chellenge-Tinker/install/hardware_msg/lib/libhardware_msg__rosidl_typesupport_introspection_cpp.so
[25.620s] -- Up-to-date: /home/pi/Tinker_Sber/Chellenge-Tinker/install/hardware_msg/lib/libhardware_msg__rosidl_typesupport_cpp.so
[25.621s] -- Up-to-date: /home/pi/Tinker_Sber/Chellenge-Tinker/install/hardware_msg/share/hardware_msg/environment/pythonpath.sh
[25.621s] -- Installing: /home/pi/Tinker_Sber/Chellenge-Tinker/install/hardware_msg/share/hardware_msg/environment/pythonpath.dsv
[25.623s] -- Up-to-date: /home/pi/Tinker_Sber/Chellenge-Tinker/install/hardware_msg/local/lib/python3.10/dist-packages/hardware_msg-0.0.0-py3.10.egg-info
[25.623s] -- Installing: /home/pi/Tinker_Sber/Chellenge-Tinker/install/hardware_msg/local/lib/python3.10/dist-packages/hardware_msg-0.0.0-py3.10.egg-info/PKG-INFO
[25.625s] -- Installing: /home/pi/Tinker_Sber/Chellenge-Tinker/install/hardware_msg/local/lib/python3.10/dist-packages/hardware_msg-0.0.0-py3.10.egg-info/top_level.txt
[25.626s] -- Installing: /home/pi/Tinker_Sber/Chellenge-Tinker/install/hardware_msg/local/lib/python3.10/dist-packages/hardware_msg-0.0.0-py3.10.egg-info/SOURCES.txt
[25.628s] -- Installing: /home/pi/Tinker_Sber/Chellenge-Tinker/install/hardware_msg/local/lib/python3.10/dist-packages/hardware_msg-0.0.0-py3.10.egg-info/dependency_links.txt
[25.629s] -- Up-to-date: /home/pi/Tinker_Sber/Chellenge-Tinker/install/hardware_msg/local/lib/python3.10/dist-packages/hardware_msg
[25.630s] -- Up-to-date: /home/pi/Tinker_Sber/Chellenge-Tinker/install/hardware_msg/local/lib/python3.10/dist-packages/hardware_msg/libhardware_msg__rosidl_generator_py.so
[25.630s] -- Installing: /home/pi/Tinker_Sber/Chellenge-Tinker/install/hardware_msg/local/lib/python3.10/dist-packages/hardware_msg/__init__.py
[25.632s] -- Up-to-date: /home/pi/Tinker_Sber/Chellenge-Tinker/install/hardware_msg/local/lib/python3.10/dist-packages/hardware_msg/hardware_msg_s__rosidl_typesupport_introspection_c.cpython-310-aarch64-linux-gnu.so
[25.632s] -- Up-to-date: /home/pi/Tinker_Sber/Chellenge-Tinker/install/hardware_msg/local/lib/python3.10/dist-packages/hardware_msg/hardware_msg_s__rosidl_typesupport_c.cpython-310-aarch64-linux-gnu.so
[25.632s] -- Up-to-date: /home/pi/Tinker_Sber/Chellenge-Tinker/install/hardware_msg/local/lib/python3.10/dist-packages/hardware_msg/hardware_msg_s__rosidl_typesupport_fastrtps_c.cpython-310-aarch64-linux-gnu.so
[25.634s] -- Up-to-date: /home/pi/Tinker_Sber/Chellenge-Tinker/install/hardware_msg/local/lib/python3.10/dist-packages/hardware_msg/msg
[25.634s] -- Up-to-date: /home/pi/Tinker_Sber/Chellenge-Tinker/install/hardware_msg/local/lib/python3.10/dist-packages/hardware_msg/msg/_motors_states_s.c
[25.635s] -- Up-to-date: /home/pi/Tinker_Sber/Chellenge-Tinker/install/hardware_msg/local/lib/python3.10/dist-packages/hardware_msg/msg/__init__.py
[25.636s] -- Up-to-date: /home/pi/Tinker_Sber/Chellenge-Tinker/install/hardware_msg/local/lib/python3.10/dist-packages/hardware_msg/msg/_imu_parameters_s.c
[25.636s] -- Up-to-date: /home/pi/Tinker_Sber/Chellenge-Tinker/install/hardware_msg/local/lib/python3.10/dist-packages/hardware_msg/msg/_board_parameters_s.c
[25.636s] -- Up-to-date: /home/pi/Tinker_Sber/Chellenge-Tinker/install/hardware_msg/local/lib/python3.10/dist-packages/hardware_msg/msg/_board_parameters.py
[25.637s] -- Up-to-date: /home/pi/Tinker_Sber/Chellenge-Tinker/install/hardware_msg/local/lib/python3.10/dist-packages/hardware_msg/msg/_motor_data.py
[25.637s] -- Up-to-date: /home/pi/Tinker_Sber/Chellenge-Tinker/install/hardware_msg/local/lib/python3.10/dist-packages/hardware_msg/msg/_motor_parameters_s.c
[25.638s] -- Up-to-date: /home/pi/Tinker_Sber/Chellenge-Tinker/install/hardware_msg/local/lib/python3.10/dist-packages/hardware_msg/msg/_motors_states.py
[25.638s] -- Up-to-date: /home/pi/Tinker_Sber/Chellenge-Tinker/install/hardware_msg/local/lib/python3.10/dist-packages/hardware_msg/msg/_imu.py
[25.639s] -- Up-to-date: /home/pi/Tinker_Sber/Chellenge-Tinker/install/hardware_msg/local/lib/python3.10/dist-packages/hardware_msg/msg/_motors_commands_s.c
[25.639s] -- Up-to-date: /home/pi/Tinker_Sber/Chellenge-Tinker/install/hardware_msg/local/lib/python3.10/dist-packages/hardware_msg/msg/_motor_data_s.c
[25.639s] -- Up-to-date: /home/pi/Tinker_Sber/Chellenge-Tinker/install/hardware_msg/local/lib/python3.10/dist-packages/hardware_msg/msg/_motors_commands.py
[25.640s] -- Up-to-date: /home/pi/Tinker_Sber/Chellenge-Tinker/install/hardware_msg/local/lib/python3.10/dist-packages/hardware_msg/msg/_motor_parameters.py
[25.640s] -- Up-to-date: /home/pi/Tinker_Sber/Chellenge-Tinker/install/hardware_msg/local/lib/python3.10/dist-packages/hardware_msg/msg/_imu_s.c
[25.640s] -- Up-to-date: /home/pi/Tinker_Sber/Chellenge-Tinker/install/hardware_msg/local/lib/python3.10/dist-packages/hardware_msg/msg/_imu_parameters.py
[25.641s] -- Up-to-date: /home/pi/Tinker_Sber/Chellenge-Tinker/install/hardware_msg/local/lib/python3.10/dist-packages/hardware_msg/_hardware_msg_s.ep.rosidl_typesupport_fastrtps_c.c
[25.641s] -- Up-to-date: /home/pi/Tinker_Sber/Chellenge-Tinker/install/hardware_msg/local/lib/python3.10/dist-packages/hardware_msg/_hardware_msg_s.ep.rosidl_typesupport_introspection_c.c
[25.641s] -- Up-to-date: /home/pi/Tinker_Sber/Chellenge-Tinker/install/hardware_msg/local/lib/python3.10/dist-packages/hardware_msg/_hardware_msg_s.ep.rosidl_typesupport_c.c
[25.800s] Listing '/home/pi/Tinker_Sber/Chellenge-Tinker/install/hardware_msg/local/lib/python3.10/dist-packages/hardware_msg'...
[25.801s] Compiling '/home/pi/Tinker_Sber/Chellenge-Tinker/install/hardware_msg/local/lib/python3.10/dist-packages/hardware_msg/__init__.py'...
[25.802s] Listing '/home/pi/Tinker_Sber/Chellenge-Tinker/install/hardware_msg/local/lib/python3.10/dist-packages/hardware_msg/msg'...
[25.825s] -- Up-to-date: /home/pi/Tinker_Sber/Chellenge-Tinker/install/hardware_msg/local/lib/python3.10/dist-packages/hardware_msg/hardware_msg_s__rosidl_typesupport_fastrtps_c.cpython-310-aarch64-linux-gnu.so
[25.828s] -- Up-to-date: /home/pi/Tinker_Sber/Chellenge-Tinker/install/hardware_msg/local/lib/python3.10/dist-packages/hardware_msg/hardware_msg_s__rosidl_typesupport_introspection_c.cpython-310-aarch64-linux-gnu.so
[25.831s] -- Up-to-date: /home/pi/Tinker_Sber/Chellenge-Tinker/install/hardware_msg/local/lib/python3.10/dist-packages/hardware_msg/hardware_msg_s__rosidl_typesupport_c.cpython-310-aarch64-linux-gnu.so
[25.833s] -- Up-to-date: /home/pi/Tinker_Sber/Chellenge-Tinker/install/hardware_msg/lib/libhardware_msg__rosidl_generator_py.so
[25.835s] -- Up-to-date: /home/pi/Tinker_Sber/Chellenge-Tinker/install/hardware_msg/share/hardware_msg/msg/BoardParameters.idl
[25.836s] -- Up-to-date: /home/pi/Tinker_Sber/Chellenge-Tinker/install/hardware_msg/share/hardware_msg/msg/ImuParameters.idl
[25.837s] -- Up-to-date: /home/pi/Tinker_Sber/Chellenge-Tinker/install/hardware_msg/share/hardware_msg/msg/MotorParameters.idl
[25.837s] -- Up-to-date: /home/pi/Tinker_Sber/Chellenge-Tinker/install/hardware_msg/share/hardware_msg/msg/MotorsStates.idl
[25.838s] -- Up-to-date: /home/pi/Tinker_Sber/Chellenge-Tinker/install/hardware_msg/share/hardware_msg/msg/Imu.idl
[25.838s] -- Up-to-date: /home/pi/Tinker_Sber/Chellenge-Tinker/install/hardware_msg/share/hardware_msg/msg/MotorData.idl
[25.839s] -- Up-to-date: /home/pi/Tinker_Sber/Chellenge-Tinker/install/hardware_msg/share/hardware_msg/msg/MotorsCommands.idl
[25.839s] -- Up-to-date: /home/pi/Tinker_Sber/Chellenge-Tinker/install/hardware_msg/share/hardware_msg/msg/BoardParameters.msg
[25.840s] -- Up-to-date: /home/pi/Tinker_Sber/Chellenge-Tinker/install/hardware_msg/share/hardware_msg/msg/ImuParameters.msg
[25.840s] -- Up-to-date: /home/pi/Tinker_Sber/Chellenge-Tinker/install/hardware_msg/share/hardware_msg/msg/MotorParameters.msg
[25.841s] -- Up-to-date: /home/pi/Tinker_Sber/Chellenge-Tinker/install/hardware_msg/share/hardware_msg/msg/MotorsStates.msg
[25.841s] -- Up-to-date: /home/pi/Tinker_Sber/Chellenge-Tinker/install/hardware_msg/share/hardware_msg/msg/Imu.msg
[25.842s] -- Up-to-date: /home/pi/Tinker_Sber/Chellenge-Tinker/install/hardware_msg/share/hardware_msg/msg/MotorData.msg
[25.842s] -- Up-to-date: /home/pi/Tinker_Sber/Chellenge-Tinker/install/hardware_msg/share/hardware_msg/msg/MotorsCommands.msg
[25.843s] -- Up-to-date: /home/pi/Tinker_Sber/Chellenge-Tinker/install/hardware_msg/share/ament_index/resource_index/package_run_dependencies/hardware_msg
[25.843s] -- Up-to-date: /home/pi/Tinker_Sber/Chellenge-Tinker/install/hardware_msg/share/ament_index/resource_index/parent_prefix_path/hardware_msg
[25.843s] -- Up-to-date: /home/pi/Tinker_Sber/Chellenge-Tinker/install/hardware_msg/share/hardware_msg/environment/ament_prefix_path.sh
[25.844s] -- Installing: /home/pi/Tinker_Sber/Chellenge-Tinker/install/hardware_msg/share/hardware_msg/environment/ament_prefix_path.dsv
[25.844s] -- Up-to-date: /home/pi/Tinker_Sber/Chellenge-Tinker/install/hardware_msg/share/hardware_msg/environment/path.sh
[25.845s] -- Installing: /home/pi/Tinker_Sber/Chellenge-Tinker/install/hardware_msg/share/hardware_msg/environment/path.dsv
[25.846s] -- Up-to-date: /home/pi/Tinker_Sber/Chellenge-Tinker/install/hardware_msg/share/hardware_msg/local_setup.bash
[25.847s] -- Up-to-date: /home/pi/Tinker_Sber/Chellenge-Tinker/install/hardware_msg/share/hardware_msg/local_setup.sh
[25.847s] -- Up-to-date: /home/pi/Tinker_Sber/Chellenge-Tinker/install/hardware_msg/share/hardware_msg/local_setup.zsh
[25.848s] -- Installing: /home/pi/Tinker_Sber/Chellenge-Tinker/install/hardware_msg/share/hardware_msg/local_setup.dsv
[25.849s] -- Installing: /home/pi/Tinker_Sber/Chellenge-Tinker/install/hardware_msg/share/hardware_msg/package.dsv
[25.850s] -- Up-to-date: /home/pi/Tinker_Sber/Chellenge-Tinker/install/hardware_msg/share/ament_index/resource_index/packages/hardware_msg
[25.851s] -- Up-to-date: /home/pi/Tinker_Sber/Chellenge-Tinker/install/hardware_msg/share/hardware_msg/cmake/export_hardware_msg__rosidl_generator_cExport.cmake
[25.852s] -- Up-to-date: /home/pi/Tinker_Sber/Chellenge-Tinker/install/hardware_msg/share/hardware_msg/cmake/export_hardware_msg__rosidl_generator_cExport-noconfig.cmake
[25.853s] -- Up-to-date: /home/pi/Tinker_Sber/Chellenge-Tinker/install/hardware_msg/share/hardware_msg/cmake/export_hardware_msg__rosidl_typesupport_fastrtps_cExport.cmake
[25.853s] -- Up-to-date: /home/pi/Tinker_Sber/Chellenge-Tinker/install/hardware_msg/share/hardware_msg/cmake/export_hardware_msg__rosidl_typesupport_fastrtps_cExport-noconfig.cmake
[25.854s] -- Up-to-date: /home/pi/Tinker_Sber/Chellenge-Tinker/install/hardware_msg/share/hardware_msg/cmake/export_hardware_msg__rosidl_generator_cppExport.cmake
[25.858s] -- Up-to-date: /home/pi/Tinker_Sber/Chellenge-Tinker/install/hardware_msg/share/hardware_msg/cmake/export_hardware_msg__rosidl_typesupport_fastrtps_cppExport.cmake
[25.859s] -- Up-to-date: /home/pi/Tinker_Sber/Chellenge-Tinker/install/hardware_msg/share/hardware_msg/cmake/export_hardware_msg__rosidl_typesupport_fastrtps_cppExport-noconfig.cmake
[25.860s] -- Up-to-date: /home/pi/Tinker_Sber/Chellenge-Tinker/install/hardware_msg/share/hardware_msg/cmake/hardware_msg__rosidl_typesupport_introspection_cExport.cmake
[25.860s] -- Up-to-date: /home/pi/Tinker_Sber/Chellenge-Tinker/install/hardware_msg/share/hardware_msg/cmake/hardware_msg__rosidl_typesupport_introspection_cExport-noconfig.cmake
[25.861s] -- Up-to-date: /home/pi/Tinker_Sber/Chellenge-Tinker/install/hardware_msg/share/hardware_msg/cmake/hardware_msg__rosidl_typesupport_cExport.cmake
[25.862s] -- Up-to-date: /home/pi/Tinker_Sber/Chellenge-Tinker/install/hardware_msg/share/hardware_msg/cmake/hardware_msg__rosidl_typesupport_cExport-noconfig.cmake
[25.863s] -- Up-to-date: /home/pi/Tinker_Sber/Chellenge-Tinker/install/hardware_msg/share/hardware_msg/cmake/hardware_msg__rosidl_typesupport_introspection_cppExport.cmake
[25.863s] -- Up-to-date: /home/pi/Tinker_Sber/Chellenge-Tinker/install/hardware_msg/share/hardware_msg/cmake/hardware_msg__rosidl_typesupport_introspection_cppExport-noconfig.cmake
[25.864s] -- Up-to-date: /home/pi/Tinker_Sber/Chellenge-Tinker/install/hardware_msg/share/hardware_msg/cmake/hardware_msg__rosidl_typesupport_cppExport.cmake
[25.865s] -- Up-to-date: /home/pi/Tinker_Sber/Chellenge-Tinker/install/hardware_msg/share/hardware_msg/cmake/hardware_msg__rosidl_typesupport_cppExport-noconfig.cmake
[25.866s] -- Up-to-date: /home/pi/Tinker_Sber/Chellenge-Tinker/install/hardware_msg/share/hardware_msg/cmake/export_hardware_msg__rosidl_generator_pyExport.cmake
[25.866s] -- Up-to-date: /home/pi/Tinker_Sber/Chellenge-Tinker/install/hardware_msg/share/hardware_msg/cmake/export_hardware_msg__rosidl_generator_pyExport-noconfig.cmake
[25.867s] -- Up-to-date: /home/pi/Tinker_Sber/Chellenge-Tinker/install/hardware_msg/share/hardware_msg/cmake/rosidl_cmake-extras.cmake
[25.868s] -- Up-to-date: /home/pi/Tinker_Sber/Chellenge-Tinker/install/hardware_msg/share/hardware_msg/cmake/ament_cmake_export_include_directories-extras.cmake
[25.868s] -- Up-to-date: /home/pi/Tinker_Sber/Chellenge-Tinker/install/hardware_msg/share/hardware_msg/cmake/ament_cmake_export_libraries-extras.cmake
[25.869s] -- Up-to-date: /home/pi/Tinker_Sber/Chellenge-Tinker/install/hardware_msg/share/hardware_msg/cmake/ament_cmake_export_targets-extras.cmake
[25.869s] -- Up-to-date: /home/pi/Tinker_Sber/Chellenge-Tinker/install/hardware_msg/share/hardware_msg/cmake/rosidl_cmake_export_typesupport_targets-extras.cmake
[25.870s] -- Up-to-date: /home/pi/Tinker_Sber/Chellenge-Tinker/install/hardware_msg/share/hardware_msg/cmake/ament_cmake_export_dependencies-extras.cmake
[25.870s] -- Up-to-date: /home/pi/Tinker_Sber/Chellenge-Tinker/install/hardware_msg/share/hardware_msg/cmake/rosidl_cmake_export_typesupport_libraries-extras.cmake
[25.871s] -- Up-to-date: /home/pi/Tinker_Sber/Chellenge-Tinker/install/hardware_msg/share/hardware_msg/cmake/hardware_msgConfig.cmake
[25.871s] -- Up-to-date: /home/pi/Tinker_Sber/Chellenge-Tinker/install/hardware_msg/share/hardware_msg/cmake/hardware_msgConfig-version.cmake
[25.872s] -- Up-to-date: /home/pi/Tinker_Sber/Chellenge-Tinker/install/hardware_msg/share/hardware_msg/package.xml
[25.878s] Invoked command in '/home/pi/Tinker_Sber/Chellenge-Tinker/build/hardware_msg' returned '0': CMAKE_PREFIX_PATH=${CMAKE_PREFIX_PATH}:/opt/ros/humble /usr/bin/cmake --install /home/pi/Tinker_Sber/Chellenge-Tinker/build/hardware_msg
