[0.024s] Invoking command in '/home/dmitrytorov/Tinker_ros2/build/Tinker': CMAKE_PREFIX_PATH=${CMAKE_PREFIX_PATH}:/home/dmitrytorov/turtlebot3_ws/install/turtlebot3_teleop:/home/dmitrytorov/turtlebot3_ws/install/turtlebot3_example:/home/dmitrytorov/ros2_learners/install/robot_math:/home/dmitrytorov/ros2_learners/install/ai_assitance:/home/dmitrytorov/pass_course_part1/install/twist_converter:/home/dmitrytorov/pass_course_part1/install/my_two_wheel_robot:/home/dmitrytorov/pass_course_part1/install/my_path_publisher:/home/dmitrytorov/pass_course_part1/install/my_fake_lidar:/opt/ros/humble /usr/bin/cmake --build /home/dmitrytorov/Tinker_ros2/build/Tinker -- -j12 -l12
[0.072s] Invoked command in '/home/dmitrytorov/Tinker_ros2/build/Tinker' returned '0': CMAKE_PREFIX_PATH=${CMAKE_PREFIX_PATH}:/home/dmitrytorov/turtlebot3_ws/install/turtlebot3_teleop:/home/dmitrytorov/turtlebot3_ws/install/turtlebot3_example:/home/dmitrytorov/ros2_learners/install/robot_math:/home/dmitrytorov/ros2_learners/install/ai_assitance:/home/dmitrytorov/pass_course_part1/install/twist_converter:/home/dmitrytorov/pass_course_part1/install/my_two_wheel_robot:/home/dmitrytorov/pass_course_part1/install/my_path_publisher:/home/dmitrytorov/pass_course_part1/install/my_fake_lidar:/opt/ros/humble /usr/bin/cmake --build /home/dmitrytorov/Tinker_ros2/build/Tinker -- -j12 -l12
[0.084s] Invoking command in '/home/dmitrytorov/Tinker_ros2/build/Tinker': CMAKE_PREFIX_PATH=${CMAKE_PREFIX_PATH}:/home/dmitrytorov/turtlebot3_ws/install/turtlebot3_teleop:/home/dmitrytorov/turtlebot3_ws/install/turtlebot3_example:/home/dmitrytorov/ros2_learners/install/robot_math:/home/dmitrytorov/ros2_learners/install/ai_assitance:/home/dmitrytorov/pass_course_part1/install/twist_converter:/home/dmitrytorov/pass_course_part1/install/my_two_wheel_robot:/home/dmitrytorov/pass_course_part1/install/my_path_publisher:/home/dmitrytorov/pass_course_part1/install/my_fake_lidar:/opt/ros/humble /usr/bin/cmake --install /home/dmitrytorov/Tinker_ros2/build/Tinker
[0.093s] -- Install configuration: ""
[0.093s] -- Up-to-date: /home/dmitrytorov/Tinker_ros2/install/Tinker/share/Tinker/launch
[0.093s] -- Up-to-date: /home/dmitrytorov/Tinker_ros2/install/Tinker/share/Tinker/launch/description.launch.py
[0.093s] -- Up-to-date: /home/dmitrytorov/Tinker_ros2/install/Tinker/share/Tinker/urdf
[0.093s] -- Up-to-date: /home/dmitrytorov/Tinker_ros2/install/Tinker/share/Tinker/urdf/tinker.urdf.xacro
[0.093s] -- Installing: /home/dmitrytorov/Tinker_ros2/install/Tinker/share/Tinker/urdf/tinker_1.urdf.xacro
[0.094s] -- Up-to-date: /home/dmitrytorov/Tinker_ros2/install/Tinker/share/Tinker/config
[0.094s] -- Up-to-date: /home/dmitrytorov/Tinker_ros2/install/Tinker/share/Tinker/config/joint_names_tinker_urdf.yaml
[0.094s] -- Up-to-date: /home/dmitrytorov/Tinker_ros2/install/Tinker/share/Tinker/rviz
[0.094s] -- Up-to-date: /home/dmitrytorov/Tinker_ros2/install/Tinker/share/Tinker/meshes
[0.094s] -- Up-to-date: /home/dmitrytorov/Tinker_ros2/install/Tinker/share/Tinker/meshes/link_r_ankle.STL
[0.094s] -- Up-to-date: /home/dmitrytorov/Tinker_ros2/install/Tinker/share/Tinker/meshes/link_l_ankle.STL
[0.094s] -- Up-to-date: /home/dmitrytorov/Tinker_ros2/install/Tinker/share/Tinker/meshes/link_r_knee.STL
[0.094s] -- Up-to-date: /home/dmitrytorov/Tinker_ros2/install/Tinker/share/Tinker/meshes/link_l_pitch.STL
[0.094s] -- Up-to-date: /home/dmitrytorov/Tinker_ros2/install/Tinker/share/Tinker/meshes/base_link.STL
[0.094s] -- Up-to-date: /home/dmitrytorov/Tinker_ros2/install/Tinker/share/Tinker/meshes/link_r_yaw.STL
[0.094s] -- Up-to-date: /home/dmitrytorov/Tinker_ros2/install/Tinker/share/Tinker/meshes/link_l_yaw.STL
[0.094s] -- Up-to-date: /home/dmitrytorov/Tinker_ros2/install/Tinker/share/Tinker/meshes/link_l_roll.STL
[0.095s] -- Up-to-date: /home/dmitrytorov/Tinker_ros2/install/Tinker/share/Tinker/meshes/link_l_knee.STL
[0.095s] -- Up-to-date: /home/dmitrytorov/Tinker_ros2/install/Tinker/share/Tinker/meshes/link_r_roll.STL
[0.095s] -- Up-to-date: /home/dmitrytorov/Tinker_ros2/install/Tinker/share/Tinker/meshes/link_r_pitch.STL
[0.095s] -- Up-to-date: /home/dmitrytorov/Tinker_ros2/install/Tinker/share/Tinker/worlds
[0.095s] -- Up-to-date: /home/dmitrytorov/Tinker_ros2/install/Tinker/share/ament_index/resource_index/package_run_dependencies/Tinker
[0.095s] -- Up-to-date: /home/dmitrytorov/Tinker_ros2/install/Tinker/share/ament_index/resource_index/parent_prefix_path/Tinker
[0.095s] -- Up-to-date: /home/dmitrytorov/Tinker_ros2/install/Tinker/share/Tinker/environment/ament_prefix_path.sh
[0.095s] -- Up-to-date: /home/dmitrytorov/Tinker_ros2/install/Tinker/share/Tinker/environment/ament_prefix_path.dsv
[0.095s] -- Up-to-date: /home/dmitrytorov/Tinker_ros2/install/Tinker/share/Tinker/environment/path.sh
[0.095s] -- Up-to-date: /home/dmitrytorov/Tinker_ros2/install/Tinker/share/Tinker/environment/path.dsv
[0.095s] -- Up-to-date: /home/dmitrytorov/Tinker_ros2/install/Tinker/share/Tinker/local_setup.bash
[0.095s] -- Up-to-date: /home/dmitrytorov/Tinker_ros2/install/Tinker/share/Tinker/local_setup.sh
[0.095s] -- Up-to-date: /home/dmitrytorov/Tinker_ros2/install/Tinker/share/Tinker/local_setup.zsh
[0.095s] -- Up-to-date: /home/dmitrytorov/Tinker_ros2/install/Tinker/share/Tinker/local_setup.dsv
[0.095s] -- Installing: /home/dmitrytorov/Tinker_ros2/install/Tinker/share/Tinker/package.dsv
[0.096s] -- Up-to-date: /home/dmitrytorov/Tinker_ros2/install/Tinker/share/ament_index/resource_index/packages/Tinker
[0.096s] -- Up-to-date: /home/dmitrytorov/Tinker_ros2/install/Tinker/share/Tinker/cmake/TinkerConfig.cmake
[0.096s] -- Up-to-date: /home/dmitrytorov/Tinker_ros2/install/Tinker/share/Tinker/cmake/TinkerConfig-version.cmake
[0.096s] -- Up-to-date: /home/dmitrytorov/Tinker_ros2/install/Tinker/share/Tinker/package.xml
[0.097s] Invoked command in '/home/dmitrytorov/Tinker_ros2/build/Tinker' returned '0': CMAKE_PREFIX_PATH=${CMAKE_PREFIX_PATH}:/home/dmitrytorov/turtlebot3_ws/install/turtlebot3_teleop:/home/dmitrytorov/turtlebot3_ws/install/turtlebot3_example:/home/dmitrytorov/ros2_learners/install/robot_math:/home/dmitrytorov/ros2_learners/install/ai_assitance:/home/dmitrytorov/pass_course_part1/install/twist_converter:/home/dmitrytorov/pass_course_part1/install/my_two_wheel_robot:/home/dmitrytorov/pass_course_part1/install/my_path_publisher:/home/dmitrytorov/pass_course_part1/install/my_fake_lidar:/opt/ros/humble /usr/bin/cmake --install /home/dmitrytorov/Tinker_ros2/build/Tinker
