[0.180s] DEBUG:colcon:Command line arguments: ['/usr/bin/colcon', 'build']
[0.180s] DEBUG:colcon:Parsed command line arguments: Namespace(log_base=None, log_level=None, verb_name='build', build_base='build', install_base='install', merge_install=False, symlink_install=False, test_result_base=None, continue_on_error=False, executor='parallel', parallel_workers=12, event_handlers=None, ignore_user_meta=False, metas=['./colcon.meta'], base_paths=['.'], packages_ignore=None, packages_ignore_regex=None, paths=None, packages_up_to=None, packages_up_to_regex=None, packages_above=None, packages_above_and_dependencies=None, packages_above_depth=None, packages_select_by_dep=None, packages_skip_by_dep=None, packages_skip_up_to=None, packages_select_build_failed=False, packages_skip_build_finished=False, packages_select_test_failures=False, packages_skip_test_passed=False, packages_select=None, packages_skip=None, packages_select_regex=None, packages_skip_regex=None, packages_start=None, packages_end=None, allow_overriding=[], cmake_args=None, cmake_target=None, cmake_target_skip_unavailable=False, cmake_clean_cache=False, cmake_clean_first=False, cmake_force_configure=False, ament_cmake_args=None, catkin_cmake_args=None, catkin_skip_building_tests=False, verb_parser=<colcon_defaults.argument_parser.defaults.DefaultArgumentsDecorator object at 0x7fee7422f830>, verb_extension=<colcon_core.verb.build.BuildVerb object at 0x7fee7422f470>, main=<bound method BuildVerb.main of <colcon_core.verb.build.BuildVerb object at 0x7fee7422f470>>)
[0.227s] Level 1:colcon.colcon_core.package_discovery:discover_packages(colcon_meta) check parameters
[0.228s] Level 1:colcon.colcon_core.package_discovery:discover_packages(recursive) check parameters
[0.228s] Level 1:colcon.colcon_core.package_discovery:discover_packages(ignore) check parameters
[0.228s] Level 1:colcon.colcon_core.package_discovery:discover_packages(path) check parameters
[0.228s] Level 1:colcon.colcon_core.package_discovery:discover_packages(colcon_meta) discover
[0.229s] Level 1:colcon.colcon_core.package_discovery:discover_packages(recursive) discover
[0.229s] INFO:colcon.colcon_core.package_discovery:Crawling recursively for packages in '/mnt/c/tinker/Tinker_Sber'
[0.230s] Level 1:colcon.colcon_core.package_identification:_identify(.) by extensions ['ignore', 'ignore_ament_install']
[0.230s] Level 1:colcon.colcon_core.package_identification:_identify(.) by extension 'ignore'
[0.231s] Level 1:colcon.colcon_core.package_identification:_identify(.) by extension 'ignore_ament_install'
[0.231s] Level 1:colcon.colcon_core.package_identification:_identify(.) by extensions ['colcon_pkg']
[0.231s] Level 1:colcon.colcon_core.package_identification:_identify(.) by extension 'colcon_pkg'
[0.232s] Level 1:colcon.colcon_core.package_identification:_identify(.) by extensions ['colcon_meta']
[0.232s] Level 1:colcon.colcon_core.package_identification:_identify(.) by extension 'colcon_meta'
[0.232s] Level 1:colcon.colcon_core.package_identification:_identify(.) by extensions ['ros']
[0.232s] Level 1:colcon.colcon_core.package_identification:_identify(.) by extension 'ros'
[0.254s] Level 1:colcon.colcon_core.package_identification:_identify(.) by extensions ['cmake', 'python']
[0.255s] Level 1:colcon.colcon_core.package_identification:_identify(.) by extension 'cmake'
[0.255s] Level 1:colcon.colcon_core.package_identification:_identify(.) by extension 'python'
[0.256s] Level 1:colcon.colcon_core.package_identification:_identify(.) by extensions ['python_setup_py']
[0.256s] Level 1:colcon.colcon_core.package_identification:_identify(.) by extension 'python_setup_py'
[0.258s] Level 1:colcon.colcon_core.package_identification:_identify(Chellenge-Tinker) by extensions ['ignore', 'ignore_ament_install']
[0.258s] Level 1:colcon.colcon_core.package_identification:_identify(Chellenge-Tinker) by extension 'ignore'
[0.259s] Level 1:colcon.colcon_core.package_identification:_identify(Chellenge-Tinker) by extension 'ignore_ament_install'
[0.260s] Level 1:colcon.colcon_core.package_identification:_identify(Chellenge-Tinker) by extensions ['colcon_pkg']
[0.260s] Level 1:colcon.colcon_core.package_identification:_identify(Chellenge-Tinker) by extension 'colcon_pkg'
[0.261s] Level 1:colcon.colcon_core.package_identification:_identify(Chellenge-Tinker) by extensions ['colcon_meta']
[0.261s] Level 1:colcon.colcon_core.package_identification:_identify(Chellenge-Tinker) by extension 'colcon_meta'
[0.262s] Level 1:colcon.colcon_core.package_identification:_identify(Chellenge-Tinker) by extensions ['ros']
[0.262s] Level 1:colcon.colcon_core.package_identification:_identify(Chellenge-Tinker) by extension 'ros'
[0.264s] Level 1:colcon.colcon_core.package_identification:_identify(Chellenge-Tinker) by extensions ['cmake', 'python']
[0.264s] Level 1:colcon.colcon_core.package_identification:_identify(Chellenge-Tinker) by extension 'cmake'
[0.265s] Level 1:colcon.colcon_core.package_identification:_identify(Chellenge-Tinker) by extension 'python'
[0.266s] Level 1:colcon.colcon_core.package_identification:_identify(Chellenge-Tinker) by extensions ['python_setup_py']
[0.266s] Level 1:colcon.colcon_core.package_identification:_identify(Chellenge-Tinker) by extension 'python_setup_py'
[0.269s] Level 1:colcon.colcon_core.package_identification:_identify(Chellenge-Tinker/hardware_msg) by extensions ['ignore', 'ignore_ament_install']
[0.270s] Level 1:colcon.colcon_core.package_identification:_identify(Chellenge-Tinker/hardware_msg) by extension 'ignore'
[0.271s] Level 1:colcon.colcon_core.package_identification:_identify(Chellenge-Tinker/hardware_msg) by extension 'ignore_ament_install'
[0.273s] Level 1:colcon.colcon_core.package_identification:_identify(Chellenge-Tinker/hardware_msg) by extensions ['colcon_pkg']
[0.273s] Level 1:colcon.colcon_core.package_identification:_identify(Chellenge-Tinker/hardware_msg) by extension 'colcon_pkg'
[0.274s] Level 1:colcon.colcon_core.package_identification:_identify(Chellenge-Tinker/hardware_msg) by extensions ['colcon_meta']
[0.274s] Level 1:colcon.colcon_core.package_identification:_identify(Chellenge-Tinker/hardware_msg) by extension 'colcon_meta'
[0.275s] Level 1:colcon.colcon_core.package_identification:_identify(Chellenge-Tinker/hardware_msg) by extensions ['ros']
[0.275s] Level 1:colcon.colcon_core.package_identification:_identify(Chellenge-Tinker/hardware_msg) by extension 'ros'
[0.288s] DEBUG:colcon.colcon_core.package_identification:Package 'Chellenge-Tinker/hardware_msg' with type 'ros.ament_cmake' and name 'hardware_msg'
[0.291s] Level 1:colcon.colcon_core.package_identification:_identify(Chellenge-Tinker/motor_commander) by extensions ['ignore', 'ignore_ament_install']
[0.291s] Level 1:colcon.colcon_core.package_identification:_identify(Chellenge-Tinker/motor_commander) by extension 'ignore'
[0.292s] Level 1:colcon.colcon_core.package_identification:_identify(Chellenge-Tinker/motor_commander) by extension 'ignore_ament_install'
[0.294s] Level 1:colcon.colcon_core.package_identification:_identify(Chellenge-Tinker/motor_commander) by extensions ['colcon_pkg']
[0.294s] Level 1:colcon.colcon_core.package_identification:_identify(Chellenge-Tinker/motor_commander) by extension 'colcon_pkg'
[0.295s] Level 1:colcon.colcon_core.package_identification:_identify(Chellenge-Tinker/motor_commander) by extensions ['colcon_meta']
[0.295s] Level 1:colcon.colcon_core.package_identification:_identify(Chellenge-Tinker/motor_commander) by extension 'colcon_meta'
[0.297s] Level 1:colcon.colcon_core.package_identification:_identify(Chellenge-Tinker/motor_commander) by extensions ['ros']
[0.297s] Level 1:colcon.colcon_core.package_identification:_identify(Chellenge-Tinker/motor_commander) by extension 'ros'
[0.305s] DEBUG:colcon.colcon_core.package_identification:Package 'Chellenge-Tinker/motor_commander' with type 'ros.ament_python' and name 'motor_commander'
[0.308s] Level 1:colcon.colcon_core.package_identification:_identify(Chellenge-Tinker/motor_control) by extensions ['ignore', 'ignore_ament_install']
[0.308s] Level 1:colcon.colcon_core.package_identification:_identify(Chellenge-Tinker/motor_control) by extension 'ignore'
[0.309s] Level 1:colcon.colcon_core.package_identification:_identify(Chellenge-Tinker/motor_control) by extension 'ignore_ament_install'
[0.310s] Level 1:colcon.colcon_core.package_identification:_identify(Chellenge-Tinker/motor_control) by extensions ['colcon_pkg']
[0.310s] Level 1:colcon.colcon_core.package_identification:_identify(Chellenge-Tinker/motor_control) by extension 'colcon_pkg'
[0.311s] Level 1:colcon.colcon_core.package_identification:_identify(Chellenge-Tinker/motor_control) by extensions ['colcon_meta']
[0.311s] Level 1:colcon.colcon_core.package_identification:_identify(Chellenge-Tinker/motor_control) by extension 'colcon_meta'
[0.312s] Level 1:colcon.colcon_core.package_identification:_identify(Chellenge-Tinker/motor_control) by extensions ['ros']
[0.312s] Level 1:colcon.colcon_core.package_identification:_identify(Chellenge-Tinker/motor_control) by extension 'ros'
[0.324s] DEBUG:colcon.colcon_core.package_identification:Package 'Chellenge-Tinker/motor_control' with type 'ros.ament_cmake' and name 'motor_control'
[0.327s] Level 1:colcon.colcon_core.package_identification:_identify(Chellenge-Tinker/tinker_description) by extensions ['ignore', 'ignore_ament_install']
[0.327s] Level 1:colcon.colcon_core.package_identification:_identify(Chellenge-Tinker/tinker_description) by extension 'ignore'
[0.328s] Level 1:colcon.colcon_core.package_identification:_identify(Chellenge-Tinker/tinker_description) by extension 'ignore_ament_install'
[0.330s] Level 1:colcon.colcon_core.package_identification:_identify(Chellenge-Tinker/tinker_description) by extensions ['colcon_pkg']
[0.330s] Level 1:colcon.colcon_core.package_identification:_identify(Chellenge-Tinker/tinker_description) by extension 'colcon_pkg'
[0.331s] Level 1:colcon.colcon_core.package_identification:_identify(Chellenge-Tinker/tinker_description) by extensions ['colcon_meta']
[0.331s] Level 1:colcon.colcon_core.package_identification:_identify(Chellenge-Tinker/tinker_description) by extension 'colcon_meta'
[0.333s] Level 1:colcon.colcon_core.package_identification:_identify(Chellenge-Tinker/tinker_description) by extensions ['ros']
[0.333s] Level 1:colcon.colcon_core.package_identification:_identify(Chellenge-Tinker/tinker_description) by extension 'ros'
[0.341s] DEBUG:colcon.colcon_core.package_identification:Package 'Chellenge-Tinker/tinker_description' with type 'ros.ament_cmake' and name 'tinker_description'
[0.342s] Level 1:colcon.colcon_core.package_identification:_identify(build) by extensions ['ignore', 'ignore_ament_install']
[0.343s] Level 1:colcon.colcon_core.package_identification:_identify(build) by extension 'ignore'
[0.343s] Level 1:colcon.colcon_core.package_identification:_identify(build) ignored
[0.345s] Level 1:colcon.colcon_core.package_identification:_identify(install) by extensions ['ignore', 'ignore_ament_install']
[0.345s] Level 1:colcon.colcon_core.package_identification:_identify(install) by extension 'ignore'
[0.346s] Level 1:colcon.colcon_core.package_identification:_identify(install) ignored
[0.348s] Level 1:colcon.colcon_core.package_identification:_identify(log) by extensions ['ignore', 'ignore_ament_install']
[0.349s] Level 1:colcon.colcon_core.package_identification:_identify(log) by extension 'ignore'
[0.349s] Level 1:colcon.colcon_core.package_identification:_identify(log) ignored
[0.349s] Level 1:colcon.colcon_core.package_discovery:discover_packages(recursive) using defaults
[0.349s] Level 1:colcon.colcon_core.package_discovery:discover_packages(ignore) discover
[0.350s] Level 1:colcon.colcon_core.package_discovery:discover_packages(ignore) using defaults
[0.350s] Level 1:colcon.colcon_core.package_discovery:discover_packages(path) discover
[0.350s] Level 1:colcon.colcon_core.package_discovery:discover_packages(path) using defaults
[0.373s] Level 1:colcon.colcon_core.package_discovery:discover_packages(prefix_path) check parameters
[0.374s] Level 1:colcon.colcon_core.package_discovery:discover_packages(prefix_path) discover
[0.375s] WARNING:colcon.colcon_ros.prefix_path.ament:The path '/mnt/c/tinker/Tinker_Sber/install/tinker_gui' in the environment variable AMENT_PREFIX_PATH doesn't exist
[0.376s] WARNING:colcon.colcon_ros.prefix_path.ament:The path '/mnt/c/tinker/Tinker_Sber/install/tinker_description' in the environment variable AMENT_PREFIX_PATH doesn't exist
[0.377s] WARNING:colcon.colcon_ros.prefix_path.ament:The path '/mnt/c/tinker/Tinker_Sber/install/motor_control' in the environment variable AMENT_PREFIX_PATH doesn't exist
[0.377s] WARNING:colcon.colcon_ros.prefix_path.ament:The path '/mnt/c/tinker/Tinker_Sber/install/motor_commander' in the environment variable AMENT_PREFIX_PATH doesn't exist
[0.378s] WARNING:colcon.colcon_ros.prefix_path.ament:The path '/mnt/c/tinker/Tinker_Sber/install/hardware_msg' in the environment variable AMENT_PREFIX_PATH doesn't exist
[0.378s] WARNING:colcon.colcon_ros.prefix_path.catkin:The path '/mnt/c/tinker/Tinker_Sber/install/tinker_gui' in the environment variable CMAKE_PREFIX_PATH doesn't exist
[0.379s] WARNING:colcon.colcon_ros.prefix_path.catkin:The path '/mnt/c/tinker/Tinker_Sber/install/tinker_description' in the environment variable CMAKE_PREFIX_PATH doesn't exist
[0.380s] WARNING:colcon.colcon_ros.prefix_path.catkin:The path '/mnt/c/tinker/Tinker_Sber/install/motor_control' in the environment variable CMAKE_PREFIX_PATH doesn't exist
[0.380s] WARNING:colcon.colcon_ros.prefix_path.catkin:The path '/mnt/c/tinker/Tinker_Sber/install/hardware_msg' in the environment variable CMAKE_PREFIX_PATH doesn't exist
[0.388s] DEBUG:colcon.colcon_installed_package_information.package_discovery:Found 0 installed packages in /mnt/c/tinker/Tinker_Sber/install
[0.390s] DEBUG:colcon.colcon_installed_package_information.package_discovery:Found 308 installed packages in /opt/ros/jazzy
[0.391s] Level 1:colcon.colcon_core.package_discovery:discover_packages(prefix_path) using defaults
[0.426s] Level 5:colcon.colcon_core.verb:set package 'hardware_msg' build argument 'cmake_args' from command line to 'None'
[0.426s] Level 5:colcon.colcon_core.verb:set package 'hardware_msg' build argument 'cmake_target' from command line to 'None'
[0.426s] Level 5:colcon.colcon_core.verb:set package 'hardware_msg' build argument 'cmake_target_skip_unavailable' from command line to 'False'
[0.427s] Level 5:colcon.colcon_core.verb:set package 'hardware_msg' build argument 'cmake_clean_cache' from command line to 'False'
[0.427s] Level 5:colcon.colcon_core.verb:set package 'hardware_msg' build argument 'cmake_clean_first' from command line to 'False'
[0.427s] Level 5:colcon.colcon_core.verb:set package 'hardware_msg' build argument 'cmake_force_configure' from command line to 'False'
[0.427s] Level 5:colcon.colcon_core.verb:set package 'hardware_msg' build argument 'ament_cmake_args' from command line to 'None'
[0.427s] Level 5:colcon.colcon_core.verb:set package 'hardware_msg' build argument 'catkin_cmake_args' from command line to 'None'
[0.427s] Level 5:colcon.colcon_core.verb:set package 'hardware_msg' build argument 'catkin_skip_building_tests' from command line to 'False'
[0.427s] DEBUG:colcon.colcon_core.verb:Building package 'hardware_msg' with the following arguments: {'ament_cmake_args': None, 'build_base': '/mnt/c/tinker/Tinker_Sber/build/hardware_msg', 'catkin_cmake_args': None, 'catkin_skip_building_tests': False, 'cmake_args': None, 'cmake_clean_cache': False, 'cmake_clean_first': False, 'cmake_force_configure': False, 'cmake_target': None, 'cmake_target_skip_unavailable': False, 'install_base': '/mnt/c/tinker/Tinker_Sber/install/hardware_msg', 'merge_install': False, 'path': '/mnt/c/tinker/Tinker_Sber/Chellenge-Tinker/hardware_msg', 'symlink_install': False, 'test_result_base': None}
[0.428s] Level 5:colcon.colcon_core.verb:set package 'tinker_description' build argument 'cmake_args' from command line to 'None'
[0.428s] Level 5:colcon.colcon_core.verb:set package 'tinker_description' build argument 'cmake_target' from command line to 'None'
[0.428s] Level 5:colcon.colcon_core.verb:set package 'tinker_description' build argument 'cmake_target_skip_unavailable' from command line to 'False'
[0.428s] Level 5:colcon.colcon_core.verb:set package 'tinker_description' build argument 'cmake_clean_cache' from command line to 'False'
[0.428s] Level 5:colcon.colcon_core.verb:set package 'tinker_description' build argument 'cmake_clean_first' from command line to 'False'
[0.428s] Level 5:colcon.colcon_core.verb:set package 'tinker_description' build argument 'cmake_force_configure' from command line to 'False'
[0.428s] Level 5:colcon.colcon_core.verb:set package 'tinker_description' build argument 'ament_cmake_args' from command line to 'None'
[0.428s] Level 5:colcon.colcon_core.verb:set package 'tinker_description' build argument 'catkin_cmake_args' from command line to 'None'
[0.429s] Level 5:colcon.colcon_core.verb:set package 'tinker_description' build argument 'catkin_skip_building_tests' from command line to 'False'
[0.429s] DEBUG:colcon.colcon_core.verb:Building package 'tinker_description' with the following arguments: {'ament_cmake_args': None, 'build_base': '/mnt/c/tinker/Tinker_Sber/build/tinker_description', 'catkin_cmake_args': None, 'catkin_skip_building_tests': False, 'cmake_args': None, 'cmake_clean_cache': False, 'cmake_clean_first': False, 'cmake_force_configure': False, 'cmake_target': None, 'cmake_target_skip_unavailable': False, 'install_base': '/mnt/c/tinker/Tinker_Sber/install/tinker_description', 'merge_install': False, 'path': '/mnt/c/tinker/Tinker_Sber/Chellenge-Tinker/tinker_description', 'symlink_install': False, 'test_result_base': None}
[0.429s] Level 5:colcon.colcon_core.verb:set package 'motor_commander' build argument 'cmake_args' from command line to 'None'
[0.429s] Level 5:colcon.colcon_core.verb:set package 'motor_commander' build argument 'cmake_target' from command line to 'None'
[0.429s] Level 5:colcon.colcon_core.verb:set package 'motor_commander' build argument 'cmake_target_skip_unavailable' from command line to 'False'
[0.429s] Level 5:colcon.colcon_core.verb:set package 'motor_commander' build argument 'cmake_clean_cache' from command line to 'False'
[0.429s] Level 5:colcon.colcon_core.verb:set package 'motor_commander' build argument 'cmake_clean_first' from command line to 'False'
[0.430s] Level 5:colcon.colcon_core.verb:set package 'motor_commander' build argument 'cmake_force_configure' from command line to 'False'
[0.430s] Level 5:colcon.colcon_core.verb:set package 'motor_commander' build argument 'ament_cmake_args' from command line to 'None'
[0.430s] Level 5:colcon.colcon_core.verb:set package 'motor_commander' build argument 'catkin_cmake_args' from command line to 'None'
[0.430s] Level 5:colcon.colcon_core.verb:set package 'motor_commander' build argument 'catkin_skip_building_tests' from command line to 'False'
[0.430s] DEBUG:colcon.colcon_core.verb:Building package 'motor_commander' with the following arguments: {'ament_cmake_args': None, 'build_base': '/mnt/c/tinker/Tinker_Sber/build/motor_commander', 'catkin_cmake_args': None, 'catkin_skip_building_tests': False, 'cmake_args': None, 'cmake_clean_cache': False, 'cmake_clean_first': False, 'cmake_force_configure': False, 'cmake_target': None, 'cmake_target_skip_unavailable': False, 'install_base': '/mnt/c/tinker/Tinker_Sber/install/motor_commander', 'merge_install': False, 'path': '/mnt/c/tinker/Tinker_Sber/Chellenge-Tinker/motor_commander', 'symlink_install': False, 'test_result_base': None}
[0.430s] Level 5:colcon.colcon_core.verb:set package 'motor_control' build argument 'cmake_args' from command line to 'None'
[0.431s] Level 5:colcon.colcon_core.verb:set package 'motor_control' build argument 'cmake_target' from command line to 'None'
[0.431s] Level 5:colcon.colcon_core.verb:set package 'motor_control' build argument 'cmake_target_skip_unavailable' from command line to 'False'
[0.431s] Level 5:colcon.colcon_core.verb:set package 'motor_control' build argument 'cmake_clean_cache' from command line to 'False'
[0.431s] Level 5:colcon.colcon_core.verb:set package 'motor_control' build argument 'cmake_clean_first' from command line to 'False'
[0.431s] Level 5:colcon.colcon_core.verb:set package 'motor_control' build argument 'cmake_force_configure' from command line to 'False'
[0.431s] Level 5:colcon.colcon_core.verb:set package 'motor_control' build argument 'ament_cmake_args' from command line to 'None'
[0.431s] Level 5:colcon.colcon_core.verb:set package 'motor_control' build argument 'catkin_cmake_args' from command line to 'None'
[0.431s] Level 5:colcon.colcon_core.verb:set package 'motor_control' build argument 'catkin_skip_building_tests' from command line to 'False'
[0.432s] DEBUG:colcon.colcon_core.verb:Building package 'motor_control' with the following arguments: {'ament_cmake_args': None, 'build_base': '/mnt/c/tinker/Tinker_Sber/build/motor_control', 'catkin_cmake_args': None, 'catkin_skip_building_tests': False, 'cmake_args': None, 'cmake_clean_cache': False, 'cmake_clean_first': False, 'cmake_force_configure': False, 'cmake_target': None, 'cmake_target_skip_unavailable': False, 'install_base': '/mnt/c/tinker/Tinker_Sber/install/motor_control', 'merge_install': False, 'path': '/mnt/c/tinker/Tinker_Sber/Chellenge-Tinker/motor_control', 'symlink_install': False, 'test_result_base': None}
[0.432s] INFO:colcon.colcon_core.executor:Executing jobs using 'parallel' executor
[0.433s] DEBUG:colcon.colcon_parallel_executor.executor.parallel:run_until_complete
[0.433s] INFO:colcon.colcon_ros.task.ament_cmake.build:Building ROS package in '/mnt/c/tinker/Tinker_Sber/Chellenge-Tinker/hardware_msg' with build type 'ament_cmake'
[0.433s] INFO:colcon.colcon_cmake.task.cmake.build:Building CMake package in '/mnt/c/tinker/Tinker_Sber/Chellenge-Tinker/hardware_msg'
[0.435s] INFO:colcon.colcon_core.plugin_system:Skipping extension 'colcon_core.shell.bat': Not used on non-Windows systems
[0.435s] INFO:colcon.colcon_core.shell:Skip shell extension 'powershell' for command environment: Not usable outside of PowerShell
[0.436s] DEBUG:colcon.colcon_core.shell:Skip shell extension 'dsv' for command environment
[0.455s] INFO:colcon.colcon_ros.task.ament_cmake.build:Building ROS package in '/mnt/c/tinker/Tinker_Sber/Chellenge-Tinker/tinker_description' with build type 'ament_cmake'
[0.455s] INFO:colcon.colcon_cmake.task.cmake.build:Building CMake package in '/mnt/c/tinker/Tinker_Sber/Chellenge-Tinker/tinker_description'
[0.455s] INFO:colcon.colcon_core.shell:Skip shell extension 'powershell' for command environment: Not usable outside of PowerShell
[0.455s] DEBUG:colcon.colcon_core.shell:Skip shell extension 'dsv' for command environment
[0.525s] DEBUG:colcon.colcon_core.event_handler.log_command:Invoking command in '/mnt/c/tinker/Tinker_Sber/build/hardware_msg': CMAKE_PREFIX_PATH=${CMAKE_PREFIX_PATH}:/mnt/c/tinker/Tinker_Sber/install/motor_commander:/opt/ros/jazzy /usr/bin/cmake /mnt/c/tinker/Tinker_Sber/Chellenge-Tinker/hardware_msg -DCMAKE_INSTALL_PREFIX=/mnt/c/tinker/Tinker_Sber/install/hardware_msg
[0.568s] DEBUG:colcon.colcon_core.event_handler.log_command:Invoking command in '/mnt/c/tinker/Tinker_Sber/build/tinker_description': CMAKE_PREFIX_PATH=${CMAKE_PREFIX_PATH}:/mnt/c/tinker/Tinker_Sber/install/motor_commander:/opt/ros/jazzy /usr/bin/cmake /mnt/c/tinker/Tinker_Sber/Chellenge-Tinker/tinker_description -DCMAKE_INSTALL_PREFIX=/mnt/c/tinker/Tinker_Sber/install/tinker_description
[8.253s] DEBUG:colcon.colcon_core.event_handler.log_command:Invoked command in '/mnt/c/tinker/Tinker_Sber/build/tinker_description' returned '0': CMAKE_PREFIX_PATH=${CMAKE_PREFIX_PATH}:/mnt/c/tinker/Tinker_Sber/install/motor_commander:/opt/ros/jazzy /usr/bin/cmake /mnt/c/tinker/Tinker_Sber/Chellenge-Tinker/tinker_description -DCMAKE_INSTALL_PREFIX=/mnt/c/tinker/Tinker_Sber/install/tinker_description
[8.258s] DEBUG:colcon.colcon_core.event_handler.log_command:Invoking command in '/mnt/c/tinker/Tinker_Sber/build/tinker_description': CMAKE_PREFIX_PATH=${CMAKE_PREFIX_PATH}:/mnt/c/tinker/Tinker_Sber/install/motor_commander:/opt/ros/jazzy /usr/bin/cmake --build /mnt/c/tinker/Tinker_Sber/build/tinker_description -- -j12 -l12
[8.365s] DEBUG:colcon.colcon_core.event_handler.log_command:Invoked command in '/mnt/c/tinker/Tinker_Sber/build/tinker_description' returned '0': CMAKE_PREFIX_PATH=${CMAKE_PREFIX_PATH}:/mnt/c/tinker/Tinker_Sber/install/motor_commander:/opt/ros/jazzy /usr/bin/cmake --build /mnt/c/tinker/Tinker_Sber/build/tinker_description -- -j12 -l12
[8.389s] DEBUG:colcon.colcon_core.event_handler.log_command:Invoking command in '/mnt/c/tinker/Tinker_Sber/build/tinker_description': CMAKE_PREFIX_PATH=${CMAKE_PREFIX_PATH}:/mnt/c/tinker/Tinker_Sber/install/motor_commander:/opt/ros/jazzy /usr/bin/cmake --install /mnt/c/tinker/Tinker_Sber/build/tinker_description
[10.157s] Level 1:colcon.colcon_core.environment:create_environment_scripts_only(tinker_description)
[10.158s] DEBUG:colcon.colcon_core.event_handler.log_command:Invoked command in '/mnt/c/tinker/Tinker_Sber/build/tinker_description' returned '0': CMAKE_PREFIX_PATH=${CMAKE_PREFIX_PATH}:/mnt/c/tinker/Tinker_Sber/install/motor_commander:/opt/ros/jazzy /usr/bin/cmake --install /mnt/c/tinker/Tinker_Sber/build/tinker_description
[10.160s] Level 1:colcon.colcon_core.environment:checking '/mnt/c/tinker/Tinker_Sber/install/tinker_description' for CMake module files
[10.206s] Level 1:colcon.colcon_core.environment:checking '/mnt/c/tinker/Tinker_Sber/install/tinker_description' for CMake config files
[10.242s] Level 1:colcon.colcon_core.shell:create_environment_hook('tinker_description', 'cmake_prefix_path')
[10.242s] INFO:colcon.colcon_core.shell:Creating environment hook '/mnt/c/tinker/Tinker_Sber/install/tinker_description/share/tinker_description/hook/cmake_prefix_path.ps1'
[10.250s] INFO:colcon.colcon_core.shell:Creating environment descriptor '/mnt/c/tinker/Tinker_Sber/install/tinker_description/share/tinker_description/hook/cmake_prefix_path.dsv'
[10.259s] INFO:colcon.colcon_core.shell:Creating environment hook '/mnt/c/tinker/Tinker_Sber/install/tinker_description/share/tinker_description/hook/cmake_prefix_path.sh'
[10.270s] Level 1:colcon.colcon_core.environment:checking '/mnt/c/tinker/Tinker_Sber/install/tinker_description/bin'
[10.271s] Level 1:colcon.colcon_core.environment:checking '/mnt/c/tinker/Tinker_Sber/install/tinker_description/lib/pkgconfig/tinker_description.pc'
[10.272s] Level 1:colcon.colcon_core.environment:checking '/mnt/c/tinker/Tinker_Sber/install/tinker_description/lib/python3.12/site-packages'
[10.273s] Level 1:colcon.colcon_core.environment:checking '/mnt/c/tinker/Tinker_Sber/install/tinker_description/bin'
[10.274s] INFO:colcon.colcon_core.shell:Creating package script '/mnt/c/tinker/Tinker_Sber/install/tinker_description/share/tinker_description/package.ps1'
[10.283s] INFO:colcon.colcon_core.shell:Creating package descriptor '/mnt/c/tinker/Tinker_Sber/install/tinker_description/share/tinker_description/package.dsv'
[10.293s] INFO:colcon.colcon_core.shell:Creating package script '/mnt/c/tinker/Tinker_Sber/install/tinker_description/share/tinker_description/package.sh'
[10.301s] INFO:colcon.colcon_core.shell:Creating package script '/mnt/c/tinker/Tinker_Sber/install/tinker_description/share/tinker_description/package.bash'
[10.310s] INFO:colcon.colcon_core.shell:Creating package script '/mnt/c/tinker/Tinker_Sber/install/tinker_description/share/tinker_description/package.zsh'
[10.318s] Level 1:colcon.colcon_core.environment:create_file_with_runtime_dependencies(/mnt/c/tinker/Tinker_Sber/install/tinker_description/share/colcon-core/packages/tinker_description)
[10.337s] Level 1:colcon.colcon_core.environment:create_environment_scripts_only(tinker_description)
[10.337s] Level 1:colcon.colcon_core.environment:checking '/mnt/c/tinker/Tinker_Sber/install/tinker_description' for CMake module files
[10.395s] Level 1:colcon.colcon_core.environment:checking '/mnt/c/tinker/Tinker_Sber/install/tinker_description' for CMake config files
[10.439s] Level 1:colcon.colcon_core.shell:create_environment_hook('tinker_description', 'cmake_prefix_path')
[10.440s] INFO:colcon.colcon_core.shell:Creating environment hook '/mnt/c/tinker/Tinker_Sber/install/tinker_description/share/tinker_description/hook/cmake_prefix_path.ps1'
[10.449s] INFO:colcon.colcon_core.shell:Creating environment descriptor '/mnt/c/tinker/Tinker_Sber/install/tinker_description/share/tinker_description/hook/cmake_prefix_path.dsv'
[10.458s] INFO:colcon.colcon_core.shell:Creating environment hook '/mnt/c/tinker/Tinker_Sber/install/tinker_description/share/tinker_description/hook/cmake_prefix_path.sh'
[10.470s] Level 1:colcon.colcon_core.environment:checking '/mnt/c/tinker/Tinker_Sber/install/tinker_description/bin'
[10.471s] Level 1:colcon.colcon_core.environment:checking '/mnt/c/tinker/Tinker_Sber/install/tinker_description/lib/pkgconfig/tinker_description.pc'
[10.472s] Level 1:colcon.colcon_core.environment:checking '/mnt/c/tinker/Tinker_Sber/install/tinker_description/lib/python3.12/site-packages'
[10.472s] Level 1:colcon.colcon_core.environment:checking '/mnt/c/tinker/Tinker_Sber/install/tinker_description/bin'
[10.473s] INFO:colcon.colcon_core.shell:Creating package script '/mnt/c/tinker/Tinker_Sber/install/tinker_description/share/tinker_description/package.ps1'
[10.483s] INFO:colcon.colcon_core.shell:Creating package descriptor '/mnt/c/tinker/Tinker_Sber/install/tinker_description/share/tinker_description/package.dsv'
[10.491s] INFO:colcon.colcon_core.shell:Creating package script '/mnt/c/tinker/Tinker_Sber/install/tinker_description/share/tinker_description/package.sh'
[10.500s] INFO:colcon.colcon_core.shell:Creating package script '/mnt/c/tinker/Tinker_Sber/install/tinker_description/share/tinker_description/package.bash'
[10.509s] INFO:colcon.colcon_core.shell:Creating package script '/mnt/c/tinker/Tinker_Sber/install/tinker_description/share/tinker_description/package.zsh'
[10.518s] Level 1:colcon.colcon_core.environment:create_file_with_runtime_dependencies(/mnt/c/tinker/Tinker_Sber/install/tinker_description/share/colcon-core/packages/tinker_description)
[13.952s] DEBUG:colcon.colcon_core.event_handler.log_command:Invoked command in '/mnt/c/tinker/Tinker_Sber/build/hardware_msg' returned '0': CMAKE_PREFIX_PATH=${CMAKE_PREFIX_PATH}:/mnt/c/tinker/Tinker_Sber/install/motor_commander:/opt/ros/jazzy /usr/bin/cmake /mnt/c/tinker/Tinker_Sber/Chellenge-Tinker/hardware_msg -DCMAKE_INSTALL_PREFIX=/mnt/c/tinker/Tinker_Sber/install/hardware_msg
[13.959s] DEBUG:colcon.colcon_core.event_handler.log_command:Invoking command in '/mnt/c/tinker/Tinker_Sber/build/hardware_msg': CMAKE_PREFIX_PATH=${CMAKE_PREFIX_PATH}:/mnt/c/tinker/Tinker_Sber/install/motor_commander:/opt/ros/jazzy /usr/bin/cmake --build /mnt/c/tinker/Tinker_Sber/build/hardware_msg -- -j12 -l12
[27.061s] DEBUG:colcon.colcon_core.event_handler.log_command:Invoked command in '/mnt/c/tinker/Tinker_Sber/build/hardware_msg' returned '0': CMAKE_PREFIX_PATH=${CMAKE_PREFIX_PATH}:/mnt/c/tinker/Tinker_Sber/install/motor_commander:/opt/ros/jazzy /usr/bin/cmake --build /mnt/c/tinker/Tinker_Sber/build/hardware_msg -- -j12 -l12
[27.074s] DEBUG:colcon.colcon_core.event_handler.log_command:Invoking command in '/mnt/c/tinker/Tinker_Sber/build/hardware_msg': CMAKE_PREFIX_PATH=${CMAKE_PREFIX_PATH}:/mnt/c/tinker/Tinker_Sber/install/motor_commander:/opt/ros/jazzy /usr/bin/cmake --install /mnt/c/tinker/Tinker_Sber/build/hardware_msg
[41.017s] Level 1:colcon.colcon_core.environment:create_environment_scripts_only(hardware_msg)
[41.018s] Level 1:colcon.colcon_core.environment:checking '/mnt/c/tinker/Tinker_Sber/install/hardware_msg' for CMake module files
[41.018s] DEBUG:colcon.colcon_core.event_handler.log_command:Invoked command in '/mnt/c/tinker/Tinker_Sber/build/hardware_msg' returned '0': CMAKE_PREFIX_PATH=${CMAKE_PREFIX_PATH}:/mnt/c/tinker/Tinker_Sber/install/motor_commander:/opt/ros/jazzy /usr/bin/cmake --install /mnt/c/tinker/Tinker_Sber/build/hardware_msg
[41.146s] Level 1:colcon.colcon_core.environment:checking '/mnt/c/tinker/Tinker_Sber/install/hardware_msg' for CMake config files
[41.235s] Level 1:colcon.colcon_core.shell:create_environment_hook('hardware_msg', 'cmake_prefix_path')
[41.235s] INFO:colcon.colcon_core.shell:Creating environment hook '/mnt/c/tinker/Tinker_Sber/install/hardware_msg/share/hardware_msg/hook/cmake_prefix_path.ps1'
[41.243s] INFO:colcon.colcon_core.shell:Creating environment descriptor '/mnt/c/tinker/Tinker_Sber/install/hardware_msg/share/hardware_msg/hook/cmake_prefix_path.dsv'
[41.252s] INFO:colcon.colcon_core.shell:Creating environment hook '/mnt/c/tinker/Tinker_Sber/install/hardware_msg/share/hardware_msg/hook/cmake_prefix_path.sh'
[41.263s] Level 1:colcon.colcon_core.environment:checking '/mnt/c/tinker/Tinker_Sber/install/hardware_msg/lib'
[41.266s] Level 1:colcon.colcon_core.shell:create_environment_hook('hardware_msg', 'ld_library_path_lib')
[41.266s] INFO:colcon.colcon_core.shell:Creating environment hook '/mnt/c/tinker/Tinker_Sber/install/hardware_msg/share/hardware_msg/hook/ld_library_path_lib.ps1'
[41.275s] INFO:colcon.colcon_core.shell:Creating environment descriptor '/mnt/c/tinker/Tinker_Sber/install/hardware_msg/share/hardware_msg/hook/ld_library_path_lib.dsv'
[41.283s] INFO:colcon.colcon_core.shell:Creating environment hook '/mnt/c/tinker/Tinker_Sber/install/hardware_msg/share/hardware_msg/hook/ld_library_path_lib.sh'
[41.292s] Level 1:colcon.colcon_core.environment:checking '/mnt/c/tinker/Tinker_Sber/install/hardware_msg/bin'
[41.293s] Level 1:colcon.colcon_core.environment:checking '/mnt/c/tinker/Tinker_Sber/install/hardware_msg/lib/pkgconfig/hardware_msg.pc'
[41.294s] Level 1:colcon.colcon_core.environment:checking '/mnt/c/tinker/Tinker_Sber/install/hardware_msg/lib/python3.12/site-packages'
[41.296s] Level 1:colcon.colcon_core.shell:create_environment_hook('hardware_msg', 'pythonpath')
[41.296s] INFO:colcon.colcon_core.shell:Creating environment hook '/mnt/c/tinker/Tinker_Sber/install/hardware_msg/share/hardware_msg/hook/pythonpath.ps1'
[41.304s] INFO:colcon.colcon_core.shell:Creating environment descriptor '/mnt/c/tinker/Tinker_Sber/install/hardware_msg/share/hardware_msg/hook/pythonpath.dsv'
[41.314s] INFO:colcon.colcon_core.shell:Creating environment hook '/mnt/c/tinker/Tinker_Sber/install/hardware_msg/share/hardware_msg/hook/pythonpath.sh'
[41.322s] Level 1:colcon.colcon_core.environment:checking '/mnt/c/tinker/Tinker_Sber/install/hardware_msg/bin'
[41.323s] INFO:colcon.colcon_core.shell:Creating package script '/mnt/c/tinker/Tinker_Sber/install/hardware_msg/share/hardware_msg/package.ps1'
[41.331s] INFO:colcon.colcon_core.shell:Creating package descriptor '/mnt/c/tinker/Tinker_Sber/install/hardware_msg/share/hardware_msg/package.dsv'
[41.339s] INFO:colcon.colcon_core.shell:Creating package script '/mnt/c/tinker/Tinker_Sber/install/hardware_msg/share/hardware_msg/package.sh'
[41.347s] INFO:colcon.colcon_core.shell:Creating package script '/mnt/c/tinker/Tinker_Sber/install/hardware_msg/share/hardware_msg/package.bash'
[41.354s] INFO:colcon.colcon_core.shell:Creating package script '/mnt/c/tinker/Tinker_Sber/install/hardware_msg/share/hardware_msg/package.zsh'
[41.361s] Level 1:colcon.colcon_core.environment:create_file_with_runtime_dependencies(/mnt/c/tinker/Tinker_Sber/install/hardware_msg/share/colcon-core/packages/hardware_msg)
[41.378s] Level 1:colcon.colcon_core.environment:create_environment_scripts_only(hardware_msg)
[41.378s] Level 1:colcon.colcon_core.environment:checking '/mnt/c/tinker/Tinker_Sber/install/hardware_msg' for CMake module files
[41.514s] Level 1:colcon.colcon_core.environment:checking '/mnt/c/tinker/Tinker_Sber/install/hardware_msg' for CMake config files
[41.599s] Level 1:colcon.colcon_core.shell:create_environment_hook('hardware_msg', 'cmake_prefix_path')
[41.600s] INFO:colcon.colcon_core.shell:Creating environment hook '/mnt/c/tinker/Tinker_Sber/install/hardware_msg/share/hardware_msg/hook/cmake_prefix_path.ps1'
[41.608s] INFO:colcon.colcon_core.shell:Creating environment descriptor '/mnt/c/tinker/Tinker_Sber/install/hardware_msg/share/hardware_msg/hook/cmake_prefix_path.dsv'
[41.615s] INFO:colcon.colcon_core.shell:Creating environment hook '/mnt/c/tinker/Tinker_Sber/install/hardware_msg/share/hardware_msg/hook/cmake_prefix_path.sh'
[41.625s] Level 1:colcon.colcon_core.environment:checking '/mnt/c/tinker/Tinker_Sber/install/hardware_msg/lib'
[41.627s] Level 1:colcon.colcon_core.shell:create_environment_hook('hardware_msg', 'ld_library_path_lib')
[41.628s] INFO:colcon.colcon_core.shell:Creating environment hook '/mnt/c/tinker/Tinker_Sber/install/hardware_msg/share/hardware_msg/hook/ld_library_path_lib.ps1'
[41.635s] INFO:colcon.colcon_core.shell:Creating environment descriptor '/mnt/c/tinker/Tinker_Sber/install/hardware_msg/share/hardware_msg/hook/ld_library_path_lib.dsv'
[41.643s] INFO:colcon.colcon_core.shell:Creating environment hook '/mnt/c/tinker/Tinker_Sber/install/hardware_msg/share/hardware_msg/hook/ld_library_path_lib.sh'
[41.650s] Level 1:colcon.colcon_core.environment:checking '/mnt/c/tinker/Tinker_Sber/install/hardware_msg/bin'
[41.651s] Level 1:colcon.colcon_core.environment:checking '/mnt/c/tinker/Tinker_Sber/install/hardware_msg/lib/pkgconfig/hardware_msg.pc'
[41.652s] Level 1:colcon.colcon_core.environment:checking '/mnt/c/tinker/Tinker_Sber/install/hardware_msg/lib/python3.12/site-packages'
[41.653s] Level 1:colcon.colcon_core.shell:create_environment_hook('hardware_msg', 'pythonpath')
[41.654s] INFO:colcon.colcon_core.shell:Creating environment hook '/mnt/c/tinker/Tinker_Sber/install/hardware_msg/share/hardware_msg/hook/pythonpath.ps1'
[41.661s] INFO:colcon.colcon_core.shell:Creating environment descriptor '/mnt/c/tinker/Tinker_Sber/install/hardware_msg/share/hardware_msg/hook/pythonpath.dsv'
[41.668s] INFO:colcon.colcon_core.shell:Creating environment hook '/mnt/c/tinker/Tinker_Sber/install/hardware_msg/share/hardware_msg/hook/pythonpath.sh'
[41.676s] Level 1:colcon.colcon_core.environment:checking '/mnt/c/tinker/Tinker_Sber/install/hardware_msg/bin'
[41.677s] INFO:colcon.colcon_core.shell:Creating package script '/mnt/c/tinker/Tinker_Sber/install/hardware_msg/share/hardware_msg/package.ps1'
[41.683s] INFO:colcon.colcon_core.shell:Creating package descriptor '/mnt/c/tinker/Tinker_Sber/install/hardware_msg/share/hardware_msg/package.dsv'
[41.689s] INFO:colcon.colcon_core.shell:Creating package script '/mnt/c/tinker/Tinker_Sber/install/hardware_msg/share/hardware_msg/package.sh'
[41.695s] INFO:colcon.colcon_core.shell:Creating package script '/mnt/c/tinker/Tinker_Sber/install/hardware_msg/share/hardware_msg/package.bash'
[41.701s] INFO:colcon.colcon_core.shell:Creating package script '/mnt/c/tinker/Tinker_Sber/install/hardware_msg/share/hardware_msg/package.zsh'
[41.708s] Level 1:colcon.colcon_core.environment:create_file_with_runtime_dependencies(/mnt/c/tinker/Tinker_Sber/install/hardware_msg/share/colcon-core/packages/hardware_msg)
[41.713s] INFO:colcon.colcon_ros.task.ament_python.build:Building ROS package in '/mnt/c/tinker/Tinker_Sber/Chellenge-Tinker/motor_commander' with build type 'ament_python'
[41.713s] Level 1:colcon.colcon_core.shell:create_environment_hook('motor_commander', 'ament_prefix_path')
[41.714s] INFO:colcon.colcon_core.shell:Creating environment hook '/mnt/c/tinker/Tinker_Sber/install/motor_commander/share/motor_commander/hook/ament_prefix_path.ps1'
[41.726s] INFO:colcon.colcon_core.shell:Creating environment descriptor '/mnt/c/tinker/Tinker_Sber/install/motor_commander/share/motor_commander/hook/ament_prefix_path.dsv'
[41.735s] INFO:colcon.colcon_core.shell:Creating environment hook '/mnt/c/tinker/Tinker_Sber/install/motor_commander/share/motor_commander/hook/ament_prefix_path.sh'
[41.744s] INFO:colcon.colcon_core.shell:Skip shell extension 'powershell' for command environment: Not usable outside of PowerShell
[41.744s] DEBUG:colcon.colcon_core.shell:Skip shell extension 'dsv' for command environment
[41.779s] INFO:colcon.colcon_ros.task.ament_cmake.build:Building ROS package in '/mnt/c/tinker/Tinker_Sber/Chellenge-Tinker/motor_control' with build type 'ament_cmake'
[41.779s] INFO:colcon.colcon_cmake.task.cmake.build:Building CMake package in '/mnt/c/tinker/Tinker_Sber/Chellenge-Tinker/motor_control'
[41.780s] INFO:colcon.colcon_core.shell:Skip shell extension 'powershell' for command environment: Not usable outside of PowerShell
[41.780s] DEBUG:colcon.colcon_core.shell:Skip shell extension 'dsv' for command environment
[42.360s] INFO:colcon.colcon_core.task.python.build:Building Python package in '/mnt/c/tinker/Tinker_Sber/Chellenge-Tinker/motor_commander'
[42.360s] INFO:colcon.colcon_core.shell:Skip shell extension 'powershell' for command environment: Not usable outside of PowerShell
[42.361s] DEBUG:colcon.colcon_core.shell:Skip shell extension 'dsv' for command environment
[42.429s] DEBUG:colcon.colcon_core.event_handler.log_command:Invoking command in '/mnt/c/tinker/Tinker_Sber/build/motor_control': CMAKE_PREFIX_PATH=/mnt/c/tinker/Tinker_Sber/install/hardware_msg:/mnt/c/tinker/Tinker_Sber/install/tinker_gui:/mnt/c/tinker/Tinker_Sber/install/tinker_description:/mnt/c/tinker/Tinker_Sber/install/motor_control:/opt/ros/jazzy/opt/sdformat_vendor:/opt/ros/jazzy/opt/gz_math_vendor:/opt/ros/jazzy/opt/gz_utils_vendor:/opt/ros/jazzy/opt/gz_tools_vendor:/opt/ros/jazzy/opt/gz_cmake_vendor:/mnt/c/tinker/Tinker_Sber/install/motor_commander:/opt/ros/jazzy PYTHONPATH=/mnt/c/tinker/Tinker_Sber/install/hardware_msg/lib/python3.12/site-packages:/mnt/c/tinker/Tinker_Sber/install/motor_commander/lib/python3.12/site-packages:/opt/ros/jazzy/lib/python3.12/site-packages /usr/bin/cmake /mnt/c/tinker/Tinker_Sber/Chellenge-Tinker/motor_control -DCMAKE_INSTALL_PREFIX=/mnt/c/tinker/Tinker_Sber/install/motor_control
[44.090s] DEBUG:colcon.colcon_core.event_handler.log_command:Invoking command in '/mnt/c/tinker/Tinker_Sber/Chellenge-Tinker/motor_commander': CMAKE_PREFIX_PATH=/mnt/c/tinker/Tinker_Sber/install/hardware_msg:/mnt/c/tinker/Tinker_Sber/install/tinker_gui:/mnt/c/tinker/Tinker_Sber/install/tinker_description:/mnt/c/tinker/Tinker_Sber/install/motor_control:/opt/ros/jazzy/opt/sdformat_vendor:/opt/ros/jazzy/opt/gz_math_vendor:/opt/ros/jazzy/opt/gz_utils_vendor:/opt/ros/jazzy/opt/gz_tools_vendor:/opt/ros/jazzy/opt/gz_cmake_vendor PYTHONPATH=/mnt/c/tinker/Tinker_Sber/build/motor_commander/prefix_override:/usr/lib/python3/dist-packages/colcon_core/task/python/colcon_distutils_commands:/mnt/c/tinker/Tinker_Sber/install/motor_commander/lib/python3.12/site-packages:/mnt/c/tinker/Tinker_Sber/install/hardware_msg/lib/python3.12/site-packages:/mnt/c/tinker/Tinker_Sber/install/motor_commander/lib/python3.12/site-packages:/opt/ros/jazzy/lib/python3.12/site-packages /usr/bin/python3 -W ignore:setup.py install is deprecated -W ignore:easy_install command is deprecated setup.py egg_info --egg-base ../../build/motor_commander build --build-base /mnt/c/tinker/Tinker_Sber/build/motor_commander/build install --record /mnt/c/tinker/Tinker_Sber/build/motor_commander/install.log --single-version-externally-managed install_data
[45.712s] Level 1:colcon.colcon_core.environment:checking '/mnt/c/tinker/Tinker_Sber/install/motor_commander' for CMake module files
[45.713s] DEBUG:colcon.colcon_core.event_handler.log_command:Invoked command in '/mnt/c/tinker/Tinker_Sber/Chellenge-Tinker/motor_commander' returned '0': CMAKE_PREFIX_PATH=/mnt/c/tinker/Tinker_Sber/install/hardware_msg:/mnt/c/tinker/Tinker_Sber/install/tinker_gui:/mnt/c/tinker/Tinker_Sber/install/tinker_description:/mnt/c/tinker/Tinker_Sber/install/motor_control:/opt/ros/jazzy/opt/sdformat_vendor:/opt/ros/jazzy/opt/gz_math_vendor:/opt/ros/jazzy/opt/gz_utils_vendor:/opt/ros/jazzy/opt/gz_tools_vendor:/opt/ros/jazzy/opt/gz_cmake_vendor PYTHONPATH=/mnt/c/tinker/Tinker_Sber/build/motor_commander/prefix_override:/usr/lib/python3/dist-packages/colcon_core/task/python/colcon_distutils_commands:/mnt/c/tinker/Tinker_Sber/install/motor_commander/lib/python3.12/site-packages:/mnt/c/tinker/Tinker_Sber/install/hardware_msg/lib/python3.12/site-packages:/mnt/c/tinker/Tinker_Sber/install/motor_commander/lib/python3.12/site-packages:/opt/ros/jazzy/lib/python3.12/site-packages /usr/bin/python3 -W ignore:setup.py install is deprecated -W ignore:easy_install command is deprecated setup.py egg_info --egg-base ../../build/motor_commander build --build-base /mnt/c/tinker/Tinker_Sber/build/motor_commander/build install --record /mnt/c/tinker/Tinker_Sber/build/motor_commander/install.log --single-version-externally-managed install_data
[45.745s] Level 1:colcon.colcon_core.environment:checking '/mnt/c/tinker/Tinker_Sber/install/motor_commander' for CMake config files
[45.799s] Level 1:colcon.colcon_core.environment:checking '/mnt/c/tinker/Tinker_Sber/install/motor_commander/lib'
[45.802s] Level 1:colcon.colcon_core.environment:checking '/mnt/c/tinker/Tinker_Sber/install/motor_commander/bin'
[45.802s] Level 1:colcon.colcon_core.environment:checking '/mnt/c/tinker/Tinker_Sber/install/motor_commander/lib/pkgconfig/motor_commander.pc'
[45.803s] Level 1:colcon.colcon_core.environment:checking '/mnt/c/tinker/Tinker_Sber/install/motor_commander/lib/python3.12/site-packages'
[45.805s] Level 1:colcon.colcon_core.shell:create_environment_hook('motor_commander', 'pythonpath')
[45.805s] INFO:colcon.colcon_core.shell:Creating environment hook '/mnt/c/tinker/Tinker_Sber/install/motor_commander/share/motor_commander/hook/pythonpath.ps1'
[45.813s] INFO:colcon.colcon_core.shell:Creating environment descriptor '/mnt/c/tinker/Tinker_Sber/install/motor_commander/share/motor_commander/hook/pythonpath.dsv'
[45.820s] INFO:colcon.colcon_core.shell:Creating environment hook '/mnt/c/tinker/Tinker_Sber/install/motor_commander/share/motor_commander/hook/pythonpath.sh'
[45.828s] Level 1:colcon.colcon_core.environment:checking '/mnt/c/tinker/Tinker_Sber/install/motor_commander/bin'
[45.829s] Level 1:colcon.colcon_core.environment:create_environment_scripts_only(motor_commander)
[45.829s] INFO:colcon.colcon_core.shell:Creating package script '/mnt/c/tinker/Tinker_Sber/install/motor_commander/share/motor_commander/package.ps1'
[45.837s] INFO:colcon.colcon_core.shell:Creating package descriptor '/mnt/c/tinker/Tinker_Sber/install/motor_commander/share/motor_commander/package.dsv'
[45.844s] INFO:colcon.colcon_core.shell:Creating package script '/mnt/c/tinker/Tinker_Sber/install/motor_commander/share/motor_commander/package.sh'
[45.851s] INFO:colcon.colcon_core.shell:Creating package script '/mnt/c/tinker/Tinker_Sber/install/motor_commander/share/motor_commander/package.bash'
[45.859s] INFO:colcon.colcon_core.shell:Creating package script '/mnt/c/tinker/Tinker_Sber/install/motor_commander/share/motor_commander/package.zsh'
[45.867s] Level 1:colcon.colcon_core.environment:create_file_with_runtime_dependencies(/mnt/c/tinker/Tinker_Sber/install/motor_commander/share/colcon-core/packages/motor_commander)
[60.135s] DEBUG:colcon.colcon_core.event_handler.log_command:Invoked command in '/mnt/c/tinker/Tinker_Sber/build/motor_control' returned '0': CMAKE_PREFIX_PATH=/mnt/c/tinker/Tinker_Sber/install/hardware_msg:/mnt/c/tinker/Tinker_Sber/install/tinker_gui:/mnt/c/tinker/Tinker_Sber/install/tinker_description:/mnt/c/tinker/Tinker_Sber/install/motor_control:/opt/ros/jazzy/opt/sdformat_vendor:/opt/ros/jazzy/opt/gz_math_vendor:/opt/ros/jazzy/opt/gz_utils_vendor:/opt/ros/jazzy/opt/gz_tools_vendor:/opt/ros/jazzy/opt/gz_cmake_vendor:/mnt/c/tinker/Tinker_Sber/install/motor_commander:/opt/ros/jazzy PYTHONPATH=/mnt/c/tinker/Tinker_Sber/install/hardware_msg/lib/python3.12/site-packages:/mnt/c/tinker/Tinker_Sber/install/motor_commander/lib/python3.12/site-packages:/opt/ros/jazzy/lib/python3.12/site-packages /usr/bin/cmake /mnt/c/tinker/Tinker_Sber/Chellenge-Tinker/motor_control -DCMAKE_INSTALL_PREFIX=/mnt/c/tinker/Tinker_Sber/install/motor_control
[60.140s] DEBUG:colcon.colcon_core.event_handler.log_command:Invoking command in '/mnt/c/tinker/Tinker_Sber/build/motor_control': CMAKE_PREFIX_PATH=/mnt/c/tinker/Tinker_Sber/install/hardware_msg:/mnt/c/tinker/Tinker_Sber/install/tinker_gui:/mnt/c/tinker/Tinker_Sber/install/tinker_description:/mnt/c/tinker/Tinker_Sber/install/motor_control:/opt/ros/jazzy/opt/sdformat_vendor:/opt/ros/jazzy/opt/gz_math_vendor:/opt/ros/jazzy/opt/gz_utils_vendor:/opt/ros/jazzy/opt/gz_tools_vendor:/opt/ros/jazzy/opt/gz_cmake_vendor:/mnt/c/tinker/Tinker_Sber/install/motor_commander:/opt/ros/jazzy PYTHONPATH=/mnt/c/tinker/Tinker_Sber/install/hardware_msg/lib/python3.12/site-packages:/mnt/c/tinker/Tinker_Sber/install/motor_commander/lib/python3.12/site-packages:/opt/ros/jazzy/lib/python3.12/site-packages /usr/bin/cmake --build /mnt/c/tinker/Tinker_Sber/build/motor_control -- -j12 -l12
[85.483s] DEBUG:colcon.colcon_core.event_handler.log_command:Invoked command in '/mnt/c/tinker/Tinker_Sber/build/motor_control' returned '0': CMAKE_PREFIX_PATH=/mnt/c/tinker/Tinker_Sber/install/hardware_msg:/mnt/c/tinker/Tinker_Sber/install/tinker_gui:/mnt/c/tinker/Tinker_Sber/install/tinker_description:/mnt/c/tinker/Tinker_Sber/install/motor_control:/opt/ros/jazzy/opt/sdformat_vendor:/opt/ros/jazzy/opt/gz_math_vendor:/opt/ros/jazzy/opt/gz_utils_vendor:/opt/ros/jazzy/opt/gz_tools_vendor:/opt/ros/jazzy/opt/gz_cmake_vendor:/mnt/c/tinker/Tinker_Sber/install/motor_commander:/opt/ros/jazzy PYTHONPATH=/mnt/c/tinker/Tinker_Sber/install/hardware_msg/lib/python3.12/site-packages:/mnt/c/tinker/Tinker_Sber/install/motor_commander/lib/python3.12/site-packages:/opt/ros/jazzy/lib/python3.12/site-packages /usr/bin/cmake --build /mnt/c/tinker/Tinker_Sber/build/motor_control -- -j12 -l12
[85.497s] DEBUG:colcon.colcon_core.event_handler.log_command:Invoking command in '/mnt/c/tinker/Tinker_Sber/build/motor_control': CMAKE_PREFIX_PATH=/mnt/c/tinker/Tinker_Sber/install/hardware_msg:/mnt/c/tinker/Tinker_Sber/install/tinker_gui:/mnt/c/tinker/Tinker_Sber/install/tinker_description:/mnt/c/tinker/Tinker_Sber/install/motor_control:/opt/ros/jazzy/opt/sdformat_vendor:/opt/ros/jazzy/opt/gz_math_vendor:/opt/ros/jazzy/opt/gz_utils_vendor:/opt/ros/jazzy/opt/gz_tools_vendor:/opt/ros/jazzy/opt/gz_cmake_vendor:/mnt/c/tinker/Tinker_Sber/install/motor_commander:/opt/ros/jazzy PYTHONPATH=/mnt/c/tinker/Tinker_Sber/install/hardware_msg/lib/python3.12/site-packages:/mnt/c/tinker/Tinker_Sber/install/motor_commander/lib/python3.12/site-packages:/opt/ros/jazzy/lib/python3.12/site-packages /usr/bin/cmake --install /mnt/c/tinker/Tinker_Sber/build/motor_control
[86.764s] Level 1:colcon.colcon_core.environment:create_environment_scripts_only(motor_control)
[86.764s] Level 1:colcon.colcon_core.environment:checking '/mnt/c/tinker/Tinker_Sber/install/motor_control' for CMake module files
[86.765s] DEBUG:colcon.colcon_core.event_handler.log_command:Invoked command in '/mnt/c/tinker/Tinker_Sber/build/motor_control' returned '0': CMAKE_PREFIX_PATH=/mnt/c/tinker/Tinker_Sber/install/hardware_msg:/mnt/c/tinker/Tinker_Sber/install/tinker_gui:/mnt/c/tinker/Tinker_Sber/install/tinker_description:/mnt/c/tinker/Tinker_Sber/install/motor_control:/opt/ros/jazzy/opt/sdformat_vendor:/opt/ros/jazzy/opt/gz_math_vendor:/opt/ros/jazzy/opt/gz_utils_vendor:/opt/ros/jazzy/opt/gz_tools_vendor:/opt/ros/jazzy/opt/gz_cmake_vendor:/mnt/c/tinker/Tinker_Sber/install/motor_commander:/opt/ros/jazzy PYTHONPATH=/mnt/c/tinker/Tinker_Sber/install/hardware_msg/lib/python3.12/site-packages:/mnt/c/tinker/Tinker_Sber/install/motor_commander/lib/python3.12/site-packages:/opt/ros/jazzy/lib/python3.12/site-packages /usr/bin/cmake --install /mnt/c/tinker/Tinker_Sber/build/motor_control
[86.814s] Level 1:colcon.colcon_core.environment:checking '/mnt/c/tinker/Tinker_Sber/install/motor_control' for CMake config files
[86.852s] Level 1:colcon.colcon_core.shell:create_environment_hook('motor_control', 'cmake_prefix_path')
[86.852s] INFO:colcon.colcon_core.shell:Creating environment hook '/mnt/c/tinker/Tinker_Sber/install/motor_control/share/motor_control/hook/cmake_prefix_path.ps1'
[86.859s] INFO:colcon.colcon_core.shell:Creating environment descriptor '/mnt/c/tinker/Tinker_Sber/install/motor_control/share/motor_control/hook/cmake_prefix_path.dsv'
[86.867s] INFO:colcon.colcon_core.shell:Creating environment hook '/mnt/c/tinker/Tinker_Sber/install/motor_control/share/motor_control/hook/cmake_prefix_path.sh'
[86.878s] Level 1:colcon.colcon_core.environment:checking '/mnt/c/tinker/Tinker_Sber/install/motor_control/lib'
[86.881s] Level 1:colcon.colcon_core.environment:checking '/mnt/c/tinker/Tinker_Sber/install/motor_control/bin'
[86.882s] Level 1:colcon.colcon_core.environment:checking '/mnt/c/tinker/Tinker_Sber/install/motor_control/lib/pkgconfig/motor_control.pc'
[86.883s] Level 1:colcon.colcon_core.environment:checking '/mnt/c/tinker/Tinker_Sber/install/motor_control/lib/python3.12/site-packages'
[86.884s] Level 1:colcon.colcon_core.environment:checking '/mnt/c/tinker/Tinker_Sber/install/motor_control/bin'
[86.885s] INFO:colcon.colcon_core.shell:Creating package script '/mnt/c/tinker/Tinker_Sber/install/motor_control/share/motor_control/package.ps1'
[86.893s] INFO:colcon.colcon_core.shell:Creating package descriptor '/mnt/c/tinker/Tinker_Sber/install/motor_control/share/motor_control/package.dsv'
[86.901s] INFO:colcon.colcon_core.shell:Creating package script '/mnt/c/tinker/Tinker_Sber/install/motor_control/share/motor_control/package.sh'
[86.908s] INFO:colcon.colcon_core.shell:Creating package script '/mnt/c/tinker/Tinker_Sber/install/motor_control/share/motor_control/package.bash'
[86.916s] INFO:colcon.colcon_core.shell:Creating package script '/mnt/c/tinker/Tinker_Sber/install/motor_control/share/motor_control/package.zsh'
[86.923s] Level 1:colcon.colcon_core.environment:create_file_with_runtime_dependencies(/mnt/c/tinker/Tinker_Sber/install/motor_control/share/colcon-core/packages/motor_control)
[86.939s] Level 1:colcon.colcon_core.environment:create_environment_scripts_only(motor_control)
[86.940s] Level 1:colcon.colcon_core.environment:checking '/mnt/c/tinker/Tinker_Sber/install/motor_control' for CMake module files
[86.996s] Level 1:colcon.colcon_core.environment:checking '/mnt/c/tinker/Tinker_Sber/install/motor_control' for CMake config files
[87.042s] Level 1:colcon.colcon_core.shell:create_environment_hook('motor_control', 'cmake_prefix_path')
[87.043s] INFO:colcon.colcon_core.shell:Creating environment hook '/mnt/c/tinker/Tinker_Sber/install/motor_control/share/motor_control/hook/cmake_prefix_path.ps1'
[87.051s] INFO:colcon.colcon_core.shell:Creating environment descriptor '/mnt/c/tinker/Tinker_Sber/install/motor_control/share/motor_control/hook/cmake_prefix_path.dsv'
[87.060s] INFO:colcon.colcon_core.shell:Creating environment hook '/mnt/c/tinker/Tinker_Sber/install/motor_control/share/motor_control/hook/cmake_prefix_path.sh'
[87.071s] Level 1:colcon.colcon_core.environment:checking '/mnt/c/tinker/Tinker_Sber/install/motor_control/lib'
[87.074s] Level 1:colcon.colcon_core.environment:checking '/mnt/c/tinker/Tinker_Sber/install/motor_control/bin'
[87.075s] Level 1:colcon.colcon_core.environment:checking '/mnt/c/tinker/Tinker_Sber/install/motor_control/lib/pkgconfig/motor_control.pc'
[87.077s] Level 1:colcon.colcon_core.environment:checking '/mnt/c/tinker/Tinker_Sber/install/motor_control/lib/python3.12/site-packages'
[87.078s] Level 1:colcon.colcon_core.environment:checking '/mnt/c/tinker/Tinker_Sber/install/motor_control/bin'
[87.079s] INFO:colcon.colcon_core.shell:Creating package script '/mnt/c/tinker/Tinker_Sber/install/motor_control/share/motor_control/package.ps1'
[87.087s] INFO:colcon.colcon_core.shell:Creating package descriptor '/mnt/c/tinker/Tinker_Sber/install/motor_control/share/motor_control/package.dsv'
[87.095s] INFO:colcon.colcon_core.shell:Creating package script '/mnt/c/tinker/Tinker_Sber/install/motor_control/share/motor_control/package.sh'
[87.103s] INFO:colcon.colcon_core.shell:Creating package script '/mnt/c/tinker/Tinker_Sber/install/motor_control/share/motor_control/package.bash'
[87.112s] INFO:colcon.colcon_core.shell:Creating package script '/mnt/c/tinker/Tinker_Sber/install/motor_control/share/motor_control/package.zsh'
[87.121s] Level 1:colcon.colcon_core.environment:create_file_with_runtime_dependencies(/mnt/c/tinker/Tinker_Sber/install/motor_control/share/colcon-core/packages/motor_control)
[87.126s] DEBUG:colcon.colcon_parallel_executor.executor.parallel:closing loop
[87.127s] DEBUG:colcon.colcon_parallel_executor.executor.parallel:loop closed
[87.127s] DEBUG:colcon.colcon_parallel_executor.executor.parallel:run_until_complete finished with '0'
[87.127s] DEBUG:colcon.colcon_core.event_reactor:joining thread
[87.210s] INFO:colcon.colcon_core.plugin_system:Skipping extension 'colcon_notification.desktop_notification.notify_send': Could not find 'notify-send'
[87.210s] INFO:colcon.colcon_core.plugin_system:Skipping extension 'colcon_notification.desktop_notification.terminal_notifier': Not used on non-Darwin systems
[87.210s] INFO:colcon.colcon_core.plugin_system:Skipping extension 'colcon_notification.desktop_notification.win32': Not used on non-Windows systems
[87.210s] INFO:colcon.colcon_notification.desktop_notification:Sending desktop notification using 'notify2'
[87.211s] DEBUG:colcon.colcon_notification.desktop_notification.notify2:Failed to initialize notify2: org.freedesktop.DBus.Error.ServiceUnknown: The name org.freedesktop.Notifications was not provided by any .service files
[87.212s] DEBUG:colcon.colcon_core.event_reactor:joined thread
[87.212s] INFO:colcon.colcon_core.shell:Creating prefix script '/mnt/c/tinker/Tinker_Sber/install/local_setup.ps1'
[87.215s] INFO:colcon.colcon_core.shell:Creating prefix util module '/mnt/c/tinker/Tinker_Sber/install/_local_setup_util_ps1.py'
[87.220s] INFO:colcon.colcon_core.shell:Creating prefix chain script '/mnt/c/tinker/Tinker_Sber/install/setup.ps1'
[87.245s] INFO:colcon.colcon_core.shell:Creating prefix script '/mnt/c/tinker/Tinker_Sber/install/local_setup.sh'
[87.248s] INFO:colcon.colcon_core.shell:Creating prefix util module '/mnt/c/tinker/Tinker_Sber/install/_local_setup_util_sh.py'
[87.252s] INFO:colcon.colcon_core.shell:Creating prefix chain script '/mnt/c/tinker/Tinker_Sber/install/setup.sh'
[87.278s] INFO:colcon.colcon_core.shell:Creating prefix script '/mnt/c/tinker/Tinker_Sber/install/local_setup.bash'
[87.282s] INFO:colcon.colcon_core.shell:Creating prefix chain script '/mnt/c/tinker/Tinker_Sber/install/setup.bash'
[87.307s] INFO:colcon.colcon_core.shell:Creating prefix script '/mnt/c/tinker/Tinker_Sber/install/local_setup.zsh'
[87.310s] INFO:colcon.colcon_core.shell:Creating prefix chain script '/mnt/c/tinker/Tinker_Sber/install/setup.zsh'
