-- Found ament_cmake: 1.3.12 (/opt/ros/humble/share/ament_cmake/cmake)
-- Found rclcpp: 16.0.15 (/opt/ros/humble/share/rclcpp/cmake)
-- Found rosidl_generator_c: 3.1.7 (/opt/ros/humble/share/rosidl_generator_c/cmake)
-- Found rosidl_adapter: 3.1.7 (/opt/ros/humble/share/rosidl_adapter/cmake)
-- Found rosidl_generator_cpp: 3.1.7 (/opt/ros/humble/share/rosidl_generator_cpp/cmake)
-- Using all available rosidl_typesupport_c: rosidl_typesupport_fastrtps_c;rosidl_typesupport_introspection_c
-- Using all available rosidl_typesupport_cpp: rosidl_typesupport_fastrtps_cpp;rosidl_typesupport_introspection_cpp
-- Found rmw_implementation_cmake: 6.1.2 (/opt/ros/humble/share/rmw_implementation_cmake/cmake)
-- Found rmw_fastrtps_cpp: 6.2.8 (/opt/ros/humble/share/rmw_fastrtps_cpp/cmake)
-- Using RMW implementation 'rmw_fastrtps_cpp' as default
-- Found sensor_msgs: 4.9.0 (/opt/ros/humble/share/sensor_msgs/cmake)
-- Found hardware_msg: 0.0.0 (/home/pi/Tinker_Sber/Chellenge-Tinker/install/hardware_msg/share/hardware_msg/cmake)
-- Configuring done
-- Generating done
-- Build files have been written to: /home/pi/Tinker_Sber/Chellenge-Tinker/build/motor_control
[35m[1mConsolidate compiler generated dependencies of target Motor_control[0m
[ 16%] [32mBuilding CXX object CMakeFiles/Motor_control.dir/src/Motor_control.cpp.o[0m
[ 33%] [32mBuilding C object CMakeFiles/Motor_control.dir/src/comm.c.o[0m
[ 50%] [32mBuilding CXX object CMakeFiles/Motor_control.dir/src/serial.cpp.o[0m
[ 66%] [32mBuilding CXX object CMakeFiles/Motor_control.dir/src/spi.cpp.o[0m
[ 83%] [32mBuilding CXX object CMakeFiles/Motor_control.dir/src/sys_timer.cpp.o[0m
[100%] [32m[1mLinking CXX executable Motor_control[0m
[100%] Built target Motor_control
-- Install configuration: ""
-- Installing: /home/pi/Tinker_Sber/Chellenge-Tinker/install/motor_control/lib/motor_control/Motor_control
-- Set runtime path of "/home/pi/Tinker_Sber/Chellenge-Tinker/install/motor_control/lib/motor_control/Motor_control" to ""
-- Up-to-date: /home/pi/Tinker_Sber/Chellenge-Tinker/install/motor_control/share/motor_control/launch
-- Up-to-date: /home/pi/Tinker_Sber/Chellenge-Tinker/install/motor_control/share/motor_control/launch/display.launch.py
-- Up-to-date: /home/pi/Tinker_Sber/Chellenge-Tinker/install/motor_control/share/motor_control/urdf
-- Up-to-date: /home/pi/Tinker_Sber/Chellenge-Tinker/install/motor_control/share/motor_control/urdf/robot.urdf
-- Up-to-date: /home/pi/Tinker_Sber/Chellenge-Tinker/install/motor_control/share/ament_index/resource_index/package_run_dependencies/motor_control
-- Up-to-date: /home/pi/Tinker_Sber/Chellenge-Tinker/install/motor_control/share/ament_index/resource_index/parent_prefix_path/motor_control
-- Up-to-date: /home/pi/Tinker_Sber/Chellenge-Tinker/install/motor_control/share/motor_control/environment/ament_prefix_path.sh
-- Installing: /home/pi/Tinker_Sber/Chellenge-Tinker/install/motor_control/share/motor_control/environment/ament_prefix_path.dsv
-- Up-to-date: /home/pi/Tinker_Sber/Chellenge-Tinker/install/motor_control/share/motor_control/environment/path.sh
-- Installing: /home/pi/Tinker_Sber/Chellenge-Tinker/install/motor_control/share/motor_control/environment/path.dsv
-- Up-to-date: /home/pi/Tinker_Sber/Chellenge-Tinker/install/motor_control/share/motor_control/local_setup.bash
-- Up-to-date: /home/pi/Tinker_Sber/Chellenge-Tinker/install/motor_control/share/motor_control/local_setup.sh
-- Up-to-date: /home/pi/Tinker_Sber/Chellenge-Tinker/install/motor_control/share/motor_control/local_setup.zsh
-- Installing: /home/pi/Tinker_Sber/Chellenge-Tinker/install/motor_control/share/motor_control/local_setup.dsv
-- Installing: /home/pi/Tinker_Sber/Chellenge-Tinker/install/motor_control/share/motor_control/package.dsv
-- Up-to-date: /home/pi/Tinker_Sber/Chellenge-Tinker/install/motor_control/share/ament_index/resource_index/packages/motor_control
-- Up-to-date: /home/pi/Tinker_Sber/Chellenge-Tinker/install/motor_control/share/motor_control/cmake/motor_controlConfig.cmake
-- Up-to-date: /home/pi/Tinker_Sber/Chellenge-Tinker/install/motor_control/share/motor_control/cmake/motor_controlConfig-version.cmake
-- Up-to-date: /home/pi/Tinker_Sber/Chellenge-Tinker/install/motor_control/share/motor_control/package.xml
