[0.102s] DEBUG:colcon:Command line arguments: ['/usr/bin/colcon', 'build']
[0.102s] DEBUG:colcon:Parsed command line arguments: Namespace(log_base=None, log_level=None, verb_name='build', build_base='build', install_base='install', merge_install=False, symlink_install=False, test_result_base=None, continue_on_error=False, executor='parallel', parallel_workers=12, event_handlers=None, ignore_user_meta=False, metas=['./colcon.meta'], base_paths=['.'], packages_ignore=None, packages_ignore_regex=None, paths=None, packages_up_to=None, packages_up_to_regex=None, packages_above=None, packages_above_and_dependencies=None, packages_above_depth=None, packages_select_by_dep=None, packages_skip_by_dep=None, packages_skip_up_to=None, packages_select_build_failed=False, packages_skip_build_finished=False, packages_select_test_failures=False, packages_skip_test_passed=False, packages_select=None, packages_skip=None, packages_select_regex=None, packages_skip_regex=None, packages_start=None, packages_end=None, allow_overriding=[], cmake_args=None, cmake_target=None, cmake_target_skip_unavailable=False, cmake_clean_cache=False, cmake_clean_first=False, cmake_force_configure=False, ament_cmake_args=None, catkin_cmake_args=None, catkin_skip_building_tests=False, verb_parser=<colcon_defaults.argument_parser.defaults.DefaultArgumentsDecorator object at 0x74d25454a9b0>, verb_extension=<colcon_core.verb.build.BuildVerb object at 0x74d25454a470>, main=<bound method BuildVerb.main of <colcon_core.verb.build.BuildVerb object at 0x74d25454a470>>)
[0.135s] Level 1:colcon.colcon_core.package_discovery:discover_packages(colcon_meta) check parameters
[0.136s] Level 1:colcon.colcon_core.package_discovery:discover_packages(recursive) check parameters
[0.136s] Level 1:colcon.colcon_core.package_discovery:discover_packages(ignore) check parameters
[0.136s] Level 1:colcon.colcon_core.package_discovery:discover_packages(path) check parameters
[0.136s] Level 1:colcon.colcon_core.package_discovery:discover_packages(colcon_meta) discover
[0.136s] Level 1:colcon.colcon_core.package_discovery:discover_packages(recursive) discover
[0.136s] INFO:colcon.colcon_core.package_discovery:Crawling recursively for packages in '/home/dmitrytorov/tinker_ros2'
[0.136s] Level 1:colcon.colcon_core.package_identification:_identify(.) by extensions ['ignore', 'ignore_ament_install']
[0.136s] Level 1:colcon.colcon_core.package_identification:_identify(.) by extension 'ignore'
[0.136s] Level 1:colcon.colcon_core.package_identification:_identify(.) by extension 'ignore_ament_install'
[0.136s] Level 1:colcon.colcon_core.package_identification:_identify(.) by extensions ['colcon_pkg']
[0.136s] Level 1:colcon.colcon_core.package_identification:_identify(.) by extension 'colcon_pkg'
[0.136s] Level 1:colcon.colcon_core.package_identification:_identify(.) by extensions ['colcon_meta']
[0.136s] Level 1:colcon.colcon_core.package_identification:_identify(.) by extension 'colcon_meta'
[0.136s] Level 1:colcon.colcon_core.package_identification:_identify(.) by extensions ['ros']
[0.136s] Level 1:colcon.colcon_core.package_identification:_identify(.) by extension 'ros'
[0.149s] Level 1:colcon.colcon_core.package_identification:_identify(.) by extensions ['cmake', 'python']
[0.149s] Level 1:colcon.colcon_core.package_identification:_identify(.) by extension 'cmake'
[0.149s] Level 1:colcon.colcon_core.package_identification:_identify(.) by extension 'python'
[0.149s] Level 1:colcon.colcon_core.package_identification:_identify(.) by extensions ['python_setup_py']
[0.149s] Level 1:colcon.colcon_core.package_identification:_identify(.) by extension 'python_setup_py'
[0.149s] Level 1:colcon.colcon_core.package_identification:_identify(build) by extensions ['ignore', 'ignore_ament_install']
[0.149s] Level 1:colcon.colcon_core.package_identification:_identify(build) by extension 'ignore'
[0.149s] Level 1:colcon.colcon_core.package_identification:_identify(build) ignored
[0.149s] Level 1:colcon.colcon_core.package_identification:_identify(install) by extensions ['ignore', 'ignore_ament_install']
[0.149s] Level 1:colcon.colcon_core.package_identification:_identify(install) by extension 'ignore'
[0.150s] Level 1:colcon.colcon_core.package_identification:_identify(install) ignored
[0.150s] Level 1:colcon.colcon_core.package_identification:_identify(log) by extensions ['ignore', 'ignore_ament_install']
[0.150s] Level 1:colcon.colcon_core.package_identification:_identify(log) by extension 'ignore'
[0.150s] Level 1:colcon.colcon_core.package_identification:_identify(log) ignored
[0.150s] Level 1:colcon.colcon_core.package_identification:_identify(src) by extensions ['ignore', 'ignore_ament_install']
[0.150s] Level 1:colcon.colcon_core.package_identification:_identify(src) by extension 'ignore'
[0.150s] Level 1:colcon.colcon_core.package_identification:_identify(src) by extension 'ignore_ament_install'
[0.150s] Level 1:colcon.colcon_core.package_identification:_identify(src) by extensions ['colcon_pkg']
[0.150s] Level 1:colcon.colcon_core.package_identification:_identify(src) by extension 'colcon_pkg'
[0.150s] Level 1:colcon.colcon_core.package_identification:_identify(src) by extensions ['colcon_meta']
[0.150s] Level 1:colcon.colcon_core.package_identification:_identify(src) by extension 'colcon_meta'
[0.150s] Level 1:colcon.colcon_core.package_identification:_identify(src) by extensions ['ros']
[0.150s] Level 1:colcon.colcon_core.package_identification:_identify(src) by extension 'ros'
[0.150s] Level 1:colcon.colcon_core.package_identification:_identify(src) by extensions ['cmake', 'python']
[0.150s] Level 1:colcon.colcon_core.package_identification:_identify(src) by extension 'cmake'
[0.150s] Level 1:colcon.colcon_core.package_identification:_identify(src) by extension 'python'
[0.150s] Level 1:colcon.colcon_core.package_identification:_identify(src) by extensions ['python_setup_py']
[0.150s] Level 1:colcon.colcon_core.package_identification:_identify(src) by extension 'python_setup_py'
[0.150s] Level 1:colcon.colcon_core.package_identification:_identify(src/tinker) by extensions ['ignore', 'ignore_ament_install']
[0.150s] Level 1:colcon.colcon_core.package_identification:_identify(src/tinker) by extension 'ignore'
[0.150s] Level 1:colcon.colcon_core.package_identification:_identify(src/tinker) by extension 'ignore_ament_install'
[0.150s] Level 1:colcon.colcon_core.package_identification:_identify(src/tinker) by extensions ['colcon_pkg']
[0.150s] Level 1:colcon.colcon_core.package_identification:_identify(src/tinker) by extension 'colcon_pkg'
[0.151s] Level 1:colcon.colcon_core.package_identification:_identify(src/tinker) by extensions ['colcon_meta']
[0.151s] Level 1:colcon.colcon_core.package_identification:_identify(src/tinker) by extension 'colcon_meta'
[0.151s] Level 1:colcon.colcon_core.package_identification:_identify(src/tinker) by extensions ['ros']
[0.151s] Level 1:colcon.colcon_core.package_identification:_identify(src/tinker) by extension 'ros'
[0.153s] DEBUG:colcon.colcon_core.package_identification:Package 'src/tinker' with type 'ros.ament_cmake' and name 'tinker'
[0.153s] Level 1:colcon.colcon_core.package_identification:_identify(src/tinker_gui) by extensions ['ignore', 'ignore_ament_install']
[0.153s] Level 1:colcon.colcon_core.package_identification:_identify(src/tinker_gui) by extension 'ignore'
[0.153s] Level 1:colcon.colcon_core.package_identification:_identify(src/tinker_gui) by extension 'ignore_ament_install'
[0.153s] Level 1:colcon.colcon_core.package_identification:_identify(src/tinker_gui) by extensions ['colcon_pkg']
[0.153s] Level 1:colcon.colcon_core.package_identification:_identify(src/tinker_gui) by extension 'colcon_pkg'
[0.153s] Level 1:colcon.colcon_core.package_identification:_identify(src/tinker_gui) by extensions ['colcon_meta']
[0.153s] Level 1:colcon.colcon_core.package_identification:_identify(src/tinker_gui) by extension 'colcon_meta'
[0.153s] Level 1:colcon.colcon_core.package_identification:_identify(src/tinker_gui) by extensions ['ros']
[0.153s] Level 1:colcon.colcon_core.package_identification:_identify(src/tinker_gui) by extension 'ros'
[0.154s] DEBUG:colcon.colcon_core.package_identification:Package 'src/tinker_gui' with type 'ros.ament_cmake' and name 'tinker_gui'
[0.154s] Level 1:colcon.colcon_core.package_discovery:discover_packages(recursive) using defaults
[0.154s] Level 1:colcon.colcon_core.package_discovery:discover_packages(ignore) discover
[0.154s] Level 1:colcon.colcon_core.package_discovery:discover_packages(ignore) using defaults
[0.154s] Level 1:colcon.colcon_core.package_discovery:discover_packages(path) discover
[0.154s] Level 1:colcon.colcon_core.package_discovery:discover_packages(path) using defaults
[0.172s] Level 1:colcon.colcon_core.package_discovery:discover_packages(prefix_path) check parameters
[0.172s] Level 1:colcon.colcon_core.package_discovery:discover_packages(prefix_path) discover
[0.174s] DEBUG:colcon.colcon_installed_package_information.package_discovery:Found 2 installed packages in /home/dmitrytorov/tinker_ros2/install
[0.175s] DEBUG:colcon.colcon_installed_package_information.package_discovery:Found 7 installed packages in /home/dmitrytorov/ros2_hd_mmRadar/install
[0.175s] DEBUG:colcon.colcon_installed_package_information.package_discovery:Found 12 installed packages in /home/dmitrytorov/turtlebot3_ws/install
[0.176s] DEBUG:colcon.colcon_installed_package_information.package_discovery:Found 7 installed packages in /home/dmitrytorov/ros2_learners/install
[0.176s] DEBUG:colcon.colcon_installed_package_information.package_discovery:Found 4 installed packages in /home/dmitrytorov/pass_course_part1/install
[0.178s] DEBUG:colcon.colcon_installed_package_information.package_discovery:Found 494 installed packages in /opt/ros/humble
[0.181s] Level 1:colcon.colcon_core.package_discovery:discover_packages(prefix_path) using defaults
[0.244s] Level 5:colcon.colcon_core.verb:set package 'tinker' build argument 'cmake_args' from command line to 'None'
[0.244s] Level 5:colcon.colcon_core.verb:set package 'tinker' build argument 'cmake_target' from command line to 'None'
[0.244s] Level 5:colcon.colcon_core.verb:set package 'tinker' build argument 'cmake_target_skip_unavailable' from command line to 'False'
[0.244s] Level 5:colcon.colcon_core.verb:set package 'tinker' build argument 'cmake_clean_cache' from command line to 'False'
[0.244s] Level 5:colcon.colcon_core.verb:set package 'tinker' build argument 'cmake_clean_first' from command line to 'False'
[0.244s] Level 5:colcon.colcon_core.verb:set package 'tinker' build argument 'cmake_force_configure' from command line to 'False'
[0.244s] Level 5:colcon.colcon_core.verb:set package 'tinker' build argument 'ament_cmake_args' from command line to 'None'
[0.244s] Level 5:colcon.colcon_core.verb:set package 'tinker' build argument 'catkin_cmake_args' from command line to 'None'
[0.244s] Level 5:colcon.colcon_core.verb:set package 'tinker' build argument 'catkin_skip_building_tests' from command line to 'False'
[0.244s] DEBUG:colcon.colcon_core.verb:Building package 'tinker' with the following arguments: {'ament_cmake_args': None, 'build_base': '/home/dmitrytorov/tinker_ros2/build/tinker', 'catkin_cmake_args': None, 'catkin_skip_building_tests': False, 'cmake_args': None, 'cmake_clean_cache': False, 'cmake_clean_first': False, 'cmake_force_configure': False, 'cmake_target': None, 'cmake_target_skip_unavailable': False, 'install_base': '/home/dmitrytorov/tinker_ros2/install/tinker', 'merge_install': False, 'path': '/home/dmitrytorov/tinker_ros2/src/tinker', 'symlink_install': False, 'test_result_base': None}
[0.244s] Level 5:colcon.colcon_core.verb:set package 'tinker_gui' build argument 'cmake_args' from command line to 'None'
[0.244s] Level 5:colcon.colcon_core.verb:set package 'tinker_gui' build argument 'cmake_target' from command line to 'None'
[0.244s] Level 5:colcon.colcon_core.verb:set package 'tinker_gui' build argument 'cmake_target_skip_unavailable' from command line to 'False'
[0.244s] Level 5:colcon.colcon_core.verb:set package 'tinker_gui' build argument 'cmake_clean_cache' from command line to 'False'
[0.244s] Level 5:colcon.colcon_core.verb:set package 'tinker_gui' build argument 'cmake_clean_first' from command line to 'False'
[0.244s] Level 5:colcon.colcon_core.verb:set package 'tinker_gui' build argument 'cmake_force_configure' from command line to 'False'
[0.244s] Level 5:colcon.colcon_core.verb:set package 'tinker_gui' build argument 'ament_cmake_args' from command line to 'None'
[0.244s] Level 5:colcon.colcon_core.verb:set package 'tinker_gui' build argument 'catkin_cmake_args' from command line to 'None'
[0.244s] Level 5:colcon.colcon_core.verb:set package 'tinker_gui' build argument 'catkin_skip_building_tests' from command line to 'False'
[0.244s] DEBUG:colcon.colcon_core.verb:Building package 'tinker_gui' with the following arguments: {'ament_cmake_args': None, 'build_base': '/home/dmitrytorov/tinker_ros2/build/tinker_gui', 'catkin_cmake_args': None, 'catkin_skip_building_tests': False, 'cmake_args': None, 'cmake_clean_cache': False, 'cmake_clean_first': False, 'cmake_force_configure': False, 'cmake_target': None, 'cmake_target_skip_unavailable': False, 'install_base': '/home/dmitrytorov/tinker_ros2/install/tinker_gui', 'merge_install': False, 'path': '/home/dmitrytorov/tinker_ros2/src/tinker_gui', 'symlink_install': False, 'test_result_base': None}
[0.245s] INFO:colcon.colcon_core.executor:Executing jobs using 'parallel' executor
[0.246s] DEBUG:colcon.colcon_parallel_executor.executor.parallel:run_until_complete
[0.246s] INFO:colcon.colcon_ros.task.ament_cmake.build:Building ROS package in '/home/dmitrytorov/tinker_ros2/src/tinker' with build type 'ament_cmake'
[0.246s] INFO:colcon.colcon_cmake.task.cmake.build:Building CMake package in '/home/dmitrytorov/tinker_ros2/src/tinker'
[0.248s] INFO:colcon.colcon_core.plugin_system:Skipping extension 'colcon_core.shell.bat': Not used on non-Windows systems
[0.248s] INFO:colcon.colcon_core.shell:Skip shell extension 'powershell' for command environment: Not usable outside of PowerShell
[0.248s] DEBUG:colcon.colcon_core.shell:Skip shell extension 'dsv' for command environment
[0.255s] INFO:colcon.colcon_ros.task.ament_cmake.build:Building ROS package in '/home/dmitrytorov/tinker_ros2/src/tinker_gui' with build type 'ament_cmake'
[0.255s] INFO:colcon.colcon_cmake.task.cmake.build:Building CMake package in '/home/dmitrytorov/tinker_ros2/src/tinker_gui'
[0.255s] INFO:colcon.colcon_core.shell:Skip shell extension 'powershell' for command environment: Not usable outside of PowerShell
[0.255s] DEBUG:colcon.colcon_core.shell:Skip shell extension 'dsv' for command environment
[0.265s] DEBUG:colcon.colcon_core.event_handler.log_command:Invoking command in '/home/dmitrytorov/tinker_ros2/build/tinker': CMAKE_PREFIX_PATH=${CMAKE_PREFIX_PATH}:/home/dmitrytorov/ros2_hd_mmRadar/install/twist_converter:/home/dmitrytorov/ros2_hd_mmRadar/install/rtabmap_python:/home/dmitrytorov/ros2_hd_mmRadar/install/qos_bridge:/home/dmitrytorov/ros2_hd_mmRadar/install/my_path_publisher:/home/dmitrytorov/turtlebot3_ws/install/turtlebot3_teleop:/home/dmitrytorov/turtlebot3_ws/install/turtlebot3_example:/home/dmitrytorov/ros2_learners/install/robot_math:/home/dmitrytorov/ros2_learners/install/ai_assitance:/home/dmitrytorov/pass_course_part1/install/twist_converter:/home/dmitrytorov/pass_course_part1/install/my_two_wheel_robot:/home/dmitrytorov/pass_course_part1/install/my_path_publisher:/home/dmitrytorov/pass_course_part1/install/my_fake_lidar:/opt/ros/humble /usr/bin/cmake /home/dmitrytorov/tinker_ros2/src/tinker -DCMAKE_INSTALL_PREFIX=/home/dmitrytorov/tinker_ros2/install/tinker
[0.270s] DEBUG:colcon.colcon_core.event_handler.log_command:Invoking command in '/home/dmitrytorov/tinker_ros2/build/tinker_gui': CMAKE_PREFIX_PATH=${CMAKE_PREFIX_PATH}:/home/dmitrytorov/ros2_hd_mmRadar/install/twist_converter:/home/dmitrytorov/ros2_hd_mmRadar/install/rtabmap_python:/home/dmitrytorov/ros2_hd_mmRadar/install/qos_bridge:/home/dmitrytorov/ros2_hd_mmRadar/install/my_path_publisher:/home/dmitrytorov/turtlebot3_ws/install/turtlebot3_teleop:/home/dmitrytorov/turtlebot3_ws/install/turtlebot3_example:/home/dmitrytorov/ros2_learners/install/robot_math:/home/dmitrytorov/ros2_learners/install/ai_assitance:/home/dmitrytorov/pass_course_part1/install/twist_converter:/home/dmitrytorov/pass_course_part1/install/my_two_wheel_robot:/home/dmitrytorov/pass_course_part1/install/my_path_publisher:/home/dmitrytorov/pass_course_part1/install/my_fake_lidar:/opt/ros/humble /usr/bin/cmake /home/dmitrytorov/tinker_ros2/src/tinker_gui -DCMAKE_INSTALL_PREFIX=/home/dmitrytorov/tinker_ros2/install/tinker_gui
[0.497s] DEBUG:colcon.colcon_core.event_handler.log_command:Invoked command in '/home/dmitrytorov/tinker_ros2/build/tinker' returned '0': CMAKE_PREFIX_PATH=${CMAKE_PREFIX_PATH}:/home/dmitrytorov/ros2_hd_mmRadar/install/twist_converter:/home/dmitrytorov/ros2_hd_mmRadar/install/rtabmap_python:/home/dmitrytorov/ros2_hd_mmRadar/install/qos_bridge:/home/dmitrytorov/ros2_hd_mmRadar/install/my_path_publisher:/home/dmitrytorov/turtlebot3_ws/install/turtlebot3_teleop:/home/dmitrytorov/turtlebot3_ws/install/turtlebot3_example:/home/dmitrytorov/ros2_learners/install/robot_math:/home/dmitrytorov/ros2_learners/install/ai_assitance:/home/dmitrytorov/pass_course_part1/install/twist_converter:/home/dmitrytorov/pass_course_part1/install/my_two_wheel_robot:/home/dmitrytorov/pass_course_part1/install/my_path_publisher:/home/dmitrytorov/pass_course_part1/install/my_fake_lidar:/opt/ros/humble /usr/bin/cmake /home/dmitrytorov/tinker_ros2/src/tinker -DCMAKE_INSTALL_PREFIX=/home/dmitrytorov/tinker_ros2/install/tinker
[0.499s] DEBUG:colcon.colcon_core.event_handler.log_command:Invoking command in '/home/dmitrytorov/tinker_ros2/build/tinker': CMAKE_PREFIX_PATH=${CMAKE_PREFIX_PATH}:/home/dmitrytorov/ros2_hd_mmRadar/install/twist_converter:/home/dmitrytorov/ros2_hd_mmRadar/install/rtabmap_python:/home/dmitrytorov/ros2_hd_mmRadar/install/qos_bridge:/home/dmitrytorov/ros2_hd_mmRadar/install/my_path_publisher:/home/dmitrytorov/turtlebot3_ws/install/turtlebot3_teleop:/home/dmitrytorov/turtlebot3_ws/install/turtlebot3_example:/home/dmitrytorov/ros2_learners/install/robot_math:/home/dmitrytorov/ros2_learners/install/ai_assitance:/home/dmitrytorov/pass_course_part1/install/twist_converter:/home/dmitrytorov/pass_course_part1/install/my_two_wheel_robot:/home/dmitrytorov/pass_course_part1/install/my_path_publisher:/home/dmitrytorov/pass_course_part1/install/my_fake_lidar:/opt/ros/humble /usr/bin/cmake --build /home/dmitrytorov/tinker_ros2/build/tinker -- -j12 -l12
[0.544s] DEBUG:colcon.colcon_core.event_handler.log_command:Invoked command in '/home/dmitrytorov/tinker_ros2/build/tinker' returned '0': CMAKE_PREFIX_PATH=${CMAKE_PREFIX_PATH}:/home/dmitrytorov/ros2_hd_mmRadar/install/twist_converter:/home/dmitrytorov/ros2_hd_mmRadar/install/rtabmap_python:/home/dmitrytorov/ros2_hd_mmRadar/install/qos_bridge:/home/dmitrytorov/ros2_hd_mmRadar/install/my_path_publisher:/home/dmitrytorov/turtlebot3_ws/install/turtlebot3_teleop:/home/dmitrytorov/turtlebot3_ws/install/turtlebot3_example:/home/dmitrytorov/ros2_learners/install/robot_math:/home/dmitrytorov/ros2_learners/install/ai_assitance:/home/dmitrytorov/pass_course_part1/install/twist_converter:/home/dmitrytorov/pass_course_part1/install/my_two_wheel_robot:/home/dmitrytorov/pass_course_part1/install/my_path_publisher:/home/dmitrytorov/pass_course_part1/install/my_fake_lidar:/opt/ros/humble /usr/bin/cmake --build /home/dmitrytorov/tinker_ros2/build/tinker -- -j12 -l12
[0.556s] DEBUG:colcon.colcon_core.event_handler.log_command:Invoking command in '/home/dmitrytorov/tinker_ros2/build/tinker': CMAKE_PREFIX_PATH=${CMAKE_PREFIX_PATH}:/home/dmitrytorov/ros2_hd_mmRadar/install/twist_converter:/home/dmitrytorov/ros2_hd_mmRadar/install/rtabmap_python:/home/dmitrytorov/ros2_hd_mmRadar/install/qos_bridge:/home/dmitrytorov/ros2_hd_mmRadar/install/my_path_publisher:/home/dmitrytorov/turtlebot3_ws/install/turtlebot3_teleop:/home/dmitrytorov/turtlebot3_ws/install/turtlebot3_example:/home/dmitrytorov/ros2_learners/install/robot_math:/home/dmitrytorov/ros2_learners/install/ai_assitance:/home/dmitrytorov/pass_course_part1/install/twist_converter:/home/dmitrytorov/pass_course_part1/install/my_two_wheel_robot:/home/dmitrytorov/pass_course_part1/install/my_path_publisher:/home/dmitrytorov/pass_course_part1/install/my_fake_lidar:/opt/ros/humble /usr/bin/cmake --install /home/dmitrytorov/tinker_ros2/build/tinker
[0.582s] Level 1:colcon.colcon_core.environment:create_environment_scripts_only(tinker)
[0.583s] DEBUG:colcon.colcon_core.event_handler.log_command:Invoked command in '/home/dmitrytorov/tinker_ros2/build/tinker' returned '0': CMAKE_PREFIX_PATH=${CMAKE_PREFIX_PATH}:/home/dmitrytorov/ros2_hd_mmRadar/install/twist_converter:/home/dmitrytorov/ros2_hd_mmRadar/install/rtabmap_python:/home/dmitrytorov/ros2_hd_mmRadar/install/qos_bridge:/home/dmitrytorov/ros2_hd_mmRadar/install/my_path_publisher:/home/dmitrytorov/turtlebot3_ws/install/turtlebot3_teleop:/home/dmitrytorov/turtlebot3_ws/install/turtlebot3_example:/home/dmitrytorov/ros2_learners/install/robot_math:/home/dmitrytorov/ros2_learners/install/ai_assitance:/home/dmitrytorov/pass_course_part1/install/twist_converter:/home/dmitrytorov/pass_course_part1/install/my_two_wheel_robot:/home/dmitrytorov/pass_course_part1/install/my_path_publisher:/home/dmitrytorov/pass_course_part1/install/my_fake_lidar:/opt/ros/humble /usr/bin/cmake --install /home/dmitrytorov/tinker_ros2/build/tinker
[0.585s] Level 1:colcon.colcon_core.environment:checking '/home/dmitrytorov/tinker_ros2/install/tinker' for CMake module files
[0.585s] Level 1:colcon.colcon_core.environment:checking '/home/dmitrytorov/tinker_ros2/install/tinker' for CMake config files
[0.586s] Level 1:colcon.colcon_core.shell:create_environment_hook('tinker', 'cmake_prefix_path')
[0.586s] INFO:colcon.colcon_core.shell:Creating environment hook '/home/dmitrytorov/tinker_ros2/install/tinker/share/tinker/hook/cmake_prefix_path.ps1'
[0.586s] INFO:colcon.colcon_core.shell:Creating environment descriptor '/home/dmitrytorov/tinker_ros2/install/tinker/share/tinker/hook/cmake_prefix_path.dsv'
[0.587s] INFO:colcon.colcon_core.shell:Creating environment hook '/home/dmitrytorov/tinker_ros2/install/tinker/share/tinker/hook/cmake_prefix_path.sh'
[0.588s] Level 1:colcon.colcon_core.environment:checking '/home/dmitrytorov/tinker_ros2/install/tinker/bin'
[0.588s] Level 1:colcon.colcon_core.environment:checking '/home/dmitrytorov/tinker_ros2/install/tinker/lib/pkgconfig/tinker.pc'
[0.588s] Level 1:colcon.colcon_core.environment:checking '/home/dmitrytorov/tinker_ros2/install/tinker/lib/python3.10/site-packages'
[0.589s] Level 1:colcon.colcon_core.environment:checking '/home/dmitrytorov/tinker_ros2/install/tinker/bin'
[0.589s] INFO:colcon.colcon_core.shell:Creating package script '/home/dmitrytorov/tinker_ros2/install/tinker/share/tinker/package.ps1'
[0.590s] INFO:colcon.colcon_core.shell:Creating package descriptor '/home/dmitrytorov/tinker_ros2/install/tinker/share/tinker/package.dsv'
[0.591s] INFO:colcon.colcon_core.shell:Creating package script '/home/dmitrytorov/tinker_ros2/install/tinker/share/tinker/package.sh'
[0.592s] INFO:colcon.colcon_core.shell:Creating package script '/home/dmitrytorov/tinker_ros2/install/tinker/share/tinker/package.bash'
[0.592s] INFO:colcon.colcon_core.shell:Creating package script '/home/dmitrytorov/tinker_ros2/install/tinker/share/tinker/package.zsh'
[0.593s] Level 1:colcon.colcon_core.environment:create_file_with_runtime_dependencies(/home/dmitrytorov/tinker_ros2/install/tinker/share/colcon-core/packages/tinker)
[0.593s] Level 1:colcon.colcon_core.environment:create_environment_scripts_only(tinker)
[0.594s] Level 1:colcon.colcon_core.environment:checking '/home/dmitrytorov/tinker_ros2/install/tinker' for CMake module files
[0.594s] Level 1:colcon.colcon_core.environment:checking '/home/dmitrytorov/tinker_ros2/install/tinker' for CMake config files
[0.594s] Level 1:colcon.colcon_core.shell:create_environment_hook('tinker', 'cmake_prefix_path')
[0.595s] INFO:colcon.colcon_core.shell:Creating environment hook '/home/dmitrytorov/tinker_ros2/install/tinker/share/tinker/hook/cmake_prefix_path.ps1'
[0.595s] INFO:colcon.colcon_core.shell:Creating environment descriptor '/home/dmitrytorov/tinker_ros2/install/tinker/share/tinker/hook/cmake_prefix_path.dsv'
[0.595s] INFO:colcon.colcon_core.shell:Creating environment hook '/home/dmitrytorov/tinker_ros2/install/tinker/share/tinker/hook/cmake_prefix_path.sh'
[0.596s] Level 1:colcon.colcon_core.environment:checking '/home/dmitrytorov/tinker_ros2/install/tinker/bin'
[0.596s] Level 1:colcon.colcon_core.environment:checking '/home/dmitrytorov/tinker_ros2/install/tinker/lib/pkgconfig/tinker.pc'
[0.596s] Level 1:colcon.colcon_core.environment:checking '/home/dmitrytorov/tinker_ros2/install/tinker/lib/python3.10/site-packages'
[0.596s] Level 1:colcon.colcon_core.environment:checking '/home/dmitrytorov/tinker_ros2/install/tinker/bin'
[0.597s] INFO:colcon.colcon_core.shell:Creating package script '/home/dmitrytorov/tinker_ros2/install/tinker/share/tinker/package.ps1'
[0.597s] INFO:colcon.colcon_core.shell:Creating package descriptor '/home/dmitrytorov/tinker_ros2/install/tinker/share/tinker/package.dsv'
[0.598s] INFO:colcon.colcon_core.shell:Creating package script '/home/dmitrytorov/tinker_ros2/install/tinker/share/tinker/package.sh'
[0.598s] INFO:colcon.colcon_core.shell:Creating package script '/home/dmitrytorov/tinker_ros2/install/tinker/share/tinker/package.bash'
[0.599s] INFO:colcon.colcon_core.shell:Creating package script '/home/dmitrytorov/tinker_ros2/install/tinker/share/tinker/package.zsh'
[0.599s] Level 1:colcon.colcon_core.environment:create_file_with_runtime_dependencies(/home/dmitrytorov/tinker_ros2/install/tinker/share/colcon-core/packages/tinker)
[0.602s] DEBUG:colcon.colcon_core.event_handler.log_command:Invoked command in '/home/dmitrytorov/tinker_ros2/build/tinker_gui' returned '0': CMAKE_PREFIX_PATH=${CMAKE_PREFIX_PATH}:/home/dmitrytorov/ros2_hd_mmRadar/install/twist_converter:/home/dmitrytorov/ros2_hd_mmRadar/install/rtabmap_python:/home/dmitrytorov/ros2_hd_mmRadar/install/qos_bridge:/home/dmitrytorov/ros2_hd_mmRadar/install/my_path_publisher:/home/dmitrytorov/turtlebot3_ws/install/turtlebot3_teleop:/home/dmitrytorov/turtlebot3_ws/install/turtlebot3_example:/home/dmitrytorov/ros2_learners/install/robot_math:/home/dmitrytorov/ros2_learners/install/ai_assitance:/home/dmitrytorov/pass_course_part1/install/twist_converter:/home/dmitrytorov/pass_course_part1/install/my_two_wheel_robot:/home/dmitrytorov/pass_course_part1/install/my_path_publisher:/home/dmitrytorov/pass_course_part1/install/my_fake_lidar:/opt/ros/humble /usr/bin/cmake /home/dmitrytorov/tinker_ros2/src/tinker_gui -DCMAKE_INSTALL_PREFIX=/home/dmitrytorov/tinker_ros2/install/tinker_gui
[0.604s] DEBUG:colcon.colcon_core.event_handler.log_command:Invoking command in '/home/dmitrytorov/tinker_ros2/build/tinker_gui': CMAKE_PREFIX_PATH=${CMAKE_PREFIX_PATH}:/home/dmitrytorov/ros2_hd_mmRadar/install/twist_converter:/home/dmitrytorov/ros2_hd_mmRadar/install/rtabmap_python:/home/dmitrytorov/ros2_hd_mmRadar/install/qos_bridge:/home/dmitrytorov/ros2_hd_mmRadar/install/my_path_publisher:/home/dmitrytorov/turtlebot3_ws/install/turtlebot3_teleop:/home/dmitrytorov/turtlebot3_ws/install/turtlebot3_example:/home/dmitrytorov/ros2_learners/install/robot_math:/home/dmitrytorov/ros2_learners/install/ai_assitance:/home/dmitrytorov/pass_course_part1/install/twist_converter:/home/dmitrytorov/pass_course_part1/install/my_two_wheel_robot:/home/dmitrytorov/pass_course_part1/install/my_path_publisher:/home/dmitrytorov/pass_course_part1/install/my_fake_lidar:/opt/ros/humble /usr/bin/cmake --build /home/dmitrytorov/tinker_ros2/build/tinker_gui -- -j12 -l12
[0.651s] DEBUG:colcon.colcon_core.event_handler.log_command:Invoked command in '/home/dmitrytorov/tinker_ros2/build/tinker_gui' returned '0': CMAKE_PREFIX_PATH=${CMAKE_PREFIX_PATH}:/home/dmitrytorov/ros2_hd_mmRadar/install/twist_converter:/home/dmitrytorov/ros2_hd_mmRadar/install/rtabmap_python:/home/dmitrytorov/ros2_hd_mmRadar/install/qos_bridge:/home/dmitrytorov/ros2_hd_mmRadar/install/my_path_publisher:/home/dmitrytorov/turtlebot3_ws/install/turtlebot3_teleop:/home/dmitrytorov/turtlebot3_ws/install/turtlebot3_example:/home/dmitrytorov/ros2_learners/install/robot_math:/home/dmitrytorov/ros2_learners/install/ai_assitance:/home/dmitrytorov/pass_course_part1/install/twist_converter:/home/dmitrytorov/pass_course_part1/install/my_two_wheel_robot:/home/dmitrytorov/pass_course_part1/install/my_path_publisher:/home/dmitrytorov/pass_course_part1/install/my_fake_lidar:/opt/ros/humble /usr/bin/cmake --build /home/dmitrytorov/tinker_ros2/build/tinker_gui -- -j12 -l12
[0.652s] DEBUG:colcon.colcon_core.event_handler.log_command:Invoking command in '/home/dmitrytorov/tinker_ros2/build/tinker_gui': CMAKE_PREFIX_PATH=${CMAKE_PREFIX_PATH}:/home/dmitrytorov/ros2_hd_mmRadar/install/twist_converter:/home/dmitrytorov/ros2_hd_mmRadar/install/rtabmap_python:/home/dmitrytorov/ros2_hd_mmRadar/install/qos_bridge:/home/dmitrytorov/ros2_hd_mmRadar/install/my_path_publisher:/home/dmitrytorov/turtlebot3_ws/install/turtlebot3_teleop:/home/dmitrytorov/turtlebot3_ws/install/turtlebot3_example:/home/dmitrytorov/ros2_learners/install/robot_math:/home/dmitrytorov/ros2_learners/install/ai_assitance:/home/dmitrytorov/pass_course_part1/install/twist_converter:/home/dmitrytorov/pass_course_part1/install/my_two_wheel_robot:/home/dmitrytorov/pass_course_part1/install/my_path_publisher:/home/dmitrytorov/pass_course_part1/install/my_fake_lidar:/opt/ros/humble /usr/bin/cmake --install /home/dmitrytorov/tinker_ros2/build/tinker_gui
[0.676s] Level 1:colcon.colcon_core.environment:create_environment_scripts_only(tinker_gui)
[0.676s] DEBUG:colcon.colcon_core.event_handler.log_command:Invoked command in '/home/dmitrytorov/tinker_ros2/build/tinker_gui' returned '0': CMAKE_PREFIX_PATH=${CMAKE_PREFIX_PATH}:/home/dmitrytorov/ros2_hd_mmRadar/install/twist_converter:/home/dmitrytorov/ros2_hd_mmRadar/install/rtabmap_python:/home/dmitrytorov/ros2_hd_mmRadar/install/qos_bridge:/home/dmitrytorov/ros2_hd_mmRadar/install/my_path_publisher:/home/dmitrytorov/turtlebot3_ws/install/turtlebot3_teleop:/home/dmitrytorov/turtlebot3_ws/install/turtlebot3_example:/home/dmitrytorov/ros2_learners/install/robot_math:/home/dmitrytorov/ros2_learners/install/ai_assitance:/home/dmitrytorov/pass_course_part1/install/twist_converter:/home/dmitrytorov/pass_course_part1/install/my_two_wheel_robot:/home/dmitrytorov/pass_course_part1/install/my_path_publisher:/home/dmitrytorov/pass_course_part1/install/my_fake_lidar:/opt/ros/humble /usr/bin/cmake --install /home/dmitrytorov/tinker_ros2/build/tinker_gui
[0.676s] Level 1:colcon.colcon_core.environment:checking '/home/dmitrytorov/tinker_ros2/install/tinker_gui' for CMake module files
[0.677s] Level 1:colcon.colcon_core.environment:checking '/home/dmitrytorov/tinker_ros2/install/tinker_gui' for CMake config files
[0.677s] Level 1:colcon.colcon_core.shell:create_environment_hook('tinker_gui', 'cmake_prefix_path')
[0.677s] INFO:colcon.colcon_core.shell:Creating environment hook '/home/dmitrytorov/tinker_ros2/install/tinker_gui/share/tinker_gui/hook/cmake_prefix_path.ps1'
[0.678s] INFO:colcon.colcon_core.shell:Creating environment descriptor '/home/dmitrytorov/tinker_ros2/install/tinker_gui/share/tinker_gui/hook/cmake_prefix_path.dsv'
[0.678s] INFO:colcon.colcon_core.shell:Creating environment hook '/home/dmitrytorov/tinker_ros2/install/tinker_gui/share/tinker_gui/hook/cmake_prefix_path.sh'
[0.679s] Level 1:colcon.colcon_core.environment:checking '/home/dmitrytorov/tinker_ros2/install/tinker_gui/lib'
[0.679s] Level 1:colcon.colcon_core.environment:checking '/home/dmitrytorov/tinker_ros2/install/tinker_gui/bin'
[0.679s] Level 1:colcon.colcon_core.environment:checking '/home/dmitrytorov/tinker_ros2/install/tinker_gui/lib/pkgconfig/tinker_gui.pc'
[0.679s] Level 1:colcon.colcon_core.environment:checking '/home/dmitrytorov/tinker_ros2/install/tinker_gui/lib/python3.10/site-packages'
[0.679s] Level 1:colcon.colcon_core.environment:checking '/home/dmitrytorov/tinker_ros2/install/tinker_gui/bin'
[0.679s] INFO:colcon.colcon_core.shell:Creating package script '/home/dmitrytorov/tinker_ros2/install/tinker_gui/share/tinker_gui/package.ps1'
[0.680s] INFO:colcon.colcon_core.shell:Creating package descriptor '/home/dmitrytorov/tinker_ros2/install/tinker_gui/share/tinker_gui/package.dsv'
[0.680s] INFO:colcon.colcon_core.shell:Creating package script '/home/dmitrytorov/tinker_ros2/install/tinker_gui/share/tinker_gui/package.sh'
[0.681s] INFO:colcon.colcon_core.shell:Creating package script '/home/dmitrytorov/tinker_ros2/install/tinker_gui/share/tinker_gui/package.bash'
[0.681s] INFO:colcon.colcon_core.shell:Creating package script '/home/dmitrytorov/tinker_ros2/install/tinker_gui/share/tinker_gui/package.zsh'
[0.681s] Level 1:colcon.colcon_core.environment:create_file_with_runtime_dependencies(/home/dmitrytorov/tinker_ros2/install/tinker_gui/share/colcon-core/packages/tinker_gui)
[0.682s] Level 1:colcon.colcon_core.environment:create_environment_scripts_only(tinker_gui)
[0.682s] Level 1:colcon.colcon_core.environment:checking '/home/dmitrytorov/tinker_ros2/install/tinker_gui' for CMake module files
[0.682s] Level 1:colcon.colcon_core.environment:checking '/home/dmitrytorov/tinker_ros2/install/tinker_gui' for CMake config files
[0.683s] Level 1:colcon.colcon_core.shell:create_environment_hook('tinker_gui', 'cmake_prefix_path')
[0.683s] INFO:colcon.colcon_core.shell:Creating environment hook '/home/dmitrytorov/tinker_ros2/install/tinker_gui/share/tinker_gui/hook/cmake_prefix_path.ps1'
[0.683s] INFO:colcon.colcon_core.shell:Creating environment descriptor '/home/dmitrytorov/tinker_ros2/install/tinker_gui/share/tinker_gui/hook/cmake_prefix_path.dsv'
[0.683s] INFO:colcon.colcon_core.shell:Creating environment hook '/home/dmitrytorov/tinker_ros2/install/tinker_gui/share/tinker_gui/hook/cmake_prefix_path.sh'
[0.684s] Level 1:colcon.colcon_core.environment:checking '/home/dmitrytorov/tinker_ros2/install/tinker_gui/lib'
[0.684s] Level 1:colcon.colcon_core.environment:checking '/home/dmitrytorov/tinker_ros2/install/tinker_gui/bin'
[0.684s] Level 1:colcon.colcon_core.environment:checking '/home/dmitrytorov/tinker_ros2/install/tinker_gui/lib/pkgconfig/tinker_gui.pc'
[0.684s] Level 1:colcon.colcon_core.environment:checking '/home/dmitrytorov/tinker_ros2/install/tinker_gui/lib/python3.10/site-packages'
[0.684s] Level 1:colcon.colcon_core.environment:checking '/home/dmitrytorov/tinker_ros2/install/tinker_gui/bin'
[0.685s] INFO:colcon.colcon_core.shell:Creating package script '/home/dmitrytorov/tinker_ros2/install/tinker_gui/share/tinker_gui/package.ps1'
[0.685s] INFO:colcon.colcon_core.shell:Creating package descriptor '/home/dmitrytorov/tinker_ros2/install/tinker_gui/share/tinker_gui/package.dsv'
[0.685s] INFO:colcon.colcon_core.shell:Creating package script '/home/dmitrytorov/tinker_ros2/install/tinker_gui/share/tinker_gui/package.sh'
[0.686s] INFO:colcon.colcon_core.shell:Creating package script '/home/dmitrytorov/tinker_ros2/install/tinker_gui/share/tinker_gui/package.bash'
[0.686s] INFO:colcon.colcon_core.shell:Creating package script '/home/dmitrytorov/tinker_ros2/install/tinker_gui/share/tinker_gui/package.zsh'
[0.687s] Level 1:colcon.colcon_core.environment:create_file_with_runtime_dependencies(/home/dmitrytorov/tinker_ros2/install/tinker_gui/share/colcon-core/packages/tinker_gui)
[0.687s] DEBUG:colcon.colcon_parallel_executor.executor.parallel:closing loop
[0.687s] DEBUG:colcon.colcon_parallel_executor.executor.parallel:loop closed
[0.687s] DEBUG:colcon.colcon_parallel_executor.executor.parallel:run_until_complete finished with '0'
[0.687s] DEBUG:colcon.colcon_core.event_reactor:joining thread
[0.692s] INFO:colcon.colcon_core.plugin_system:Skipping extension 'colcon_notification.desktop_notification.terminal_notifier': Not used on non-Darwin systems
[0.692s] INFO:colcon.colcon_core.plugin_system:Skipping extension 'colcon_notification.desktop_notification.win32': Not used on non-Windows systems
[0.692s] INFO:colcon.colcon_notification.desktop_notification:Sending desktop notification using 'notify2'
[0.703s] DEBUG:colcon.colcon_core.event_reactor:joined thread
[0.703s] INFO:colcon.colcon_core.shell:Creating prefix script '/home/dmitrytorov/tinker_ros2/install/local_setup.ps1'
[0.704s] INFO:colcon.colcon_core.shell:Creating prefix util module '/home/dmitrytorov/tinker_ros2/install/_local_setup_util_ps1.py'
[0.705s] INFO:colcon.colcon_core.shell:Creating prefix chain script '/home/dmitrytorov/tinker_ros2/install/setup.ps1'
[0.707s] INFO:colcon.colcon_core.shell:Creating prefix script '/home/dmitrytorov/tinker_ros2/install/local_setup.sh'
[0.708s] INFO:colcon.colcon_core.shell:Creating prefix util module '/home/dmitrytorov/tinker_ros2/install/_local_setup_util_sh.py'
[0.708s] INFO:colcon.colcon_core.shell:Creating prefix chain script '/home/dmitrytorov/tinker_ros2/install/setup.sh'
[0.710s] INFO:colcon.colcon_core.shell:Creating prefix script '/home/dmitrytorov/tinker_ros2/install/local_setup.bash'
[0.711s] INFO:colcon.colcon_core.shell:Creating prefix chain script '/home/dmitrytorov/tinker_ros2/install/setup.bash'
[0.712s] INFO:colcon.colcon_core.shell:Creating prefix script '/home/dmitrytorov/tinker_ros2/install/local_setup.zsh'
[0.713s] INFO:colcon.colcon_core.shell:Creating prefix chain script '/home/dmitrytorov/tinker_ros2/install/setup.zsh'
