[0.051s] Invoking command in '/mnt/c/tinker/Tinker_Sber/build/tinker': CMAKE_PREFIX_PATH=${CMAKE_PREFIX_PATH}:/opt/ros/jazzy /usr/bin/cmake /mnt/c/tinker/Tinker_Sber/src/tinker -DCMAKE_INSTALL_PREFIX=/mnt/c/tinker/Tinker_Sber/install/tinker
[0.356s] -- The C compiler identification is GNU 13.3.0
[1.050s] -- The CXX compiler identification is GNU 13.3.0
[1.639s] -- Detecting C compiler ABI info
[2.189s] -- Detecting C compiler ABI info - done
[2.213s] -- Check for working C compiler: /usr/bin/cc - skipped
[2.214s] -- Detecting C compile features
[2.215s] -- Detecting C compile features - done
[2.345s] -- Detecting CXX compiler ABI info
[2.863s] -- Detecting CXX compiler ABI info - done
[2.888s] -- Check for working CXX compiler: /usr/bin/c++ - skipped
[2.889s] -- Detecting CXX compile features
[2.890s] -- Detecting CXX compile features - done
[2.947s] -- Found ament_cmake: 2.5.3 (/opt/ros/jazzy/share/ament_cmake/cmake)
[3.086s] -- Found Python3: /usr/bin/python3 (found version "3.12.3") found components: Interpreter 
[3.441s] -- Found ament_lint_auto: 0.17.1 (/opt/ros/jazzy/share/ament_lint_auto/cmake)
[4.271s] -- Added test 'flake8' to check Python code syntax and style conventions
[4.271s] -- Configured 'flake8' exclude dirs and/or files: 
[4.380s] -- Added test 'lint_cmake' to check CMake code style
[4.436s] -- Added test 'pep257' to check Python code against some of the docstring style conventions in PEP 257
[4.839s] -- Added test 'xmllint' to check XML markup files
[4.913s] -- Configuring done (4.8s)
[5.116s] -- Generating done (0.2s)
[5.248s] -- Build files have been written to: /mnt/c/tinker/Tinker_Sber/build/tinker
[5.253s] Invoked command in '/mnt/c/tinker/Tinker_Sber/build/tinker' returned '0': CMAKE_PREFIX_PATH=${CMAKE_PREFIX_PATH}:/opt/ros/jazzy /usr/bin/cmake /mnt/c/tinker/Tinker_Sber/src/tinker -DCMAKE_INSTALL_PREFIX=/mnt/c/tinker/Tinker_Sber/install/tinker
[5.259s] Invoking command in '/mnt/c/tinker/Tinker_Sber/build/tinker': CMAKE_PREFIX_PATH=${CMAKE_PREFIX_PATH}:/opt/ros/jazzy /usr/bin/cmake --build /mnt/c/tinker/Tinker_Sber/build/tinker -- -j12 -l12
[5.340s] Invoked command in '/mnt/c/tinker/Tinker_Sber/build/tinker' returned '0': CMAKE_PREFIX_PATH=${CMAKE_PREFIX_PATH}:/opt/ros/jazzy /usr/bin/cmake --build /mnt/c/tinker/Tinker_Sber/build/tinker -- -j12 -l12
[5.357s] Invoking command in '/mnt/c/tinker/Tinker_Sber/build/tinker': CMAKE_PREFIX_PATH=${CMAKE_PREFIX_PATH}:/opt/ros/jazzy /usr/bin/cmake --install /mnt/c/tinker/Tinker_Sber/build/tinker
[5.367s] -- Install configuration: ""
[5.372s] -- Installing: /mnt/c/tinker/Tinker_Sber/install/tinker/share/tinker/launch
[5.395s] -- Installing: /mnt/c/tinker/Tinker_Sber/install/tinker/share/tinker/launch/description.launch.py
[5.439s] -- Installing: /mnt/c/tinker/Tinker_Sber/install/tinker/share/tinker/urdf
[5.460s] -- Installing: /mnt/c/tinker/Tinker_Sber/install/tinker/share/tinker/urdf/tinker_1.urdf.xacro
[5.503s] -- Installing: /mnt/c/tinker/Tinker_Sber/install/tinker/share/tinker/config
[5.523s] -- Installing: /mnt/c/tinker/Tinker_Sber/install/tinker/share/tinker/config/joint_names_tinker_urdf.yaml
[5.560s] [31mCMake Error at cmake_install.cmake:46 (file):
[5.561s]   file INSTALL cannot find "/mnt/c/tinker/Tinker_Sber/src/tinker/rviz": No
[5.561s]   such file or directory.
[5.562s] 
[5.562s] [0m
[5.563s] Invoked command in '/mnt/c/tinker/Tinker_Sber/build/tinker' returned '1': CMAKE_PREFIX_PATH=${CMAKE_PREFIX_PATH}:/opt/ros/jazzy /usr/bin/cmake --install /mnt/c/tinker/Tinker_Sber/build/tinker
