[0.023s] Invoking command in '/home/dmitrytorov/Tinker_ros2/build/Tinker': CMAKE_PREFIX_PATH=${CMAKE_PREFIX_PATH}:/home/dmitrytorov/turtlebot3_ws/install/turtlebot3_teleop:/home/dmitrytorov/turtlebot3_ws/install/turtlebot3_example:/home/dmitrytorov/ros2_learners/install/robot_math:/home/dmitrytorov/ros2_learners/install/ai_assitance:/home/dmitrytorov/pass_course_part1/install/twist_converter:/home/dmitrytorov/pass_course_part1/install/my_two_wheel_robot:/home/dmitrytorov/pass_course_part1/install/my_path_publisher:/home/dmitrytorov/pass_course_part1/install/my_fake_lidar:/opt/ros/humble /usr/bin/cmake --build /home/dmitrytorov/Tinker_ros2/build/Tinker -- -j12 -l12
[0.049s] -- Found ament_cmake: 1.3.11 (/opt/ros/humble/share/ament_cmake/cmake)
[0.177s] -- Found ament_lint_auto: 0.12.12 (/opt/ros/humble/share/ament_lint_auto/cmake)
[0.228s] WARNING: Package name "Tinker" does not follow the naming conventions. It should start with a lower case letter and only contain lower case letters, digits, underscores, and dashes.
[0.244s] -- Added test 'flake8' to check Python code syntax and style conventions
[0.245s] -- Added test 'lint_cmake' to check CMake code style
[0.246s] -- Added test 'pep257' to check Python code against some of the docstring style conventions in PEP 257
[0.248s] -- Added test 'xmllint' to check XML markup files
[0.249s] -- Configuring done
[0.252s] -- Generating done
[0.254s] -- Build files have been written to: /home/dmitrytorov/Tinker_ros2/build/Tinker
[0.280s] Invoked command in '/home/dmitrytorov/Tinker_ros2/build/Tinker' returned '0': CMAKE_PREFIX_PATH=${CMAKE_PREFIX_PATH}:/home/dmitrytorov/turtlebot3_ws/install/turtlebot3_teleop:/home/dmitrytorov/turtlebot3_ws/install/turtlebot3_example:/home/dmitrytorov/ros2_learners/install/robot_math:/home/dmitrytorov/ros2_learners/install/ai_assitance:/home/dmitrytorov/pass_course_part1/install/twist_converter:/home/dmitrytorov/pass_course_part1/install/my_two_wheel_robot:/home/dmitrytorov/pass_course_part1/install/my_path_publisher:/home/dmitrytorov/pass_course_part1/install/my_fake_lidar:/opt/ros/humble /usr/bin/cmake --build /home/dmitrytorov/Tinker_ros2/build/Tinker -- -j12 -l12
[0.292s] Invoking command in '/home/dmitrytorov/Tinker_ros2/build/Tinker': CMAKE_PREFIX_PATH=${CMAKE_PREFIX_PATH}:/home/dmitrytorov/turtlebot3_ws/install/turtlebot3_teleop:/home/dmitrytorov/turtlebot3_ws/install/turtlebot3_example:/home/dmitrytorov/ros2_learners/install/robot_math:/home/dmitrytorov/ros2_learners/install/ai_assitance:/home/dmitrytorov/pass_course_part1/install/twist_converter:/home/dmitrytorov/pass_course_part1/install/my_two_wheel_robot:/home/dmitrytorov/pass_course_part1/install/my_path_publisher:/home/dmitrytorov/pass_course_part1/install/my_fake_lidar:/opt/ros/humble /usr/bin/cmake --install /home/dmitrytorov/Tinker_ros2/build/Tinker
[0.301s] -- Install configuration: ""
[0.301s] -- Installing: /home/dmitrytorov/Tinker_ros2/install/Tinker/share/Tinker/launch
[0.301s] -- Installing: /home/dmitrytorov/Tinker_ros2/install/Tinker/share/Tinker/launch/description.launch.py
[0.301s] -- Installing: /home/dmitrytorov/Tinker_ros2/install/Tinker/share/Tinker/launch/launch_sim.launch.py
[0.301s] -- Installing: /home/dmitrytorov/Tinker_ros2/install/Tinker/share/Tinker/urdf
[0.301s] -- Installing: /home/dmitrytorov/Tinker_ros2/install/Tinker/share/Tinker/urdf/tinker.urdf.xacro
[0.301s] -- Installing: /home/dmitrytorov/Tinker_ros2/install/Tinker/share/Tinker/urdf/tinker_1.urdf
[0.302s] -- Installing: /home/dmitrytorov/Tinker_ros2/install/Tinker/share/Tinker/config
[0.302s] -- Installing: /home/dmitrytorov/Tinker_ros2/install/Tinker/share/Tinker/config/joint_names_tinker_urdf.yaml
[0.302s] -- Installing: /home/dmitrytorov/Tinker_ros2/install/Tinker/share/Tinker/rviz
[0.302s] -- Installing: /home/dmitrytorov/Tinker_ros2/install/Tinker/share/Tinker/meshes
[0.302s] -- Installing: /home/dmitrytorov/Tinker_ros2/install/Tinker/share/Tinker/meshes/link_r_ankle.STL
[0.302s] -- Installing: /home/dmitrytorov/Tinker_ros2/install/Tinker/share/Tinker/meshes/link_l_ankle.STL
[0.302s] -- Installing: /home/dmitrytorov/Tinker_ros2/install/Tinker/share/Tinker/meshes/link_r_knee.STL
[0.303s] -- Installing: /home/dmitrytorov/Tinker_ros2/install/Tinker/share/Tinker/meshes/link_l_pitch.STL
[0.303s] -- Installing: /home/dmitrytorov/Tinker_ros2/install/Tinker/share/Tinker/meshes/base_link.STL
[0.307s] -- Installing: /home/dmitrytorov/Tinker_ros2/install/Tinker/share/Tinker/meshes/link_r_yaw.STL
[0.307s] -- Installing: /home/dmitrytorov/Tinker_ros2/install/Tinker/share/Tinker/meshes/link_l_yaw.STL
[0.307s] -- Installing: /home/dmitrytorov/Tinker_ros2/install/Tinker/share/Tinker/meshes/link_l_roll.STL
[0.308s] -- Installing: /home/dmitrytorov/Tinker_ros2/install/Tinker/share/Tinker/meshes/link_l_knee.STL
[0.308s] -- Installing: /home/dmitrytorov/Tinker_ros2/install/Tinker/share/Tinker/meshes/link_r_roll.STL
[0.309s] -- Installing: /home/dmitrytorov/Tinker_ros2/install/Tinker/share/Tinker/meshes/link_r_pitch.STL
[0.309s] -- Installing: /home/dmitrytorov/Tinker_ros2/install/Tinker/share/Tinker/worlds
[0.309s] -- Installing: /home/dmitrytorov/Tinker_ros2/install/Tinker/share/ament_index/resource_index/package_run_dependencies/Tinker
[0.309s] -- Up-to-date: /home/dmitrytorov/Tinker_ros2/install/Tinker/share/ament_index/resource_index/parent_prefix_path/Tinker
[0.310s] -- Up-to-date: /home/dmitrytorov/Tinker_ros2/install/Tinker/share/Tinker/environment/ament_prefix_path.sh
[0.310s] -- Installing: /home/dmitrytorov/Tinker_ros2/install/Tinker/share/Tinker/environment/ament_prefix_path.dsv
[0.310s] -- Up-to-date: /home/dmitrytorov/Tinker_ros2/install/Tinker/share/Tinker/environment/path.sh
[0.310s] -- Installing: /home/dmitrytorov/Tinker_ros2/install/Tinker/share/Tinker/environment/path.dsv
[0.310s] -- Up-to-date: /home/dmitrytorov/Tinker_ros2/install/Tinker/share/Tinker/local_setup.bash
[0.310s] -- Up-to-date: /home/dmitrytorov/Tinker_ros2/install/Tinker/share/Tinker/local_setup.sh
[0.310s] -- Up-to-date: /home/dmitrytorov/Tinker_ros2/install/Tinker/share/Tinker/local_setup.zsh
[0.310s] -- Installing: /home/dmitrytorov/Tinker_ros2/install/Tinker/share/Tinker/local_setup.dsv
[0.310s] -- Installing: /home/dmitrytorov/Tinker_ros2/install/Tinker/share/Tinker/package.dsv
[0.310s] -- Up-to-date: /home/dmitrytorov/Tinker_ros2/install/Tinker/share/ament_index/resource_index/packages/Tinker
[0.310s] -- Up-to-date: /home/dmitrytorov/Tinker_ros2/install/Tinker/share/Tinker/cmake/TinkerConfig.cmake
[0.311s] -- Up-to-date: /home/dmitrytorov/Tinker_ros2/install/Tinker/share/Tinker/cmake/TinkerConfig-version.cmake
[0.311s] -- Installing: /home/dmitrytorov/Tinker_ros2/install/Tinker/share/Tinker/package.xml
[0.313s] Invoked command in '/home/dmitrytorov/Tinker_ros2/build/Tinker' returned '0': CMAKE_PREFIX_PATH=${CMAKE_PREFIX_PATH}:/home/dmitrytorov/turtlebot3_ws/install/turtlebot3_teleop:/home/dmitrytorov/turtlebot3_ws/install/turtlebot3_example:/home/dmitrytorov/ros2_learners/install/robot_math:/home/dmitrytorov/ros2_learners/install/ai_assitance:/home/dmitrytorov/pass_course_part1/install/twist_converter:/home/dmitrytorov/pass_course_part1/install/my_two_wheel_robot:/home/dmitrytorov/pass_course_part1/install/my_path_publisher:/home/dmitrytorov/pass_course_part1/install/my_fake_lidar:/opt/ros/humble /usr/bin/cmake --install /home/dmitrytorov/Tinker_ros2/build/Tinker
