-- Found ament_cmake: 1.3.12 (/opt/ros/humble/share/ament_cmake/cmake)
-- Found rclcpp: 16.0.15 (/opt/ros/humble/share/rclcpp/cmake)
-- Found rosidl_generator_c: 3.1.7 (/opt/ros/humble/share/rosidl_generator_c/cmake)
-- Found rosidl_adapter: 3.1.7 (/opt/ros/humble/share/rosidl_adapter/cmake)
-- Found rosidl_generator_cpp: 3.1.7 (/opt/ros/humble/share/rosidl_generator_cpp/cmake)
-- Using all available rosidl_typesupport_c: rosidl_typesupport_fastrtps_c;rosidl_typesupport_introspection_c
-- Using all available rosidl_typesupport_cpp: rosidl_typesupport_fastrtps_cpp;rosidl_typesupport_introspection_cpp
-- Found rmw_implementation_cmake: 6.1.2 (/opt/ros/humble/share/rmw_implementation_cmake/cmake)
-- Found rmw_fastrtps_cpp: 6.2.8 (/opt/ros/humble/share/rmw_fastrtps_cpp/cmake)
-- Using RMW implementation 'rmw_fastrtps_cpp' as default
-- Found sensor_msgs: 4.9.0 (/opt/ros/humble/share/sensor_msgs/cmake)
-- Found hardware_msg: 0.0.0 (/home/pi/Tinker_Sber/Chellenge-Tinker/install/hardware_msg/share/hardware_msg/cmake)
-- Configuring done
-- Generating done
-- Build files have been written to: /home/pi/Tinker_Sber/Chellenge-Tinker/build/motor_control
[35m[1mConsolidate compiler generated dependencies of target Motor_control[0m
[ 16%] [32mBuilding CXX object CMakeFiles/Motor_control.dir/src/Motor_control.cpp.o[0m
[ 33%] [32mBuilding C object CMakeFiles/Motor_control.dir/src/comm.c.o[0m
[ 50%] [32mBuilding CXX object CMakeFiles/Motor_control.dir/src/serial.cpp.o[0m
[ 66%] [32mBuilding CXX object CMakeFiles/Motor_control.dir/src/spi.cpp.o[0m
[ 83%] [32mBuilding CXX object CMakeFiles/Motor_control.dir/src/sys_timer.cpp.o[0m
