[0.098s] DEBUG:colcon:Command line arguments: ['/usr/bin/colcon', 'build']
[0.098s] DEBUG:colcon:Parsed command line arguments: Namespace(log_base=None, log_level=None, verb_name='build', build_base='build', install_base='install', merge_install=False, symlink_install=False, test_result_base=None, continue_on_error=False, executor='parallel', parallel_workers=12, event_handlers=None, ignore_user_meta=False, metas=['./colcon.meta'], base_paths=['.'], packages_ignore=None, packages_ignore_regex=None, paths=None, packages_up_to=None, packages_up_to_regex=None, packages_above=None, packages_above_and_dependencies=None, packages_above_depth=None, packages_select_by_dep=None, packages_skip_by_dep=None, packages_skip_up_to=None, packages_select_build_failed=False, packages_skip_build_finished=False, packages_select_test_failures=False, packages_skip_test_passed=False, packages_select=None, packages_skip=None, packages_select_regex=None, packages_skip_regex=None, packages_start=None, packages_end=None, allow_overriding=[], cmake_args=None, cmake_target=None, cmake_target_skip_unavailable=False, cmake_clean_cache=False, cmake_clean_first=False, cmake_force_configure=False, ament_cmake_args=None, catkin_cmake_args=None, catkin_skip_building_tests=False, verb_parser=<colcon_defaults.argument_parser.defaults.DefaultArgumentsDecorator object at 0x74776bbb5d50>, verb_extension=<colcon_core.verb.build.BuildVerb object at 0x74776bbb5810>, main=<bound method BuildVerb.main of <colcon_core.verb.build.BuildVerb object at 0x74776bbb5810>>)
[0.131s] Level 1:colcon.colcon_core.package_discovery:discover_packages(colcon_meta) check parameters
[0.131s] Level 1:colcon.colcon_core.package_discovery:discover_packages(recursive) check parameters
[0.131s] Level 1:colcon.colcon_core.package_discovery:discover_packages(ignore) check parameters
[0.131s] Level 1:colcon.colcon_core.package_discovery:discover_packages(path) check parameters
[0.131s] Level 1:colcon.colcon_core.package_discovery:discover_packages(colcon_meta) discover
[0.131s] Level 1:colcon.colcon_core.package_discovery:discover_packages(recursive) discover
[0.131s] INFO:colcon.colcon_core.package_discovery:Crawling recursively for packages in '/home/dmitrytorov/tinker_ros2'
[0.131s] Level 1:colcon.colcon_core.package_identification:_identify(.) by extensions ['ignore', 'ignore_ament_install']
[0.132s] Level 1:colcon.colcon_core.package_identification:_identify(.) by extension 'ignore'
[0.132s] Level 1:colcon.colcon_core.package_identification:_identify(.) by extension 'ignore_ament_install'
[0.132s] Level 1:colcon.colcon_core.package_identification:_identify(.) by extensions ['colcon_pkg']
[0.132s] Level 1:colcon.colcon_core.package_identification:_identify(.) by extension 'colcon_pkg'
[0.132s] Level 1:colcon.colcon_core.package_identification:_identify(.) by extensions ['colcon_meta']
[0.132s] Level 1:colcon.colcon_core.package_identification:_identify(.) by extension 'colcon_meta'
[0.132s] Level 1:colcon.colcon_core.package_identification:_identify(.) by extensions ['ros']
[0.132s] Level 1:colcon.colcon_core.package_identification:_identify(.) by extension 'ros'
[0.144s] Level 1:colcon.colcon_core.package_identification:_identify(.) by extensions ['cmake', 'python']
[0.145s] Level 1:colcon.colcon_core.package_identification:_identify(.) by extension 'cmake'
[0.145s] Level 1:colcon.colcon_core.package_identification:_identify(.) by extension 'python'
[0.145s] Level 1:colcon.colcon_core.package_identification:_identify(.) by extensions ['python_setup_py']
[0.145s] Level 1:colcon.colcon_core.package_identification:_identify(.) by extension 'python_setup_py'
[0.145s] Level 1:colcon.colcon_core.package_identification:_identify(build) by extensions ['ignore', 'ignore_ament_install']
[0.145s] Level 1:colcon.colcon_core.package_identification:_identify(build) by extension 'ignore'
[0.145s] Level 1:colcon.colcon_core.package_identification:_identify(build) ignored
[0.145s] Level 1:colcon.colcon_core.package_identification:_identify(install) by extensions ['ignore', 'ignore_ament_install']
[0.145s] Level 1:colcon.colcon_core.package_identification:_identify(install) by extension 'ignore'
[0.145s] Level 1:colcon.colcon_core.package_identification:_identify(install) ignored
[0.145s] Level 1:colcon.colcon_core.package_identification:_identify(log) by extensions ['ignore', 'ignore_ament_install']
[0.145s] Level 1:colcon.colcon_core.package_identification:_identify(log) by extension 'ignore'
[0.145s] Level 1:colcon.colcon_core.package_identification:_identify(log) ignored
[0.145s] Level 1:colcon.colcon_core.package_identification:_identify(src) by extensions ['ignore', 'ignore_ament_install']
[0.145s] Level 1:colcon.colcon_core.package_identification:_identify(src) by extension 'ignore'
[0.145s] Level 1:colcon.colcon_core.package_identification:_identify(src) by extension 'ignore_ament_install'
[0.145s] Level 1:colcon.colcon_core.package_identification:_identify(src) by extensions ['colcon_pkg']
[0.145s] Level 1:colcon.colcon_core.package_identification:_identify(src) by extension 'colcon_pkg'
[0.146s] Level 1:colcon.colcon_core.package_identification:_identify(src) by extensions ['colcon_meta']
[0.146s] Level 1:colcon.colcon_core.package_identification:_identify(src) by extension 'colcon_meta'
[0.146s] Level 1:colcon.colcon_core.package_identification:_identify(src) by extensions ['ros']
[0.146s] Level 1:colcon.colcon_core.package_identification:_identify(src) by extension 'ros'
[0.146s] Level 1:colcon.colcon_core.package_identification:_identify(src) by extensions ['cmake', 'python']
[0.146s] Level 1:colcon.colcon_core.package_identification:_identify(src) by extension 'cmake'
[0.146s] Level 1:colcon.colcon_core.package_identification:_identify(src) by extension 'python'
[0.146s] Level 1:colcon.colcon_core.package_identification:_identify(src) by extensions ['python_setup_py']
[0.146s] Level 1:colcon.colcon_core.package_identification:_identify(src) by extension 'python_setup_py'
[0.146s] Level 1:colcon.colcon_core.package_identification:_identify(src/tinker) by extensions ['ignore', 'ignore_ament_install']
[0.146s] Level 1:colcon.colcon_core.package_identification:_identify(src/tinker) by extension 'ignore'
[0.146s] Level 1:colcon.colcon_core.package_identification:_identify(src/tinker) by extension 'ignore_ament_install'
[0.146s] Level 1:colcon.colcon_core.package_identification:_identify(src/tinker) by extensions ['colcon_pkg']
[0.146s] Level 1:colcon.colcon_core.package_identification:_identify(src/tinker) by extension 'colcon_pkg'
[0.146s] Level 1:colcon.colcon_core.package_identification:_identify(src/tinker) by extensions ['colcon_meta']
[0.146s] Level 1:colcon.colcon_core.package_identification:_identify(src/tinker) by extension 'colcon_meta'
[0.146s] Level 1:colcon.colcon_core.package_identification:_identify(src/tinker) by extensions ['ros']
[0.146s] Level 1:colcon.colcon_core.package_identification:_identify(src/tinker) by extension 'ros'
[0.148s] DEBUG:colcon.colcon_core.package_identification:Package 'src/tinker' with type 'ros.ament_cmake' and name 'tinker'
[0.148s] Level 1:colcon.colcon_core.package_identification:_identify(src/tinker_motor_gui) by extensions ['ignore', 'ignore_ament_install']
[0.148s] Level 1:colcon.colcon_core.package_identification:_identify(src/tinker_motor_gui) by extension 'ignore'
[0.148s] Level 1:colcon.colcon_core.package_identification:_identify(src/tinker_motor_gui) by extension 'ignore_ament_install'
[0.149s] Level 1:colcon.colcon_core.package_identification:_identify(src/tinker_motor_gui) by extensions ['colcon_pkg']
[0.149s] Level 1:colcon.colcon_core.package_identification:_identify(src/tinker_motor_gui) by extension 'colcon_pkg'
[0.149s] Level 1:colcon.colcon_core.package_identification:_identify(src/tinker_motor_gui) by extensions ['colcon_meta']
[0.149s] Level 1:colcon.colcon_core.package_identification:_identify(src/tinker_motor_gui) by extension 'colcon_meta'
[0.149s] Level 1:colcon.colcon_core.package_identification:_identify(src/tinker_motor_gui) by extensions ['ros']
[0.149s] Level 1:colcon.colcon_core.package_identification:_identify(src/tinker_motor_gui) by extension 'ros'
[0.149s] DEBUG:colcon.colcon_core.package_identification:Package 'src/tinker_motor_gui' with type 'ros.ament_python' and name 'tinker_motor_gui'
[0.149s] Level 1:colcon.colcon_core.package_discovery:discover_packages(recursive) using defaults
[0.149s] Level 1:colcon.colcon_core.package_discovery:discover_packages(ignore) discover
[0.149s] Level 1:colcon.colcon_core.package_discovery:discover_packages(ignore) using defaults
[0.149s] Level 1:colcon.colcon_core.package_discovery:discover_packages(path) discover
[0.149s] Level 1:colcon.colcon_core.package_discovery:discover_packages(path) using defaults
[0.167s] Level 1:colcon.colcon_core.package_discovery:discover_packages(prefix_path) check parameters
[0.167s] Level 1:colcon.colcon_core.package_discovery:discover_packages(prefix_path) discover
[0.169s] DEBUG:colcon.colcon_installed_package_information.package_discovery:Found 2 installed packages in /home/dmitrytorov/tinker_ros2/install
[0.170s] DEBUG:colcon.colcon_installed_package_information.package_discovery:Found 12 installed packages in /home/dmitrytorov/turtlebot3_ws/install
[0.170s] DEBUG:colcon.colcon_installed_package_information.package_discovery:Found 7 installed packages in /home/dmitrytorov/ros2_learners/install
[0.171s] DEBUG:colcon.colcon_installed_package_information.package_discovery:Found 4 installed packages in /home/dmitrytorov/pass_course_part1/install
[0.173s] DEBUG:colcon.colcon_installed_package_information.package_discovery:Found 494 installed packages in /opt/ros/humble
[0.175s] Level 1:colcon.colcon_core.package_discovery:discover_packages(prefix_path) using defaults
[0.237s] Level 5:colcon.colcon_core.verb:set package 'tinker' build argument 'cmake_args' from command line to 'None'
[0.237s] Level 5:colcon.colcon_core.verb:set package 'tinker' build argument 'cmake_target' from command line to 'None'
[0.237s] Level 5:colcon.colcon_core.verb:set package 'tinker' build argument 'cmake_target_skip_unavailable' from command line to 'False'
[0.237s] Level 5:colcon.colcon_core.verb:set package 'tinker' build argument 'cmake_clean_cache' from command line to 'False'
[0.237s] Level 5:colcon.colcon_core.verb:set package 'tinker' build argument 'cmake_clean_first' from command line to 'False'
[0.237s] Level 5:colcon.colcon_core.verb:set package 'tinker' build argument 'cmake_force_configure' from command line to 'False'
[0.237s] Level 5:colcon.colcon_core.verb:set package 'tinker' build argument 'ament_cmake_args' from command line to 'None'
[0.237s] Level 5:colcon.colcon_core.verb:set package 'tinker' build argument 'catkin_cmake_args' from command line to 'None'
[0.237s] Level 5:colcon.colcon_core.verb:set package 'tinker' build argument 'catkin_skip_building_tests' from command line to 'False'
[0.237s] DEBUG:colcon.colcon_core.verb:Building package 'tinker' with the following arguments: {'ament_cmake_args': None, 'build_base': '/home/dmitrytorov/tinker_ros2/build/tinker', 'catkin_cmake_args': None, 'catkin_skip_building_tests': False, 'cmake_args': None, 'cmake_clean_cache': False, 'cmake_clean_first': False, 'cmake_force_configure': False, 'cmake_target': None, 'cmake_target_skip_unavailable': False, 'install_base': '/home/dmitrytorov/tinker_ros2/install/tinker', 'merge_install': False, 'path': '/home/dmitrytorov/tinker_ros2/src/tinker', 'symlink_install': False, 'test_result_base': None}
[0.237s] Level 5:colcon.colcon_core.verb:set package 'tinker_motor_gui' build argument 'cmake_args' from command line to 'None'
[0.237s] Level 5:colcon.colcon_core.verb:set package 'tinker_motor_gui' build argument 'cmake_target' from command line to 'None'
[0.237s] Level 5:colcon.colcon_core.verb:set package 'tinker_motor_gui' build argument 'cmake_target_skip_unavailable' from command line to 'False'
[0.237s] Level 5:colcon.colcon_core.verb:set package 'tinker_motor_gui' build argument 'cmake_clean_cache' from command line to 'False'
[0.237s] Level 5:colcon.colcon_core.verb:set package 'tinker_motor_gui' build argument 'cmake_clean_first' from command line to 'False'
[0.237s] Level 5:colcon.colcon_core.verb:set package 'tinker_motor_gui' build argument 'cmake_force_configure' from command line to 'False'
[0.237s] Level 5:colcon.colcon_core.verb:set package 'tinker_motor_gui' build argument 'ament_cmake_args' from command line to 'None'
[0.237s] Level 5:colcon.colcon_core.verb:set package 'tinker_motor_gui' build argument 'catkin_cmake_args' from command line to 'None'
[0.237s] Level 5:colcon.colcon_core.verb:set package 'tinker_motor_gui' build argument 'catkin_skip_building_tests' from command line to 'False'
[0.238s] DEBUG:colcon.colcon_core.verb:Building package 'tinker_motor_gui' with the following arguments: {'ament_cmake_args': None, 'build_base': '/home/dmitrytorov/tinker_ros2/build/tinker_motor_gui', 'catkin_cmake_args': None, 'catkin_skip_building_tests': False, 'cmake_args': None, 'cmake_clean_cache': False, 'cmake_clean_first': False, 'cmake_force_configure': False, 'cmake_target': None, 'cmake_target_skip_unavailable': False, 'install_base': '/home/dmitrytorov/tinker_ros2/install/tinker_motor_gui', 'merge_install': False, 'path': '/home/dmitrytorov/tinker_ros2/src/tinker_motor_gui', 'symlink_install': False, 'test_result_base': None}
[0.238s] INFO:colcon.colcon_core.executor:Executing jobs using 'parallel' executor
[0.239s] DEBUG:colcon.colcon_parallel_executor.executor.parallel:run_until_complete
[0.239s] INFO:colcon.colcon_ros.task.ament_cmake.build:Building ROS package in '/home/dmitrytorov/tinker_ros2/src/tinker' with build type 'ament_cmake'
[0.239s] INFO:colcon.colcon_cmake.task.cmake.build:Building CMake package in '/home/dmitrytorov/tinker_ros2/src/tinker'
[0.241s] INFO:colcon.colcon_core.plugin_system:Skipping extension 'colcon_core.shell.bat': Not used on non-Windows systems
[0.241s] INFO:colcon.colcon_core.shell:Skip shell extension 'powershell' for command environment: Not usable outside of PowerShell
[0.241s] DEBUG:colcon.colcon_core.shell:Skip shell extension 'dsv' for command environment
[0.247s] INFO:colcon.colcon_ros.task.ament_python.build:Building ROS package in '/home/dmitrytorov/tinker_ros2/src/tinker_motor_gui' with build type 'ament_python'
[0.247s] Level 1:colcon.colcon_core.shell:create_environment_hook('tinker_motor_gui', 'ament_prefix_path')
[0.247s] INFO:colcon.colcon_core.shell:Creating environment hook '/home/dmitrytorov/tinker_ros2/install/tinker_motor_gui/share/tinker_motor_gui/hook/ament_prefix_path.ps1'
[0.248s] INFO:colcon.colcon_core.shell:Creating environment descriptor '/home/dmitrytorov/tinker_ros2/install/tinker_motor_gui/share/tinker_motor_gui/hook/ament_prefix_path.dsv'
[0.248s] INFO:colcon.colcon_core.shell:Creating environment hook '/home/dmitrytorov/tinker_ros2/install/tinker_motor_gui/share/tinker_motor_gui/hook/ament_prefix_path.sh'
[0.249s] INFO:colcon.colcon_core.shell:Skip shell extension 'powershell' for command environment: Not usable outside of PowerShell
[0.249s] DEBUG:colcon.colcon_core.shell:Skip shell extension 'dsv' for command environment
[0.259s] DEBUG:colcon.colcon_core.event_handler.log_command:Invoking command in '/home/dmitrytorov/tinker_ros2/build/tinker': CMAKE_PREFIX_PATH=${CMAKE_PREFIX_PATH}:/home/dmitrytorov/tinker_ros2/install/tinker_motor_gui:/home/dmitrytorov/turtlebot3_ws/install/turtlebot3_teleop:/home/dmitrytorov/turtlebot3_ws/install/turtlebot3_example:/home/dmitrytorov/ros2_learners/install/robot_math:/home/dmitrytorov/ros2_learners/install/ai_assitance:/home/dmitrytorov/pass_course_part1/install/twist_converter:/home/dmitrytorov/pass_course_part1/install/my_two_wheel_robot:/home/dmitrytorov/pass_course_part1/install/my_path_publisher:/home/dmitrytorov/pass_course_part1/install/my_fake_lidar:/opt/ros/humble /usr/bin/cmake /home/dmitrytorov/tinker_ros2/src/tinker -DCMAKE_INSTALL_PREFIX=/home/dmitrytorov/tinker_ros2/install/tinker
[0.483s] INFO:colcon.colcon_core.task.python.build:Building Python package in '/home/dmitrytorov/tinker_ros2/src/tinker_motor_gui'
[0.483s] INFO:colcon.colcon_core.shell:Skip shell extension 'powershell' for command environment: Not usable outside of PowerShell
[0.483s] DEBUG:colcon.colcon_core.shell:Skip shell extension 'dsv' for command environment
[1.123s] DEBUG:colcon.colcon_core.event_handler.log_command:Invoking command in '/home/dmitrytorov/tinker_ros2/src/tinker_motor_gui': PYTHONPATH=/home/dmitrytorov/tinker_ros2/build/tinker_motor_gui/prefix_override:/usr/lib/python3/dist-packages/colcon_core/task/python/colcon_distutils_commands:/home/dmitrytorov/tinker_ros2/install/tinker_motor_gui/lib/python3.10/site-packages:${PYTHONPATH} /usr/bin/python3 -W ignore:setup.py install is deprecated -W ignore:easy_install command is deprecated setup.py egg_info --egg-base ../../build/tinker_motor_gui build --build-base /home/dmitrytorov/tinker_ros2/build/tinker_motor_gui/build install --record /home/dmitrytorov/tinker_ros2/build/tinker_motor_gui/install.log --single-version-externally-managed install_data
[1.373s] DEBUG:colcon.colcon_core.event_handler.log_command:Invoked command in '/home/dmitrytorov/tinker_ros2/build/tinker' returned '0': CMAKE_PREFIX_PATH=${CMAKE_PREFIX_PATH}:/home/dmitrytorov/tinker_ros2/install/tinker_motor_gui:/home/dmitrytorov/turtlebot3_ws/install/turtlebot3_teleop:/home/dmitrytorov/turtlebot3_ws/install/turtlebot3_example:/home/dmitrytorov/ros2_learners/install/robot_math:/home/dmitrytorov/ros2_learners/install/ai_assitance:/home/dmitrytorov/pass_course_part1/install/twist_converter:/home/dmitrytorov/pass_course_part1/install/my_two_wheel_robot:/home/dmitrytorov/pass_course_part1/install/my_path_publisher:/home/dmitrytorov/pass_course_part1/install/my_fake_lidar:/opt/ros/humble /usr/bin/cmake /home/dmitrytorov/tinker_ros2/src/tinker -DCMAKE_INSTALL_PREFIX=/home/dmitrytorov/tinker_ros2/install/tinker
[1.375s] DEBUG:colcon.colcon_core.event_handler.log_command:Invoking command in '/home/dmitrytorov/tinker_ros2/build/tinker': CMAKE_PREFIX_PATH=${CMAKE_PREFIX_PATH}:/home/dmitrytorov/tinker_ros2/install/tinker_motor_gui:/home/dmitrytorov/turtlebot3_ws/install/turtlebot3_teleop:/home/dmitrytorov/turtlebot3_ws/install/turtlebot3_example:/home/dmitrytorov/ros2_learners/install/robot_math:/home/dmitrytorov/ros2_learners/install/ai_assitance:/home/dmitrytorov/pass_course_part1/install/twist_converter:/home/dmitrytorov/pass_course_part1/install/my_two_wheel_robot:/home/dmitrytorov/pass_course_part1/install/my_path_publisher:/home/dmitrytorov/pass_course_part1/install/my_fake_lidar:/opt/ros/humble /usr/bin/cmake --build /home/dmitrytorov/tinker_ros2/build/tinker -- -j12 -l12
[1.421s] DEBUG:colcon.colcon_core.event_handler.log_command:Invoked command in '/home/dmitrytorov/tinker_ros2/build/tinker' returned '0': CMAKE_PREFIX_PATH=${CMAKE_PREFIX_PATH}:/home/dmitrytorov/tinker_ros2/install/tinker_motor_gui:/home/dmitrytorov/turtlebot3_ws/install/turtlebot3_teleop:/home/dmitrytorov/turtlebot3_ws/install/turtlebot3_example:/home/dmitrytorov/ros2_learners/install/robot_math:/home/dmitrytorov/ros2_learners/install/ai_assitance:/home/dmitrytorov/pass_course_part1/install/twist_converter:/home/dmitrytorov/pass_course_part1/install/my_two_wheel_robot:/home/dmitrytorov/pass_course_part1/install/my_path_publisher:/home/dmitrytorov/pass_course_part1/install/my_fake_lidar:/opt/ros/humble /usr/bin/cmake --build /home/dmitrytorov/tinker_ros2/build/tinker -- -j12 -l12
[1.432s] DEBUG:colcon.colcon_core.event_handler.log_command:Invoking command in '/home/dmitrytorov/tinker_ros2/build/tinker': CMAKE_PREFIX_PATH=${CMAKE_PREFIX_PATH}:/home/dmitrytorov/tinker_ros2/install/tinker_motor_gui:/home/dmitrytorov/turtlebot3_ws/install/turtlebot3_teleop:/home/dmitrytorov/turtlebot3_ws/install/turtlebot3_example:/home/dmitrytorov/ros2_learners/install/robot_math:/home/dmitrytorov/ros2_learners/install/ai_assitance:/home/dmitrytorov/pass_course_part1/install/twist_converter:/home/dmitrytorov/pass_course_part1/install/my_two_wheel_robot:/home/dmitrytorov/pass_course_part1/install/my_path_publisher:/home/dmitrytorov/pass_course_part1/install/my_fake_lidar:/opt/ros/humble /usr/bin/cmake --install /home/dmitrytorov/tinker_ros2/build/tinker
[1.453s] Level 1:colcon.colcon_core.environment:create_environment_scripts_only(tinker)
[1.454s] DEBUG:colcon.colcon_core.event_handler.log_command:Invoked command in '/home/dmitrytorov/tinker_ros2/build/tinker' returned '0': CMAKE_PREFIX_PATH=${CMAKE_PREFIX_PATH}:/home/dmitrytorov/tinker_ros2/install/tinker_motor_gui:/home/dmitrytorov/turtlebot3_ws/install/turtlebot3_teleop:/home/dmitrytorov/turtlebot3_ws/install/turtlebot3_example:/home/dmitrytorov/ros2_learners/install/robot_math:/home/dmitrytorov/ros2_learners/install/ai_assitance:/home/dmitrytorov/pass_course_part1/install/twist_converter:/home/dmitrytorov/pass_course_part1/install/my_two_wheel_robot:/home/dmitrytorov/pass_course_part1/install/my_path_publisher:/home/dmitrytorov/pass_course_part1/install/my_fake_lidar:/opt/ros/humble /usr/bin/cmake --install /home/dmitrytorov/tinker_ros2/build/tinker
[1.456s] Level 1:colcon.colcon_core.environment:checking '/home/dmitrytorov/tinker_ros2/install/tinker' for CMake module files
[1.457s] Level 1:colcon.colcon_core.environment:checking '/home/dmitrytorov/tinker_ros2/install/tinker' for CMake config files
[1.457s] Level 1:colcon.colcon_core.shell:create_environment_hook('tinker', 'cmake_prefix_path')
[1.457s] INFO:colcon.colcon_core.shell:Creating environment hook '/home/dmitrytorov/tinker_ros2/install/tinker/share/tinker/hook/cmake_prefix_path.ps1'
[1.458s] INFO:colcon.colcon_core.shell:Creating environment descriptor '/home/dmitrytorov/tinker_ros2/install/tinker/share/tinker/hook/cmake_prefix_path.dsv'
[1.458s] INFO:colcon.colcon_core.shell:Creating environment hook '/home/dmitrytorov/tinker_ros2/install/tinker/share/tinker/hook/cmake_prefix_path.sh'
[1.459s] Level 1:colcon.colcon_core.environment:checking '/home/dmitrytorov/tinker_ros2/install/tinker/bin'
[1.459s] Level 1:colcon.colcon_core.environment:checking '/home/dmitrytorov/tinker_ros2/install/tinker/lib/pkgconfig/tinker.pc'
[1.459s] Level 1:colcon.colcon_core.environment:checking '/home/dmitrytorov/tinker_ros2/install/tinker/lib/python3.10/site-packages'
[1.459s] Level 1:colcon.colcon_core.environment:checking '/home/dmitrytorov/tinker_ros2/install/tinker/bin'
[1.460s] INFO:colcon.colcon_core.shell:Creating package script '/home/dmitrytorov/tinker_ros2/install/tinker/share/tinker/package.ps1'
[1.461s] INFO:colcon.colcon_core.shell:Creating package descriptor '/home/dmitrytorov/tinker_ros2/install/tinker/share/tinker/package.dsv'
[1.461s] INFO:colcon.colcon_core.shell:Creating package script '/home/dmitrytorov/tinker_ros2/install/tinker/share/tinker/package.sh'
[1.462s] INFO:colcon.colcon_core.shell:Creating package script '/home/dmitrytorov/tinker_ros2/install/tinker/share/tinker/package.bash'
[1.462s] INFO:colcon.colcon_core.shell:Creating package script '/home/dmitrytorov/tinker_ros2/install/tinker/share/tinker/package.zsh'
[1.463s] Level 1:colcon.colcon_core.environment:create_file_with_runtime_dependencies(/home/dmitrytorov/tinker_ros2/install/tinker/share/colcon-core/packages/tinker)
[1.463s] Level 1:colcon.colcon_core.environment:create_environment_scripts_only(tinker)
[1.463s] Level 1:colcon.colcon_core.environment:checking '/home/dmitrytorov/tinker_ros2/install/tinker' for CMake module files
[1.464s] Level 1:colcon.colcon_core.environment:checking '/home/dmitrytorov/tinker_ros2/install/tinker' for CMake config files
[1.464s] Level 1:colcon.colcon_core.shell:create_environment_hook('tinker', 'cmake_prefix_path')
[1.464s] INFO:colcon.colcon_core.shell:Creating environment hook '/home/dmitrytorov/tinker_ros2/install/tinker/share/tinker/hook/cmake_prefix_path.ps1'
[1.465s] INFO:colcon.colcon_core.shell:Creating environment descriptor '/home/dmitrytorov/tinker_ros2/install/tinker/share/tinker/hook/cmake_prefix_path.dsv'
[1.465s] INFO:colcon.colcon_core.shell:Creating environment hook '/home/dmitrytorov/tinker_ros2/install/tinker/share/tinker/hook/cmake_prefix_path.sh'
[1.466s] Level 1:colcon.colcon_core.environment:checking '/home/dmitrytorov/tinker_ros2/install/tinker/bin'
[1.466s] Level 1:colcon.colcon_core.environment:checking '/home/dmitrytorov/tinker_ros2/install/tinker/lib/pkgconfig/tinker.pc'
[1.466s] Level 1:colcon.colcon_core.environment:checking '/home/dmitrytorov/tinker_ros2/install/tinker/lib/python3.10/site-packages'
[1.466s] Level 1:colcon.colcon_core.environment:checking '/home/dmitrytorov/tinker_ros2/install/tinker/bin'
[1.466s] INFO:colcon.colcon_core.shell:Creating package script '/home/dmitrytorov/tinker_ros2/install/tinker/share/tinker/package.ps1'
[1.467s] INFO:colcon.colcon_core.shell:Creating package descriptor '/home/dmitrytorov/tinker_ros2/install/tinker/share/tinker/package.dsv'
[1.468s] INFO:colcon.colcon_core.shell:Creating package script '/home/dmitrytorov/tinker_ros2/install/tinker/share/tinker/package.sh'
[1.468s] INFO:colcon.colcon_core.shell:Creating package script '/home/dmitrytorov/tinker_ros2/install/tinker/share/tinker/package.bash'
[1.469s] INFO:colcon.colcon_core.shell:Creating package script '/home/dmitrytorov/tinker_ros2/install/tinker/share/tinker/package.zsh'
[1.469s] Level 1:colcon.colcon_core.environment:create_file_with_runtime_dependencies(/home/dmitrytorov/tinker_ros2/install/tinker/share/colcon-core/packages/tinker)
[1.698s] Level 1:colcon.colcon_core.environment:checking '/home/dmitrytorov/tinker_ros2/install/tinker_motor_gui' for CMake module files
[1.699s] DEBUG:colcon.colcon_core.event_handler.log_command:Invoked command in '/home/dmitrytorov/tinker_ros2/src/tinker_motor_gui' returned '0': PYTHONPATH=/home/dmitrytorov/tinker_ros2/build/tinker_motor_gui/prefix_override:/usr/lib/python3/dist-packages/colcon_core/task/python/colcon_distutils_commands:/home/dmitrytorov/tinker_ros2/install/tinker_motor_gui/lib/python3.10/site-packages:${PYTHONPATH} /usr/bin/python3 -W ignore:setup.py install is deprecated -W ignore:easy_install command is deprecated setup.py egg_info --egg-base ../../build/tinker_motor_gui build --build-base /home/dmitrytorov/tinker_ros2/build/tinker_motor_gui/build install --record /home/dmitrytorov/tinker_ros2/build/tinker_motor_gui/install.log --single-version-externally-managed install_data
[1.699s] Level 1:colcon.colcon_core.environment:checking '/home/dmitrytorov/tinker_ros2/install/tinker_motor_gui' for CMake config files
[1.700s] Level 1:colcon.colcon_core.environment:checking '/home/dmitrytorov/tinker_ros2/install/tinker_motor_gui/lib'
[1.700s] Level 1:colcon.colcon_core.environment:checking '/home/dmitrytorov/tinker_ros2/install/tinker_motor_gui/bin'
[1.700s] Level 1:colcon.colcon_core.environment:checking '/home/dmitrytorov/tinker_ros2/install/tinker_motor_gui/lib/pkgconfig/tinker_motor_gui.pc'
[1.700s] Level 1:colcon.colcon_core.environment:checking '/home/dmitrytorov/tinker_ros2/install/tinker_motor_gui/lib/python3.10/site-packages'
[1.700s] Level 1:colcon.colcon_core.shell:create_environment_hook('tinker_motor_gui', 'pythonpath')
[1.700s] INFO:colcon.colcon_core.shell:Creating environment hook '/home/dmitrytorov/tinker_ros2/install/tinker_motor_gui/share/tinker_motor_gui/hook/pythonpath.ps1'
[1.701s] INFO:colcon.colcon_core.shell:Creating environment descriptor '/home/dmitrytorov/tinker_ros2/install/tinker_motor_gui/share/tinker_motor_gui/hook/pythonpath.dsv'
[1.701s] INFO:colcon.colcon_core.shell:Creating environment hook '/home/dmitrytorov/tinker_ros2/install/tinker_motor_gui/share/tinker_motor_gui/hook/pythonpath.sh'
[1.702s] Level 1:colcon.colcon_core.environment:checking '/home/dmitrytorov/tinker_ros2/install/tinker_motor_gui/bin'
[1.702s] Level 1:colcon.colcon_core.environment:create_environment_scripts_only(tinker_motor_gui)
[1.702s] INFO:colcon.colcon_core.shell:Creating package script '/home/dmitrytorov/tinker_ros2/install/tinker_motor_gui/share/tinker_motor_gui/package.ps1'
[1.702s] INFO:colcon.colcon_core.shell:Creating package descriptor '/home/dmitrytorov/tinker_ros2/install/tinker_motor_gui/share/tinker_motor_gui/package.dsv'
[1.703s] INFO:colcon.colcon_core.shell:Creating package script '/home/dmitrytorov/tinker_ros2/install/tinker_motor_gui/share/tinker_motor_gui/package.sh'
[1.703s] INFO:colcon.colcon_core.shell:Creating package script '/home/dmitrytorov/tinker_ros2/install/tinker_motor_gui/share/tinker_motor_gui/package.bash'
[1.703s] INFO:colcon.colcon_core.shell:Creating package script '/home/dmitrytorov/tinker_ros2/install/tinker_motor_gui/share/tinker_motor_gui/package.zsh'
[1.704s] Level 1:colcon.colcon_core.environment:create_file_with_runtime_dependencies(/home/dmitrytorov/tinker_ros2/install/tinker_motor_gui/share/colcon-core/packages/tinker_motor_gui)
[1.704s] DEBUG:colcon.colcon_parallel_executor.executor.parallel:closing loop
[1.704s] DEBUG:colcon.colcon_parallel_executor.executor.parallel:loop closed
[1.704s] DEBUG:colcon.colcon_parallel_executor.executor.parallel:run_until_complete finished with '0'
[1.704s] DEBUG:colcon.colcon_core.event_reactor:joining thread
[1.709s] INFO:colcon.colcon_core.plugin_system:Skipping extension 'colcon_notification.desktop_notification.terminal_notifier': Not used on non-Darwin systems
[1.709s] INFO:colcon.colcon_core.plugin_system:Skipping extension 'colcon_notification.desktop_notification.win32': Not used on non-Windows systems
[1.709s] INFO:colcon.colcon_notification.desktop_notification:Sending desktop notification using 'notify2'
[1.722s] DEBUG:colcon.colcon_core.event_reactor:joined thread
[1.722s] INFO:colcon.colcon_core.shell:Creating prefix script '/home/dmitrytorov/tinker_ros2/install/local_setup.ps1'
[1.723s] INFO:colcon.colcon_core.shell:Creating prefix util module '/home/dmitrytorov/tinker_ros2/install/_local_setup_util_ps1.py'
[1.724s] INFO:colcon.colcon_core.shell:Creating prefix chain script '/home/dmitrytorov/tinker_ros2/install/setup.ps1'
[1.726s] INFO:colcon.colcon_core.shell:Creating prefix script '/home/dmitrytorov/tinker_ros2/install/local_setup.sh'
[1.726s] INFO:colcon.colcon_core.shell:Creating prefix util module '/home/dmitrytorov/tinker_ros2/install/_local_setup_util_sh.py'
[1.727s] INFO:colcon.colcon_core.shell:Creating prefix chain script '/home/dmitrytorov/tinker_ros2/install/setup.sh'
[1.728s] INFO:colcon.colcon_core.shell:Creating prefix script '/home/dmitrytorov/tinker_ros2/install/local_setup.bash'
[1.729s] INFO:colcon.colcon_core.shell:Creating prefix chain script '/home/dmitrytorov/tinker_ros2/install/setup.bash'
[1.731s] INFO:colcon.colcon_core.shell:Creating prefix script '/home/dmitrytorov/tinker_ros2/install/local_setup.zsh'
[1.731s] INFO:colcon.colcon_core.shell:Creating prefix chain script '/home/dmitrytorov/tinker_ros2/install/setup.zsh'
