[0.440s] DEBUG:colcon:Command line arguments: ['/usr/bin/colcon', 'build', '--packages-select', 'motor_control']
[0.441s] DEBUG:colcon:Parsed command line arguments: Namespace(log_base=None, log_level=None, verb_name='build', build_base='build', install_base='install', merge_install=False, symlink_install=False, test_result_base=None, continue_on_error=False, executor='parallel', parallel_workers=4, event_handlers=None, ignore_user_meta=False, metas=['./colcon.meta'], base_paths=['.'], packages_ignore=None, packages_ignore_regex=None, paths=None, packages_up_to=None, packages_up_to_regex=None, packages_above=None, packages_above_and_dependencies=None, packages_above_depth=None, packages_select_by_dep=None, packages_skip_by_dep=None, packages_skip_up_to=None, packages_select_build_failed=False, packages_skip_build_finished=False, packages_select_test_failures=False, packages_skip_test_passed=False, packages_select=['motor_control'], packages_skip=None, packages_select_regex=None, packages_skip_regex=None, packages_start=None, packages_end=None, allow_overriding=[], cmake_args=None, cmake_target=None, cmake_target_skip_unavailable=False, cmake_clean_cache=False, cmake_clean_first=False, cmake_force_configure=False, ament_cmake_args=None, catkin_cmake_args=None, catkin_skip_building_tests=False, mixin_files=None, mixin=None, verb_parser=<colcon_mixin.mixin.mixin_argument.MixinArgumentDecorator object at 0xffffb8dd0400>, verb_extension=<colcon_core.verb.build.BuildVerb object at 0xffffb8d9bf10>, main=<bound method BuildVerb.main of <colcon_core.verb.build.BuildVerb object at 0xffffb8d9bf10>>, mixin_verb=('build',))
[1.120s] Level 1:colcon.colcon_core.package_discovery:discover_packages(colcon_meta) check parameters
[1.120s] Level 1:colcon.colcon_core.package_discovery:discover_packages(recursive) check parameters
[1.120s] Level 1:colcon.colcon_core.package_discovery:discover_packages(ignore) check parameters
[1.120s] Level 1:colcon.colcon_core.package_discovery:discover_packages(path) check parameters
[1.121s] Level 1:colcon.colcon_core.package_discovery:discover_packages(colcon_meta) discover
[1.121s] Level 1:colcon.colcon_core.package_discovery:discover_packages(recursive) discover
[1.121s] INFO:colcon.colcon_core.package_discovery:Crawling recursively for packages in '/home/pi/Tinker_Sber/Chellenge-Tinker'
[1.122s] Level 1:colcon.colcon_core.package_identification:_identify(.) by extensions ['ignore', 'ignore_ament_install']
[1.122s] Level 1:colcon.colcon_core.package_identification:_identify(.) by extension 'ignore'
[1.123s] Level 1:colcon.colcon_core.package_identification:_identify(.) by extension 'ignore_ament_install'
[1.123s] Level 1:colcon.colcon_core.package_identification:_identify(.) by extensions ['colcon_pkg']
[1.123s] Level 1:colcon.colcon_core.package_identification:_identify(.) by extension 'colcon_pkg'
[1.123s] Level 1:colcon.colcon_core.package_identification:_identify(.) by extensions ['colcon_meta']
[1.124s] Level 1:colcon.colcon_core.package_identification:_identify(.) by extension 'colcon_meta'
[1.124s] Level 1:colcon.colcon_core.package_identification:_identify(.) by extensions ['ros']
[1.124s] Level 1:colcon.colcon_core.package_identification:_identify(.) by extension 'ros'
[1.172s] Level 1:colcon.colcon_core.package_identification:_identify(.) by extensions ['cmake', 'python']
[1.173s] Level 1:colcon.colcon_core.package_identification:_identify(.) by extension 'cmake'
[1.173s] Level 1:colcon.colcon_core.package_identification:_identify(.) by extension 'python'
[1.173s] Level 1:colcon.colcon_core.package_identification:_identify(.) by extensions ['python_setup_py']
[1.173s] Level 1:colcon.colcon_core.package_identification:_identify(.) by extension 'python_setup_py'
[1.174s] Level 1:colcon.colcon_core.package_identification:_identify(build) by extensions ['ignore', 'ignore_ament_install']
[1.174s] Level 1:colcon.colcon_core.package_identification:_identify(build) by extension 'ignore'
[1.175s] Level 1:colcon.colcon_core.package_identification:_identify(build) ignored
[1.175s] Level 1:colcon.colcon_core.package_identification:_identify(hardware_msg) by extensions ['ignore', 'ignore_ament_install']
[1.175s] Level 1:colcon.colcon_core.package_identification:_identify(hardware_msg) by extension 'ignore'
[1.176s] Level 1:colcon.colcon_core.package_identification:_identify(hardware_msg) by extension 'ignore_ament_install'
[1.176s] Level 1:colcon.colcon_core.package_identification:_identify(hardware_msg) by extensions ['colcon_pkg']
[1.176s] Level 1:colcon.colcon_core.package_identification:_identify(hardware_msg) by extension 'colcon_pkg'
[1.176s] Level 1:colcon.colcon_core.package_identification:_identify(hardware_msg) by extensions ['colcon_meta']
[1.176s] Level 1:colcon.colcon_core.package_identification:_identify(hardware_msg) by extension 'colcon_meta'
[1.177s] Level 1:colcon.colcon_core.package_identification:_identify(hardware_msg) by extensions ['ros']
[1.177s] Level 1:colcon.colcon_core.package_identification:_identify(hardware_msg) by extension 'ros'
[1.185s] DEBUG:colcon.colcon_core.package_identification:Package 'hardware_msg' with type 'ros.ament_cmake' and name 'hardware_msg'
[1.186s] Level 1:colcon.colcon_core.package_identification:_identify(install) by extensions ['ignore', 'ignore_ament_install']
[1.187s] Level 1:colcon.colcon_core.package_identification:_identify(install) by extension 'ignore'
[1.187s] Level 1:colcon.colcon_core.package_identification:_identify(install) ignored
[1.187s] Level 1:colcon.colcon_core.package_identification:_identify(log) by extensions ['ignore', 'ignore_ament_install']
[1.188s] Level 1:colcon.colcon_core.package_identification:_identify(log) by extension 'ignore'
[1.188s] Level 1:colcon.colcon_core.package_identification:_identify(log) ignored
[1.188s] Level 1:colcon.colcon_core.package_identification:_identify(motor_commander) by extensions ['ignore', 'ignore_ament_install']
[1.189s] Level 1:colcon.colcon_core.package_identification:_identify(motor_commander) by extension 'ignore'
[1.189s] Level 1:colcon.colcon_core.package_identification:_identify(motor_commander) by extension 'ignore_ament_install'
[1.189s] Level 1:colcon.colcon_core.package_identification:_identify(motor_commander) by extensions ['colcon_pkg']
[1.189s] Level 1:colcon.colcon_core.package_identification:_identify(motor_commander) by extension 'colcon_pkg'
[1.189s] Level 1:colcon.colcon_core.package_identification:_identify(motor_commander) by extensions ['colcon_meta']
[1.190s] Level 1:colcon.colcon_core.package_identification:_identify(motor_commander) by extension 'colcon_meta'
[1.190s] Level 1:colcon.colcon_core.package_identification:_identify(motor_commander) by extensions ['ros']
[1.190s] Level 1:colcon.colcon_core.package_identification:_identify(motor_commander) by extension 'ros'
[1.192s] DEBUG:colcon.colcon_core.package_identification:Package 'motor_commander' with type 'ros.ament_python' and name 'motor_commander'
[1.193s] Level 1:colcon.colcon_core.package_identification:_identify(motor_control) by extensions ['ignore', 'ignore_ament_install']
[1.194s] Level 1:colcon.colcon_core.package_identification:_identify(motor_control) by extension 'ignore'
[1.194s] Level 1:colcon.colcon_core.package_identification:_identify(motor_control) by extension 'ignore_ament_install'
[1.195s] Level 1:colcon.colcon_core.package_identification:_identify(motor_control) by extensions ['colcon_pkg']
[1.195s] Level 1:colcon.colcon_core.package_identification:_identify(motor_control) by extension 'colcon_pkg'
[1.195s] Level 1:colcon.colcon_core.package_identification:_identify(motor_control) by extensions ['colcon_meta']
[1.195s] Level 1:colcon.colcon_core.package_identification:_identify(motor_control) by extension 'colcon_meta'
[1.195s] Level 1:colcon.colcon_core.package_identification:_identify(motor_control) by extensions ['ros']
[1.195s] Level 1:colcon.colcon_core.package_identification:_identify(motor_control) by extension 'ros'
[1.199s] DEBUG:colcon.colcon_core.package_identification:Package 'motor_control' with type 'ros.ament_cmake' and name 'motor_control'
[1.199s] Level 1:colcon.colcon_core.package_identification:_identify(tinker_description) by extensions ['ignore', 'ignore_ament_install']
[1.200s] Level 1:colcon.colcon_core.package_identification:_identify(tinker_description) by extension 'ignore'
[1.200s] Level 1:colcon.colcon_core.package_identification:_identify(tinker_description) by extension 'ignore_ament_install'
[1.200s] Level 1:colcon.colcon_core.package_identification:_identify(tinker_description) by extensions ['colcon_pkg']
[1.200s] Level 1:colcon.colcon_core.package_identification:_identify(tinker_description) by extension 'colcon_pkg'
[1.201s] Level 1:colcon.colcon_core.package_identification:_identify(tinker_description) by extensions ['colcon_meta']
[1.201s] Level 1:colcon.colcon_core.package_identification:_identify(tinker_description) by extension 'colcon_meta'
[1.201s] Level 1:colcon.colcon_core.package_identification:_identify(tinker_description) by extensions ['ros']
[1.201s] Level 1:colcon.colcon_core.package_identification:_identify(tinker_description) by extension 'ros'
[1.203s] DEBUG:colcon.colcon_core.package_identification:Package 'tinker_description' with type 'ros.ament_cmake' and name 'tinker_description'
[1.203s] Level 1:colcon.colcon_core.package_discovery:discover_packages(recursive) using defaults
[1.204s] Level 1:colcon.colcon_core.package_discovery:discover_packages(ignore) discover
[1.204s] Level 1:colcon.colcon_core.package_discovery:discover_packages(ignore) using defaults
[1.204s] Level 1:colcon.colcon_core.package_discovery:discover_packages(path) discover
[1.204s] Level 1:colcon.colcon_core.package_discovery:discover_packages(path) using defaults
[1.280s] INFO:colcon.colcon_core.package_selection:Skipping not selected package 'hardware_msg' in 'hardware_msg'
[1.280s] INFO:colcon.colcon_core.package_selection:Skipping not selected package 'tinker_description' in 'tinker_description'
[1.280s] INFO:colcon.colcon_core.package_selection:Skipping not selected package 'motor_commander' in 'motor_commander'
[1.282s] Level 1:colcon.colcon_core.package_discovery:discover_packages(prefix_path) check parameters
[1.282s] Level 1:colcon.colcon_core.package_discovery:discover_packages(prefix_path) discover
[1.291s] DEBUG:colcon.colcon_installed_package_information.package_discovery:Found 4 installed packages in /home/pi/Tinker_Sber/Chellenge-Tinker/install
[1.297s] DEBUG:colcon.colcon_installed_package_information.package_discovery:Found 182 installed packages in /opt/ros/humble
[1.302s] Level 1:colcon.colcon_core.package_discovery:discover_packages(prefix_path) using defaults
[1.451s] Level 5:colcon.colcon_core.verb:set package 'motor_control' build argument 'cmake_args' from command line to 'None'
[1.451s] Level 5:colcon.colcon_core.verb:set package 'motor_control' build argument 'cmake_target' from command line to 'None'
[1.451s] Level 5:colcon.colcon_core.verb:set package 'motor_control' build argument 'cmake_target_skip_unavailable' from command line to 'False'
[1.451s] Level 5:colcon.colcon_core.verb:set package 'motor_control' build argument 'cmake_clean_cache' from command line to 'False'
[1.451s] Level 5:colcon.colcon_core.verb:set package 'motor_control' build argument 'cmake_clean_first' from command line to 'False'
[1.452s] Level 5:colcon.colcon_core.verb:set package 'motor_control' build argument 'cmake_force_configure' from command line to 'False'
[1.452s] Level 5:colcon.colcon_core.verb:set package 'motor_control' build argument 'ament_cmake_args' from command line to 'None'
[1.452s] Level 5:colcon.colcon_core.verb:set package 'motor_control' build argument 'catkin_cmake_args' from command line to 'None'
[1.452s] Level 5:colcon.colcon_core.verb:set package 'motor_control' build argument 'catkin_skip_building_tests' from command line to 'False'
[1.452s] DEBUG:colcon.colcon_core.verb:Building package 'motor_control' with the following arguments: {'ament_cmake_args': None, 'build_base': '/home/pi/Tinker_Sber/Chellenge-Tinker/build/motor_control', 'catkin_cmake_args': None, 'catkin_skip_building_tests': False, 'cmake_args': None, 'cmake_clean_cache': False, 'cmake_clean_first': False, 'cmake_force_configure': False, 'cmake_target': None, 'cmake_target_skip_unavailable': False, 'install_base': '/home/pi/Tinker_Sber/Chellenge-Tinker/install/motor_control', 'merge_install': False, 'path': '/home/pi/Tinker_Sber/Chellenge-Tinker/motor_control', 'symlink_install': False, 'test_result_base': None}
[1.453s] INFO:colcon.colcon_core.executor:Executing jobs using 'parallel' executor
[1.456s] DEBUG:colcon.colcon_parallel_executor.executor.parallel:run_until_complete
[1.457s] INFO:colcon.colcon_ros.task.ament_cmake.build:Building ROS package in '/home/pi/Tinker_Sber/Chellenge-Tinker/motor_control' with build type 'ament_cmake'
[1.458s] INFO:colcon.colcon_cmake.task.cmake.build:Building CMake package in '/home/pi/Tinker_Sber/Chellenge-Tinker/motor_control'
[1.468s] INFO:colcon.colcon_core.plugin_system:Skipping extension 'colcon_core.shell.bat': Not used on non-Windows systems
[1.468s] INFO:colcon.colcon_core.shell:Skip shell extension 'powershell' for command environment: Not usable outside of PowerShell
[1.469s] DEBUG:colcon.colcon_core.shell:Skip shell extension 'dsv' for command environment
[1.519s] DEBUG:colcon.colcon_core.event_handler.log_command:Invoking command in '/home/pi/Tinker_Sber/Chellenge-Tinker/build/motor_control': CMAKE_PREFIX_PATH=/home/pi/Tinker_Sber/Chellenge-Tinker/install/hardware_msg:/home/pi/Tinker_Sber/Chellenge-Tinker/install/motor_commander:/home/pi/Tinker_Sber/Chellenge-Tinker/install/tinker_description:/home/pi/Tinker_Sber/Chellenge-Tinker/install/motor_control:/opt/ros/humble /usr/bin/cmake --build /home/pi/Tinker_Sber/Chellenge-Tinker/build/motor_control -- -j4 -l4
[75.674s] DEBUG:colcon.colcon_core.event_handler.log_command:Invoked command in '/home/pi/Tinker_Sber/Chellenge-Tinker/build/motor_control' returned '0': CMAKE_PREFIX_PATH=/home/pi/Tinker_Sber/Chellenge-Tinker/install/hardware_msg:/home/pi/Tinker_Sber/Chellenge-Tinker/install/motor_commander:/home/pi/Tinker_Sber/Chellenge-Tinker/install/tinker_description:/home/pi/Tinker_Sber/Chellenge-Tinker/install/motor_control:/opt/ros/humble /usr/bin/cmake --build /home/pi/Tinker_Sber/Chellenge-Tinker/build/motor_control -- -j4 -l4
[75.719s] DEBUG:colcon.colcon_core.event_handler.log_command:Invoking command in '/home/pi/Tinker_Sber/Chellenge-Tinker/build/motor_control': CMAKE_PREFIX_PATH=/home/pi/Tinker_Sber/Chellenge-Tinker/install/hardware_msg:/home/pi/Tinker_Sber/Chellenge-Tinker/install/motor_commander:/home/pi/Tinker_Sber/Chellenge-Tinker/install/tinker_description:/home/pi/Tinker_Sber/Chellenge-Tinker/install/motor_control:/opt/ros/humble /usr/bin/cmake --install /home/pi/Tinker_Sber/Chellenge-Tinker/build/motor_control
[75.848s] Level 1:colcon.colcon_core.environment:create_environment_scripts_only(motor_control)
[75.850s] DEBUG:colcon.colcon_core.event_handler.log_command:Invoked command in '/home/pi/Tinker_Sber/Chellenge-Tinker/build/motor_control' returned '0': CMAKE_PREFIX_PATH=/home/pi/Tinker_Sber/Chellenge-Tinker/install/hardware_msg:/home/pi/Tinker_Sber/Chellenge-Tinker/install/motor_commander:/home/pi/Tinker_Sber/Chellenge-Tinker/install/tinker_description:/home/pi/Tinker_Sber/Chellenge-Tinker/install/motor_control:/opt/ros/humble /usr/bin/cmake --install /home/pi/Tinker_Sber/Chellenge-Tinker/build/motor_control
[75.862s] Level 1:colcon.colcon_core.environment:checking '/home/pi/Tinker_Sber/Chellenge-Tinker/install/motor_control' for CMake module files
[75.865s] Level 1:colcon.colcon_core.environment:checking '/home/pi/Tinker_Sber/Chellenge-Tinker/install/motor_control' for CMake config files
[75.867s] Level 1:colcon.colcon_core.shell:create_environment_hook('motor_control', 'cmake_prefix_path')
[75.868s] INFO:colcon.colcon_core.shell:Creating environment hook '/home/pi/Tinker_Sber/Chellenge-Tinker/install/motor_control/share/motor_control/hook/cmake_prefix_path.ps1'
[75.871s] INFO:colcon.colcon_core.shell:Creating environment descriptor '/home/pi/Tinker_Sber/Chellenge-Tinker/install/motor_control/share/motor_control/hook/cmake_prefix_path.dsv'
[75.874s] INFO:colcon.colcon_core.shell:Creating environment hook '/home/pi/Tinker_Sber/Chellenge-Tinker/install/motor_control/share/motor_control/hook/cmake_prefix_path.sh'
[75.879s] Level 1:colcon.colcon_core.environment:checking '/home/pi/Tinker_Sber/Chellenge-Tinker/install/motor_control/lib'
[75.880s] Level 1:colcon.colcon_core.environment:checking '/home/pi/Tinker_Sber/Chellenge-Tinker/install/motor_control/bin'
[75.880s] Level 1:colcon.colcon_core.environment:checking '/home/pi/Tinker_Sber/Chellenge-Tinker/install/motor_control/lib/pkgconfig/motor_control.pc'
[75.882s] Level 1:colcon.colcon_core.environment:checking '/home/pi/Tinker_Sber/Chellenge-Tinker/install/motor_control/lib/python3.10/site-packages'
[75.883s] Level 1:colcon.colcon_core.environment:checking '/home/pi/Tinker_Sber/Chellenge-Tinker/install/motor_control/bin'
[75.885s] INFO:colcon.colcon_core.shell:Creating package script '/home/pi/Tinker_Sber/Chellenge-Tinker/install/motor_control/share/motor_control/package.ps1'
[75.889s] INFO:colcon.colcon_core.shell:Creating package descriptor '/home/pi/Tinker_Sber/Chellenge-Tinker/install/motor_control/share/motor_control/package.dsv'
[75.892s] INFO:colcon.colcon_core.shell:Creating package script '/home/pi/Tinker_Sber/Chellenge-Tinker/install/motor_control/share/motor_control/package.sh'
[75.897s] INFO:colcon.colcon_core.shell:Creating package script '/home/pi/Tinker_Sber/Chellenge-Tinker/install/motor_control/share/motor_control/package.bash'
[75.901s] INFO:colcon.colcon_core.shell:Creating package script '/home/pi/Tinker_Sber/Chellenge-Tinker/install/motor_control/share/motor_control/package.zsh'
[75.905s] Level 1:colcon.colcon_core.environment:create_file_with_runtime_dependencies(/home/pi/Tinker_Sber/Chellenge-Tinker/install/motor_control/share/colcon-core/packages/motor_control)
[75.909s] Level 1:colcon.colcon_core.environment:create_environment_scripts_only(motor_control)
[75.910s] Level 1:colcon.colcon_core.environment:checking '/home/pi/Tinker_Sber/Chellenge-Tinker/install/motor_control' for CMake module files
[75.913s] Level 1:colcon.colcon_core.environment:checking '/home/pi/Tinker_Sber/Chellenge-Tinker/install/motor_control' for CMake config files
[75.915s] Level 1:colcon.colcon_core.shell:create_environment_hook('motor_control', 'cmake_prefix_path')
[75.916s] INFO:colcon.colcon_core.shell:Creating environment hook '/home/pi/Tinker_Sber/Chellenge-Tinker/install/motor_control/share/motor_control/hook/cmake_prefix_path.ps1'
[75.918s] INFO:colcon.colcon_core.shell:Creating environment descriptor '/home/pi/Tinker_Sber/Chellenge-Tinker/install/motor_control/share/motor_control/hook/cmake_prefix_path.dsv'
[75.920s] INFO:colcon.colcon_core.shell:Creating environment hook '/home/pi/Tinker_Sber/Chellenge-Tinker/install/motor_control/share/motor_control/hook/cmake_prefix_path.sh'
[75.923s] Level 1:colcon.colcon_core.environment:checking '/home/pi/Tinker_Sber/Chellenge-Tinker/install/motor_control/lib'
[75.924s] Level 1:colcon.colcon_core.environment:checking '/home/pi/Tinker_Sber/Chellenge-Tinker/install/motor_control/bin'
[75.924s] Level 1:colcon.colcon_core.environment:checking '/home/pi/Tinker_Sber/Chellenge-Tinker/install/motor_control/lib/pkgconfig/motor_control.pc'
[75.925s] Level 1:colcon.colcon_core.environment:checking '/home/pi/Tinker_Sber/Chellenge-Tinker/install/motor_control/lib/python3.10/site-packages'
[75.926s] Level 1:colcon.colcon_core.environment:checking '/home/pi/Tinker_Sber/Chellenge-Tinker/install/motor_control/bin'
[75.928s] INFO:colcon.colcon_core.shell:Creating package script '/home/pi/Tinker_Sber/Chellenge-Tinker/install/motor_control/share/motor_control/package.ps1'
[75.930s] INFO:colcon.colcon_core.shell:Creating package descriptor '/home/pi/Tinker_Sber/Chellenge-Tinker/install/motor_control/share/motor_control/package.dsv'
[75.932s] INFO:colcon.colcon_core.shell:Creating package script '/home/pi/Tinker_Sber/Chellenge-Tinker/install/motor_control/share/motor_control/package.sh'
[75.935s] INFO:colcon.colcon_core.shell:Creating package script '/home/pi/Tinker_Sber/Chellenge-Tinker/install/motor_control/share/motor_control/package.bash'
[75.937s] INFO:colcon.colcon_core.shell:Creating package script '/home/pi/Tinker_Sber/Chellenge-Tinker/install/motor_control/share/motor_control/package.zsh'
[75.939s] Level 1:colcon.colcon_core.environment:create_file_with_runtime_dependencies(/home/pi/Tinker_Sber/Chellenge-Tinker/install/motor_control/share/colcon-core/packages/motor_control)
[75.940s] DEBUG:colcon.colcon_parallel_executor.executor.parallel:closing loop
[75.942s] DEBUG:colcon.colcon_parallel_executor.executor.parallel:loop closed
[75.942s] DEBUG:colcon.colcon_parallel_executor.executor.parallel:run_until_complete finished with '0'
[75.942s] DEBUG:colcon.colcon_core.event_reactor:joining thread
[75.966s] INFO:colcon.colcon_core.plugin_system:Skipping extension 'colcon_notification.desktop_notification.notify_send': Could not find 'notify-send'
[75.966s] INFO:colcon.colcon_core.plugin_system:Skipping extension 'colcon_notification.desktop_notification.terminal_notifier': Not used on non-Darwin systems
[75.967s] INFO:colcon.colcon_core.plugin_system:Skipping extension 'colcon_notification.desktop_notification.win32': Not used on non-Windows systems
[75.967s] INFO:colcon.colcon_notification.desktop_notification:Sending desktop notification using 'notify2'
[75.970s] DEBUG:colcon.colcon_notification.desktop_notification.notify2:Failed to initialize notify2: org.freedesktop.DBus.Error.ServiceUnknown: The name org.freedesktop.Notifications was not provided by any .service files
[75.970s] DEBUG:colcon.colcon_core.event_reactor:joined thread
[75.971s] INFO:colcon.colcon_core.shell:Creating prefix script '/home/pi/Tinker_Sber/Chellenge-Tinker/install/local_setup.ps1'
[75.976s] INFO:colcon.colcon_core.shell:Creating prefix util module '/home/pi/Tinker_Sber/Chellenge-Tinker/install/_local_setup_util_ps1.py'
[75.984s] INFO:colcon.colcon_core.shell:Creating prefix chain script '/home/pi/Tinker_Sber/Chellenge-Tinker/install/setup.ps1'
[75.990s] INFO:colcon.colcon_core.shell:Creating prefix script '/home/pi/Tinker_Sber/Chellenge-Tinker/install/local_setup.sh'
[75.993s] INFO:colcon.colcon_core.shell:Creating prefix util module '/home/pi/Tinker_Sber/Chellenge-Tinker/install/_local_setup_util_sh.py'
[75.995s] INFO:colcon.colcon_core.shell:Creating prefix chain script '/home/pi/Tinker_Sber/Chellenge-Tinker/install/setup.sh'
[76.001s] INFO:colcon.colcon_core.shell:Creating prefix script '/home/pi/Tinker_Sber/Chellenge-Tinker/install/local_setup.bash'
[76.003s] INFO:colcon.colcon_core.shell:Creating prefix chain script '/home/pi/Tinker_Sber/Chellenge-Tinker/install/setup.bash'
[76.009s] INFO:colcon.colcon_core.shell:Creating prefix script '/home/pi/Tinker_Sber/Chellenge-Tinker/install/local_setup.zsh'
[76.011s] INFO:colcon.colcon_core.shell:Creating prefix chain script '/home/pi/Tinker_Sber/Chellenge-Tinker/install/setup.zsh'
