[0.056s] Invoking command in '/home/pi/Tinker_Sber/Chellenge-Tinker/build/tinker_description': CMAKE_PREFIX_PATH=/opt/ros/humble:/opt/ros/rolling /usr/bin/cmake /home/pi/Tinker_Sber/Chellenge-Tinker/tinker_description -DCMAKE_INSTALL_PREFIX=/home/pi/Tinker_Sber/Chellenge-Tinker/install/tinker_description
[0.116s] -- Found ament_cmake: 1.3.12 (/opt/ros/humble/share/ament_cmake/cmake)
[0.985s] -- Found Python3: /usr/bin/python3 (found version "3.10.12") found components: Interpreter 
[1.602s] -- Found ament_lint_auto: 0.12.14 (/opt/ros/humble/share/ament_lint_auto/cmake)
[2.057s] -- Added test 'flake8' to check Python code syntax and style conventions
[2.065s] -- Added test 'lint_cmake' to check CMake code style
[2.070s] -- Added test 'pep257' to check Python code against some of the docstring style conventions in PEP 257
[2.092s] -- Added test 'xmllint' to check XML markup files
[2.102s] -- Configuring done
[2.124s] -- Generating done
[2.133s] -- Build files have been written to: /home/pi/Tinker_Sber/Chellenge-Tinker/build/tinker_description
[2.147s] Invoked command in '/home/pi/Tinker_Sber/Chellenge-Tinker/build/tinker_description' returned '0': CMAKE_PREFIX_PATH=/opt/ros/humble:/opt/ros/rolling /usr/bin/cmake /home/pi/Tinker_Sber/Chellenge-Tinker/tinker_description -DCMAKE_INSTALL_PREFIX=/home/pi/Tinker_Sber/Chellenge-Tinker/install/tinker_description
[2.152s] Invoking command in '/home/pi/Tinker_Sber/Chellenge-Tinker/build/tinker_description': CMAKE_PREFIX_PATH=/opt/ros/humble:/opt/ros/rolling /usr/bin/cmake --build /home/pi/Tinker_Sber/Chellenge-Tinker/build/tinker_description -- -j4 -l4
[2.294s] Invoked command in '/home/pi/Tinker_Sber/Chellenge-Tinker/build/tinker_description' returned '0': CMAKE_PREFIX_PATH=/opt/ros/humble:/opt/ros/rolling /usr/bin/cmake --build /home/pi/Tinker_Sber/Chellenge-Tinker/build/tinker_description -- -j4 -l4
[2.334s] Invoking command in '/home/pi/Tinker_Sber/Chellenge-Tinker/build/tinker_description': CMAKE_PREFIX_PATH=/opt/ros/humble:/opt/ros/rolling /usr/bin/cmake --install /home/pi/Tinker_Sber/Chellenge-Tinker/build/tinker_description
[2.363s] -- Install configuration: ""
[2.366s] -- Installing: /home/pi/Tinker_Sber/Chellenge-Tinker/install/tinker_description/share/tinker_description/launch
[2.366s] -- Installing: /home/pi/Tinker_Sber/Chellenge-Tinker/install/tinker_description/share/tinker_description/launch/display.launch
[2.369s] -- Installing: /home/pi/Tinker_Sber/Chellenge-Tinker/install/tinker_description/share/tinker_description/launch/display.launch.py
[2.370s] -- Installing: /home/pi/Tinker_Sber/Chellenge-Tinker/install/tinker_description/share/tinker_description/urdf
[2.372s] -- Installing: /home/pi/Tinker_Sber/Chellenge-Tinker/install/tinker_description/share/tinker_description/urdf/tinker_urdf1.urdf
[2.373s] -- Installing: /home/pi/Tinker_Sber/Chellenge-Tinker/install/tinker_description/share/tinker_description/urdf/tinker_urdf.csv
[2.374s] -- Installing: /home/pi/Tinker_Sber/Chellenge-Tinker/install/tinker_description/share/tinker_description/urdf/tinker_urdf.urdf
[2.374s] -- Installing: /home/pi/Tinker_Sber/Chellenge-Tinker/install/tinker_description/share/tinker_description/meshes
[2.377s] -- Installing: /home/pi/Tinker_Sber/Chellenge-Tinker/install/tinker_description/share/tinker_description/meshes/link_l_yaw.STL
[2.377s] -- Installing: /home/pi/Tinker_Sber/Chellenge-Tinker/install/tinker_description/share/tinker_description/meshes/link_r_pitch.STL
[2.380s] -- Installing: /home/pi/Tinker_Sber/Chellenge-Tinker/install/tinker_description/share/tinker_description/meshes/link_r_roll.STL
[2.382s] -- Installing: /home/pi/Tinker_Sber/Chellenge-Tinker/install/tinker_description/share/tinker_description/meshes/link_r_ankle.STL
[2.384s] -- Installing: /home/pi/Tinker_Sber/Chellenge-Tinker/install/tinker_description/share/tinker_description/meshes/link_l_knee.STL
[2.386s] -- Installing: /home/pi/Tinker_Sber/Chellenge-Tinker/install/tinker_description/share/tinker_description/meshes/link_l_ankle.STL
[2.388s] -- Installing: /home/pi/Tinker_Sber/Chellenge-Tinker/install/tinker_description/share/tinker_description/meshes/link_l_pitch.STL
[2.392s] -- Installing: /home/pi/Tinker_Sber/Chellenge-Tinker/install/tinker_description/share/tinker_description/meshes/link_l_roll.STL
[2.394s] -- Installing: /home/pi/Tinker_Sber/Chellenge-Tinker/install/tinker_description/share/tinker_description/meshes/base_link.STL
[2.414s] -- Installing: /home/pi/Tinker_Sber/Chellenge-Tinker/install/tinker_description/share/tinker_description/meshes/link_r_knee.STL
[2.416s] -- Installing: /home/pi/Tinker_Sber/Chellenge-Tinker/install/tinker_description/share/tinker_description/meshes/link_r_yaw.STL
[2.418s] -- Installing: /home/pi/Tinker_Sber/Chellenge-Tinker/install/tinker_description/share/ament_index/resource_index/package_run_dependencies/tinker_description
[2.420s] -- Installing: /home/pi/Tinker_Sber/Chellenge-Tinker/install/tinker_description/share/ament_index/resource_index/parent_prefix_path/tinker_description
[2.422s] -- Installing: /home/pi/Tinker_Sber/Chellenge-Tinker/install/tinker_description/share/tinker_description/environment/ament_prefix_path.sh
[2.423s] -- Installing: /home/pi/Tinker_Sber/Chellenge-Tinker/install/tinker_description/share/tinker_description/environment/ament_prefix_path.dsv
[2.424s] -- Installing: /home/pi/Tinker_Sber/Chellenge-Tinker/install/tinker_description/share/tinker_description/environment/path.sh
[2.427s] -- Installing: /home/pi/Tinker_Sber/Chellenge-Tinker/install/tinker_description/share/tinker_description/environment/path.dsv
[2.430s] -- Installing: /home/pi/Tinker_Sber/Chellenge-Tinker/install/tinker_description/share/tinker_description/local_setup.bash
[2.430s] -- Installing: /home/pi/Tinker_Sber/Chellenge-Tinker/install/tinker_description/share/tinker_description/local_setup.sh
[2.431s] -- Installing: /home/pi/Tinker_Sber/Chellenge-Tinker/install/tinker_description/share/tinker_description/local_setup.zsh
[2.432s] -- Installing: /home/pi/Tinker_Sber/Chellenge-Tinker/install/tinker_description/share/tinker_description/local_setup.dsv
[2.433s] -- Installing: /home/pi/Tinker_Sber/Chellenge-Tinker/install/tinker_description/share/tinker_description/package.dsv
[2.434s] -- Installing: /home/pi/Tinker_Sber/Chellenge-Tinker/install/tinker_description/share/ament_index/resource_index/packages/tinker_description
[2.436s] -- Installing: /home/pi/Tinker_Sber/Chellenge-Tinker/install/tinker_description/share/tinker_description/cmake/tinker_descriptionConfig.cmake
[2.437s] -- Installing: /home/pi/Tinker_Sber/Chellenge-Tinker/install/tinker_description/share/tinker_description/cmake/tinker_descriptionConfig-version.cmake
[2.439s] -- Installing: /home/pi/Tinker_Sber/Chellenge-Tinker/install/tinker_description/share/tinker_description/package.xml
[2.452s] Invoked command in '/home/pi/Tinker_Sber/Chellenge-Tinker/build/tinker_description' returned '0': CMAKE_PREFIX_PATH=/opt/ros/humble:/opt/ros/rolling /usr/bin/cmake --install /home/pi/Tinker_Sber/Chellenge-Tinker/build/tinker_description
