[0.012s] Invoking command in '/home/dmitrytorov/tinker_ros2/build/tinker_gui': CMAKE_PREFIX_PATH=${CMAKE_PREFIX_PATH}:/home/dmitrytorov/turtlebot3_ws/install/turtlebot3_teleop:/home/dmitrytorov/turtlebot3_ws/install/turtlebot3_example:/home/dmitrytorov/ros2_learners/install/robot_math:/home/dmitrytorov/ros2_learners/install/ai_assitance:/home/dmitrytorov/pass_course_part1/install/twist_converter:/home/dmitrytorov/pass_course_part1/install/my_two_wheel_robot:/home/dmitrytorov/pass_course_part1/install/my_path_publisher:/home/dmitrytorov/pass_course_part1/install/my_fake_lidar:/opt/ros/humble /usr/bin/cmake /home/dmitrytorov/tinker_ros2/src/tinker_gui -DCMAKE_INSTALL_PREFIX=/home/dmitrytorov/tinker_ros2/install/tinker_gui
[0.070s] -- The C compiler identification is GNU 11.4.0
[0.127s] -- The CXX compiler identification is GNU 11.4.0
[0.134s] -- Detecting C compiler ABI info
[0.209s] -- Detecting C compiler ABI info - done
[0.215s] -- Check for working C compiler: /usr/bin/cc - skipped
[0.216s] -- Detecting C compile features
[0.216s] -- Detecting C compile features - done
[0.218s] -- Detecting CXX compiler ABI info
[0.304s] -- Detecting CXX compiler ABI info - done
[0.311s] -- Check for working CXX compiler: /usr/bin/c++ - skipped
[0.311s] -- Detecting CXX compile features
[0.312s] -- Detecting CXX compile features - done
[0.317s] -- Found ament_cmake: 1.3.12 (/opt/ros/humble/share/ament_cmake/cmake)
[0.697s] -- Found Python3: /usr/bin/python3 (found version "3.10.12") found components: Interpreter 
[0.831s] -- Found rclpy: 3.3.17 (/opt/ros/humble/share/rclpy/cmake)
[0.836s] -- Found sensor_msgs: 4.9.0 (/opt/ros/humble/share/sensor_msgs/cmake)
[0.898s] -- Found rosidl_generator_c: 3.1.7 (/opt/ros/humble/share/rosidl_generator_c/cmake)
[0.909s] -- Found rosidl_adapter: 3.1.7 (/opt/ros/humble/share/rosidl_adapter/cmake)
[0.924s] -- Found rosidl_generator_cpp: 3.1.7 (/opt/ros/humble/share/rosidl_generator_cpp/cmake)
[0.942s] -- Using all available rosidl_typesupport_c: rosidl_typesupport_fastrtps_c;rosidl_typesupport_introspection_c
[0.968s] -- Using all available rosidl_typesupport_cpp: rosidl_typesupport_fastrtps_cpp;rosidl_typesupport_introspection_cpp
[1.039s] -- Found ament_lint_auto: 0.12.14 (/opt/ros/humble/share/ament_lint_auto/cmake)
[1.145s] -- Added test 'copyright' to check source files copyright and LICENSE
[1.146s] -- Added test 'flake8' to check Python code syntax and style conventions
[1.147s] -- Added test 'lint_cmake' to check CMake code style
[1.148s] -- Added test 'pep257' to check Python code against some of the docstring style conventions in PEP 257
[1.149s] -- Added test 'xmllint' to check XML markup files
[1.151s] -- Configuring done
[1.155s] -- Generating done
[1.157s] -- Build files have been written to: /home/dmitrytorov/tinker_ros2/build/tinker_gui
[1.165s] Invoked command in '/home/dmitrytorov/tinker_ros2/build/tinker_gui' returned '0': CMAKE_PREFIX_PATH=${CMAKE_PREFIX_PATH}:/home/dmitrytorov/turtlebot3_ws/install/turtlebot3_teleop:/home/dmitrytorov/turtlebot3_ws/install/turtlebot3_example:/home/dmitrytorov/ros2_learners/install/robot_math:/home/dmitrytorov/ros2_learners/install/ai_assitance:/home/dmitrytorov/pass_course_part1/install/twist_converter:/home/dmitrytorov/pass_course_part1/install/my_two_wheel_robot:/home/dmitrytorov/pass_course_part1/install/my_path_publisher:/home/dmitrytorov/pass_course_part1/install/my_fake_lidar:/opt/ros/humble /usr/bin/cmake /home/dmitrytorov/tinker_ros2/src/tinker_gui -DCMAKE_INSTALL_PREFIX=/home/dmitrytorov/tinker_ros2/install/tinker_gui
[1.166s] Invoking command in '/home/dmitrytorov/tinker_ros2/build/tinker_gui': CMAKE_PREFIX_PATH=${CMAKE_PREFIX_PATH}:/home/dmitrytorov/turtlebot3_ws/install/turtlebot3_teleop:/home/dmitrytorov/turtlebot3_ws/install/turtlebot3_example:/home/dmitrytorov/ros2_learners/install/robot_math:/home/dmitrytorov/ros2_learners/install/ai_assitance:/home/dmitrytorov/pass_course_part1/install/twist_converter:/home/dmitrytorov/pass_course_part1/install/my_two_wheel_robot:/home/dmitrytorov/pass_course_part1/install/my_path_publisher:/home/dmitrytorov/pass_course_part1/install/my_fake_lidar:/opt/ros/humble /usr/bin/cmake --build /home/dmitrytorov/tinker_ros2/build/tinker_gui -- -j12 -l12
[1.212s] Invoked command in '/home/dmitrytorov/tinker_ros2/build/tinker_gui' returned '0': CMAKE_PREFIX_PATH=${CMAKE_PREFIX_PATH}:/home/dmitrytorov/turtlebot3_ws/install/turtlebot3_teleop:/home/dmitrytorov/turtlebot3_ws/install/turtlebot3_example:/home/dmitrytorov/ros2_learners/install/robot_math:/home/dmitrytorov/ros2_learners/install/ai_assitance:/home/dmitrytorov/pass_course_part1/install/twist_converter:/home/dmitrytorov/pass_course_part1/install/my_two_wheel_robot:/home/dmitrytorov/pass_course_part1/install/my_path_publisher:/home/dmitrytorov/pass_course_part1/install/my_fake_lidar:/opt/ros/humble /usr/bin/cmake --build /home/dmitrytorov/tinker_ros2/build/tinker_gui -- -j12 -l12
[1.214s] Invoking command in '/home/dmitrytorov/tinker_ros2/build/tinker_gui': CMAKE_PREFIX_PATH=${CMAKE_PREFIX_PATH}:/home/dmitrytorov/turtlebot3_ws/install/turtlebot3_teleop:/home/dmitrytorov/turtlebot3_ws/install/turtlebot3_example:/home/dmitrytorov/ros2_learners/install/robot_math:/home/dmitrytorov/ros2_learners/install/ai_assitance:/home/dmitrytorov/pass_course_part1/install/twist_converter:/home/dmitrytorov/pass_course_part1/install/my_two_wheel_robot:/home/dmitrytorov/pass_course_part1/install/my_path_publisher:/home/dmitrytorov/pass_course_part1/install/my_fake_lidar:/opt/ros/humble /usr/bin/cmake --install /home/dmitrytorov/tinker_ros2/build/tinker_gui
[1.223s] -- Install configuration: ""
[1.223s] -- Installing: /home/dmitrytorov/tinker_ros2/install/tinker_gui/lib/tinker_gui/gui_slider_node.py
[1.223s] -- Installing: /home/dmitrytorov/tinker_ros2/install/tinker_gui/lib/tinker_gui/test_data_publisher.py
[1.223s] -- Installing: /home/dmitrytorov/tinker_ros2/install/tinker_gui/share/ament_index/resource_index/package_run_dependencies/tinker_gui
[1.223s] -- Installing: /home/dmitrytorov/tinker_ros2/install/tinker_gui/share/ament_index/resource_index/parent_prefix_path/tinker_gui
[1.223s] -- Installing: /home/dmitrytorov/tinker_ros2/install/tinker_gui/share/tinker_gui/environment/ament_prefix_path.sh
[1.224s] -- Installing: /home/dmitrytorov/tinker_ros2/install/tinker_gui/share/tinker_gui/environment/ament_prefix_path.dsv
[1.224s] -- Installing: /home/dmitrytorov/tinker_ros2/install/tinker_gui/share/tinker_gui/environment/path.sh
[1.224s] -- Installing: /home/dmitrytorov/tinker_ros2/install/tinker_gui/share/tinker_gui/environment/path.dsv
[1.224s] -- Installing: /home/dmitrytorov/tinker_ros2/install/tinker_gui/share/tinker_gui/local_setup.bash
[1.224s] -- Installing: /home/dmitrytorov/tinker_ros2/install/tinker_gui/share/tinker_gui/local_setup.sh
[1.224s] -- Installing: /home/dmitrytorov/tinker_ros2/install/tinker_gui/share/tinker_gui/local_setup.zsh
[1.224s] -- Installing: /home/dmitrytorov/tinker_ros2/install/tinker_gui/share/tinker_gui/local_setup.dsv
[1.225s] -- Installing: /home/dmitrytorov/tinker_ros2/install/tinker_gui/share/tinker_gui/package.dsv
[1.225s] -- Installing: /home/dmitrytorov/tinker_ros2/install/tinker_gui/share/ament_index/resource_index/packages/tinker_gui
[1.225s] -- Installing: /home/dmitrytorov/tinker_ros2/install/tinker_gui/share/tinker_gui/cmake/tinker_guiConfig.cmake
[1.225s] -- Installing: /home/dmitrytorov/tinker_ros2/install/tinker_gui/share/tinker_gui/cmake/tinker_guiConfig-version.cmake
[1.225s] -- Installing: /home/dmitrytorov/tinker_ros2/install/tinker_gui/share/tinker_gui/package.xml
[1.229s] Invoked command in '/home/dmitrytorov/tinker_ros2/build/tinker_gui' returned '0': CMAKE_PREFIX_PATH=${CMAKE_PREFIX_PATH}:/home/dmitrytorov/turtlebot3_ws/install/turtlebot3_teleop:/home/dmitrytorov/turtlebot3_ws/install/turtlebot3_example:/home/dmitrytorov/ros2_learners/install/robot_math:/home/dmitrytorov/ros2_learners/install/ai_assitance:/home/dmitrytorov/pass_course_part1/install/twist_converter:/home/dmitrytorov/pass_course_part1/install/my_two_wheel_robot:/home/dmitrytorov/pass_course_part1/install/my_path_publisher:/home/dmitrytorov/pass_course_part1/install/my_fake_lidar:/opt/ros/humble /usr/bin/cmake --install /home/dmitrytorov/tinker_ros2/build/tinker_gui
