[0.020s] Invoking command in '/home/dmitrytorov/tinker_ros2/build/tinker_gui': CMAKE_PREFIX_PATH=${CMAKE_PREFIX_PATH}:/home/dmitrytorov/turtlebot3_ws/install/turtlebot3_teleop:/home/dmitrytorov/turtlebot3_ws/install/turtlebot3_example:/home/dmitrytorov/ros2_learners/install/robot_math:/home/dmitrytorov/ros2_learners/install/ai_assitance:/home/dmitrytorov/pass_course_part1/install/twist_converter:/home/dmitrytorov/pass_course_part1/install/my_two_wheel_robot:/home/dmitrytorov/pass_course_part1/install/my_path_publisher:/home/dmitrytorov/pass_course_part1/install/my_fake_lidar:/opt/ros/humble /usr/bin/cmake --build /home/dmitrytorov/tinker_ros2/build/tinker_gui -- -j12 -l12
[0.094s] Invoked command in '/home/dmitrytorov/tinker_ros2/build/tinker_gui' returned '0': CMAKE_PREFIX_PATH=${CMAKE_PREFIX_PATH}:/home/dmitrytorov/turtlebot3_ws/install/turtlebot3_teleop:/home/dmitrytorov/turtlebot3_ws/install/turtlebot3_example:/home/dmitrytorov/ros2_learners/install/robot_math:/home/dmitrytorov/ros2_learners/install/ai_assitance:/home/dmitrytorov/pass_course_part1/install/twist_converter:/home/dmitrytorov/pass_course_part1/install/my_two_wheel_robot:/home/dmitrytorov/pass_course_part1/install/my_path_publisher:/home/dmitrytorov/pass_course_part1/install/my_fake_lidar:/opt/ros/humble /usr/bin/cmake --build /home/dmitrytorov/tinker_ros2/build/tinker_gui -- -j12 -l12
[0.110s] Invoking command in '/home/dmitrytorov/tinker_ros2/build/tinker_gui': CMAKE_PREFIX_PATH=${CMAKE_PREFIX_PATH}:/home/dmitrytorov/turtlebot3_ws/install/turtlebot3_teleop:/home/dmitrytorov/turtlebot3_ws/install/turtlebot3_example:/home/dmitrytorov/ros2_learners/install/robot_math:/home/dmitrytorov/ros2_learners/install/ai_assitance:/home/dmitrytorov/pass_course_part1/install/twist_converter:/home/dmitrytorov/pass_course_part1/install/my_two_wheel_robot:/home/dmitrytorov/pass_course_part1/install/my_path_publisher:/home/dmitrytorov/pass_course_part1/install/my_fake_lidar:/opt/ros/humble /usr/bin/cmake --install /home/dmitrytorov/tinker_ros2/build/tinker_gui
[0.123s] -- Install configuration: ""
[0.123s] -- Installing: /home/dmitrytorov/tinker_ros2/install/tinker_gui/lib/tinker_gui/gui_slider_node.py
[0.123s] -- Up-to-date: /home/dmitrytorov/tinker_ros2/install/tinker_gui/lib/tinker_gui/test_data_publisher.py
[0.123s] -- Up-to-date: /home/dmitrytorov/tinker_ros2/install/tinker_gui/share/ament_index/resource_index/package_run_dependencies/tinker_gui
[0.124s] -- Up-to-date: /home/dmitrytorov/tinker_ros2/install/tinker_gui/share/ament_index/resource_index/parent_prefix_path/tinker_gui
[0.124s] -- Up-to-date: /home/dmitrytorov/tinker_ros2/install/tinker_gui/share/tinker_gui/environment/ament_prefix_path.sh
[0.124s] -- Up-to-date: /home/dmitrytorov/tinker_ros2/install/tinker_gui/share/tinker_gui/environment/ament_prefix_path.dsv
[0.124s] -- Up-to-date: /home/dmitrytorov/tinker_ros2/install/tinker_gui/share/tinker_gui/environment/path.sh
[0.124s] -- Up-to-date: /home/dmitrytorov/tinker_ros2/install/tinker_gui/share/tinker_gui/environment/path.dsv
[0.124s] -- Up-to-date: /home/dmitrytorov/tinker_ros2/install/tinker_gui/share/tinker_gui/local_setup.bash
[0.124s] -- Up-to-date: /home/dmitrytorov/tinker_ros2/install/tinker_gui/share/tinker_gui/local_setup.sh
[0.124s] -- Up-to-date: /home/dmitrytorov/tinker_ros2/install/tinker_gui/share/tinker_gui/local_setup.zsh
[0.124s] -- Up-to-date: /home/dmitrytorov/tinker_ros2/install/tinker_gui/share/tinker_gui/local_setup.dsv
[0.124s] -- Installing: /home/dmitrytorov/tinker_ros2/install/tinker_gui/share/tinker_gui/package.dsv
[0.124s] -- Up-to-date: /home/dmitrytorov/tinker_ros2/install/tinker_gui/share/ament_index/resource_index/packages/tinker_gui
[0.124s] -- Up-to-date: /home/dmitrytorov/tinker_ros2/install/tinker_gui/share/tinker_gui/cmake/tinker_guiConfig.cmake
[0.124s] -- Up-to-date: /home/dmitrytorov/tinker_ros2/install/tinker_gui/share/tinker_gui/cmake/tinker_guiConfig-version.cmake
[0.124s] -- Up-to-date: /home/dmitrytorov/tinker_ros2/install/tinker_gui/share/tinker_gui/package.xml
[0.125s] Invoked command in '/home/dmitrytorov/tinker_ros2/build/tinker_gui' returned '0': CMAKE_PREFIX_PATH=${CMAKE_PREFIX_PATH}:/home/dmitrytorov/turtlebot3_ws/install/turtlebot3_teleop:/home/dmitrytorov/turtlebot3_ws/install/turtlebot3_example:/home/dmitrytorov/ros2_learners/install/robot_math:/home/dmitrytorov/ros2_learners/install/ai_assitance:/home/dmitrytorov/pass_course_part1/install/twist_converter:/home/dmitrytorov/pass_course_part1/install/my_two_wheel_robot:/home/dmitrytorov/pass_course_part1/install/my_path_publisher:/home/dmitrytorov/pass_course_part1/install/my_fake_lidar:/opt/ros/humble /usr/bin/cmake --install /home/dmitrytorov/tinker_ros2/build/tinker_gui
