-- Install configuration: ""
-- Up-to-date: /home/dmitrytorov/Tinker_ros2/install/Tinker/share/Tinker/launch
-- Installing: /home/dmitrytorov/Tinker_ros2/install/Tinker/share/Tinker/launch/description.launch.py
-- Up-to-date: /home/dmitrytorov/Tinker_ros2/install/Tinker/share/Tinker/urdf
-- Up-to-date: /home/dmitrytorov/Tinker_ros2/install/Tinker/share/Tinker/urdf/tinker_1.urdf.xacro
-- Up-to-date: /home/dmitrytorov/Tinker_ros2/install/Tinker/share/Tinker/config
-- Up-to-date: /home/dmitrytorov/Tinker_ros2/install/Tinker/share/Tinker/config/joint_names_tinker_urdf.yaml
-- Up-to-date: /home/dmitrytorov/Tinker_ros2/install/Tinker/share/Tinker/rviz
-- Up-to-date: /home/dmitrytorov/Tinker_ros2/install/Tinker/share/Tinker/meshes
-- Up-to-date: /home/dmitrytorov/Tinker_ros2/install/Tinker/share/Tinker/meshes/link_r_ankle.STL
-- Up-to-date: /home/dmitrytorov/Tinker_ros2/install/Tinker/share/Tinker/meshes/link_l_ankle.STL
-- Up-to-date: /home/dmitrytorov/Tinker_ros2/install/Tinker/share/Tinker/meshes/link_r_knee.STL
-- Up-to-date: /home/dmitrytorov/Tinker_ros2/install/Tinker/share/Tinker/meshes/link_l_pitch.STL
-- Up-to-date: /home/dmitrytorov/Tinker_ros2/install/Tinker/share/Tinker/meshes/base_link.STL
-- Up-to-date: /home/dmitrytorov/Tinker_ros2/install/Tinker/share/Tinker/meshes/link_r_yaw.STL
-- Up-to-date: /home/dmitrytorov/Tinker_ros2/install/Tinker/share/Tinker/meshes/link_l_yaw.STL
-- Up-to-date: /home/dmitrytorov/Tinker_ros2/install/Tinker/share/Tinker/meshes/link_l_roll.STL
-- Up-to-date: /home/dmitrytorov/Tinker_ros2/install/Tinker/share/Tinker/meshes/link_l_knee.STL
-- Up-to-date: /home/dmitrytorov/Tinker_ros2/install/Tinker/share/Tinker/meshes/link_r_roll.STL
-- Up-to-date: /home/dmitrytorov/Tinker_ros2/install/Tinker/share/Tinker/meshes/link_r_pitch.STL
-- Up-to-date: /home/dmitrytorov/Tinker_ros2/install/Tinker/share/Tinker/worlds
-- Up-to-date: /home/dmitrytorov/Tinker_ros2/install/Tinker/share/ament_index/resource_index/package_run_dependencies/Tinker
-- Up-to-date: /home/dmitrytorov/Tinker_ros2/install/Tinker/share/ament_index/resource_index/parent_prefix_path/Tinker
-- Up-to-date: /home/dmitrytorov/Tinker_ros2/install/Tinker/share/Tinker/environment/ament_prefix_path.sh
-- Up-to-date: /home/dmitrytorov/Tinker_ros2/install/Tinker/share/Tinker/environment/ament_prefix_path.dsv
-- Up-to-date: /home/dmitrytorov/Tinker_ros2/install/Tinker/share/Tinker/environment/path.sh
-- Up-to-date: /home/dmitrytorov/Tinker_ros2/install/Tinker/share/Tinker/environment/path.dsv
-- Up-to-date: /home/dmitrytorov/Tinker_ros2/install/Tinker/share/Tinker/local_setup.bash
-- Up-to-date: /home/dmitrytorov/Tinker_ros2/install/Tinker/share/Tinker/local_setup.sh
-- Up-to-date: /home/dmitrytorov/Tinker_ros2/install/Tinker/share/Tinker/local_setup.zsh
-- Up-to-date: /home/dmitrytorov/Tinker_ros2/install/Tinker/share/Tinker/local_setup.dsv
-- Installing: /home/dmitrytorov/Tinker_ros2/install/Tinker/share/Tinker/package.dsv
-- Up-to-date: /home/dmitrytorov/Tinker_ros2/install/Tinker/share/ament_index/resource_index/packages/Tinker
-- Up-to-date: /home/dmitrytorov/Tinker_ros2/install/Tinker/share/Tinker/cmake/TinkerConfig.cmake
-- Up-to-date: /home/dmitrytorov/Tinker_ros2/install/Tinker/share/Tinker/cmake/TinkerConfig-version.cmake
-- Up-to-date: /home/dmitrytorov/Tinker_ros2/install/Tinker/share/Tinker/package.xml
