[0.103s] DEBUG:colcon:Command line arguments: ['/usr/bin/colcon', 'build', '--packages-select', 'tinker_gui']
[0.103s] DEBUG:colcon:Parsed command line arguments: Namespace(log_base=None, log_level=None, verb_name='build', build_base='build', install_base='install', merge_install=False, symlink_install=False, test_result_base=None, continue_on_error=False, executor='parallel', parallel_workers=12, event_handlers=None, ignore_user_meta=False, metas=['./colcon.meta'], base_paths=['.'], packages_ignore=None, packages_ignore_regex=None, paths=None, packages_up_to=None, packages_up_to_regex=None, packages_above=None, packages_above_and_dependencies=None, packages_above_depth=None, packages_select_by_dep=None, packages_skip_by_dep=None, packages_skip_up_to=None, packages_select_build_failed=False, packages_skip_build_finished=False, packages_select_test_failures=False, packages_skip_test_passed=False, packages_select=['tinker_gui'], packages_skip=None, packages_select_regex=None, packages_skip_regex=None, packages_start=None, packages_end=None, allow_overriding=[], cmake_args=None, cmake_target=None, cmake_target_skip_unavailable=False, cmake_clean_cache=False, cmake_clean_first=False, cmake_force_configure=False, ament_cmake_args=None, catkin_cmake_args=None, catkin_skip_building_tests=False, verb_parser=<colcon_defaults.argument_parser.defaults.DefaultArgumentsDecorator object at 0x766fdfbb5f00>, verb_extension=<colcon_core.verb.build.BuildVerb object at 0x766fdfbb59c0>, main=<bound method BuildVerb.main of <colcon_core.verb.build.BuildVerb object at 0x766fdfbb59c0>>)
[0.137s] Level 1:colcon.colcon_core.package_discovery:discover_packages(colcon_meta) check parameters
[0.137s] Level 1:colcon.colcon_core.package_discovery:discover_packages(recursive) check parameters
[0.137s] Level 1:colcon.colcon_core.package_discovery:discover_packages(ignore) check parameters
[0.137s] Level 1:colcon.colcon_core.package_discovery:discover_packages(path) check parameters
[0.137s] Level 1:colcon.colcon_core.package_discovery:discover_packages(colcon_meta) discover
[0.137s] Level 1:colcon.colcon_core.package_discovery:discover_packages(recursive) discover
[0.137s] INFO:colcon.colcon_core.package_discovery:Crawling recursively for packages in '/home/dmitrytorov/tinker_ros2'
[0.137s] Level 1:colcon.colcon_core.package_identification:_identify(.) by extensions ['ignore', 'ignore_ament_install']
[0.138s] Level 1:colcon.colcon_core.package_identification:_identify(.) by extension 'ignore'
[0.138s] Level 1:colcon.colcon_core.package_identification:_identify(.) by extension 'ignore_ament_install'
[0.138s] Level 1:colcon.colcon_core.package_identification:_identify(.) by extensions ['colcon_pkg']
[0.138s] Level 1:colcon.colcon_core.package_identification:_identify(.) by extension 'colcon_pkg'
[0.138s] Level 1:colcon.colcon_core.package_identification:_identify(.) by extensions ['colcon_meta']
[0.138s] Level 1:colcon.colcon_core.package_identification:_identify(.) by extension 'colcon_meta'
[0.138s] Level 1:colcon.colcon_core.package_identification:_identify(.) by extensions ['ros']
[0.138s] Level 1:colcon.colcon_core.package_identification:_identify(.) by extension 'ros'
[0.151s] Level 1:colcon.colcon_core.package_identification:_identify(.) by extensions ['cmake', 'python']
[0.151s] Level 1:colcon.colcon_core.package_identification:_identify(.) by extension 'cmake'
[0.151s] Level 1:colcon.colcon_core.package_identification:_identify(.) by extension 'python'
[0.151s] Level 1:colcon.colcon_core.package_identification:_identify(.) by extensions ['python_setup_py']
[0.151s] Level 1:colcon.colcon_core.package_identification:_identify(.) by extension 'python_setup_py'
[0.151s] Level 1:colcon.colcon_core.package_identification:_identify(build) by extensions ['ignore', 'ignore_ament_install']
[0.152s] Level 1:colcon.colcon_core.package_identification:_identify(build) by extension 'ignore'
[0.152s] Level 1:colcon.colcon_core.package_identification:_identify(build) ignored
[0.152s] Level 1:colcon.colcon_core.package_identification:_identify(install) by extensions ['ignore', 'ignore_ament_install']
[0.152s] Level 1:colcon.colcon_core.package_identification:_identify(install) by extension 'ignore'
[0.152s] Level 1:colcon.colcon_core.package_identification:_identify(install) ignored
[0.152s] Level 1:colcon.colcon_core.package_identification:_identify(log) by extensions ['ignore', 'ignore_ament_install']
[0.152s] Level 1:colcon.colcon_core.package_identification:_identify(log) by extension 'ignore'
[0.152s] Level 1:colcon.colcon_core.package_identification:_identify(log) ignored
[0.152s] Level 1:colcon.colcon_core.package_identification:_identify(src) by extensions ['ignore', 'ignore_ament_install']
[0.152s] Level 1:colcon.colcon_core.package_identification:_identify(src) by extension 'ignore'
[0.152s] Level 1:colcon.colcon_core.package_identification:_identify(src) by extension 'ignore_ament_install'
[0.152s] Level 1:colcon.colcon_core.package_identification:_identify(src) by extensions ['colcon_pkg']
[0.152s] Level 1:colcon.colcon_core.package_identification:_identify(src) by extension 'colcon_pkg'
[0.152s] Level 1:colcon.colcon_core.package_identification:_identify(src) by extensions ['colcon_meta']
[0.152s] Level 1:colcon.colcon_core.package_identification:_identify(src) by extension 'colcon_meta'
[0.152s] Level 1:colcon.colcon_core.package_identification:_identify(src) by extensions ['ros']
[0.152s] Level 1:colcon.colcon_core.package_identification:_identify(src) by extension 'ros'
[0.152s] Level 1:colcon.colcon_core.package_identification:_identify(src) by extensions ['cmake', 'python']
[0.152s] Level 1:colcon.colcon_core.package_identification:_identify(src) by extension 'cmake'
[0.152s] Level 1:colcon.colcon_core.package_identification:_identify(src) by extension 'python'
[0.152s] Level 1:colcon.colcon_core.package_identification:_identify(src) by extensions ['python_setup_py']
[0.152s] Level 1:colcon.colcon_core.package_identification:_identify(src) by extension 'python_setup_py'
[0.153s] Level 1:colcon.colcon_core.package_identification:_identify(src/tinker) by extensions ['ignore', 'ignore_ament_install']
[0.153s] Level 1:colcon.colcon_core.package_identification:_identify(src/tinker) by extension 'ignore'
[0.153s] Level 1:colcon.colcon_core.package_identification:_identify(src/tinker) by extension 'ignore_ament_install'
[0.153s] Level 1:colcon.colcon_core.package_identification:_identify(src/tinker) by extensions ['colcon_pkg']
[0.153s] Level 1:colcon.colcon_core.package_identification:_identify(src/tinker) by extension 'colcon_pkg'
[0.153s] Level 1:colcon.colcon_core.package_identification:_identify(src/tinker) by extensions ['colcon_meta']
[0.153s] Level 1:colcon.colcon_core.package_identification:_identify(src/tinker) by extension 'colcon_meta'
[0.153s] Level 1:colcon.colcon_core.package_identification:_identify(src/tinker) by extensions ['ros']
[0.153s] Level 1:colcon.colcon_core.package_identification:_identify(src/tinker) by extension 'ros'
[0.155s] DEBUG:colcon.colcon_core.package_identification:Package 'src/tinker' with type 'ros.ament_cmake' and name 'tinker'
[0.155s] Level 1:colcon.colcon_core.package_identification:_identify(src/tinker_gui) by extensions ['ignore', 'ignore_ament_install']
[0.155s] Level 1:colcon.colcon_core.package_identification:_identify(src/tinker_gui) by extension 'ignore'
[0.155s] Level 1:colcon.colcon_core.package_identification:_identify(src/tinker_gui) by extension 'ignore_ament_install'
[0.155s] Level 1:colcon.colcon_core.package_identification:_identify(src/tinker_gui) by extensions ['colcon_pkg']
[0.155s] Level 1:colcon.colcon_core.package_identification:_identify(src/tinker_gui) by extension 'colcon_pkg'
[0.155s] Level 1:colcon.colcon_core.package_identification:_identify(src/tinker_gui) by extensions ['colcon_meta']
[0.155s] Level 1:colcon.colcon_core.package_identification:_identify(src/tinker_gui) by extension 'colcon_meta'
[0.155s] Level 1:colcon.colcon_core.package_identification:_identify(src/tinker_gui) by extensions ['ros']
[0.155s] Level 1:colcon.colcon_core.package_identification:_identify(src/tinker_gui) by extension 'ros'
[0.156s] DEBUG:colcon.colcon_core.package_identification:Package 'src/tinker_gui' with type 'ros.ament_cmake' and name 'tinker_gui'
[0.156s] Level 1:colcon.colcon_core.package_discovery:discover_packages(recursive) using defaults
[0.156s] Level 1:colcon.colcon_core.package_discovery:discover_packages(ignore) discover
[0.156s] Level 1:colcon.colcon_core.package_discovery:discover_packages(ignore) using defaults
[0.156s] Level 1:colcon.colcon_core.package_discovery:discover_packages(path) discover
[0.156s] Level 1:colcon.colcon_core.package_discovery:discover_packages(path) using defaults
[0.174s] INFO:colcon.colcon_core.package_selection:Skipping not selected package 'tinker' in 'src/tinker'
[0.175s] Level 1:colcon.colcon_core.package_discovery:discover_packages(prefix_path) check parameters
[0.175s] Level 1:colcon.colcon_core.package_discovery:discover_packages(prefix_path) discover
[0.177s] DEBUG:colcon.colcon_installed_package_information.package_discovery:Found 12 installed packages in /home/dmitrytorov/turtlebot3_ws/install
[0.177s] DEBUG:colcon.colcon_installed_package_information.package_discovery:Found 7 installed packages in /home/dmitrytorov/ros2_learners/install
[0.178s] DEBUG:colcon.colcon_installed_package_information.package_discovery:Found 4 installed packages in /home/dmitrytorov/pass_course_part1/install
[0.180s] DEBUG:colcon.colcon_installed_package_information.package_discovery:Found 494 installed packages in /opt/ros/humble
[0.182s] Level 1:colcon.colcon_core.package_discovery:discover_packages(prefix_path) using defaults
[0.249s] Level 5:colcon.colcon_core.verb:set package 'tinker_gui' build argument 'cmake_args' from command line to 'None'
[0.249s] Level 5:colcon.colcon_core.verb:set package 'tinker_gui' build argument 'cmake_target' from command line to 'None'
[0.249s] Level 5:colcon.colcon_core.verb:set package 'tinker_gui' build argument 'cmake_target_skip_unavailable' from command line to 'False'
[0.249s] Level 5:colcon.colcon_core.verb:set package 'tinker_gui' build argument 'cmake_clean_cache' from command line to 'False'
[0.250s] Level 5:colcon.colcon_core.verb:set package 'tinker_gui' build argument 'cmake_clean_first' from command line to 'False'
[0.250s] Level 5:colcon.colcon_core.verb:set package 'tinker_gui' build argument 'cmake_force_configure' from command line to 'False'
[0.250s] Level 5:colcon.colcon_core.verb:set package 'tinker_gui' build argument 'ament_cmake_args' from command line to 'None'
[0.250s] Level 5:colcon.colcon_core.verb:set package 'tinker_gui' build argument 'catkin_cmake_args' from command line to 'None'
[0.250s] Level 5:colcon.colcon_core.verb:set package 'tinker_gui' build argument 'catkin_skip_building_tests' from command line to 'False'
[0.250s] DEBUG:colcon.colcon_core.verb:Building package 'tinker_gui' with the following arguments: {'ament_cmake_args': None, 'build_base': '/home/dmitrytorov/tinker_ros2/build/tinker_gui', 'catkin_cmake_args': None, 'catkin_skip_building_tests': False, 'cmake_args': None, 'cmake_clean_cache': False, 'cmake_clean_first': False, 'cmake_force_configure': False, 'cmake_target': None, 'cmake_target_skip_unavailable': False, 'install_base': '/home/dmitrytorov/tinker_ros2/install/tinker_gui', 'merge_install': False, 'path': '/home/dmitrytorov/tinker_ros2/src/tinker_gui', 'symlink_install': False, 'test_result_base': None}
[0.250s] INFO:colcon.colcon_core.executor:Executing jobs using 'parallel' executor
[0.251s] DEBUG:colcon.colcon_parallel_executor.executor.parallel:run_until_complete
[0.252s] INFO:colcon.colcon_ros.task.ament_cmake.build:Building ROS package in '/home/dmitrytorov/tinker_ros2/src/tinker_gui' with build type 'ament_cmake'
[0.252s] INFO:colcon.colcon_cmake.task.cmake.build:Building CMake package in '/home/dmitrytorov/tinker_ros2/src/tinker_gui'
[0.253s] INFO:colcon.colcon_core.plugin_system:Skipping extension 'colcon_core.shell.bat': Not used on non-Windows systems
[0.254s] INFO:colcon.colcon_core.shell:Skip shell extension 'powershell' for command environment: Not usable outside of PowerShell
[0.254s] DEBUG:colcon.colcon_core.shell:Skip shell extension 'dsv' for command environment
[0.273s] DEBUG:colcon.colcon_core.event_handler.log_command:Invoking command in '/home/dmitrytorov/tinker_ros2/build/tinker_gui': CMAKE_PREFIX_PATH=${CMAKE_PREFIX_PATH}:/home/dmitrytorov/turtlebot3_ws/install/turtlebot3_teleop:/home/dmitrytorov/turtlebot3_ws/install/turtlebot3_example:/home/dmitrytorov/ros2_learners/install/robot_math:/home/dmitrytorov/ros2_learners/install/ai_assitance:/home/dmitrytorov/pass_course_part1/install/twist_converter:/home/dmitrytorov/pass_course_part1/install/my_two_wheel_robot:/home/dmitrytorov/pass_course_part1/install/my_path_publisher:/home/dmitrytorov/pass_course_part1/install/my_fake_lidar:/opt/ros/humble /usr/bin/cmake --build /home/dmitrytorov/tinker_ros2/build/tinker_gui -- -j12 -l12
[0.348s] DEBUG:colcon.colcon_core.event_handler.log_command:Invoked command in '/home/dmitrytorov/tinker_ros2/build/tinker_gui' returned '0': CMAKE_PREFIX_PATH=${CMAKE_PREFIX_PATH}:/home/dmitrytorov/turtlebot3_ws/install/turtlebot3_teleop:/home/dmitrytorov/turtlebot3_ws/install/turtlebot3_example:/home/dmitrytorov/ros2_learners/install/robot_math:/home/dmitrytorov/ros2_learners/install/ai_assitance:/home/dmitrytorov/pass_course_part1/install/twist_converter:/home/dmitrytorov/pass_course_part1/install/my_two_wheel_robot:/home/dmitrytorov/pass_course_part1/install/my_path_publisher:/home/dmitrytorov/pass_course_part1/install/my_fake_lidar:/opt/ros/humble /usr/bin/cmake --build /home/dmitrytorov/tinker_ros2/build/tinker_gui -- -j12 -l12
[0.363s] DEBUG:colcon.colcon_core.event_handler.log_command:Invoking command in '/home/dmitrytorov/tinker_ros2/build/tinker_gui': CMAKE_PREFIX_PATH=${CMAKE_PREFIX_PATH}:/home/dmitrytorov/turtlebot3_ws/install/turtlebot3_teleop:/home/dmitrytorov/turtlebot3_ws/install/turtlebot3_example:/home/dmitrytorov/ros2_learners/install/robot_math:/home/dmitrytorov/ros2_learners/install/ai_assitance:/home/dmitrytorov/pass_course_part1/install/twist_converter:/home/dmitrytorov/pass_course_part1/install/my_two_wheel_robot:/home/dmitrytorov/pass_course_part1/install/my_path_publisher:/home/dmitrytorov/pass_course_part1/install/my_fake_lidar:/opt/ros/humble /usr/bin/cmake --install /home/dmitrytorov/tinker_ros2/build/tinker_gui
[0.379s] Level 1:colcon.colcon_core.environment:create_environment_scripts_only(tinker_gui)
[0.380s] DEBUG:colcon.colcon_core.event_handler.log_command:Invoked command in '/home/dmitrytorov/tinker_ros2/build/tinker_gui' returned '0': CMAKE_PREFIX_PATH=${CMAKE_PREFIX_PATH}:/home/dmitrytorov/turtlebot3_ws/install/turtlebot3_teleop:/home/dmitrytorov/turtlebot3_ws/install/turtlebot3_example:/home/dmitrytorov/ros2_learners/install/robot_math:/home/dmitrytorov/ros2_learners/install/ai_assitance:/home/dmitrytorov/pass_course_part1/install/twist_converter:/home/dmitrytorov/pass_course_part1/install/my_two_wheel_robot:/home/dmitrytorov/pass_course_part1/install/my_path_publisher:/home/dmitrytorov/pass_course_part1/install/my_fake_lidar:/opt/ros/humble /usr/bin/cmake --install /home/dmitrytorov/tinker_ros2/build/tinker_gui
[0.383s] Level 1:colcon.colcon_core.environment:checking '/home/dmitrytorov/tinker_ros2/install/tinker_gui' for CMake module files
[0.383s] Level 1:colcon.colcon_core.environment:checking '/home/dmitrytorov/tinker_ros2/install/tinker_gui' for CMake config files
[0.384s] Level 1:colcon.colcon_core.shell:create_environment_hook('tinker_gui', 'cmake_prefix_path')
[0.384s] INFO:colcon.colcon_core.shell:Creating environment hook '/home/dmitrytorov/tinker_ros2/install/tinker_gui/share/tinker_gui/hook/cmake_prefix_path.ps1'
[0.385s] INFO:colcon.colcon_core.shell:Creating environment descriptor '/home/dmitrytorov/tinker_ros2/install/tinker_gui/share/tinker_gui/hook/cmake_prefix_path.dsv'
[0.386s] INFO:colcon.colcon_core.shell:Creating environment hook '/home/dmitrytorov/tinker_ros2/install/tinker_gui/share/tinker_gui/hook/cmake_prefix_path.sh'
[0.387s] Level 1:colcon.colcon_core.environment:checking '/home/dmitrytorov/tinker_ros2/install/tinker_gui/lib'
[0.387s] Level 1:colcon.colcon_core.environment:checking '/home/dmitrytorov/tinker_ros2/install/tinker_gui/bin'
[0.387s] Level 1:colcon.colcon_core.environment:checking '/home/dmitrytorov/tinker_ros2/install/tinker_gui/lib/pkgconfig/tinker_gui.pc'
[0.387s] Level 1:colcon.colcon_core.environment:checking '/home/dmitrytorov/tinker_ros2/install/tinker_gui/lib/python3.10/site-packages'
[0.388s] Level 1:colcon.colcon_core.environment:checking '/home/dmitrytorov/tinker_ros2/install/tinker_gui/bin'
[0.388s] INFO:colcon.colcon_core.shell:Creating package script '/home/dmitrytorov/tinker_ros2/install/tinker_gui/share/tinker_gui/package.ps1'
[0.388s] INFO:colcon.colcon_core.shell:Creating package descriptor '/home/dmitrytorov/tinker_ros2/install/tinker_gui/share/tinker_gui/package.dsv'
[0.389s] INFO:colcon.colcon_core.shell:Creating package script '/home/dmitrytorov/tinker_ros2/install/tinker_gui/share/tinker_gui/package.sh'
[0.390s] INFO:colcon.colcon_core.shell:Creating package script '/home/dmitrytorov/tinker_ros2/install/tinker_gui/share/tinker_gui/package.bash'
[0.390s] INFO:colcon.colcon_core.shell:Creating package script '/home/dmitrytorov/tinker_ros2/install/tinker_gui/share/tinker_gui/package.zsh'
[0.391s] Level 1:colcon.colcon_core.environment:create_file_with_runtime_dependencies(/home/dmitrytorov/tinker_ros2/install/tinker_gui/share/colcon-core/packages/tinker_gui)
[0.391s] Level 1:colcon.colcon_core.environment:create_environment_scripts_only(tinker_gui)
[0.392s] Level 1:colcon.colcon_core.environment:checking '/home/dmitrytorov/tinker_ros2/install/tinker_gui' for CMake module files
[0.392s] Level 1:colcon.colcon_core.environment:checking '/home/dmitrytorov/tinker_ros2/install/tinker_gui' for CMake config files
[0.392s] Level 1:colcon.colcon_core.shell:create_environment_hook('tinker_gui', 'cmake_prefix_path')
[0.393s] INFO:colcon.colcon_core.shell:Creating environment hook '/home/dmitrytorov/tinker_ros2/install/tinker_gui/share/tinker_gui/hook/cmake_prefix_path.ps1'
[0.393s] INFO:colcon.colcon_core.shell:Creating environment descriptor '/home/dmitrytorov/tinker_ros2/install/tinker_gui/share/tinker_gui/hook/cmake_prefix_path.dsv'
[0.393s] INFO:colcon.colcon_core.shell:Creating environment hook '/home/dmitrytorov/tinker_ros2/install/tinker_gui/share/tinker_gui/hook/cmake_prefix_path.sh'
[0.394s] Level 1:colcon.colcon_core.environment:checking '/home/dmitrytorov/tinker_ros2/install/tinker_gui/lib'
[0.394s] Level 1:colcon.colcon_core.environment:checking '/home/dmitrytorov/tinker_ros2/install/tinker_gui/bin'
[0.394s] Level 1:colcon.colcon_core.environment:checking '/home/dmitrytorov/tinker_ros2/install/tinker_gui/lib/pkgconfig/tinker_gui.pc'
[0.394s] Level 1:colcon.colcon_core.environment:checking '/home/dmitrytorov/tinker_ros2/install/tinker_gui/lib/python3.10/site-packages'
[0.394s] Level 1:colcon.colcon_core.environment:checking '/home/dmitrytorov/tinker_ros2/install/tinker_gui/bin'
[0.395s] INFO:colcon.colcon_core.shell:Creating package script '/home/dmitrytorov/tinker_ros2/install/tinker_gui/share/tinker_gui/package.ps1'
[0.395s] INFO:colcon.colcon_core.shell:Creating package descriptor '/home/dmitrytorov/tinker_ros2/install/tinker_gui/share/tinker_gui/package.dsv'
[0.396s] INFO:colcon.colcon_core.shell:Creating package script '/home/dmitrytorov/tinker_ros2/install/tinker_gui/share/tinker_gui/package.sh'
[0.396s] INFO:colcon.colcon_core.shell:Creating package script '/home/dmitrytorov/tinker_ros2/install/tinker_gui/share/tinker_gui/package.bash'
[0.397s] INFO:colcon.colcon_core.shell:Creating package script '/home/dmitrytorov/tinker_ros2/install/tinker_gui/share/tinker_gui/package.zsh'
[0.397s] Level 1:colcon.colcon_core.environment:create_file_with_runtime_dependencies(/home/dmitrytorov/tinker_ros2/install/tinker_gui/share/colcon-core/packages/tinker_gui)
[0.398s] DEBUG:colcon.colcon_parallel_executor.executor.parallel:closing loop
[0.398s] DEBUG:colcon.colcon_parallel_executor.executor.parallel:loop closed
[0.398s] DEBUG:colcon.colcon_parallel_executor.executor.parallel:run_until_complete finished with '0'
[0.398s] DEBUG:colcon.colcon_core.event_reactor:joining thread
[0.405s] INFO:colcon.colcon_core.plugin_system:Skipping extension 'colcon_notification.desktop_notification.terminal_notifier': Not used on non-Darwin systems
[0.405s] INFO:colcon.colcon_core.plugin_system:Skipping extension 'colcon_notification.desktop_notification.win32': Not used on non-Windows systems
[0.406s] INFO:colcon.colcon_notification.desktop_notification:Sending desktop notification using 'notify2'
[0.415s] DEBUG:colcon.colcon_core.event_reactor:joined thread
[0.416s] INFO:colcon.colcon_core.shell:Creating prefix script '/home/dmitrytorov/tinker_ros2/install/local_setup.ps1'
[0.418s] INFO:colcon.colcon_core.shell:Creating prefix util module '/home/dmitrytorov/tinker_ros2/install/_local_setup_util_ps1.py'
[0.420s] INFO:colcon.colcon_core.shell:Creating prefix chain script '/home/dmitrytorov/tinker_ros2/install/setup.ps1'
[0.422s] INFO:colcon.colcon_core.shell:Creating prefix script '/home/dmitrytorov/tinker_ros2/install/local_setup.sh'
[0.422s] INFO:colcon.colcon_core.shell:Creating prefix util module '/home/dmitrytorov/tinker_ros2/install/_local_setup_util_sh.py'
[0.423s] INFO:colcon.colcon_core.shell:Creating prefix chain script '/home/dmitrytorov/tinker_ros2/install/setup.sh'
[0.425s] INFO:colcon.colcon_core.shell:Creating prefix script '/home/dmitrytorov/tinker_ros2/install/local_setup.bash'
[0.425s] INFO:colcon.colcon_core.shell:Creating prefix chain script '/home/dmitrytorov/tinker_ros2/install/setup.bash'
[0.427s] INFO:colcon.colcon_core.shell:Creating prefix script '/home/dmitrytorov/tinker_ros2/install/local_setup.zsh'
[0.428s] INFO:colcon.colcon_core.shell:Creating prefix chain script '/home/dmitrytorov/tinker_ros2/install/setup.zsh'
