[0.013s] Invoking command in '/home/dmitrytorov/Tinker_ros2/build/Tinker': CMAKE_PREFIX_PATH=${CMAKE_PREFIX_PATH}:/home/dmitrytorov/turtlebot3_ws/install/turtlebot3_teleop:/home/dmitrytorov/turtlebot3_ws/install/turtlebot3_example:/home/dmitrytorov/ros2_learners/install/robot_math:/home/dmitrytorov/ros2_learners/install/ai_assitance:/home/dmitrytorov/pass_course_part1/install/twist_converter:/home/dmitrytorov/pass_course_part1/install/my_two_wheel_robot:/home/dmitrytorov/pass_course_part1/install/my_path_publisher:/home/dmitrytorov/pass_course_part1/install/my_fake_lidar:/opt/ros/humble /usr/bin/cmake /home/dmitrytorov/Tinker_ros2/src/Tinker -DCMAKE_INSTALL_PREFIX=/home/dmitrytorov/Tinker_ros2/install/Tinker
[0.169s] -- The C compiler identification is GNU 11.4.0
[0.295s] -- The CXX compiler identification is GNU 11.4.0
[0.308s] -- Detecting C compiler ABI info
[0.392s] -- Detecting C compiler ABI info - done
[0.399s] -- Check for working C compiler: /usr/bin/cc - skipped
[0.400s] -- Detecting C compile features
[0.401s] -- Detecting C compile features - done
[0.404s] -- Detecting CXX compiler ABI info
[0.502s] -- Detecting CXX compiler ABI info - done
[0.509s] -- Check for working CXX compiler: /usr/bin/c++ - skipped
[0.509s] -- Detecting CXX compile features
[0.510s] -- Detecting CXX compile features - done
[0.522s] -- Found ament_cmake: 1.3.11 (/opt/ros/humble/share/ament_cmake/cmake)
[0.894s] -- Found Python3: /usr/bin/python3 (found version "3.10.12") found components: Interpreter 
[1.050s] -- Found ament_lint_auto: 0.12.12 (/opt/ros/humble/share/ament_lint_auto/cmake)
[1.102s] WARNING: Package name "Tinker" does not follow the naming conventions. It should start with a lower case letter and only contain lower case letters, digits, underscores, and dashes.
[1.155s] -- Added test 'lint_cmake' to check CMake code style
[1.156s] -- Added test 'xmllint' to check XML markup files
[1.159s] -- Configuring done
[1.162s] -- Generating done
[1.163s] -- Build files have been written to: /home/dmitrytorov/Tinker_ros2/build/Tinker
[1.169s] Invoked command in '/home/dmitrytorov/Tinker_ros2/build/Tinker' returned '0': CMAKE_PREFIX_PATH=${CMAKE_PREFIX_PATH}:/home/dmitrytorov/turtlebot3_ws/install/turtlebot3_teleop:/home/dmitrytorov/turtlebot3_ws/install/turtlebot3_example:/home/dmitrytorov/ros2_learners/install/robot_math:/home/dmitrytorov/ros2_learners/install/ai_assitance:/home/dmitrytorov/pass_course_part1/install/twist_converter:/home/dmitrytorov/pass_course_part1/install/my_two_wheel_robot:/home/dmitrytorov/pass_course_part1/install/my_path_publisher:/home/dmitrytorov/pass_course_part1/install/my_fake_lidar:/opt/ros/humble /usr/bin/cmake /home/dmitrytorov/Tinker_ros2/src/Tinker -DCMAKE_INSTALL_PREFIX=/home/dmitrytorov/Tinker_ros2/install/Tinker
[1.170s] Invoking command in '/home/dmitrytorov/Tinker_ros2/build/Tinker': CMAKE_PREFIX_PATH=${CMAKE_PREFIX_PATH}:/home/dmitrytorov/turtlebot3_ws/install/turtlebot3_teleop:/home/dmitrytorov/turtlebot3_ws/install/turtlebot3_example:/home/dmitrytorov/ros2_learners/install/robot_math:/home/dmitrytorov/ros2_learners/install/ai_assitance:/home/dmitrytorov/pass_course_part1/install/twist_converter:/home/dmitrytorov/pass_course_part1/install/my_two_wheel_robot:/home/dmitrytorov/pass_course_part1/install/my_path_publisher:/home/dmitrytorov/pass_course_part1/install/my_fake_lidar:/opt/ros/humble /usr/bin/cmake --build /home/dmitrytorov/Tinker_ros2/build/Tinker -- -j12 -l12
[1.214s] Invoked command in '/home/dmitrytorov/Tinker_ros2/build/Tinker' returned '0': CMAKE_PREFIX_PATH=${CMAKE_PREFIX_PATH}:/home/dmitrytorov/turtlebot3_ws/install/turtlebot3_teleop:/home/dmitrytorov/turtlebot3_ws/install/turtlebot3_example:/home/dmitrytorov/ros2_learners/install/robot_math:/home/dmitrytorov/ros2_learners/install/ai_assitance:/home/dmitrytorov/pass_course_part1/install/twist_converter:/home/dmitrytorov/pass_course_part1/install/my_two_wheel_robot:/home/dmitrytorov/pass_course_part1/install/my_path_publisher:/home/dmitrytorov/pass_course_part1/install/my_fake_lidar:/opt/ros/humble /usr/bin/cmake --build /home/dmitrytorov/Tinker_ros2/build/Tinker -- -j12 -l12
[1.227s] Invoking command in '/home/dmitrytorov/Tinker_ros2/build/Tinker': CMAKE_PREFIX_PATH=${CMAKE_PREFIX_PATH}:/home/dmitrytorov/turtlebot3_ws/install/turtlebot3_teleop:/home/dmitrytorov/turtlebot3_ws/install/turtlebot3_example:/home/dmitrytorov/ros2_learners/install/robot_math:/home/dmitrytorov/ros2_learners/install/ai_assitance:/home/dmitrytorov/pass_course_part1/install/twist_converter:/home/dmitrytorov/pass_course_part1/install/my_two_wheel_robot:/home/dmitrytorov/pass_course_part1/install/my_path_publisher:/home/dmitrytorov/pass_course_part1/install/my_fake_lidar:/opt/ros/humble /usr/bin/cmake --install /home/dmitrytorov/Tinker_ros2/build/Tinker
[1.235s] -- Install configuration: ""
[1.236s] -- Installing: /home/dmitrytorov/Tinker_ros2/install/Tinker/share/ament_index/resource_index/package_run_dependencies/Tinker
[1.236s] -- Installing: /home/dmitrytorov/Tinker_ros2/install/Tinker/share/ament_index/resource_index/parent_prefix_path/Tinker
[1.236s] -- Installing: /home/dmitrytorov/Tinker_ros2/install/Tinker/share/Tinker/environment/ament_prefix_path.sh
[1.236s] -- Installing: /home/dmitrytorov/Tinker_ros2/install/Tinker/share/Tinker/environment/ament_prefix_path.dsv
[1.236s] -- Installing: /home/dmitrytorov/Tinker_ros2/install/Tinker/share/Tinker/environment/path.sh
[1.236s] -- Installing: /home/dmitrytorov/Tinker_ros2/install/Tinker/share/Tinker/environment/path.dsv
[1.236s] -- Installing: /home/dmitrytorov/Tinker_ros2/install/Tinker/share/Tinker/local_setup.bash
[1.237s] -- Installing: /home/dmitrytorov/Tinker_ros2/install/Tinker/share/Tinker/local_setup.sh
[1.237s] -- Installing: /home/dmitrytorov/Tinker_ros2/install/Tinker/share/Tinker/local_setup.zsh
[1.237s] -- Installing: /home/dmitrytorov/Tinker_ros2/install/Tinker/share/Tinker/local_setup.dsv
[1.237s] -- Installing: /home/dmitrytorov/Tinker_ros2/install/Tinker/share/Tinker/package.dsv
[1.237s] -- Installing: /home/dmitrytorov/Tinker_ros2/install/Tinker/share/ament_index/resource_index/packages/Tinker
[1.237s] -- Installing: /home/dmitrytorov/Tinker_ros2/install/Tinker/share/Tinker/cmake/TinkerConfig.cmake
[1.237s] -- Installing: /home/dmitrytorov/Tinker_ros2/install/Tinker/share/Tinker/cmake/TinkerConfig-version.cmake
[1.238s] -- Installing: /home/dmitrytorov/Tinker_ros2/install/Tinker/share/Tinker/package.xml
[1.240s] Invoked command in '/home/dmitrytorov/Tinker_ros2/build/Tinker' returned '0': CMAKE_PREFIX_PATH=${CMAKE_PREFIX_PATH}:/home/dmitrytorov/turtlebot3_ws/install/turtlebot3_teleop:/home/dmitrytorov/turtlebot3_ws/install/turtlebot3_example:/home/dmitrytorov/ros2_learners/install/robot_math:/home/dmitrytorov/ros2_learners/install/ai_assitance:/home/dmitrytorov/pass_course_part1/install/twist_converter:/home/dmitrytorov/pass_course_part1/install/my_two_wheel_robot:/home/dmitrytorov/pass_course_part1/install/my_path_publisher:/home/dmitrytorov/pass_course_part1/install/my_fake_lidar:/opt/ros/humble /usr/bin/cmake --install /home/dmitrytorov/Tinker_ros2/build/Tinker
